A01	14358441	14360693	Bra029919
A03	14767399	14770125	Bra001100
A02	3115602	3117061	Bra023601
A02	4172345	4173684	Bra020135
A10	12978026	12980080	Bra008861
A04	9015513	9022265	Bra025454
A09	37882551	37899062	Bra032450
A02	25489871	25493783	Bra029297
A04	8595262	8596222	Bra025510
A05	5005892	5007781	Bra005356
A05	5071548	5076362	Bra005371
A10	13004732	13007041	Bra008867
A05	23443485	23444861	Bra029672
A08	1764324	1768432	Bra014308
A08	7639621	7642045	Bra035476
A10	13016930	13018051	Bra008870
A03	930207	930818	Bra005853
A09	37969131	37970843	Bra032469
A03	940224	942050	Bra005855
A09	37971218	37973362	Bra032470
A08	1806727	1808053	Bra014306
A08	8101417	8103722	Bra035517
A04	10799267	10802640	Bra032166
A09	37957698	37959872	Bra032466
A04	9009630	9012156	Bra025455
A10	11495163	11496741	Bra002102
A10	9391538	9393696	Bra002472
A08	10508365	10512857	Bra020904
A02	3106323	3108079	Bra023598
A06	11755474	11771370	Bra019439
A03	937128	939987	Bra005854
A02	21127202	21129550	Bra036368
A01	14354914	14356287	Bra029918
A08	7652573	7664929	Bra035477
A04	10705463	10706599	Bra032174
A08	10451480	10454829	Bra020913
A10	2959372	2961521	Bra033315
A08	10447273	10448367	Bra020914
A05	5059501	5061111	Bra005369
A08	19905258	19907586	Bra030716
A10	11492800	11494433	Bra002103
A06	19331518	19335297	Bra010028
A10	12999802	13000410	Bra008865
A08	10518657	10519798	Bra020902
A10	13032917	13035100	Bra008872
A01	14351205	14352967	Bra029917
A08	7822777	7824122	Bra035490
A04	8589712	8591160	Bra025512
A09	21148979	21153520	Bra023163
A10	13011304	13012592	Bra008868
A08	10513631	10514026	Bra020903
A10	36967	39540	Bra015621
A07	11749621	11755535	Bra012180
A03	988965	991048	Bra005867
A07	1454978	1456601	Bra039616
A02	9130697	9153590	Bra034020
A03	31590532	31597659	Bra017901
A04	8975838	8978410	Bra025458
A09	37887292	37887810	Bra032451
A10	11425946	11429427	Bra002116
A08	8134348	8136680	Bra035519
A03	16649487	16653482	Bra001485
A04	8591929	8593589	Bra025511
A08	7809823	7816589	Bra035489
A09	37899642	37900887	Bra032453
A09	21220191	21220959	Bra023158
A07	1466063	1466311	Bra039617
A08	8114540	8117115	Bra035518
A08	1747138	1751047	Bra014309
A03	944395	955146	Bra005857
A08	1818583	1819663	Bra014304
A08	10526511	10528515	Bra020900
A09	37889222	37892266	Bra032452
A03	979518	982183	Bra005864
A08	10457764	10459852	Bra020912
A10	2981605	2983958	Bra033312
A01	14348138	14349987	Bra029916
A02	25550568	25553784	Bra029289
A10	12971219	12975133	Bra008860
A10	11433142	11437675	Bra002115
A05	23370390	23372856	Bra029690
A09	21221678	21222403	Bra023157
A04	10751315	10756246	Bra032169
A10	13002300	13004410	Bra008866
A01	14305834	14306132	Bra029915
A02	21094292	21096272	Bra036369
A04	1700562	1702163	Bra014602
A07	1443105	1443881	Bra039614
A08	4079426	4080858	Bra014051
A03	942994	943473	Bra005856
A08	1736021	1738610	Bra014310
A05	23446413	23448017	Bra029671
A08	1821291	1822699	Bra014303
A03	975470	978155	Bra005863
A10	42490	43835	Bra015620
A04	9006760	9007500	Bra025456
A08	19875852	19882264	Bra030724
A02	21168223	21169106	Bra036364
A09	37876515	37881383	Bra032449
A06	11749704	11753122	Bra019438
A08	1730486	1731834	Bra014311
A08	12743577	12745744	Bra010264
A10	13013272	13014396	Bra008869
A05	5067105	5070304	Bra005370
A03	16625077	16632301	Bra001481
A05	995277	996841	Bra004603
A09	37952606	37955536	Bra032465
A09	21132163	21132640	Bra023167
A04	8990949	8994344	Bra025457
A08	1776495	1780303	Bra014307
A02	9252262	9256569	Bra034007
A06	15666706	15670642	Bra024339
A07	11757570	11759523	Bra012179
A10	9342030	9343466	Bra002483
A02	25556555	25557850	Bra029288
