A06	18299000	18300993	Bra009854
A06	454289	456741	Bra037954
A09	2352978	2353641	Bra036128
A03	971672	972688	Bra005861
A08	17252248	17253632	Bra016355
A05	5169000	5170619	Bra005390
A03	4007430	4008781	Bra006551
A09	25594619	25595433	Bra024564
A01	11556534	11559592	Bra039546
A05	21917956	21919183	Bra034728
A03	14029042	14031436	Bra000935
A09	27439257	27442331	Bra006875
A05	20576794	20577746	Bra027234
A06	15479845	15485013	Bra024311
A03	17959438	17963057	Bra001704
A06	20580486	20582407	Bra025416
A05	4507875	4509437	Bra005278
A03	25330371	25330934	Bra019275
A06	5979213	5981256	Bra026064
A06	5128745	5129271	Bra019662
A05	2900595	2903550	Bra005000
A04	19115907	19118800	Bra021391
A01	2043324	2048368	Bra011470
A05	4461689	4469878	Bra005271
A07	20913369	20917178	Bra004249
A03	992359	994186	Bra005868
A09	10114555	10128284	Bra027897
A01	9014329	9014772	Bra026455
A09	17014703	17015900	Bra035211
A06	4429677	4431309	Bra019784
A04	11126400	11127522	Bra032122
A04	14217069	14217760	Bra021723
A09	29113251	29114846	Bra007154
A04	15376961	15378104	Bra021936
A08	19654774	19656916	Bra030771
A09	29045082	29047317	Bra007141
A07	515145	515542	Bra039024
A05	21926515	21926909	Bra034731
A07	11439770	11442797	Bra012223
A03	4327381	4331509	Bra006625
A06	15474532	15479120	Bra024310
A06	431620	433434	Bra037957
A06	5010544	5017312	Bra019686
A08	19579887	19581701	Bra030793
A03	28021187	28022711	Bra024049
A05	21919994	21921818	Bra034729
A05	3833254	3835273	Bra005175
A08	10351143	10354118	Bra020928
A03	17958278	17959042	Bra001703
A04	14205260	14206789	Bra021722
A02	594513	596125	Bra028801
A02	10590547	10591740	Bra007885
A07	5748332	5751264	Bra015094
A06	6367104	6370979	Bra025979
A05	4455311	4461022	Bra005270
A02	603709	605654	Bra028798
A05	3616583	3617092	Bra005134
A03	14401659	14403192	Bra001010
A03	986452	988535	Bra005866
A04	19120541	19124354	Bra021392
A09	1445612	1446919	Bra034244
A03	16454612	16456042	Bra001453
A09	36377394	36381097	Bra026985
A06	4966059	4969893	Bra019690
Scaffold000149	9705	15333	Bra038569
A05	23859936	23863164	Bra029587
A10	8576793	8578141	Bra002623
A03	17233416	17234306	Bra001587
A03	13455912	13457043	Bra000840
A02	25657610	25657955	Bra029273
A10	8572128	8573392	Bra002624
A06	976174	979392	Bra018969
A05	3045797	3047363	Bra005027
A02	4576250	4580217	Bra020215
A07	18285435	18286281	Bra003776
A09	31009699	31012067	Bra007495
A08	19668586	19672614	Bra030765
A01	11553894	11555345	Bra039545
A10	13439538	13441454	Bra008961
A06	2205147	2208881	Bra018750
A10	12037893	12040105	Bra008649
A02	598263	599836	Bra028800
A04	11025984	11027743	Bra032139
A08	417979	419352	Bra030873
A05	8084550	8089832	Bra018412
A03	988965	991048	Bra005867
A10	10381812	10382650	Bra002322
A03	9471640	9473627	Bra000129
A06	2577448	2578364	Bra018696
A10	12575297	12577882	Bra008769
A02	25652746	25653114	Bra029274
A03	17231161	17232718	Bra001586
A05	20578567	20581505	Bra027235
A05	2888618	2890743	Bra004997
A06	4982677	4986509	Bra019688
A05	4499687	4501100	Bra005277
A02	9106316	9107150	Bra034024
A02	25647895	25651773	Bra029275
A05	4510181	4513613	Bra005279
A02	3774629	3776876	Bra020046
A09	10147289	10148777	Bra027902
A07	9555824	9556093	Bra012476
A07	16449823	16451058	Bra003435
A01	1962410	1963885	Bra011489
A06	1267453	1269170	Bra018920
A05	3841348	3843095	Bra005176
A01	10259607	10261466	Bra026238
A03	16459496	16462613	Bra001454
Scaffold000111	379299	380050	Bra035997
A06	4549569	4557051	Bra019766
A06	1808300	1811189	Bra018813
A07	18047558	18049591	Bra003736
A10	12045539	12046537	Bra008651
A05	2603473	2606441	Bra004947
A08	9267726	9267986	Bra021068
A10	12573735	12574688	Bra008768
A06	18399781	18400911	Bra009867
A07	492345	495414	Bra039028
A03	16468471	16469749	Bra001455
A04	11028661	11035208	Bra032138
A06	2194874	2199172	Bra018751
A04	15374497	15376295	Bra021935
A03	979518	982183	Bra005864
A06	4976866	4981136	Bra019689
A06	1261843	1262667	Bra018922
A09	27437526	27438349	Bra006874
A05	2893395	2894982	Bra004998
A03	4792207	4792704	Bra006721
A04	13852551	13853809	Bra021670
A01	1964418	1967994	Bra011488
A06	21923546	21925406	Bra025167
A06	16625645	16627263	Bra024475
A02	9096623	9097644	Bra034026
A09	27430614	27430898	Bra006872
Scaffold000100	38412	38777	Bra034947
A08	9264772	9266892	Bra021069
A05	4487556	4491454	Bra005274
A05	4067080	4068219	Bra005215
A10	12040442	12040699	Bra008650
A05	2607398	2608674	Bra004948
A09	29671920	29675212	Bra007241
A02	25659045	25660173	Bra029272
A04	8952508	8956290	Bra025461
A04	12096801	12098983	Bra034297
A09	13045826	13047038	Bra017524
A09	27899357	27901940	Bra006942
A09	27433213	27435840	Bra006873
A09	38876601	38881010	Bra032670
A02	5562334	5565908	Bra020412
A03	30292563	30294896	Bra017753
A02	21563132	21566945	Bra036334
A04	17934081	17939312	Bra016866
A03	355979	357657	Bra005736
A10	2152564	2155709	Bra015296
A07	24074184	24076783	Bra015802
A05	22316106	22317417	Bra034824
A05	2896195	2899524	Bra004999
A07	20911116	20912222	Bra004248
A03	982894	985738	Bra005865
A08	10557557	10559554	Bra020894
A03	10767310	10770545	Bra000365
A05	4479079	4485601	Bra005273
A05	11280660	11282583	Bra030435
A09	28069538	28070523	Bra006963
A03	17957349	17957950	Bra001702
A02	10039609	10044071	Bra038353
A02	600841	602794	Bra028799
A07	15464774	15472791	Bra003250
A03	975470	978155	Bra005863
A05	14046476	14047222	Bra034433
A06	18401806	18404001	Bra009868
A01	1969594	1973732	Bra011487
A06	3495217	3497886	Bra019964
A03	14034858	14041994	Bra000936
A09	10769320	10771258	Bra027987
A08	10355243	10364689	Bra020927
A07	507711	508556	Bra039026
A08	19582181	19583011	Bra030792
A07	20908262	20910626	Bra004247
A02	10037069	10037290	Bra038354
A08	19663188	19666068	Bra030767
A09	3105049	3108880	Bra026465
A06	12885987	12888783	Bra019522
A03	973099	974459	Bra005862
A05	20131426	20133052	Bra022161
A09	10131601	10133091	Bra027899
A09	5924764	5925849	Bra036707
A01	4244336	4247916	Bra011049
A03	17956225	17956515	Bra001701
A07	15473582	15474513	Bra003251
A04	14218392	14219818	Bra021724
A05	3775673	3775915	Bra005164
A05	5937211	5945359	Bra005516
A02	18165440	18166799	Bra022010
A05	4470465	4474615	Bra005272
A05	3042459	3044691	Bra005026
A04	15339721	15342974	Bra021928
A04	13897035	13898481	Bra021672
A10	8276045	8288380	Bra002692
A03	353270	355439	Bra005735
A06	16620636	16622066	Bra024474
A06	5019572	5021286	Bra019685
A02	9090954	9091776	Bra034028
A08	19662113	19662622	Bra030768
A02	9094075	9094897	Bra034027
A08	4309313	4311305	Bra014034
A08	10365783	10367201	Bra020926
A07	510499	513522	Bra039025
A04	13877397	13878646	Bra021671
A01	2049355	2050392	Bra011469
A04	645518	647426	Bra014436
A10	9518720	9522700	Bra002456
A08	19584184	19586147	Bra030791
A07	14134241	14144442	Bra028459
A05	3772805	3774313	Bra005163
A05	13577826	13579608	Bra034402
A05	18096505	18100012	Bra035820
A04	6220618	6221321	Bra028118
A10	2949018	2951695	Bra033317
Scaffold000149	295106	295363	Bra038588
Scaffold000096	816527	816940	Bra034519
A03	11298534	11299292	Bra000474
A06	22242785	22244465	Bra025129
A10	2955331	2956469	Bra033316
A01	8347526	8349511	Bra013895
A06	9327108	9328211	Bra018028
A06	4641355	4645393	Bra019749
A09	22435097	22437961	Bra032349
A10	302446	302768	Bra015593
A06	4648486	4651050	Bra019748
A09	29622534	29623273	Bra007230
A09	29728337	29729269	Bra007253
A09	38648333	38651446	Bra032622
A05	18094674	18095990	Bra035819
A03	4312313	4314384	Bra006622
A02	351029	351724	Bra028855
A04	6222818	6227348	Bra028119
A09	29730039	29731727	Bra007254
A03	7230400	7231268	Bra022815
A02	22069574	22070141	Bra032993
A02	23145352	23145976	Bra020698
A02	349711	350553	Bra028856
A08	7475213	7476948	Bra036740
A09	29734898	29739931	Bra007255
A03	11300943	11302649	Bra000475
A04	6229754	6231125	Bra028120
A02	356725	357410	Bra028853
A09	7311153	7311978	Bra027694
A02	22540102	22540955	Bra033070
A07	14916344	14917580	Bra003163
A07	23998192	24000776	Bra015815
A09	29724892	29726990	Bra007252
A02	358091	360659	Bra028852
A02	352407	354143	Bra028854
Scaffold000100	593741	594748	Bra034981
A02	22544564	22545935	Bra033071
A02	4119801	4120997	Bra020124
A09	4213612	4218770	Bra037793
A02	19614204	19614958	Bra026653
A04	2275893	2276225	Bra014688
A02	18684900	18686777	Bra022069
A02	831175	832805	Bra028754
A04	6350691	6353085	Bra028132
A10	487192	489750	Bra015570
A07	24168724	24171575	Bra015781
A05	24708135	24709746	Bra031989
A06	22493341	22494240	Bra024808
A05	8301328	8305199	Bra018457
A06	7562797	7564917	Bra025773
A02	6873615	6874210	Bra022707
A01	19020072	19021316	Bra023777
A10	16084501	16085405	Bra009577
A05	22254755	22255357	Bra034812
A07	17020625	17020999	Bra003550
A09	29238056	29238322	Bra007172
A01	25098732	25100162	Bra034077
A09	10528317	10531900	Bra027956
A06	1281796	1284706	Bra018918
A01	6567555	6572888	Bra013599
A09	28346614	28347733	Bra007014
A02	8760694	8763906	Bra039755
A09	32608675	32614184	Bra007825
A06	16396062	16397658	Bra024441
A03	8941848	8945170	Bra000033
A06	23744771	23747537	Bra025032
A02	10599964	10606676	Bra007886
A06	2910185	2910798	Bra018629
A06	3874079	3878249	Bra019888
A05	5427913	5428643	Bra005426
A05	1577975	1580534	Bra004737
A05	15658879	15660117	Bra033876
A08	2999454	2999747	Bra014154
A06	896038	898051	Bra018986
A02	19086269	19088205	Bra022105
A03	18945150	18946869	Bra001855
A05	1970933	1973160	Bra004822
A06	15454741	15456142	Bra024306
A03	3647731	3649810	Bra006470
A06	5368347	5370927	Bra026192
A03	16898602	16900003	Bra001530
A05	21222908	21224893	Bra027358
A02	12510471	12511942	Bra008160
A05	3016880	3017170	Bra005022
A09	37386811	37388316	Bra031604
A10	15202749	15203388	Bra009109
Scaffold000217	2019	2940	Bra040545
A05	20779819	20780922	Bra027273
A03	20793955	20795131	Bra013050
A10	12988728	12998691	Bra008864
A03	28009090	28012136	Bra024051
A01	25855849	25856114	Bra040247
A10	16073720	16074280	Bra009572
A10	7264441	7267268	Bra002841
A07	8976203	8976742	Bra030075
A01	22488164	22489204	Bra021216
A07	21658696	21660148	Bra004389
A07	16917225	16922231	Bra003527
A05	1974209	1976693	Bra004823
A05	19371512	19372720	Bra022282
A06	6821042	6823694	Bra025894
A04	18588846	18590648	Bra040327
A04	10060601	10060846	Bra030240
A06	6688765	6691441	Bra025922
A07	21667624	21669131	Bra004390
A01	19152576	19153470	Bra023798
A04	18322377	18324120	Bra037678
A03	24078188	24081398	Bra038785
A01	1237544	1238398	Bra011655
A02	26536046	26536669	Bra031856
A09	37394991	37395683	Bra031601
A01	26735789	26743158	Bra040509
A07	10993365	10994603	Bra012295
A07	20713673	20717962	Bra004210
A03	12752667	12757234	Bra000733
A09	24299524	24301114	Bra024750
A09	4446420	4446797	Bra037836
A08	14919903	14920582	Bra010632
A06	3827087	3828631	Bra019899
A08	15781259	15782062	Bra010807
A05	24999868	25001423	Bra039172
A09	3978231	3980179	Bra035836
A06	6691904	6692656	Bra025921
Scaffold000141	250343	252492	Bra038189
A03	15565258	15566720	Bra001256
A02	2288858	2292186	Bra023426
A04	18315580	18320693	Bra037679
A09	29565225	29568044	Bra007219
A06	9249700	9251795	Bra018019
A06	21560616	21563097	Bra025233
A07	12990480	12992669	Bra011985
A08	575788	576537	Bra030890
A05	15657510	15658394	Bra033875
A04	6835892	6836583	Bra028186
A04	15843949	15845700	Bra017252
A05	1873482	1873766	Bra004799
A09	490837	492061	Bra037411
A10	12984462	12986486	Bra008863
A09	10577094	10580669	Bra027960
A03	14669843	14674652	Bra001085
A10	15119950	15120975	Bra009131
A03	8381992	8384815	Bra023045
A04	17678406	17683953	Bra016926
A08	7755043	7755801	Bra035486
A01	22984749	22985402	Bra021127
A06	6693034	6702476	Bra025920
A09	32914532	32915686	Bra039224
A05	21314350	21316269	Bra027375
A09	32601841	32605378	Bra007824
A10	15229294	15230280	Bra009101
A09	37004819	37006282	Bra031685
A09	4170465	4170995	Bra037785
A03	10788574	10788822	Bra000368
A06	3830371	3832454	Bra019898
A03	28589101	28589646	Bra023967
A07	6624147	6627613	Bra015004
A09	28045379	28046956	Bra006960
A08	4596657	4598197	Bra014012
A04	15537893	15540942	Bra017307
A10	16071924	16073398	Bra009571
A10	13840477	13843936	Bra009052
A02	1536129	1539727	Bra028596
A07	18606092	18611976	Bra003844
A09	34137261	34137666	Bra031118
A09	17319090	17321125	Bra029445
A09	9443781	9444502	Bra027820
A03	20565479	20566342	Bra013087
A10	14050370	14051263	Bra009384
A02	3139482	3139916	Bra023608
A05	19373594	19377954	Bra022281
A05	11188554	11189802	Bra030418
A02	23300508	23303657	Bra020667
A02	2293189	2300087	Bra023427
A02	1255515	1257388	Bra028665
A04	14973338	14974838	Bra021852
A01	22153436	22157266	Bra021259
A02	14252318	14258991	Bra008389
A09	33711642	33713719	Bra031219
A09	29562036	29563855	Bra007218
A05	22423196	22424483	Bra034845
A04	9391191	9393015	Bra030337
A06	13784648	13785708	Bra019622
A06	22506241	22508125	Bra024812
A09	37392933	37394378	Bra031602
A05	4371102	4377024	Bra005264
A01	5015188	5017999	Bra013324
A09	14277449	14278229	Bra017386
A01	7533778	7534506	Bra013741
A08	18682042	18684194	Bra016656
A10	293833	299869	Bra015594
A05	20292345	20294460	Bra027183
A09	32853674	32856005	Bra039237
A02	2568516	2575464	Bra023490
A07	17018656	17020149	Bra003549
A04	2277243	2278488	Bra014689
A02	18690084	18692787	Bra022071
A09	2412752	2414449	Bra036114
A01	2723472	2727532	Bra011325
A04	11289650	11290431	Bra032099
A08	18558326	18561134	Bra016625
A03	12758403	12763256	Bra000734
A05	529998	532017	Bra004513
A09	3946344	3949353	Bra035841
A07	7295273	7297912	Bra014937
A01	22041732	22042836	Bra021273
A08	17259298	17263207	Bra016357
A05	3806461	3808482	Bra005168
A09	37619874	37625264	Bra031553
A04	14968459	14972388	Bra021851
A05	5429731	5431649	Bra005427
A05	6900044	6901477	Bra018242
A02	2708010	2711846	Bra023518
A09	32662347	32663606	Bra007831
A01	7857381	7861666	Bra013806
A03	26702782	26704833	Bra019026
A07	9907534	9909218	Bra012433
A09	37858761	37863996	Bra032445
A04	15266374	15268872	Bra021913
A05	21236294	21238026	Bra027359
A05	23949867	23951011	Bra020749
A04	11220839	11223048	Bra032110
A05	20791636	20793161	Bra027275
A05	10857463	10861471	Bra030385
A01	23771590	23774539	Bra021549
A10	13856133	13860473	Bra009055
A03	4444471	4445771	Bra006645
A04	18304741	18307197	Bra037682
A02	296790	297014	Bra028870
A09	14534230	14538098	Bra017360
A08	2176503	2179952	Bra014252
A10	11762931	11764865	Bra008592
A09	27337129	27337479	Bra036788
A08	10653453	10653922	Bra020885
A05	21193645	21196611	Bra027350
A10	12999802	13000410	Bra008865
A01	22981012	22982979	Bra021128
A08	8668705	8669052	Bra038962
A08	11029920	11030901	Bra020829
A06	905126	906660	Bra018983
A07	24755047	24757573	Bra015663
Scaffold000209	33284	33808	Bra040469
A04	9387787	9389382	Bra030338
A09	4390304	4391212	Bra037824
A07	10995473	10996568	Bra012294
A09	29558854	29561465	Bra007217
A06	2716193	2717624	Bra018669
A05	4377584	4381874	Bra005265
A03	15552658	15553673	Bra001253
A06	23107591	23109858	Bra024899
A06	6819463	6820568	Bra025895
A10	8154616	8155343	Bra002709
A07	19853332	19857012	Bra004057
Scaffold000178	79909	82554	Bra039823
A06	3836794	3841525	Bra019896
A03	16349161	16350547	Bra001427
A09	14278565	14279834	Bra017385
A09	11293068	11294053	Bra027498
A06	5373244	5375755	Bra026191
A03	18918650	18931242	Bra001854
A07	5732071	5734644	Bra015096
A04	15223253	15224172	Bra021902
A05	11190760	11193137	Bra030419
A09	2656445	2661054	Bra036597
A04	18387991	18391293	Bra037661
A10	11646342	11651597	Bra008566
A02	14251204	14251512	Bra008388
A09	2409285	2411150	Bra036115
A10	12159433	12161529	Bra008679
A08	18561800	18563324	Bra016626
A07	24400089	24403758	Bra015732
A06	13776021	13779338	Bra019621
A04	18309029	18317062	Bra037680
A07	9905860	9906960	Bra012434
A01	22039211	22040450	Bra021274
A03	26050468	26052377	Bra019155
A08	17263590	17267083	Bra016358
A06	5734016	5736959	Bra026115
A09	25567021	25571043	Bra024568
A09	37001103	37003564	Bra031686
A06	30345	32626	Bra038030
A01	6776504	6778078	Bra013634
A03	1822518	1824169	Bra006062
A05	20294803	20296036	Bra027184
A05	18268303	18268956	Bra022456
A09	4449052	4449388	Bra037838
A08	6912349	6913930	Bra038057
A02	14060002	14060794	Bra008363
Scaffold001723	39	676	Bra041155
A10	10201931	10202989	Bra002350
A04	18591319	18591570	Bra040326
A03	28596199	28597784	Bra023965
A01	19653246	19653617	Bra023857
A07	11378182	11379753	Bra012235
A09	29241928	29242879	Bra007173
A03	25397211	25399301	Bra019266
A10	11220433	11222677	Bra002165
A02	23227133	23229167	Bra020681
A10	476670	477631	Bra015574
A07	21672049	21673313	Bra004391
A08	17250701	17251144	Bra016354
A01	25043043	25046240	Bra034091
A05	22112656	22115951	Bra034781
A04	10192172	10194736	Bra030228
A09	38181272	38183184	Bra032520
A05	3850124	3851209	Bra005177
A05	19369365	19371141	Bra022283
A05	24268306	24268761	Bra039428
A09	3918070	3923921	Bra035848
A08	14471861	14473556	Bra010572
A05	7715367	7716559	Bra018353
A05	925034	929735	Bra004590
A03	14553176	14554228	Bra001049
A04	17788426	17794226	Bra016903
A05	923675	924409	Bra004589
A10	16129566	16131113	Bra009585
A05	23947874	23949496	Bra020748
A05	21272144	21273460	Bra027364
A09	31020685	31023678	Bra007497
A07	24163867	24166076	Bra015782
A05	20793499	20795210	Bra027276
A09	11658642	11660399	Bra027543
A07	24662668	24664804	Bra015682
A05	21316555	21318885	Bra027376
A06	4078681	4080504	Bra019839
A02	24179309	24180212	Bra020535
A10	9908166	9908408	Bra002397
A06	21211765	21214552	Bra025303
A03	14461394	14462527	Bra001028
A03	4997295	4999498	Bra006772
A05	20796325	20797447	Bra027277
A04	14961932	14962189	Bra021848
A01	5290929	5292931	Bra013377
A09	2662006	2666230	Bra036596
A05	21264385	21268570	Bra027362
A10	16080903	16082978	Bra009576
A03	2411472	2412569	Bra006186
A02	429054	430124	Bra028837
A05	1860370	1861952	Bra004794
A03	14555400	14557995	Bra001050
A06	20426631	20429803	Bra037514
A03	10045621	10045995	Bra000227
A05	11299019	11302451	Bra030437
A07	24658793	24660427	Bra015683
A05	24399048	24403226	Bra039457
A01	15751076	15753302	Bra035470
A10	14046025	14046280	Bra009386
A09	6900973	6902360	Bra027752
A03	25717824	25719427	Bra019210
A07	17703140	17705966	Bra003678
A09	24304800	24306911	Bra024749
A07	17317621	17318522	Bra003607
A05	24263685	24264872	Bra039425
A02	26470151	26470675	Bra031870
A03	9578363	9581216	Bra000149
A08	10651622	10652660	Bra020886
A02	26902774	26906816	Bra031807
Scaffold000219	58236	59324	Bra040580
A03	27876448	27879212	Bra024073
A07	14453508	14458396	Bra028506
A04	1697269	1699605	Bra014601
A01	1393494	1397022	Bra011617
A08	572748	573792	Bra030889
A02	25103449	25106649	Bra029356
A02	7586615	7587911	Bra022603
A01	2728517	2730754	Bra011324
A03	11347527	11347838	Bra000481
A10	13844356	13845426	Bra009053
A03	11155668	11158968	Bra000440
A10	6922355	6926399	Bra002904
A08	16862040	16866954	Bra016271
A05	25279745	25283295	Bra039108
A01	25039698	25041908	Bra034092
A08	6553205	6555085	Bra039708
A08	5531715	5532272	Bra034898
A04	2060584	2064200	Bra014656
A09	9258705	9259982	Bra027153
A03	14325599	14328858	Bra000996
A10	10546538	10548756	Bra002288
A06	20430461	20432208	Bra037515
A10	11645745	11646134	Bra008565
A04	19201720	19203903	Bra021437
A09	15570178	15570975	Bra038381
A06	21642360	21646370	Bra025216
A08	19660025	19661617	Bra030769
A09	18213039	18213284	Bra029551
A03	60720	61901	Bra005668
A06	21552953	21555516	Bra025235
A10	2981605	2983958	Bra033312
A10	10813198	10817412	Bra002233
A09	22665442	22668653	Bra032316
A02	26712753	26719074	Bra031836
A01	19854346	19854903	Bra023874
A10	14046638	14047594	Bra009385
A02	8839008	8840737	Bra039763
A03	13444508	13446205	Bra000838
A10	10905651	10908528	Bra002215
A06	3292123	3302675	Bra020013
A03	8939971	8940207	Bra000032
A02	26467241	26469033	Bra031871
A01	7360844	7362949	Bra013714
A05	21269610	21271040	Bra027363
A08	3962153	3964230	Bra014057
A01	23781915	23790276	Bra021548
A04	14975473	14976290	Bra021853
A01	7054043	7055061	Bra013674
A02	25115507	25119702	Bra029355
A05	21204484	21206796	Bra027353
A03	10132510	10132896	Bra000243
A05	20797971	20799438	Bra027278
A06	8880466	8881239	Bra017970
A04	16540011	16543736	Bra017133
A05	24265283	24266608	Bra039426
A02	1542907	1549329	Bra028595
A10	13765537	13769774	Bra009033
A06	8874018	8877008	Bra017969
A10	13002300	13004410	Bra008866
A04	15264544	15265608	Bra021912
A06	21640058	21640882	Bra025217
A09	1021343	1024176	Bra036255
A05	10868342	10870946	Bra030386
A10	9334501	9336497	Bra002485
A10	13863484	13864307	Bra009056
A09	34254254	34254908	Bra031093
A10	10678675	10680347	Bra002261
A08	14724918	14725427	Bra010607
A10	11268033	11268701	Bra002155
A10	10819093	10824812	Bra002232
A01	9314986	9316498	Bra026402
A09	31909867	31910682	Bra007685
A05	19293193	19294794	Bra022292
A10	2451268	2451795	Bra033412
A05	9523840	9529084	Bra021322
A08	18644828	18649690	Bra016649
A03	2609590	2615062	Bra006227
Scaffold000149	268658	269775	Bra038584
A04	1700562	1702163	Bra014602
A08	6908514	6909637	Bra038059
A04	10397237	10399765	Bra030204
A07	19864368	19871169	Bra004058
A06	22495434	22496844	Bra024809
A08	13614376	13615026	Bra010410
A07	24732256	24734417	Bra015668
A04	4399688	4400558	Bra033422
A05	1881187	1889019	Bra004802
A06	903355	904682	Bra018984
A05	16085431	16086653	Bra033911
A09	25089089	25091117	Bra024641
A09	33125408	33127912	Bra039190
A09	9251390	9257487	Bra027152
A10	2986213	2987570	Bra033311
A02	24184931	24189562	Bra020533
A08	18675870	18677851	Bra016654
A09	33128499	33130886	Bra039189
A09	32776906	32779431	Bra007856
A07	17908312	17909987	Bra003710
A10	10790212	10793576	Bra002238
A06	4321374	4322321	Bra019806
A03	24088192	24089891	Bra038783
A04	3106784	3109866	Bra014783
A09	11661227	11662825	Bra027544
A10	15275818	15276621	Bra009087
A03	15543670	15544437	Bra001249
A08	11488514	11488828	Bra034651
Scaffold000718	964	1632	Bra041132
A05	5424662	5425147	Bra005424
A07	12102543	12105827	Bra012127
A07	10393417	10395956	Bra012365
A09	34138266	34140932	Bra031117
A10	16076226	16077185	Bra009574
A09	37383699	37385146	Bra031605
A01	22157763	22158375	Bra021258
A03	57623	60040	Bra005667
A02	19651735	19652822	Bra026645
A09	28348233	28356778	Bra007015
A08	6910063	6911703	Bra038058
A08	15171520	15174058	Bra010681
A04	1709281	1712360	Bra014603
A06	5925023	5926183	Bra026080
A09	34253011	34253587	Bra031094
A07	19878748	19883811	Bra004059
A05	11443591	11446117	Bra030446
A01	899505	900790	Bra011719
A09	19524818	19526257	Bra028006
A02	16846169	16849749	Bra033169
A06	6334382	6336112	Bra025986
A04	11799135	11801212	Bra034254
A06	18289344	18289630	Bra009851
A04	18163925	18166582	Bra037725
A10	3716703	3717675	Bra037942
A01	17440187	17441263	Bra031422
A09	4530505	4533138	Bra037117
A05	20569576	20569782	Bra027233
A06	22656996	22659625	Bra024838
A09	37410127	37411701	Bra031598
A01	7868535	7871738	Bra013809
A05	11121236	11122218	Bra030413
A09	37245845	37247468	Bra031631
A01	7614352	7614588	Bra013755
A07	11793727	11795433	Bra012172
A07	8621033	8625487	Bra030121
A01	2689733	2691616	Bra011333
A02	23296188	23299756	Bra020668
A08	14721231	14722637	Bra010606
A10	11265300	11267238	Bra002156
A04	18167809	18168054	Bra037724
A04	14677312	14677725	Bra021801
A07	23665805	23668984	Bra015879
A06	4323184	4324737	Bra019805
A04	9735854	9736640	Bra030284
A06	10766821	10767501	Bra018207
A07	19889002	19892954	Bra004060
A03	78156	78852	Bra005673
A03	16776893	16784283	Bra001510
A09	8063235	8064861	Bra027017
A07	15366761	15368292	Bra003239
A06	4318876	4320680	Bra019807
A01	7609804	7613350	Bra013754
A08	17688244	17689366	Bra016436
A05	1877612	1879360	Bra004801
A03	28591289	28593045	Bra023966
A07	24736672	24740196	Bra015667
A05	5412314	5414298	Bra005423
A07	24746925	24749554	Bra015665
A05	11295470	11296678	Bra030436
A05	19841821	19848418	Bra022201
Scaffold000229	51770	56805	Bra040649
A08	2119947	2121880	Bra014262
A10	13777036	13780231	Bra009035
A01	25012433	25013043	Bra034095
A05	21441275	21444168	Bra027401
A04	11282908	11284229	Bra032101
A05	21373592	21374990	Bra027387
A06	21556178	21559536	Bra025234
A09	4176483	4177491	Bra037787
A05	21213537	21215239	Bra027355
Scaffold000217	3741	6699	Bra040546
A08	13494266	13496360	Bra010390
A08	10228839	10230013	Bra020949
A03	10259231	10260310	Bra000265
A01	4517316	4518646	Bra040178
A03	10786274	10788081	Bra000367
A10	7269388	7269621	Bra002840
A08	11177388	11179344	Bra020813
A01	5020086	5020506	Bra013326
A05	7797317	7801191	Bra018368
A09	4534719	4538273	Bra037118
A04	15814597	15816801	Bra017258
Scaffold000123	115066	116132	Bra036938
A03	24082923	24087220	Bra038784
A01	7866260	7867827	Bra013808
A05	1978048	1979340	Bra004824
A06	12771760	12772783	Bra019509
A09	34535492	34537104	Bra031041
A01	1296190	1300668	Bra011642
A06	445017	448958	Bra037955
A09	3929759	3932607	Bra035846
A02	1903123	1906994	Bra023343
A10	6647398	6651034	Bra002944
A04	9602342	9604089	Bra030303
A06	21635963	21637521	Bra025219
A09	32623525	32628159	Bra007826
A06	12773233	12773882	Bra019510
A06	18290385	18292752	Bra009852
A03	24779545	24783194	Bra019354
A03	9103927	9105020	Bra000054
A01	386233	388161	Bra011819
A06	8862053	8864308	Bra017966
A01	24319747	24320824	Bra038716
A03	7768293	7769612	Bra022920
A03	15569233	15570789	Bra001257
A02	15054321	15057080	Bra008507
A03	8716382	8717546	Bra023103
A02	4963169	4963597	Bra020275
A08	20129184	20134374	Bra030665
A08	11859425	11861181	Bra034589
A10	11395463	11395756	Bra002130
A10	9387108	9388668	Bra002473
A08	11803933	11805048	Bra034600
A06	21480062	21483568	Bra025256
A02	23865496	23867071	Bra020590
A03	15460603	15463339	Bra001232
A09	28736895	28738573	Bra007085
A10	11393907	11394206	Bra002131
A03	14137586	14139467	Bra000955
A09	8856966	8860604	Bra027096
A03	15294735	15296715	Bra001201
A01	389285	390160	Bra011818
A09	3528678	3530325	Bra035916
A05	21134044	21138945	Bra027339
A03	15289885	15293733	Bra001200
A10	9617325	9618613	Bra002443
A01	2519931	2527386	Bra011366
A04	745643	748492	Bra014453
A02	23867799	23869339	Bra020589
A02	25183826	25184998	Bra029349
A02	4501096	4503274	Bra020200
A07	11623642	11626814	Bra012191
A02	1250685	1252680	Bra028666
A10	9614159	9616226	Bra002444
A05	1536334	1539005	Bra004727
A06	8865749	8867468	Bra017967
A09	30536801	30539498	Bra007404
A09	6752454	6753699	Bra027770
A02	24839169	24842125	Bra029402
A04	16588295	16588909	Bra017125
A05	14978448	14979844	Bra010171
A07	12793731	12794431	Bra012022
A07	23958466	23959302	Bra015826
A07	23556976	23558965	Bra015908
A08	20123654	20128675	Bra030666
A10	9610681	9611083	Bra002446
A06	4747938	4751294	Bra019733
A06	15208602	15211317	Bra024262
A07	23241803	23243585	Bra015981
A03	13440823	13441955	Bra000837
A06	21486057	21488902	Bra025254
A07	23954712	23957345	Bra015827
A02	25172906	25179858	Bra029350
A02	1915782	1920266	Bra023347
A09	33974548	33976206	Bra031164
A09	28734181	28735905	Bra007084
A05	8875347	8878148	Bra039499
A10	11396767	11398404	Bra002129
A06	15207087	15207786	Bra024261
A02	4977091	4978556	Bra020280
A02	4966130	4966823	Bra020277
A02	1914385	1914891	Bra023346
A04	11600608	11603174	Bra032051
A05	21131027	21133091	Bra027338
A06	15212587	15213916	Bra024263
A08	20135641	20137800	Bra030664
A01	20327253	20329483	Bra023938
A09	5601754	5602632	Bra038542
A02	4964463	4965071	Bra020276
A10	9342030	9343466	Bra002483
A06	14925787	14925996	Bra038639
A10	11870454	11872457	Bra008611
A06	6850053	6851066	Bra025668
A06	1116409	1119001	Bra018942
A03	17178091	17180272	Bra001577
A06	23552803	23553894	Bra025001
A10	2864342	2865601	Bra033329
A01	7844091	7846562	Bra013804
A09	37882551	37899062	Bra032450
A03	16439541	16440674	Bra001450
A01	19744387	19751542	Bra023867
A06	1130456	1134594	Bra018940
A01	23134148	23134582	Bra021103
A06	23248763	23250276	Bra024939
A10	8914572	8915783	Bra002565
A03	29867761	29869141	Bra017697
A05	8243000	8247597	Bra018441
A09	31490618	31492001	Bra007603
A07	19133678	19136168	Bra003938
A03	8711706	8712834	Bra023102
A07	22539538	22542991	Bra016134
A03	19329685	19330424	Bra001910
A01	23135195	23135871	Bra021102
A07	16780195	16781292	Bra003502
A06	1122525	1125172	Bra018941
A01	5114435	5115384	Bra013342
A01	19735595	19742433	Bra023866
A03	17181235	17182796	Bra001578
A05	4342916	4345567	Bra005261
A02	25010847	25012972	Bra029376
A03	11668587	11670139	Bra000539
A10	8911625	8914022	Bra002566
Scaffold000203	35236	35496	Bra040400
A04	17641558	17642101	Bra016934
A03	504098	505687	Bra005770
A02	21995219	21996004	Bra032984
A10	10218816	10226086	Bra002347
A07	24354124	24355533	Bra015742
A02	23446133	23453000	Bra020643
A04	14647571	14656391	Bra021798
A03	2554562	2556532	Bra006215
A06	6848168	6849301	Bra025667
A04	14765737	14768925	Bra021815
A01	5111940	5113552	Bra013341
A09	301584	302654	Bra037369
A05	24968158	24970240	Bra039179
A01	7834578	7835828	Bra013802
A05	2659421	2661290	Bra004959
A05	14358737	14360290	Bra034459
Scaffold000206	37100	38950	Bra040452
A10	12949201	12950310	Bra008853
A07	22535613	22536164	Bra016136
A01	19554002	19557025	Bra023848
A03	25092063	25093184	Bra019307
A02	25003049	25004959	Bra029378
A10	10217322	10218242	Bra002348
Scaffold000178	17184	18418	Bra039818
A01	23132599	23132835	Bra021104
A01	3679499	3680915	Bra011149
A01	7836749	7843342	Bra013803
A10	10423029	10426672	Bra002315
A09	37899642	37900887	Bra032453
A09	6589557	6592610	Bra027790
A03	16437053	16438278	Bra001449
A05	11596042	11597213	Bra030459
A05	23363023	23364587	Bra029693
A09	29718202	29719391	Bra007249
A09	30205627	30206709	Bra007339
A09	321539	322976	Bra037374
A02	25007167	25008864	Bra029377
A07	139489	142688	Bra036482
A06	14926453	14927419	Bra038640
A09	299684	300822	Bra037368
Scaffold000203	36444	43113	Bra040401
A01	5116794	5119400	Bra013344
A04	13082530	13084563	Bra035664
A02	24990161	24997120	Bra029379
A01	15660689	15661003	Bra038903
A03	500967	503434	Bra005769
A09	10979226	10980140	Bra027464
A03	2551985	2553663	Bra006214
A09	30575604	30577212	Bra007412
A05	2661988	2663037	Bra004960
A09	303058	304492	Bra037370
A09	6573967	6587496	Bra027791
A03	7549092	7550236	Bra022879
A04	16043764	16044882	Bra017222
A05	1851396	1853277	Bra004792
A10	12946287	12948215	Bra008852
A05	24964836	24966608	Bra039180
A01	15661501	15662197	Bra038904
A04	14641325	14646566	Bra021797
A09	32948657	32955068	Bra039218
A09	16657988	16661265	Bra035244
A02	1503040	1504902	Bra028604
A01	15663037	15664745	Bra038905
A10	10416849	10420844	Bra002317
A03	19331370	19332141	Bra001911
A05	11597911	11598385	Bra030460
A01	10054666	10056069	Bra026272
A09	37876515	37881383	Bra032449
A04	16324814	16325436	Bra017170
A03	17088784	17090993	Bra001562
A09	21853841	21866247	Bra032392
A05	19630925	19632899	Bra022234
A07	24350225	24353568	Bra015743
A10	2862493	2863718	Bra033330
A07	2943393	2944916	Bra001974
A04	14630901	14635824	Bra021796
A02	23440259	23440976	Bra020644
A03	7551232	7554019	Bra022880
A03	17092075	17093986	Bra001563
A06	21890141	21892042	Bra025171
A08	18920690	18922718	Bra016729
A03	17094760	17096321	Bra001564
A07	11895080	11897362	Bra012157
A07	24180758	24181126	Bra015778
A01	4583589	4585895	Bra013258
A02	18552124	18555858	Bra022048
A07	20281071	20291179	Bra004131
A04	15285797	15286919	Bra021919
A06	11103115	11113113	Bra038280
A10	11246271	11249716	Bra002160
A07	8481297	8485853	Bra030137
A02	3676181	3676582	Bra023716
A01	14358441	14360693	Bra029919
A02	3262876	3264111	Bra023634
A08	4859333	4861164	Bra013991
A05	8212712	8215974	Bra018435
A07	20132718	20136265	Bra004101
A07	20363073	20365979	Bra004149
A10	2804392	2805240	Bra033338
A02	3204134	3206817	Bra023622
A01	19946445	19949112	Bra023885
A06	1564178	1566736	Bra018863
Scaffold000096	852448	852825	Bra034524
A02	592174	593681	Bra028802
A10	1621610	1624875	Bra015395
A01	19043490	19045672	Bra023780
A06	17006456	17006874	Bra009650
A02	12924432	12926954	Bra008224
A06	17530441	17532614	Bra009735
A03	18853375	18854841	Bra001845
A02	7995512	7996167	Bra022554
A08	16038730	16040383	Bra010858
A08	14061659	14062896	Bra010499
A09	29765076	29767322	Bra007260
A06	21960667	21963557	Bra025163
A03	31398727	31401464	Bra017888
A02	11625846	11626478	Bra008025
A03	10918286	10920672	Bra000393
A10	2805781	2809085	Bra033337
A01	9118317	9119916	Bra026434
A02	11623023	11623703	Bra008024
A07	19287728	19293100	Bra003967
A05	14417037	14418909	Bra010212
A09	25082537	25084451	Bra024643
A03	459980	461221	Bra005758
A10	1897084	1905661	Bra015344
A09	27953772	27954302	Bra006949
Scaffold000468	4792	8460	Bra041078
A05	20281490	20282983	Bra027181
A01	15530804	15531742	Bra038882
A03	29804510	29806813	Bra017684
A02	8769148	8771145	Bra039756
A07	20685715	20701307	Bra004206
A10	4146568	4148064	Bra035725
A05	8208734	8212170	Bra018434
A05	4526665	4527150	Bra005282
A09	1037035	1039128	Bra036251
A10	3612753	3617104	Bra037948
A08	20654305	20655661	Bra030538
A03	29167007	29169326	Bra036978
A01	9860907	9862033	Bra026314
A09	22500262	22501463	Bra032339
A03	6856535	6857850	Bra022755
A04	17649549	17650647	Bra016931
A06	1569093	1569812	Bra018862
A02	25315877	25316140	Bra029325
A03	15020728	15022990	Bra001153
A07	5962191	5963638	Bra015073
A09	24253251	24253559	Bra024753
A03	19429888	19431772	Bra001929
A07	25791551	25793752	Bra035186
A05	23449729	23452974	Bra029670
A09	23494267	23505763	Bra032864
A10	12665184	12666107	Bra008794
A01	3715701	3716895	Bra011138
A08	4454801	4455844	Bra014024
A04	17867551	17869715	Bra016883
A04	2280817	2282213	Bra014690
A02	5867272	5869545	Bra020461
A07	25684748	25686188	Bra035156
A03	10677501	10679213	Bra000346
A02	25581781	25582890	Bra029285
A07	21889720	21894280	Bra016259
A03	13665108	13666213	Bra000876
A10	1625834	1628206	Bra015394
A10	4593235	4594215	Bra028280
A09	32132675	32133920	Bra007735
A07	11952841	11953731	Bra012149
A08	16035510	16038147	Bra010857
A03	462205	463146	Bra005759
A02	12984756	12985445	Bra008231
A09	27201541	27203038	Bra036805
A06	21311751	21313769	Bra025287
A04	15065679	15068066	Bra021872
A02	6587004	6589805	Bra035544
A09	25086519	25087676	Bra024642
A08	18538622	18538906	Bra016619
Scaffold000217	33678	35156	Bra040552
A06	18841328	18843290	Bra009941
A08	4170167	4174728	Bra014044
A03	18073045	18074659	Bra001724
A09	25080732	25082145	Bra024644
A04	2627821	2628921	Bra014730
A03	28131911	28133224	Bra024032
A01	18094576	18096473	Bra028357
A05	8218337	8223857	Bra018437
A03	7751188	7753436	Bra022917
A10	13302100	13302294	Bra008940
A05	19110807	19112459	Bra022325
A08	18533951	18537779	Bra016618
A08	9611758	9612574	Bra021023
A08	12654287	12655531	Bra010253
A08	15382322	15383901	Bra010730
A01	3710901	3711750	Bra011141
A08	4842767	4844172	Bra013993
A03	17191721	17192944	Bra001579
A06	7708156	7708381	Bra025785
A07	17498418	17499341	Bra003645
A01	3717557	3719415	Bra011137
A03	10681762	10684154	Bra000347
A09	25824055	25827000	Bra024527
A07	9351093	9353674	Bra012506
A09	917056	917508	Bra036273
Scaffold000217	39497	39715	Bra040553
A09	9937229	9938112	Bra027876
A09	1030947	1032303	Bra036254
A03	1019607	1021037	Bra005875
A02	4693601	4697285	Bra020234
A09	20118622	20119405	Bra023270
A09	28702185	28702861	Bra007080
A03	456157	457738	Bra005756
A01	24996549	24997746	Bra034099
A03	29086005	29086898	Bra036993
A05	19137002	19137945	Bra022322
A02	5665260	5666498	Bra020426
A01	3958590	3959675	Bra011087
A07	4475919	4478150	Bra036396
Scaffold000111	364455	365623	Bra035994
Scaffold000302	27658	29945	Bra040902
A05	25263695	25267349	Bra039113
A06	5180274	5182664	Bra019653
A06	3529670	3530152	Bra019957
A06	3191897	3193404	Bra018566
A06	13245646	13245855	Bra019556
A08	9682056	9682469	Bra021015
A10	1629054	1631489	Bra015393
A07	24902964	24903826	Bra015638
A10	3141617	3142356	Bra033287
A01	19421052	19426538	Bra023830
A08	15379109	15380919	Bra010729
A10	4590990	4592659	Bra028279
A07	13007405	13007835	Bra011982
A03	5150691	5154484	Bra006812
A10	3620627	3621790	Bra037947
A10	13032917	13035100	Bra008872
A08	4705749	4707429	Bra014002
A05	16790637	16791514	Bra031315
A01	18505225	18513758	Bra023723
A09	35135380	35136099	Bra026719
A05	15023864	15024619	Bra010167
A07	20276104	20279264	Bra004130
A03	15009497	15009853	Bra001149
A09	37124917	37125885	Bra031656
A01	4481996	4483633	Bra040174
Scaffold000251	43939	47502	Bra040762
A03	19168758	19169904	Bra001889
A07	18044435	18045287	Bra003735
A02	26298299	26298703	Bra031902
A09	8217824	8219479	Bra027035
A04	12740251	12745285	Bra034399
A08	16747128	16751862	Bra011001
A04	15284796	15285251	Bra021918
A03	15011033	15013441	Bra001150
A02	4681178	4683028	Bra020232
A06	7704453	7705821	Bra025784
A02	6594299	6596755	Bra035541
A06	20780140	20781196	Bra025385
A08	1017883	1019495	Bra030951
A01	4366474	4366815	Bra011024
A04	13111402	13113650	Bra035659
A03	31394356	31396341	Bra017887
A10	3142964	3144498	Bra033286
A05	7878103	7878905	Bra018386
A02	2011998	2015523	Bra023371
A09	24742759	24743973	Bra024686
A05	24811698	24812553	Bra032010
A09	518009	519467	Bra037416
A04	15071402	15074555	Bra021874
A03	6513941	6514195	Bra029135
A10	4120308	4121429	Bra035721
A01	9115103	9117341	Bra026435
A02	24096913	24100014	Bra020549
A09	21033723	21033941	Bra023177
A06	3524251	3527724	Bra019958
A01	4352732	4354677	Bra011027
A05	8552761	8553565	Bra018487
A09	31343440	31355121	Bra007570
A09	29768146	29768412	Bra007261
A03	21378095	21381351	Bra012952
A01	12218356	12220619	Bra036885
A01	3712412	3713986	Bra011140
Scaffold000096	848080	852002	Bra034523
A09	11621071	11622204	Bra027537
A07	13528412	13530379	Bra011923
A10	11425946	11429427	Bra002116
A04	16851016	16853138	Bra017082
A01	25376173	25377465	Bra040037
A05	6172140	6175566	Bra005551
Scaffold000164	172587	174109	Bra039372
A08	4933399	4934543	Bra013968
A10	1632191	1636110	Bra015392
Scaffold000283	1603	1845	Bra040860
A06	3184536	3187003	Bra018569
A09	25941782	25943036	Bra031391
A10	1791651	1794224	Bra015363
A01	4358105	4359462	Bra011025
A02	5796641	5797249	Bra020446
A08	4938820	4940620	Bra013966
A02	11944968	11946972	Bra008057
A08	20656215	20656733	Bra030537
A02	23711526	23716079	Bra020605
A10	3145070	3146300	Bra033285
A05	16792148	16794081	Bra031314
A05	18750103	18752472	Bra022384
A02	6941637	6943117	Bra022697
Scaffold000164	174440	175264	Bra039373
A01	4355162	4357104	Bra011026
A09	914246	916603	Bra036274
A09	6128284	6128544	Bra036675
Scaffold000100	855974	859606	Bra035008
A05	4098130	4100879	Bra005221
A06	3189361	3191375	Bra018567
A07	2277405	2279072	Bra002054
A03	747792	750605	Bra005809
A09	28698773	28700929	Bra007079
A08	12728572	12729870	Bra010263
A09	34519199	34520610	Bra031046
A01	3698853	3706279	Bra011144
A03	19167217	19168189	Bra001888
A08	17639370	17642026	Bra016427
A07	2859032	2860204	Bra001983
A08	6120584	6122819	Bra039880
A04	542513	543964	Bra014420
A06	3522350	3523080	Bra019959
A03	29200859	29201733	Bra036976
A06	24935873	24939457	Bra033615
A10	14439560	14441580	Bra009298
A05	1606719	1607477	Bra004743
A07	14562033	14562298	Bra028527
A07	4481549	4481989	Bra036397
A04	10732730	10735519	Bra032172
A09	13018634	13019683	Bra017529
A03	11312091	11313245	Bra000477
A05	24080362	24081359	Bra020776
A03	15017509	15019763	Bra001152
A05	13008893	13010798	Bra032210
A09	25422475	25425210	Bra024590
A06	11113842	11115396	Bra038281
A02	2952006	2954352	Bra023573
A02	5659454	5660616	Bra020425
A07	12527284	12532656	Bra012052
A02	6590848	6592496	Bra035543
A01	3708049	3710467	Bra011142
A05	4103044	4104402	Bra005222
A07	20270141	20273738	Bra004129
A10	13298772	13300109	Bra008939
A10	1048862	1050233	Bra015481
A05	10413001	10419143	Bra038124
A05	7870113	7870879	Bra018385
A01	5295534	5297048	Bra013378
A08	11342859	11344234	Bra034675
A05	6161405	6164358	Bra005550
A05	15966719	15968776	Bra033901
Scaffold000164	175929	178420	Bra039374
A07	24159976	24163502	Bra015783
A09	1034343	1035791	Bra036252
A05	5271847	5273889	Bra005401
A02	24076926	24077921	Bra020551
A05	2471833	2473326	Bra004916
A03	2504507	2512077	Bra006205
A03	20359271	20359756	Bra013123
A03	13981535	13983376	Bra000926
A03	1272925	1274493	Bra005929
A08	15790725	15791846	Bra010810
A02	4683809	4686050	Bra020233
A03	1017503	1018156	Bra005874
A04	19208825	19209773	Bra021440
A09	2418887	2420958	Bra036111
A05	1603301	1605926	Bra004742
A01	9799956	9800144	Bra026323
A01	3359620	3360837	Bra011201
A07	14559979	14561271	Bra028526
A04	4334837	4335250	Bra019650
A05	2474179	2477487	Bra004917
A03	8633846	8639151	Bra023087
A04	15287508	15287747	Bra021920
A09	31340467	31341738	Bra007569
A06	23985155	23986756	Bra025082
A03	31404005	31406742	Bra017889
A01	10949028	10962799	Bra038448
A01	2759913	2760524	Bra011315
A08	14113554	14116211	Bra010506
A03	13661766	13662884	Bra000875
A10	1894813	1896427	Bra015345
A02	17930455	17931762	Bra021992
A02	7133848	7134489	Bra022668
A08	15194560	15198156	Bra010684
A03	27901998	27903448	Bra024068
A10	12662905	12664601	Bra008793
A05	2469637	2470887	Bra004915
Scaffold000215	35214	37203	Bra040530
A07	15616574	15616925	Bra003277
A03	18855453	18856886	Bra001846
A06	17007780	17010103	Bra009651
A03	6507365	6508816	Bra029133
A01	19042068	19042913	Bra023779
A07	21421342	21424448	Bra004347
A03	28226065	28227381	Bra024020
A02	9208344	9212672	Bra034012
A02	6592952	6593398	Bra035542
A08	7138785	7148189	Bra036771
A03	21510327	21513387	Bra012925
A09	25756404	25760934	Bra024536
A01	10963680	10964896	Bra038447
A03	14885269	14888295	Bra001124
A03	28134386	28134637	Bra024031
A03	18955930	18956337	Bra001857
A03	15024203	15024671	Bra001154
A05	19138751	19139491	Bra022321
A08	17647926	17650541	Bra016428
A08	4935919	4938358	Bra013967
A01	4351243	4352429	Bra011028
A07	24364196	24366140	Bra015739
A06	6176833	6178476	Bra026021
A04	17651626	17653238	Bra016930
A03	13972319	13974466	Bra000925
A09	29212400	29213534	Bra007170
A04	18245742	18247478	Bra037701
A09	8222835	8223389	Bra027036
A09	19898668	19898901	Bra023294
A09	1039568	1042382	Bra036250
A06	559013	560359	Bra039683
A01	12221883	12223247	Bra036884
A09	27822418	27823626	Bra006933
A08	17525813	17528427	Bra016405
A08	15793943	15794608	Bra010812
A03	24294019	24295276	Bra038753
A07	20013379	20017084	Bra004083
A01	18514576	18515769	Bra023724
A09	6806858	6811927	Bra027763
A09	6127753	6127996	Bra036676
A07	11947420	11949010	Bra012151
A10	1665848	1669772	Bra015389
A03	24594814	24595185	Bra019377
A03	17533686	17535004	Bra001626
A03	8119897	8122983	Bra022989
A05	24456485	24459528	Bra039469
A07	25769175	25770254	Bra035183
A06	9429836	9431906	Bra018039
A08	1864560	1865627	Bra014295
A02	26771344	26772899	Bra031828
A02	23701126	23710198	Bra020606
A08	17631741	17634114	Bra016426
A09	910604	912940	Bra036275
A09	27955729	27955935	Bra006950
A09	906709	908982	Bra036276
A08	5192642	5193631	Bra034928
A07	15610591	15615741	Bra003276
A06	13263479	13265878	Bra019560
A05	6855186	6856569	Bra018232
A03	15014435	15016419	Bra001151
A09	3902197	3904397	Bra035852
A03	17754567	17755748	Bra001661
A08	18528882	18533178	Bra016617
A09	37834548	37837928	Bra032439
A09	11755202	11756705	Bra027556
A09	17648571	17652451	Bra029482
A01	14953483	14955733	Bra029986
A09	28846701	28847492	Bra007102
A01	13170737	13172464	Bra033830
A08	18524347	18525245	Bra016615
A01	19525046	19530738	Bra023844
A05	595853	596423	Bra004518
A07	13005471	13005942	Bra011983
A06	16249746	16252821	Bra024413
A05	1608381	1609157	Bra004744
A07	16285400	16287755	Bra003396
A05	22273357	22275201	Bra034817
A04	17284551	17286516	Bra017004
A10	6072861	6073355	Bra003020
A09	1165028	1166807	Bra034180
A02	19630084	19630902	Bra026650
A10	6392047	6392283	Bra002977
A01	26757370	26757612	Bra040511
A06	17029156	17032125	Bra009657
A01	330895	333414	Bra011830
A06	13870567	13870767	Bra010050
A10	7787942	7788921	Bra002767
A04	12025037	12026743	Bra034287
A02	22388722	22390069	Bra033044
A01	26764343	26765159	Bra040516
A01	26024048	26028170	Bra040142
A01	26761203	26762773	Bra040514
A10	6392742	6394015	Bra002976
A08	16551372	16551626	Bra010971
A09	5916125	5918558	Bra036708
A02	4071132	4071770	Bra020115
A03	13867423	13868624	Bra000905
A03	2543354	2546508	Bra006212
A09	5914701	5915327	Bra036709
A04	14954402	14956354	Bra021847
A01	26763223	26763774	Bra040515
A09	5913039	5914063	Bra036710
A01	26758253	26758739	Bra040512
A08	16549621	16549881	Bra010970
A10	11808083	11810620	Bra008601
A10	11820798	11823016	Bra008603
A06	1910858	1914324	Bra018797
A05	9508116	9508491	Bra037108
A09	36651210	36652376	Bra031756
A05	19264615	19266492	Bra022298
A02	5546768	5549065	Bra020406
A02	21743953	21753155	Bra032950
A07	13789099	13790680	Bra028405
A05	9510865	9511869	Bra037109
A09	8112008	8114589	Bra027021
A04	1466159	1467346	Bra014561
A07	19953070	19954578	Bra004073
A03	14574324	14575944	Bra001057
A08	385792	387045	Bra030867
A01	10067295	10067882	Bra026271
A07	25464588	25467583	Bra035103
A07	10078792	10082061	Bra012411
A07	12397797	12398132	Bra012075
A09	3535286	3537722	Bra035913
A05	8143490	8150645	Bra018423
A07	217200	219692	Bra036466
A03	17321324	17321659	Bra001600
A04	1469217	1472531	Bra014562
A08	9225446	9227916	Bra021078
A04	11237113	11239387	Bra032109
A07	12402222	12406414	Bra012074
A07	23559065	23560155	Bra015907
A07	18461813	18464156	Bra003813
A03	1637670	1639777	Bra006017
A03	26595006	26596054	Bra019050
A09	33251744	33254092	Bra039935
A05	22370671	22371488	Bra034834
A05	22871753	22874231	Bra029822
A10	13276875	13278850	Bra008931
A05	19717332	19720753	Bra022219
Scaffold000164	102748	103173	Bra039357
A06	1906760	1908886	Bra018798
A03	3640518	3645806	Bra006469
A10	11811755	11818308	Bra008602
A09	18093697	18096762	Bra029537
A05	16537396	16539473	Bra031351
Scaffold000167	10976	12458	Bra039506
A05	8298747	8300188	Bra018456
A09	36639904	36649979	Bra031757
A03	11992761	11995408	Bra000595
A03	4769190	4770649	Bra006716
A01	6209592	6211392	Bra013541
A02	7173079	7173774	Bra022660
A05	19518638	19519181	Bra022256
A07	18466912	18469119	Bra003814
A09	10855260	10857217	Bra027446
A01	10047094	10047354	Bra026273
A09	36780759	36781931	Bra031728
A05	19664750	19665196	Bra022225
A05	20621361	20622297	Bra027240
A03	1640491	1641160	Bra006018
A05	22816494	22818577	Bra029832
A08	14400911	14401150	Bra010560
A02	23304389	23311136	Bra020666
A10	11997872	12000599	Bra008640
A05	22868344	22869968	Bra029824
A04	15262958	15264317	Bra021911
A06	18205922	18207936	Bra009835
A06	6667661	6672273	Bra025927
A06	3531304	3532260	Bra019956
A05	2270073	2274586	Bra004879
A07	12331997	12334250	Bra012086
A01	24374516	24377443	Bra038703
A01	20684362	20686763	Bra038220
A06	8003219	8006291	Bra025832
A06	14875204	14876916	Bra038630
A06	4742468	4743845	Bra019734
A08	13928073	13928384	Bra010471
A02	21755514	21758199	Bra032951
A10	3341798	3344134	Bra033249
A09	36774647	36775816	Bra031729
A07	23604300	23605007	Bra015897
A03	17112803	17119718	Bra001566
A05	2275277	2277507	Bra004880
A07	10366916	10369528	Bra012371
A10	11995318	11996915	Bra008639
A06	3595365	3596146	Bra019940
A06	14869488	14874010	Bra038629
A03	13931841	13933376	Bra000919
A03	1641706	1643247	Bra006019
A06	18209992	18218173	Bra009836
A03	21044630	21046549	Bra013013
A04	1952242	1953123	Bra014638
A06	6673259	6675029	Bra025926
A08	13915027	13918363	Bra010469
A06	15737897	15741470	Bra024351
A03	6672333	6673297	Bra029168
A02	4975645	4976451	Bra020279
A05	19520088	19522663	Bra022255
A03	14017858	14019394	Bra000932
A03	4190297	4192315	Bra006593
A01	1072884	1075495	Bra011682
A02	7376452	7380739	Bra022635
A05	19814964	19817317	Bra022204
A07	15597134	15598247	Bra003273
A06	5404210	5410326	Bra026183
A07	25463989	25464225	Bra035102
A01	1540042	1541241	Bra011586
A10	11804033	11806844	Bra008600
A09	16149358	16150346	Bra037920
A06	4466541	4468488	Bra019778
A05	21497049	21498593	Bra027411
A02	24148020	24149940	Bra020540
A07	24042032	24042368	Bra015809
A10	13968447	13969855	Bra009081
A06	14567316	14568497	Bra010126
A08	18850337	18852358	Bra016707
A06	329032	332810	Bra037976
A05	9512322	9512610	Bra037110
A05	12240110	12242730	Bra032269
A04	1477766	1479544	Bra014563
A09	29587961	29589991	Bra007224
A06	6725817	6727198	Bra025914
A05	3229170	3232034	Bra005060
A03	2596137	2597594	Bra006224
A04	17729804	17735489	Bra016915
A07	15592764	15593491	Bra003272
A06	6728819	6730847	Bra025913
A03	14020316	14024222	Bra000933
A08	1536177	1539658	Bra014336
A03	6670541	6671275	Bra029167
A08	13924548	13925697	Bra010470
A09	29524476	29527831	Bra007212
A09	26620438	26627104	Bra036074
A06	22317917	22319498	Bra024776
A08	14055269	14058075	Bra010498
A10	12148350	12149514	Bra008676
A05	24096794	24097322	Bra020780
A05	14702030	14705450	Bra010189
A09	32128688	32130154	Bra007733
A04	1909178	1910299	Bra014635
A04	1932195	1940954	Bra014637
A05	5714199	5715496	Bra005475
A10	11044029	11050295	Bra002191
A02	7812486	7814181	Bra022574
A06	19382480	19390436	Bra010036
A02	24133470	24139386	Bra020542
A03	2618729	2619577	Bra006229
A06	5065320	5068145	Bra019678
A03	11078002	11078421	Bra000428
A06	17559337	17559691	Bra009739
A01	10045221	10046393	Bra026274
A02	3794647	3799642	Bra020052
A03	6668308	6669763	Bra029166
A05	1792544	1796957	Bra004776
A01	25315441	25317159	Bra040048
A05	20345506	20348101	Bra027196
A08	13000525	13000797	Bra010308
A04	15271147	15272333	Bra021915
A10	15260180	15260563	Bra009092
A09	6150006	6151094	Bra036669
A08	12828001	12829391	Bra010280
A07	20304781	20307701	Bra004134
A02	682296	683684	Bra028786
A02	862884	864864	Bra028748
A06	24664041	24664433	Bra033668
A01	1063714	1066264	Bra011684
A03	1050114	1057429	Bra005884
A04	15405838	15406951	Bra021942
A01	1707064	1709535	Bra011554
A03	4052318	4062126	Bra006561
A03	18495515	18497789	Bra001789
A09	29557009	29557620	Bra007216
A06	21665678	21669642	Bra025211
A07	16452041	16453647	Bra003436
A02	8630822	8635733	Bra039735
A09	36496595	36501513	Bra031790
A07	18496253	18499087	Bra003822
A10	11768483	11769979	Bra008594
A03	6674333	6677942	Bra029169
A09	22764629	22766447	Bra032303
A07	23357828	23361072	Bra015954
A05	2278325	2283046	Bra004881
A06	21331389	21336842	Bra025283
A10	15260792	15262744	Bra009091
A04	14229488	14232685	Bra021726
A03	14572256	14573826	Bra001056
A05	20683494	20683920	Bra027254
A07	12755940	12758715	Bra012028
A09	4186619	4187222	Bra037789
A09	31430916	31431989	Bra007589
A07	12134708	12136403	Bra012118
A06	8006892	8009699	Bra025833
A09	36704413	36705825	Bra031747
A03	14576888	14578579	Bra001058
A02	3793232	3793681	Bra020051
A05	1797442	1799313	Bra004777
A03	8054232	8055032	Bra022976
A01	1076913	1078143	Bra011681
A01	3453217	3454260	Bra011181
A02	685786	690621	Bra028785
A03	14933892	14934774	Bra001134
A09	25769279	25773013	Bra024535
A01	1698882	1704489	Bra011555
A07	10373700	10375261	Bra012369
A07	15538242	15540169	Bra003263
A01	19488082	19490765	Bra023838
A03	16352507	16353747	Bra001428
A01	834675	836611	Bra011733
A02	14405754	14407880	Bra008406
A10	11771286	11775123	Bra008595
A01	25103238	25105121	Bra034075
A04	9786211	9787863	Bra030276
A09	4185079	4186276	Bra037788
A09	36702957	36703463	Bra031748
A10	15265354	15267258	Bra009090
A05	20681812	20682380	Bra027253
A09	2029318	2031420	Bra036193
A04	15203025	15204759	Bra021898
A03	19645691	19647128	Bra013250
A02	21288181	21290784	Bra036347
A03	7544891	7545782	Bra022878
A07	7231927	7235149	Bra014947
A07	21924719	21925179	Bra016251
A07	21922558	21923488	Bra016252
Scaffold000318	1654	4271	Bra040933
A07	224093	228427	Bra036465
A01	3455584	3456712	Bra011180
A05	22369092	22369960	Bra034833
A02	8597769	8598917	Bra022469
A02	15893971	15895043	Bra018529
A07	12137160	12139452	Bra012117
A10	11795701	11803530	Bra008599
A01	6207263	6208753	Bra013540
A04	3374217	3375546	Bra014818
A03	2605364	2608831	Bra006226
A06	5866227	5870023	Bra026097
A04	1896827	1899983	Bra014633
Scaffold000167	14248	14514	Bra039507
A07	22049545	22053822	Bra016226
A03	12791026	12805454	Bra000738
A04	1962722	1963847	Bra014640
A02	691908	693689	Bra028784
A07	12395835	12397418	Bra012076
A07	11907465	11909453	Bra012154
A03	18499376	18503965	Bra001790
A02	7383668	7384858	Bra022633
A06	5400309	5403176	Bra026184
A07	21920371	21921303	Bra016253
A10	9366287	9369714	Bra002479
A06	23749628	23751863	Bra025033
A04	3696979	3699061	Bra014862
A07	12719084	12722509	Bra012034
A09	36693358	36701676	Bra031749
A01	25312043	25314750	Bra040049
A04	1924674	1925603	Bra014636
A09	5057212	5059701	Bra037302
A09	36740186	36743512	Bra031739
A01	14484481	14489428	Bra029935
A04	15269247	15270618	Bra021914
A01	1066963	1072287	Bra011683
A01	19143489	19145925	Bra023796
A05	6861885	6862386	Bra018233
A07	18501282	18501992	Bra003823
A01	1560046	1561655	Bra011583
A09	36783292	36786207	Bra031727
A05	19523635	19526215	Bra022254
A04	3366266	3373631	Bra014816
A03	1057974	1058996	Bra005885
A10	10590117	10591152	Bra002280
A03	26596654	26598120	Bra019049
A06	23753468	23754592	Bra025034
A07	12394147	12395479	Bra012077
A02	5546118	5546375	Bra020405
A07	24477691	24478401	Bra015717
A06	19378626	19379054	Bra010035
A08	6612671	6614961	Bra038094
A09	29540021	29542916	Bra007213
A09	36655939	36656862	Bra031755
A02	7058863	7059057	Bra022678
A06	7693643	7697027	Bra025783
A09	38368516	38368710	Bra032559
A09	1408877	1412364	Bra034236
A09	18702706	18705071	Bra028070
A09	31421328	31422872	Bra007585
A03	19745069	19746315	Bra013237
A06	7684857	7692868	Bra025782
A10	14081664	14083371	Bra009379
A09	1412852	1415684	Bra034237
Scaffold000220	26954	31251	Bra040582
A02	21150732	21152040	Bra036365
A01	1140660	1142548	Bra011671
A09	5280013	5281936	Bra037265
A05	18923492	18924704	Bra022356
A01	23997690	23999471	Bra021517
A09	31425085	31427293	Bra007587
A01	2276800	2281142	Bra011412
A04	1161292	1163463	Bra014515
A01	24000191	24000406	Bra021516
A03	19186683	19188894	Bra001891
A06	6351370	6355916	Bra025982
A09	38383015	38384591	Bra032560
A09	18710236	18712239	Bra028069
A03	4073023	4074136	Bra006565
A01	2273036	2275359	Bra011414
A07	22638118	22641787	Bra016112
A10	14087826	14088341	Bra009376
A05	7512648	7514410	Bra018331
A09	14957909	14960232	Bra037859
A07	22642202	22644075	Bra016111
A07	19932451	19935171	Bra004068
A09	5283241	5284233	Bra037264
A03	4074895	4077735	Bra006566
A09	31429607	31430653	Bra007588
A09	10680914	10682809	Bra027973
A10	14083887	14085942	Bra009378
A10	15115158	15115834	Bra009132
A07	16789630	16791039	Bra003505
A04	9841104	9842862	Bra030268
A10	14086264	14087098	Bra009377
A09	5285336	5285545	Bra037263
A03	8424140	8424463	Bra023051
A07	16787776	16788837	Bra003504
A10	15112082	15114207	Bra009133
A09	33375941	33378194	Bra039923
A10	7261919	7262869	Bra002842
A06	23329695	23332396	Bra024958
A03	17701804	17702598	Bra001646
A03	15702913	15710998	Bra001286
A02	16236522	16240213	Bra018493
A08	11849145	11850708	Bra034592
A06	16385525	16386778	Bra024437
A09	11370699	11372102	Bra027507
A10	11955208	11960232	Bra008628
A10	9395160	9396287	Bra002471
A01	2990948	2994079	Bra011272
A03	1887407	1888318	Bra006077
A02	7270928	7271926	Bra022645
A02	1596796	1597215	Bra028587
A06	3964795	3966277	Bra019868
Scaffold000316	4175	5486	Bra040924
A05	646088	647257	Bra004527
A04	8940780	8943902	Bra025462
A08	6860834	6861374	Bra038064
A08	20282558	20284248	Bra030620
A03	4205311	4206215	Bra006598
A01	3156144	3157633	Bra011236
A08	19935915	19940683	Bra030708
A04	9015513	9022265	Bra025454
A07	23478646	23485111	Bra015924
Scaffold000164	136724	138562	Bra039364
A01	664334	665011	Bra011767
A07	21986044	21988491	Bra016236
A06	23348698	23350760	Bra024962
A03	14908163	14911891	Bra001129
A10	10893535	10896096	Bra002216
A07	25622196	25622840	Bra035139
A02	22042883	22044503	Bra032991
A08	8540883	8542944	Bra038952
A04	2757426	2759500	Bra014744
A05	20668863	20669318	Bra027251
A09	9138447	9139545	Bra027133
A09	474471	475152	Bra037409
A02	25742453	25744631	Bra029257
A09	22487651	22490694	Bra032341
A05	23328459	23331300	Bra029700
A09	10246859	10248690	Bra027915
A06	9979122	9985087	Bra018107
A02	6367595	6368941	Bra035591
A01	3037320	3040329	Bra011260
A05	21781166	21782163	Bra034704
A03	15154241	15156887	Bra001176
A02	25978824	25980695	Bra029211
A07	21983227	21984378	Bra016237
A03	14431079	14434204	Bra001021
A01	2221504	2233959	Bra011426
A06	3786394	3787951	Bra019908
A09	35057928	35058453	Bra026705
A07	22194449	22196053	Bra016200
A02	26755015	26755632	Bra031831
A09	37676627	37679733	Bra031539
A03	10842756	10844864	Bra000378
A01	13682635	13684676	Bra033788
A02	5038246	5040536	Bra020293
A08	18379715	18380374	Bra016583
A09	3550149	3554667	Bra035910
A01	2707225	2707965	Bra011329
A03	1277122	1280812	Bra005931
A02	2597631	2599334	Bra023498
A09	5643307	5646063	Bra038548
A03	3478083	3481472	Bra006429
A02	12859718	12860394	Bra008210
A06	24748772	24752013	Bra033650
A05	20889534	20893797	Bra027294
A01	7372446	7373680	Bra013717
A02	2912572	2914345	Bra023563
A06	10115373	10117033	Bra018120
A08	20286526	20288563	Bra030619
A06	12946305	12949770	Bra019528
A08	14838516	14840948	Bra010620
A01	2708976	2711497	Bra011328
A09	36924947	36934906	Bra031701
A01	4258594	4259528	Bra011047
A09	30589056	30589841	Bra007415
A06	2250713	2253573	Bra018740
A01	23758807	23760096	Bra021550
A05	22036479	22037015	Bra034761
A01	2216241	2220577	Bra011427
A08	6798967	6805167	Bra038070
A01	672224	676595	Bra011765
A09	21869039	21871735	Bra032391
A10	3167694	3168037	Bra033280
A06	14937160	14939183	Bra038642
A01	667142	670549	Bra011766
A05	20666899	20668139	Bra027250
A09	373351	374379	Bra037384
A09	37240683	37241727	Bra031632
A02	4844256	4845695	Bra020251
A04	2747021	2749220	Bra014743
A05	23346104	23348965	Bra029697
A01	2995560	2998754	Bra011271
A03	15145899	15152027	Bra001175
A03	27067174	27069923	Bra024187
A10	6095828	6097123	Bra003015
A02	21704296	21705281	Bra032941
A05	25227826	25232197	Bra039120
A10	12798656	12799312	Bra008824
A02	2236700	2238882	Bra023410
A01	596037	598492	Bra011778
A09	2913117	2915111	Bra036542
A09	34300446	34301981	Bra031081
A06	21430116	21431631	Bra025263
A09	30590913	30593959	Bra007416
A09	36400630	36401709	Bra026990
A07	18646309	18647984	Bra003852
A06	8102038	8106888	Bra025842
A03	7263260	7268289	Bra022820
A05	1742714	1743179	Bra004769
A04	8011846	8012463	Bra025590
A07	18290711	18293856	Bra003777
A08	19941960	19945053	Bra030707
A09	38221839	38224796	Bra032527
A07	23118525	23121198	Bra016013
A09	31364608	31365344	Bra007572
A06	10999746	11000855	Bra038266
A07	25266063	25268284	Bra035056
A09	17204468	17206516	Bra029434
A05	23256352	23256687	Bra029719
A09	23356018	23357357	Bra032878
A09	20304831	20305843	Bra023248
A03	16656562	16659669	Bra001487
A08	20156719	20159200	Bra030657
A10	10436302	10437247	Bra002312
A03	2100993	2102165	Bra006121
A05	22258569	22259595	Bra034813
A01	3688732	3690577	Bra011146
A07	12624370	12627141	Bra012045
A03	8600994	8602166	Bra023084
A03	15969500	15972615	Bra001348
A05	6003288	6007132	Bra005524
A02	2239419	2241184	Bra023411
A10	9391538	9393696	Bra002472
A09	1296379	1299426	Bra034208
A05	4038794	4040193	Bra005211
A02	2619610	2624065	Bra023503
Scaffold000164	167815	168790	Bra039370
A09	8839773	8842186	Bra027094
A06	8110648	8111922	Bra025845
A05	7353124	7355919	Bra018309
A09	37803481	37805376	Bra032432
A08	6862823	6864023	Bra038063
A03	23945876	23947554	Bra038811
A03	3483485	3483769	Bra006431
A06	6017294	6019833	Bra026055
A03	23847217	23849057	Bra012523
A03	11612582	11614297	Bra000528
A05	5426088	5426888	Bra005425
A06	1287566	1291479	Bra018917
A10	12864107	12867155	Bra008840
A04	9022820	9023931	Bra025453
A03	16480695	16487231	Bra001458
A05	21408920	21412013	Bra027394
A03	20115538	20120585	Bra013167
A01	24849827	24852802	Bra034128
A09	30598393	30601508	Bra007417
A10	2754138	2755091	Bra033354
A07	25585296	25586766	Bra035129
A03	2487283	2488475	Bra006200
A08	14842591	14845416	Bra010622
A07	24080656	24081512	Bra015801
A03	11370174	11371039	Bra000485
A10	12789433	12790493	Bra008821
A05	25225970	25226555	Bra039121
A10	16126489	16128552	Bra009584
A08	6797708	6797967	Bra038071
A09	1062725	1063634	Bra036244
A01	23753315	23757345	Bra021551
A03	11639695	11645107	Bra000535
A05	1650658	1654221	Bra004749
A10	14892373	14894387	Bra009190
A05	5996734	5999572	Bra005522
A05	18997726	18999000	Bra022347
A09	375834	377530	Bra037385
A10	4328078	4330042	Bra028254
A04	3758462	3759067	Bra039809
A02	10366163	10369056	Bra038305
A06	5973285	5974244	Bra026066
A06	3971515	3974451	Bra019866
A06	21036229	21036471	Bra025335
A10	7254992	7255156	Bra002844
A05	6001006	6002266	Bra005523
A06	7462987	7463711	Bra025762
A08	14841351	14842156	Bra010621
A06	17872837	17875030	Bra009785
A03	2173243	2175446	Bra006138
Scaffold000178	95587	98232	Bra039824
A09	11084894	11087568	Bra027477
A08	19781767	19782511	Bra030740
A10	12528260	12529072	Bra008755
A03	29541187	29542635	Bra017641
A06	18861050	18861544	Bra009943
A10	11358852	11360119	Bra002141
A06	1292057	1293082	Bra018916
A03	23204340	23205348	Bra012619
A07	6684855	6687209	Bra015000
A06	7459504	7462185	Bra025761
A03	25708613	25711441	Bra019212
A01	1043388	1044861	Bra011689
A03	27071038	27072567	Bra024186
A10	15821373	15823044	Bra009513
A08	10988575	10990062	Bra020836
A09	34351625	34352472	Bra031074
A05	22617011	22618308	Bra029881
A03	3460179	3460998	Bra006424
A10	3213400	3214845	Bra033271
A02	1846055	1848151	Bra023331
A10	12910088	12912881	Bra008849
A09	38225862	38229515	Bra032528
Scaffold000111	236802	239661	Bra035982
A08	20161595	20164082	Bra030656
A02	20616402	20617968	Bra026542
A01	15687472	15689693	Bra038909
A09	32901915	32902736	Bra039227
A07	8390231	8391951	Bra030155
A09	4460292	4462327	Bra037844
A02	5801792	5804624	Bra020447
A05	19173823	19177662	Bra022315
A05	21321666	21324121	Bra027377
A09	31567522	31568865	Bra007615
A08	8977682	8978381	Bra038418
A05	11258830	11259497	Bra030431
A09	3925772	3927280	Bra035847
Scaffold000203	55813	56643	Bra040406
A05	18727745	18730817	Bra022388
A09	9179128	9180729	Bra027140
A02	2318750	2321989	Bra023432
A02	3845253	3848942	Bra020062
A05	21842514	21843721	Bra034716
A08	14846796	14850055	Bra010623
A10	8401191	8401994	Bra002665
A10	3202495	3203061	Bra033274
A10	9325248	9326041	Bra002487
A09	24512981	24514370	Bra024726
A01	24575446	24575796	Bra038666
A08	17143469	17145462	Bra016329
A07	25263342	25265714	Bra035055
A05	25220605	25225588	Bra039122
A04	15254980	15258282	Bra021908
A09	3173627	3174521	Bra026477
A01	24887494	24887874	Bra034123
A09	36319105	36324015	Bra026974
A01	6433856	6435594	Bra013576
A06	375941	378988	Bra037966
A08	9897403	9899562	Bra020994
A02	2309278	2316214	Bra023430
A07	14487192	14488883	Bra028511
A01	23030347	23031504	Bra021117
A09	291938	292993	Bra037366
A03	12581679	12582165	Bra000706
A06	3967382	3970371	Bra019867
A03	2176921	2177895	Bra006139
A07	13586182	13587422	Bra011916
A03	25701653	25707525	Bra019213
A05	22356984	22357754	Bra034831
A07	18701696	18704655	Bra003862
A01	11412702	11414443	Bra033493
A07	19095473	19096890	Bra003931
A03	3427963	3429928	Bra006419
A07	25583547	25584870	Bra035128
A05	22351076	22356424	Bra034830
A06	372952	375004	Bra037967
A02	14884989	14887137	Bra008477
A01	20548788	20551672	Bra038238
A03	3456076	3457973	Bra006423
A06	3542969	3546585	Bra019953
A07	21978582	21980980	Bra016238
A02	2600233	2605335	Bra023499
A02	622834	623805	Bra028794
A07	2380742	2381679	Bra002035
A06	6650656	6651981	Bra025931
A01	2234749	2236561	Bra011425
A03	1292126	1296766	Bra005933
A04	7073394	7074452	Bra028211
A04	11575935	11576237	Bra032055
A02	3323482	3326812	Bra023645
A09	11077919	11081316	Bra027476
A10	8897475	8899882	Bra002568
A03	314750	316270	Bra005727
A08	12910767	12912003	Bra010292
A04	3756486	3756902	Bra039810
A02	2579482	2580506	Bra023492
A01	7756398	7759202	Bra013786
A02	20387671	20389494	Bra026571
A06	11462407	11464303	Bra019416
A02	5805327	5806418	Bra020448
A03	3485494	3485787	Bra006433
A06	3409106	3411591	Bra019980
A07	25261354	25262622	Bra035054
Scaffold000164	209920	211619	Bra039382
A05	21844823	21845509	Bra034717
A07	16771415	16771819	Bra003500
A02	10897014	10899567	Bra007923
A10	9323989	9324671	Bra002488
A05	18182792	18188814	Bra035834
A09	7889818	7892018	Bra027001
A07	23964553	23966840	Bra015824
A10	12529647	12531863	Bra008756
A06	9477559	9479481	Bra018045
A03	24393210	24394793	Bra019406
A10	15949479	15951139	Bra009537
A07	19098223	19101774	Bra003932
A03	9498712	9499356	Bra000135
A03	29528770	29530613	Bra017639
A09	2916222	2917089	Bra036541
A07	18442663	18445750	Bra003807
A09	22995275	22996973	Bra032917
A10	6407063	6409070	Bra002974
A02	14881944	14884394	Bra008476
A09	9098660	9100912	Bra027127
A04	15613761	15615900	Bra017293
A03	15973897	15976943	Bra001349
A04	16824884	16827032	Bra017085
A01	13685847	13686519	Bra033787
A09	16989128	16995954	Bra035214
A09	9146026	9147726	Bra027135
A07	14052693	14053890	Bra028445
A03	25275954	25277128	Bra019285
A09	23013122	23013846	Bra032914
A02	25848092	25851116	Bra029239
A01	24890011	24891239	Bra034122
A07	16589582	16591132	Bra003460
A05	23259840	23263455	Bra029717
A03	5038002	5039008	Bra006783
A08	20166195	20167366	Bra030655
A05	17678575	17685458	Bra035753
A09	36089479	36092138	Bra026923
A01	1910502	1911269	Bra011505
A01	7761911	7764036	Bra013788
A09	10434162	10435251	Bra027940
A05	4324398	4326723	Bra005257
A04	11577513	11580531	Bra032054
Scaffold000178	121878	123651	Bra039831
A02	2478999	2481106	Bra023472
A04	2987304	2993524	Bra014774
A09	1271960	1274617	Bra034205
A06	5517038	5517486	Bra026164
A02	17777527	17780106	Bra021979
A02	6701135	6702613	Bra022734
A01	1038663	1041058	Bra011690
A03	3462690	3465207	Bra006426
A03	7603677	7605305	Bra022889
A06	18870172	18870747	Bra009947
A09	9187973	9189725	Bra027142
