A04	4565215	4575302	Bra033441
A04	15753806	15754801	Bra017269
A03	7559215	7561429	Bra022881
A09	10741100	10746879	Bra027983
A07	11888076	11890322	Bra012158
A03	9661886	9670204	Bra000162
A05	1282635	1286884	Bra004662
A10	12492972	12496412	Bra008749
A04	12321347	12327138	Bra034332
A01	3602141	3605399	Bra011160
A04	12604108	12609904	Bra034381
A09	29512805	29517770	Bra007210
A09	34155724	34158927	Bra031115
A04	13207920	13213862	Bra039965
A05	21316555	21318885	Bra027376
A03	3512214	3517181	Bra006446
A09	996707	1001638	Bra036261
A05	23032537	23034144	Bra029780
A10	13182732	13187677	Bra008911
A01	17166656	17171527	Bra031452
A02	20088846	20091677	Bra026610
A08	19306955	19308320	Bra016810
A09	32420965	32423634	Bra007794
A01	25638281	25644898	Bra040285
A07	24822867	24824087	Bra015653
A01	150169	154808	Bra011865
A02	3714689	3717583	Bra020037
A01	11525347	11530025	Bra039543
A10	6292903	6299795	Bra002991
A05	17986487	17989960	Bra035800
A01	2343483	2345832	Bra011398
A06	2849896	2864859	Bra018641
A07	16934060	16943631	Bra003534
A09	36292824	36295954	Bra026972
A04	18817230	18825480	Bra039296
A10	10853064	10854071	Bra002224
A06	10830491	10832992	Bra018214
A05	4371102	4377024	Bra005264
A08	14471861	14473556	Bra010572
A02	4177601	4182044	Bra020137
A04	5734583	5741558	Bra032698
A08	16417093	16420284	Bra010933
A04	9717323	9721869	Bra030286
A02	17603552	17605962	Bra021964
A05	19602821	19606727	Bra022240
A10	5699614	5702647	Bra003055
A03	6824795	6828353	Bra022751
A08	17905016	17906955	Bra016487
A04	3633241	3635844	Bra014854
A09	5784870	5787329	Bra038566
A05	251518	255534	Bra004460
A01	6204040	6205822	Bra013539
A09	27439257	27442331	Bra006875
A06	5874771	5881083	Bra026094
A06	15524576	15525835	Bra024318
Scaffold000164	12197	14366	Bra039342
A05	31388	42185	Bra004418
A07	24486093	24488211	Bra015716
A02	2608468	2614600	Bra023501
A08	1886437	1890410	Bra014291
A08	1654013	1656411	Bra014322
A03	9478015	9480471	Bra000130
A09	26863240	26864937	Bra036863
A06	17639914	17649199	Bra009753
A10	8502097	8505678	Bra002638
A01	2088471	2093305	Bra011458
A10	14125678	14129449	Bra009364
A04	3163220	3165394	Bra014788
A06	9753546	9758160	Bra018078
A01	16955988	16959457	Bra031477
A01	5522324	5524313	Bra013416
A03	12013837	12018227	Bra000600
A09	37195685	37203078	Bra031639
A07	14522597	14524631	Bra028518
A09	5153857	5156150	Bra037284
A07	6431331	6434397	Bra015023
A01	12507848	12512410	Bra037599
A02	5292070	5293755	Bra020343
A01	23929379	23933457	Bra021524
A03	4972600	4974456	Bra006767
A09	32885770	32890217	Bra039230
A06	17131515	17133278	Bra009680
A06	3997956	4002125	Bra019857
A09	11537972	11540653	Bra027528
A03	7582439	7590285	Bra022887
A09	20936190	20941067	Bra023190
A04	12878256	12883485	Bra035693
Scaffold000111	448079	449972	Bra036003
A05	20921585	20931331	Bra027302
A07	2758489	2761281	Bra001996
A10	3437929	3442852	Bra033225
A10	2152564	2155709	Bra015296
