A01	7576266	7579272	Bra013748
A01	7580977	7583667	Bra013749
A01	7584608	7587639	Bra013750
A01	7587842	7589005	Bra013751
A01	7603071	7603453	Bra013752
A01	7607557	7607900	Bra013753
A01	7609804	7613350	Bra013754
A01	7614352	7614588	Bra013755
A01	7616315	7619092	Bra013756
A01	7625354	7627792	Bra013757
A01	7635655	7636665	Bra013758
A01	7645376	7646505	Bra013759
A01	7648250	7649295	Bra013760
A01	7650472	7652006	Bra013761
A01	7652693	7657085	Bra013762
A01	7657710	7658453	Bra013763
A01	7663522	7666002	Bra013764
A06	11677140	11682517	Bra019433
A06	11690650	11692036	Bra019434
A06	11705103	11707212	Bra019435
A06	11714080	11715631	Bra019436
A06	11744877	11745428	Bra019437
A06	11749704	11753122	Bra019438
A06	11755474	11771370	Bra019439
A06	11755719	11756938	Bra019440
A08	7711784	7712797	Bra035479
A08	7726147	7727957	Bra035480
A08	7729728	7731067	Bra035481
A08	7734404	7737520	Bra035482
A08	7741919	7742755	Bra035483
A08	7751352	7751932	Bra035484
A08	7754490	7754759	Bra035485
A08	7755043	7755801	Bra035486
A02	25450480	25455622	Bra029304
A02	25456589	25459571	Bra029303
A02	25462669	25463716	Bra029302
A02	25467756	25471313	Bra029301
A02	25473844	25476811	Bra029300
A02	25478290	25482781	Bra029299
A02	25483851	25489271	Bra029298
A02	25489871	25493783	Bra029297
A02	25499181	25503019	Bra029296
A02	25510114	25515533	Bra029295
A02	25526544	25527327	Bra029294
A02	25529699	25531417	Bra029293
A02	25535272	25536139	Bra029292
A02	25544247	25545147	Bra029291
A02	25547363	25549502	Bra029290
A08	1730486	1731834	Bra014311
A08	1736021	1738610	Bra014310
A08	1747138	1751047	Bra014309
A08	1764324	1768432	Bra014308
A08	1776495	1780303	Bra014307
A08	1806727	1808053	Bra014306
A08	1811539	1815091	Bra014305
A08	1818583	1819663	Bra014304
A08	1821291	1822699	Bra014303
A03	27152147	27153062	Bra024176
A03	27154649	27156063	Bra024175
A03	27164212	27165060	Bra024174
A03	27171443	27171988	Bra024173
A03	27176294	27177898	Bra024172
A03	27178351	27180638	Bra024171
A03	27182892	27186641	Bra024170
A03	27192351	27192773	Bra024169
A03	27194327	27194650	Bra024168
A03	27195806	27196261	Bra024167
A03	27199732	27200103	Bra024166
A03	27203812	27207355	Bra024165
A03	27223969	27229317	Bra024164
A03	27235443	27236072	Bra024163
A08	7558379	7558564	Bra036735
A08	7583216	7586302	Bra036734
A08	7599446	7603252	Bra036733
A08	7603417	7605712	Bra036732
A08	7611083	7613445	Bra036731
A08	7621460	7623541	Bra036730
A08	7639621	7642045	Bra035476
A10	8931270	8932716	Bra002562
A10	8933999	8935174	Bra002561
A10	8938163	8938399	Bra002560
A10	8944722	8945915	Bra002559
A10	8946860	8947384	Bra002558
A10	8951864	8952121	Bra002557
A10	8954018	8955666	Bra002556
A10	8960398	8962002	Bra002555
A10	8962234	8963895	Bra002554
A10	8965025	8965789	Bra002553
A10	8966734	8967330	Bra002552
A10	8968441	8969487	Bra002551
A10	8973624	8974724	Bra002550
A10	8976169	8977890	Bra002549
A10	8981716	8982771	Bra002548
A10	8983433	8983763	Bra002547
A10	8986022	8988489	Bra002546
A10	8993822	8995764	Bra002545
A10	8997719	8998460	Bra002544
A10	9001380	9004470	Bra002543
A02	4159776	4162077	Bra020131
A02	4163172	4164794	Bra020132
A02	4165916	4166425	Bra020133
A02	4169023	4171777	Bra020134
A02	4172345	4173684	Bra020135
A02	4174356	4176329	Bra020136
A02	4177601	4182044	Bra020137
A02	4182557	4183035	Bra020138
A02	4183232	4186560	Bra020139
A02	4192905	4199902	Bra020140
A02	4200421	4201202	Bra020141
A02	4213509	4215728	Bra020142
A02	4216867	4217169	Bra020143
A02	4218702	4219801	Bra020144
A02	4226242	4229641	Bra020145
A02	4236685	4238223	Bra020146
A02	4239034	4239945	Bra020147
A02	4242120	4243001	Bra020148
A02	4243471	4245240	Bra020149
A02	4246479	4247671	Bra020150
A07	11655725	11656507	Bra012189
A07	11671298	11671747	Bra012188
A07	11678454	11678816	Bra012187
A07	11688918	11689834	Bra012186
A07	11697814	11698287	Bra012185
A07	11704512	11706829	Bra012184
A07	11715539	11721076	Bra012183
A07	11722586	11722915	Bra012182
A07	11733267	11741634	Bra012181
A08	10376293	10376922	Bra020923
A08	10390881	10391376	Bra020922
A08	10398203	10400163	Bra020921
A08	10404797	10405198	Bra020920
A08	10406164	10406919	Bra020919
A08	10407641	10413461	Bra020918
A08	10420132	10421968	Bra020917
A08	10424522	10425076	Bra020916
A08	10436880	10438475	Bra020915
A08	10447273	10448367	Bra020914
A08	10451480	10454829	Bra020913
A08	10457764	10459852	Bra020912
A06	23425306	23425866	Bra024974
A06	23428368	23428952	Bra024975
A06	23432003	23433273	Bra024976
A06	23434198	23434778	Bra024977
A06	23435765	23436313	Bra024978
A06	23436765	23438924	Bra024979
A06	23441400	23441735	Bra024980
A06	23443790	23444125	Bra024981
A06	23448335	23448670	Bra024982
A06	23450748	23451101	Bra024983
A06	23458901	23462889	Bra024984
A06	23470403	23471631	Bra024985
A06	23474792	23476483	Bra024986
A06	23480964	23481376	Bra024987
A06	23484367	23486104	Bra024988
A06	23487316	23488604	Bra024989
A06	23488941	23490036	Bra024990
A06	23493942	23495413	Bra024991
A06	23497865	23498680	Bra024992
A06	23505638	23506771	Bra024993
A06	23517981	23518956	Bra024994
A08	7798612	7802736	Bra035487
A08	7805411	7806534	Bra035488
A08	7809823	7816589	Bra035489
A08	7822777	7824122	Bra035490
A01	14741686	14746906	Bra029958
A01	14772672	14775635	Bra029959
A01	14779416	14779844	Bra029960
A01	14782568	14783092	Bra029961
A01	14785042	14785776	Bra029962
A01	14786961	14787128	Bra029963
A01	14796311	14801503	Bra029964
A01	14810498	14810965	Bra029965
A01	14814889	14817183	Bra029966
A01	14821897	14823112	Bra029967
A06	11647354	11651653	Bra019432
A03	16584261	16585366	Bra001477
A03	16600279	16601301	Bra001478
A03	16612500	16613119	Bra001479
A03	16621772	16623851	Bra001480
A03	16625077	16632301	Bra001481
A03	16632824	16635376	Bra001482
A03	16639940	16641217	Bra001483
A03	16642077	16643523	Bra001484
A03	16649487	16653482	Bra001485
A03	16654456	16656091	Bra001486
A03	16656562	16659669	Bra001487
A03	16660678	16666742	Bra001488
A03	16668393	16669487	Bra001489
A08	7824878	7825352	Bra035491
A08	7835336	7836001	Bra035492
A04	8975838	8978410	Bra025458
A04	8990949	8994344	Bra025457
A04	9006760	9007500	Bra025456
A04	9009630	9012156	Bra025455
A04	9015513	9022265	Bra025454
A04	9022820	9023931	Bra025453
A04	9024603	9025257	Bra025452
A04	9025998	9027462	Bra025451
A04	9033556	9034584	Bra025450
A04	9035405	9035641	Bra025449
A04	9039677	9044070	Bra025448
A04	9048320	9050827	Bra025447
A04	9051637	9052810	Bra025446
A04	9053857	9054780	Bra025445
A04	9060892	9062111	Bra025444
A04	9067410	9068251	Bra025443
A08	7879746	7880293	Bra035497
A08	7888497	7888793	Bra035498
A08	7897289	7906102	Bra035499
A08	7926209	7926667	Bra035500
A08	7927457	7928094	Bra035501
A08	7948131	7949516	Bra035502
A08	7969166	7970455	Bra035503
A08	7970926	7972793	Bra035504
A06	11777661	11777933	Bra019441
A06	11787825	11791137	Bra019442
A06	15605764	15606131	Bra024326
A06	15608618	15609919	Bra024327
A06	15618613	15619828	Bra024328
A06	15623897	15625854	Bra024329
A06	15626600	15626986	Bra024330
A06	15627123	15629433	Bra024331
A06	15633645	15634124	Bra024332
A06	15643609	15645266	Bra024333
A06	15646752	15648066	Bra024334
A06	15650894	15651576	Bra024335
A06	15654478	15654750	Bra024336
A06	15656493	15658618	Bra024337
A06	15664212	15665699	Bra024338
A06	15666706	15670642	Bra024339
A06	15673317	15677710	Bra024340
A06	15684271	15686728	Bra024341
A06	15687620	15689164	Bra024342
A06	15690319	15691452	Bra024343
A02	9203777	9207610	Bra034013
A02	9208344	9212672	Bra034012
A02	9214413	9215516	Bra034011
A02	9220202	9221242	Bra034010
A02	9225629	9228343	Bra034009
A02	9243757	9245684	Bra034008
A02	9252262	9256569	Bra034007
A02	9263921	9267271	Bra034006
A02	9275768	9276634	Bra034005
A06	19307126	19308973	Bra010022
A06	19309673	19310023	Bra010023
A06	19316097	19316612	Bra010024
A06	19318413	19321189	Bra010025
A06	19321470	19327834	Bra010026
A06	19328945	19329982	Bra010027
A06	19331518	19335297	Bra010028
A06	19335705	19336110	Bra010029
A06	19338028	19338483	Bra010030
A06	19339116	19342089	Bra010031
A06	19359805	19361854	Bra010032
A06	19372146	19373817	Bra010033
A06	19374326	19374821	Bra010034
A06	19378626	19379054	Bra010035
A06	19382480	19390436	Bra010036
A06	19391143	19391985	Bra010037
A10	12978026	12980080	Bra008861
A10	12980582	12983437	Bra008862
A10	12984462	12986486	Bra008863
A10	12988728	12998691	Bra008864
A10	12999802	13000410	Bra008865
A10	13002300	13004410	Bra008866
A10	13004732	13007041	Bra008867
A10	13011304	13012592	Bra008868
A10	13013272	13014396	Bra008869
A10	13016930	13018051	Bra008870
A10	13024476	13024880	Bra008871
A10	13032917	13035100	Bra008872
A10	13036273	13037733	Bra008873
A10	13038783	13039013	Bra008874
A10	13042226	13044353	Bra008875
A10	13046253	13047615	Bra008876
A10	13048154	13050097	Bra008877
A10	13056077	13057687	Bra008878
A10	13058708	13060865	Bra008879
A10	13061689	13063577	Bra008880
A10	13063883	13065656	Bra008881
A10	13066277	13068298	Bra008882
A10	13070980	13073078	Bra008883
A08	8075413	8075890	Bra035515
A08	8098221	8098971	Bra035516
A08	8101417	8103722	Bra035517
A08	8114540	8117115	Bra035518
A08	8134348	8136680	Bra035519
A08	8142007	8143955	Bra035520
A08	8148358	8152273	Bra035521
A05	20453064	20455378	Bra027211
A05	20455781	20456891	Bra027212
A05	20462860	20463428	Bra027213
A05	20464888	20466082	Bra027214
A05	20466332	20467612	Bra027215
A05	20476066	20477062	Bra027216
A05	20479169	20481091	Bra027217
A05	20487882	20489485	Bra027218
A05	20495510	20496286	Bra027219
A05	20498763	20499852	Bra027220
A05	20500131	20501659	Bra027221
A05	20506568	20509089	Bra027222
A05	20510475	20511803	Bra027223
A05	20514465	20515666	Bra027224
A05	20516568	20522340	Bra027225
A05	20523528	20525428	Bra027226
A05	20525965	20526696	Bra027227
A05	20529042	20530619	Bra027228
A05	20531421	20534162	Bra027229
A05	20536548	20538348	Bra027230
A10	9303024	9305078	Bra002494
A10	9306045	9306956	Bra002493
A10	9312649	9313563	Bra002492
A10	9318359	9319261	Bra002491
A10	9320661	9322655	Bra002490
A10	9323215	9323676	Bra002489
A10	9323989	9324671	Bra002488
A10	9325248	9326041	Bra002487
A10	9328634	9329756	Bra002486
A10	9334501	9336497	Bra002485
A10	9336986	9338206	Bra002484
A10	9342030	9343466	Bra002483
A10	9344147	9344549	Bra002482
A10	9348083	9352914	Bra002481
A10	9357618	9358809	Bra002480
A10	9366287	9369714	Bra002479
A10	9375264	9375593	Bra002478
A10	9376460	9377224	Bra002477
A10	9380944	9381774	Bra002476
A10	9382189	9383270	Bra002475
A10	9384584	9386001	Bra002474
A10	9387108	9388668	Bra002473
A10	9391538	9393696	Bra002472
A10	9395160	9396287	Bra002471
A03	16556050	16557448	Bra001475
A03	16566302	16569312	Bra001476
A08	7850673	7854130	Bra035493
A08	7858260	7860325	Bra035494
A08	7868120	7871456	Bra035495
A08	7871593	7871838	Bra035496
A05	23306355	23306573	Bra029707
A05	23313065	23315611	Bra029706
A05	23317423	23318346	Bra029705
A05	23319088	23320053	Bra029704
A05	23320841	23322994	Bra029703
A05	23323409	23323723	Bra029702
A05	23326181	23327113	Bra029701
A05	23328459	23331300	Bra029700
A05	23332034	23334674	Bra029699
A05	23337097	23345058	Bra029698
A05	23346104	23348965	Bra029697
A05	23351447	23352678	Bra029696
A05	23354561	23355558	Bra029695
A05	23358739	23362190	Bra029694
A05	23363023	23364587	Bra029693
A05	23366634	23367396	Bra029692
A05	23367701	23369613	Bra029691
A05	23370390	23372856	Bra029690
A05	23377857	23380214	Bra029689
A05	23381499	23383479	Bra029688
A05	23384941	23385816	Bra029687
A05	23386113	23388040	Bra029686
A05	23391627	23393663	Bra029685
A05	23394857	23396145	Bra029684
A04	8535659	8539173	Bra025518
A04	8539776	8543529	Bra025517
A04	8546954	8548387	Bra025516
A04	8550293	8551487	Bra025515
A04	8567211	8567471	Bra025514
A04	8587246	8589311	Bra025513
A04	8589712	8591160	Bra025512
A04	8591929	8593589	Bra025511
A04	8595262	8596222	Bra025510
A04	8597055	8603054	Bra025509
A04	10726580	10727098	Bra032173
A04	10732730	10735519	Bra032172
A04	10736932	10739406	Bra032171
A04	10746796	10749069	Bra032170
A04	10751315	10756246	Bra032169
A04	10771356	10771607	Bra032168
A04	10790982	10793699	Bra032167
A04	10799267	10802640	Bra032166
A04	10802741	10804871	Bra032165
A04	10805834	10808386	Bra032164
A04	10810773	10812811	Bra032163
A04	10813812	10815421	Bra032162
A04	10816541	10817424	Bra032161
A04	10817809	10818737	Bra032160
A04	10819725	10820388	Bra032159
A01	14405885	14407148	Bra029927
A01	14410983	14411887	Bra029928
A01	14415594	14417000	Bra029929
A01	14417337	14418609	Bra029930
A01	14419028	14419968	Bra029931
A01	14421251	14424328	Bra029932
A01	14465093	14467628	Bra029933
A01	14478391	14480007	Bra029934
A01	14484481	14489428	Bra029935
A01	14494466	14498318	Bra029936
A09	21132163	21132640	Bra023167
A09	21133435	21134166	Bra023166
A09	21134263	21136132	Bra023165
A09	21136860	21137129	Bra023164
A09	21148979	21153520	Bra023163
A09	21168886	21170189	Bra023162
A09	21172679	21173644	Bra023161
A09	21197647	21201080	Bra023160
A09	21217121	21217438	Bra023159
A09	21220191	21220959	Bra023158
A09	21221678	21222403	Bra023157
A09	21223003	21223500	Bra023156
A02	25550568	25553784	Bra029289
A02	25556555	25557850	Bra029288
A08	8181165	8183581	Bra035522
A08	8195207	8196989	Bra035523
A08	19875852	19882264	Bra030724
A08	19883320	19886062	Bra030723
A08	19889646	19890109	Bra030722
A08	19890364	19892588	Bra030721
A08	19892912	19894571	Bra030720
A08	19895669	19898629	Bra030719
A08	19899361	19900998	Bra030718
A08	19901748	19904474	Bra030717
A08	19905258	19907586	Bra030716
A08	19908979	19909302	Bra030715
A08	19911655	19912281	Bra030714
A08	19916433	19918441	Bra030713
A08	19921723	19923745	Bra030712
A08	19924273	19924647	Bra030711
A08	19929510	19932378	Bra030710
A08	19933872	19935668	Bra030709
A08	19935915	19940683	Bra030708
A08	19941960	19945053	Bra030707
A08	19946857	19948390	Bra030706
A08	19959148	19960770	Bra030705
A08	19963020	19963331	Bra030704
A08	19965627	19968349	Bra030703
A08	19971724	19973299	Bra030702
A01	14283304	14284284	Bra029913
A01	14292131	14294908	Bra029914
A01	14305834	14306132	Bra029915
A01	14348138	14349987	Bra029916
A01	14351205	14352967	Bra029917
A01	14354914	14356287	Bra029918
A01	14358441	14360693	Bra029919
A01	14361446	14362201	Bra029920
A01	14366480	14368444	Bra029921
A08	1833962	1837140	Bra014302
A08	1838879	1841594	Bra014301
A08	1844166	1845974	Bra014300
A08	1846491	1849773	Bra014299
A03	926845	927831	Bra005852
A03	930207	930818	Bra005853
A03	937128	939987	Bra005854
A03	940224	942050	Bra005855
A03	942994	943473	Bra005856
A03	944395	955146	Bra005857
A03	956341	957210	Bra005858
A03	957983	958300	Bra005859
A03	966239	968667	Bra005860
A03	971672	972688	Bra005861
A03	973099	974459	Bra005862
A03	975470	978155	Bra005863
A03	979518	982183	Bra005864
A03	982894	985738	Bra005865
A03	986452	988535	Bra005866
A03	988965	991048	Bra005867
A03	992359	994186	Bra005868
A03	998642	1000637	Bra005869
A03	1003362	1005416	Bra005870
A03	1006317	1009570	Bra005871
A03	1010731	1012238	Bra005872
A03	1012597	1013564	Bra005873
A03	1017503	1018156	Bra005874
A03	1019607	1021037	Bra005875
A03	1022279	1023259	Bra005876
A07	1412588	1412785	Bra039610
A07	1413750	1415529	Bra039611
A07	1416405	1416713	Bra039612
A07	1417051	1418146	Bra039613
A07	1443105	1443881	Bra039614
A07	1454117	1454662	Bra039615
A07	1454978	1456601	Bra039616
A07	1466063	1466311	Bra039617
A07	1494112	1495544	Bra039618
A07	1498900	1499828	Bra039619
A01	14181793	14183751	Bra029906
A01	14188352	14189468	Bra029907
A01	14204885	14206247	Bra029908
A01	14214763	14218665	Bra029909
A01	14247512	14251994	Bra029910
A01	14255467	14255676	Bra029911
A01	14256785	14257756	Bra029912
A05	20543609	20553762	Bra027231
A05	20555342	20556584	Bra027232
A05	20569576	20569782	Bra027233
A10	11400240	11400518	Bra002128
A10	11401410	11401703	Bra002127
A10	11402898	11403176	Bra002126
A10	11404687	11404980	Bra002125
A10	11406023	11406313	Bra002124
A10	11407672	11407962	Bra002123
A10	11408907	11409185	Bra002122
A10	11410341	11410622	Bra002121
A10	11411705	11411998	Bra002120
A10	11412832	11415102	Bra002119
A10	11415750	11418902	Bra002118
A10	11421471	11425098	Bra002117
A10	11425946	11429427	Bra002116
A10	11433142	11437675	Bra002115
A10	11447243	11448771	Bra002114
A10	11449935	11450267	Bra002113
A10	11455076	11456803	Bra002112
A10	11457701	11458045	Bra002111
A10	11459029	11460654	Bra002110
A10	11462843	11464506	Bra002109
A10	11471837	11472826	Bra002108
A10	11475653	11477532	Bra002107
A10	11483300	11485867	Bra002106
A10	11486476	11487735	Bra002105
A10	11488694	11490486	Bra002104
A10	11492800	11494433	Bra002103
A10	11495163	11496741	Bra002102
A09	37876515	37881383	Bra032449
A09	37882551	37899062	Bra032450
A09	37887292	37887810	Bra032451
A09	37889222	37892266	Bra032452
A09	37899642	37900887	Bra032453
A09	37905060	37905885	Bra032454
A09	37906350	37907244	Bra032455
A09	37908386	37913542	Bra032456
A09	37914368	37920137	Bra032457
A09	37921184	37923121	Bra032458
A09	37923834	37924742	Bra032459
A09	37925340	37927479	Bra032460
A09	37931892	37935680	Bra032461
A09	37936981	37937897	Bra032462
A09	37938762	37939202	Bra032463
A09	37942177	37942860	Bra032464
A09	37952606	37955536	Bra032465
A09	37957698	37959872	Bra032466
A09	37960361	37963502	Bra032467
A09	37963980	37966141	Bra032468
A09	37969131	37970843	Bra032469
A09	37971218	37973362	Bra032470
A01	14825731	14826570	Bra029968
A01	14836908	14838320	Bra029969
A01	14839703	14839978	Bra029970
A01	14867470	14868192	Bra029971
A02	21075117	21078636	Bra036371
A02	21080677	21081758	Bra036370
A02	21094292	21096272	Bra036369
A02	21127202	21129550	Bra036368
A02	21132689	21139201	Bra036367
A02	21147820	21148447	Bra036366
A02	21150732	21152040	Bra036365
A02	21168223	21169106	Bra036364
A10	8853729	8855304	Bra002576
A10	8864710	8865011	Bra002575
A10	8869003	8869824	Bra002574
A10	8874758	8875840	Bra002573
A10	8877805	8878281	Bra002572
A10	8883614	8887200	Bra002571
A10	8888928	8891055	Bra002570
A10	8895167	8896788	Bra002569
A10	8897475	8899882	Bra002568
A10	8900955	8903796	Bra002567
A10	8911625	8914022	Bra002566
A10	8914572	8915783	Bra002565
A10	8921114	8922067	Bra002564
A10	8924146	8925729	Bra002563
A03	3402928	3404788	Bra006412
A03	3408128	3409313	Bra006413
A03	3410017	3410373	Bra006414
A03	3412333	3413322	Bra006415
A03	3415667	3416342	Bra006416
A03	3418591	3420240	Bra006417
A03	3422483	3425038	Bra006418
A03	3427963	3429928	Bra006419
A03	3431014	3433611	Bra006420
A03	3436003	3441281	Bra006421
A03	3453512	3455223	Bra006422
A03	3456076	3457973	Bra006423
A03	3460179	3460998	Bra006424
A03	3461330	3461671	Bra006425
A03	3462690	3465207	Bra006426
A03	3465800	3467422	Bra006427
A03	3468777	3473252	Bra006428
A03	3478083	3481472	Bra006429
A03	3482383	3482661	Bra006430
A03	3483485	3483769	Bra006431
A03	3484537	3484815	Bra006432
A03	3485494	3485787	Bra006433
A03	3486870	3487160	Bra006434
A03	3488021	3488299	Bra006435
A03	3489082	3489360	Bra006436
A03	3490292	3491906	Bra006437
A03	3492800	3493063	Bra006438
A03	3494196	3495491	Bra006439
A03	3496037	3497921	Bra006440
A06	303789	304868	Bra037981
A06	305947	308356	Bra037980
A06	315305	315658	Bra037979
A06	319123	322611	Bra037978
A06	323776	325442	Bra037977
A06	329032	332810	Bra037976
A06	333762	334196	Bra037975
A06	337200	337732	Bra037974
A06	338913	339660	Bra037973
A06	347487	348347	Bra037972
A06	357088	357911	Bra037971
A06	361100	363192	Bra037970
A06	364897	368090	Bra037969
A06	371689	372715	Bra037968
A06	372952	375004	Bra037967
A06	375941	378988	Bra037966
A06	386074	386448	Bra037965
A06	392200	393521	Bra037964
A06	396885	397325	Bra037963
A08	8068794	8070312	Bra035514
A08	7652573	7664929	Bra035477
A08	7669396	7669899	Bra035478
A05	22250995	22252134	Bra034811
A05	22254755	22255357	Bra034812
A05	22258569	22259595	Bra034813
A05	22263020	22264133	Bra034814
A05	22265828	22269380	Bra034815
A05	22270666	22272216	Bra034816
A05	22273357	22275201	Bra034817
A05	22278004	22278627	Bra034818
A05	22286068	22288092	Bra034819
A05	22289637	22289990	Bra034820
A05	22291651	22295046	Bra034821
A05	22307169	22307807	Bra034822
A05	22314888	22315580	Bra034823
A05	22316106	22317417	Bra034824
A05	22317908	22320215	Bra034825
A05	22324105	22324461	Bra034826
A05	22327395	22330296	Bra034827
A05	22344230	22346424	Bra034828
A02	3100384	3103007	Bra023596
A02	3103785	3105204	Bra023597
A02	3106323	3108079	Bra023598
A02	3109114	3111408	Bra023599
A02	3112290	3114153	Bra023600
A02	3115602	3117061	Bra023601
A02	3117740	3118547	Bra023602
A02	3119199	3121498	Bra023603
A02	3123635	3125513	Bra023604
A02	3130297	3130467	Bra023605
A02	3131606	3133488	Bra023606
A02	3134007	3135849	Bra023607
A02	3139482	3139916	Bra023608
A02	3140132	3142350	Bra023609
A02	3143103	3145344	Bra023610
A02	3147576	3151827	Bra023611
A02	3157317	3159492	Bra023612
A02	3160407	3160904	Bra023613
A02	3163408	3163959	Bra023614
A02	3165514	3168071	Bra023615
A02	3169192	3170560	Bra023616
A02	3177856	3180963	Bra023617
A02	3185639	3188333	Bra023618
A02	3196051	3197572	Bra023619
A08	4029047	4030092	Bra014055
A08	4050188	4051283	Bra014054
A08	4065521	4069305	Bra014053
A08	4071826	4073186	Bra014052
A08	4079426	4080858	Bra014051
A08	4098753	4100380	Bra014050
A03	31522604	31523209	Bra017898
A03	31545945	31547816	Bra017899
A03	31572225	31580698	Bra017900
A03	31590532	31597659	Bra017901
A04	8501587	8502221	Bra025521
A04	8506795	8512805	Bra025520
A04	8514812	8518035	Bra025519
A09	21232031	21237212	Bra023155
A10	2932871	2933412	Bra033322
A10	2934778	2936681	Bra033321
A10	2940629	2941704	Bra033320
A10	2943197	2944456	Bra033319
A10	2946511	2947773	Bra033318
A10	2949018	2951695	Bra033317
A10	2955331	2956469	Bra033316
A10	2959372	2961521	Bra033315
A10	2962463	2963605	Bra033314
A10	2963901	2965174	Bra033313
A10	2981605	2983958	Bra033312
A10	2986213	2987570	Bra033311
A10	2987783	2988724	Bra033310
A10	2990098	2993001	Bra033309
A10	2996522	2998148	Bra033308
A10	2999933	3002583	Bra033307
A10	3006620	3008203	Bra033306
A10	3017256	3018456	Bra033305
A04	1700562	1702163	Bra014602
A04	1709281	1712360	Bra014603
A04	1728017	1730272	Bra014604
A04	1731038	1731581	Bra014605
A04	1732830	1733755	Bra014606
A04	1735794	1736707	Bra014607
A04	1738823	1739842	Bra014608
A04	1741952	1742698	Bra014609
A04	1743061	1744077	Bra014610
A04	1745145	1745330	Bra014611
A04	1759488	1761540	Bra014612
A04	1781397	1781783	Bra014613
A04	1782168	1784964	Bra014614
A04	1785463	1786200	Bra014615
A04	1788065	1790123	Bra014616
A04	1790921	1791700	Bra014617
A08	10470629	10476610	Bra020911
A08	10478734	10479324	Bra020910
A08	10482339	10484343	Bra020909
A08	10484671	10486322	Bra020908
A08	10491913	10493837	Bra020907
A08	10496811	10497017	Bra020906
A08	10497760	10501574	Bra020905
A08	10508365	10512857	Bra020904
A08	10513631	10514026	Bra020903
A08	10518657	10519798	Bra020902
A08	10520465	10521604	Bra020901
A07	483456	487775	Bra039030
A07	488755	491830	Bra039029
A07	492345	495414	Bra039028
A07	498280	500857	Bra039027
A07	507711	508556	Bra039026
A07	510499	513522	Bra039025
A07	515145	515542	Bra039024
A07	528072	529158	Bra039023
A07	539319	540392	Bra039022
A03	14681576	14682437	Bra001086
A03	14692898	14693260	Bra001087
A03	14694238	14694525	Bra001088
A03	14694775	14697803	Bra001089
A03	14702904	14706863	Bra001090
A03	14707824	14711325	Bra001091
A03	14721770	14723230	Bra001092
A03	14723831	14726576	Bra001093
A03	14728412	14731500	Bra001094
A03	14732259	14733912	Bra001095
A03	14750073	14752347	Bra001096
A03	14761173	14762064	Bra001097
A03	14763518	14763958	Bra001098
A03	14765110	14765647	Bra001099
A03	14767399	14770125	Bra001100
A02	9165318	9170171	Bra034019
A02	9171613	9172855	Bra034018
A02	9174161	9176319	Bra034017
A02	9186319	9187527	Bra034016
A02	9190015	9191211	Bra034015
A02	9198277	9200397	Bra034014
A04	10705463	10706599	Bra032174
A04	10821867	10825727	Bra032158
A04	10826958	10829863	Bra032157
A04	10834340	10836096	Bra032156
A04	10837523	10839755	Bra032155
A08	1851766	1855254	Bra014298
A08	1856872	1857474	Bra014297
A08	1859392	1862306	Bra014296
A08	1864560	1865627	Bra014295
A08	1872231	1872892	Bra014294
A05	960003	961793	Bra004594
A05	962817	964734	Bra004595
A05	965977	967800	Bra004596
A05	971847	972879	Bra004597
A05	974523	976478	Bra004598
A05	977562	978891	Bra004599
A05	985597	988672	Bra004600
A05	989653	991270	Bra004601
A05	991918	994446	Bra004602
A05	995277	996841	Bra004603
A05	1001763	1002185	Bra004604
A05	1005708	1008344	Bra004605
A05	1011010	1013992	Bra004606
A05	1027378	1027650	Bra004607
A05	1035027	1035338	Bra004608
A05	1038388	1039447	Bra004609
A05	1040508	1042439	Bra004610
A05	4977298	4978289	Bra005352
A05	4979992	4980288	Bra005353
A05	4981712	4984624	Bra005354
A05	4986762	4987616	Bra005355
A05	5005892	5007781	Bra005356
A05	5010710	5011711	Bra005357
A05	5012814	5014478	Bra005358
A05	5017892	5018212	Bra005359
A05	5020299	5020844	Bra005360
A05	5022205	5024049	Bra005361
A05	5025635	5026864	Bra005362
A05	5031295	5035770	Bra005363
A05	5037075	5038040	Bra005364
A05	5038467	5040802	Bra005365
A05	5042440	5046937	Bra005366
A05	5048525	5048812	Bra005367
A05	5050780	5058313	Bra005368
A05	5059501	5061111	Bra005369
A05	5067105	5070304	Bra005370
A08	19978735	19981670	Bra030701
A08	19982157	19983852	Bra030700
A08	19985177	19985470	Bra030699
A08	19990087	19991749	Bra030698
A08	19993846	19994406	Bra030697
A10	12952624	12956737	Bra008854
A10	12957843	12960341	Bra008855
A10	12960996	12962232	Bra008856
A10	12964303	12965061	Bra008857
A10	12967768	12968768	Bra008858
A10	12969383	12970103	Bra008859
A10	12971219	12975133	Bra008860
A03	31620538	31621898	Bra017902
A06	20506004	20508071	Bra025426
A06	20512391	20520418	Bra025425
A06	20525135	20531271	Bra025424
A06	20531670	20533459	Bra025423
A06	20534790	20535314	Bra025422
A06	20539525	20541756	Bra025421
A06	20546691	20547038	Bra025420
A06	20553764	20554162	Bra025419
A06	20557585	20558103	Bra025418
A06	20572602	20573012	Bra025417
A06	20580486	20582407	Bra025416
A06	20582849	20584758	Bra025415
A02	5100729	5101055	Bra020305
A02	5101716	5102762	Bra020306
A02	5105077	5105445	Bra020307
A02	5114983	5115402	Bra020308
A02	5117932	5119538	Bra020309
A02	5120570	5122425	Bra020310
A02	5129796	5130611	Bra020311
A02	5131873	5133371	Bra020312
A02	5136201	5137370	Bra020313
A02	5141576	5143292	Bra020314
A02	5148589	5149992	Bra020315
A02	5151261	5152070	Bra020316
A02	5152739	5153939	Bra020317
A02	5155112	5156116	Bra020318
A02	5156928	5158588	Bra020319
A02	5172884	5173711	Bra020320
A02	5183221	5184269	Bra020321
A02	5191127	5191627	Bra020322
A02	5196113	5196448	Bra020323
A02	5197616	5198629	Bra020324
A01	3352245	3354095	Bra011202
A01	3359620	3360837	Bra011201
A01	3369207	3373328	Bra011200
A01	3374637	3375165	Bra011199
A01	3377884	3380114	Bra011198
A01	3385375	3385935	Bra011197
A01	3386644	3387138	Bra011196
A01	3389292	3389618	Bra011195
A01	3391956	3393245	Bra011194
A01	3396131	3397446	Bra011193
A01	3402779	3403389	Bra011192
A01	3405379	3406027	Bra011191
A01	3410410	3410952	Bra011190
A01	3413144	3414541	Bra011189
A01	3418839	3419413	Bra011188
A01	3421050	3421532	Bra011187
A01	3422819	3426535	Bra011186
A01	3430015	3432439	Bra011185
A01	3442035	3444687	Bra011184
A01	3445591	3446097	Bra011183
A03	1024878	1026254	Bra005877
A03	1026665	1027642	Bra005878
A03	1035523	1037295	Bra005879
A03	1038254	1039981	Bra005880
A03	1040362	1041963	Bra005881
A03	1042412	1045341	Bra005882
A03	1047297	1048901	Bra005883
A07	11749621	11755535	Bra012180
A07	11757570	11759523	Bra012179
A07	11760862	11761363	Bra012178
A07	11763291	11763963	Bra012177
A07	11779757	11782512	Bra012176
A07	11783849	11785098	Bra012175
A07	11786278	11790867	Bra012174
A07	11791879	11793177	Bra012173
A07	11793727	11795433	Bra012172
A05	23406660	23408570	Bra029683
A05	23410267	23411971	Bra029682
A05	23415148	23416817	Bra029681
A05	23419544	23420492	Bra029680
A05	23420940	23422388	Bra029679
A05	23423261	23426596	Bra029678
A05	23427570	23431937	Bra029677
A05	23433722	23434937	Bra029676
A05	23436093	23437227	Bra029675
A05	23438500	23439981	Bra029674
A05	23440323	23443112	Bra029673
A05	23443485	23444861	Bra029672
A05	23446413	23448017	Bra029671
A08	10526511	10528515	Bra020900
A08	10539817	10542107	Bra020899
A08	10543555	10544695	Bra020898
A08	10547553	10547879	Bra020897
A02	9130697	9153590	Bra034020
A10	3025752	3027285	Bra033304
A10	3028807	3030439	Bra033303
A10	3032389	3033418	Bra033302
A10	3035118	3036324	Bra033301
A10	3043214	3045333	Bra033300
A10	36967	39540	Bra015621
A10	42490	43835	Bra015620
A10	44760	46866	Bra015619
A10	74199	75405	Bra015618
A10	87194	88798	Bra015617
A10	92078	94428	Bra015616
A10	99073	101403	Bra015615
A10	114995	115822	Bra015614
A05	1050587	1051397	Bra004611
A05	1052840	1053800	Bra004612
A05	1054463	1056985	Bra004613
A05	1062979	1065033	Bra004614
A05	1070231	1071217	Bra004615
A05	1073700	1074189	Bra004616
A01	7553578	7553963	Bra013746
A01	7557707	7564738	Bra013747
A01	14105545	14107812	Bra029901
A01	14120776	14122985	Bra029902
A01	14123177	14125375	Bra029903
A01	14134116	14134676	Bra029904
A01	14149281	14150148	Bra029905
A10	9253661	9256982	Bra002502
A10	9258297	9260925	Bra002501
A10	9262968	9264977	Bra002500
A10	9271161	9273248	Bra002499
A10	9274027	9277939	Bra002498
A10	9282542	9284617	Bra002497
A10	9285417	9286991	Bra002496
A10	9298715	9301354	Bra002495
A06	282259	282825	Bra037987
A06	286677	287243	Bra037986
A06	289220	289780	Bra037985
A06	292040	292743	Bra037984
A06	295746	296168	Bra037983
A06	297756	300189	Bra037982
A08	12686158	12690593	Bra010256
A08	12691200	12693086	Bra010257
A08	12694061	12698521	Bra010258
A08	12703482	12704706	Bra010259
A08	12705361	12706557	Bra010260
A08	12706989	12707534	Bra010261
A08	12719692	12720343	Bra010262
A08	12728572	12729870	Bra010263
A08	12743577	12745744	Bra010264
A08	12749435	12753973	Bra010265
A08	12756836	12758866	Bra010266
A08	12763607	12764991	Bra010267
A08	12766017	12768453	Bra010268
A08	12768946	12771661	Bra010269
A08	12772276	12774832	Bra010270
A09	37731431	37732580	Bra032415
A09	37735458	37746452	Bra032416
A09	37746893	37747874	Bra032417
A09	37748720	37754888	Bra032418
A09	37762711	37768714	Bra032419
A09	37773457	37774873	Bra032420
A09	37776342	37777445	Bra032421
A09	37777978	37778877	Bra032422
A09	37780175	37780795	Bra032423
A09	37781527	37782366	Bra032424
A09	37782817	37783317	Bra032425
A09	37784205	37784981	Bra032426
A09	37785675	37786112	Bra032427
A09	37786979	37787727	Bra032428
A09	37788234	37788977	Bra032429
A09	37789273	37793389	Bra032430
A09	37794529	37796775	Bra032431
A09	37803481	37805376	Bra032432
A09	37808035	37808721	Bra032433
A09	37818795	37819982	Bra032434
A09	37821134	37821346	Bra032435
A05	22348996	22350622	Bra034829
A05	22351076	22356424	Bra034830
A05	22356984	22357754	Bra034831
A05	22358457	22362872	Bra034832
A05	22369092	22369960	Bra034833
A05	22370671	22371488	Bra034834
A03	14655012	14658106	Bra001082
A03	14659492	14663117	Bra001083
A03	14665784	14667975	Bra001084
A03	14669843	14674652	Bra001085
A03	14774887	14775249	Bra001101
A03	14775849	14776525	Bra001102
A03	14777390	14778583	Bra001103
A03	14781876	14786099	Bra001104
A03	14788348	14791046	Bra001105
A03	14791553	14794671	Bra001106
A05	5071548	5076362	Bra005371
A05	5082614	5084395	Bra005372
A05	5085133	5088687	Bra005373
A05	5091972	5093078	Bra005374
A05	5096091	5097032	Bra005375
A05	5098004	5098942	Bra005376
A03	27265441	27267063	Bra024162
