A06	5890007	5892805	Bra026090
A03	24010510	24010929	Bra038803
A01	10907681	10909774	Bra038453
A03	5439723	5442030	Bra028924
A05	3616583	3617092	Bra005134
A01	8656765	8658069	Bra013948
A10	10423029	10426672	Bra002315
A08	19430071	19431652	Bra016835
A02	23830351	23835424	Bra020592
A05	10940281	10942469	Bra030394
A09	37708145	37710011	Bra031532
A03	6817281	6819927	Bra022749
A02	7058863	7059057	Bra022678
A01	8060186	8062335	Bra013848
A05	23367701	23369613	Bra029691
A07	23241803	23243585	Bra015981
A07	22672653	22673590	Bra016104
A03	15028776	15029735	Bra001156
A06	454289	456741	Bra037954
A03	1469993	1470773	Bra005976
A09	27659673	27661091	Bra006918
A03	14453903	14456356	Bra001025
A02	2899944	2903558	Bra023559
A03	12421180	12422364	Bra000675
A03	9498712	9499356	Bra000135
A04	16562453	16565398	Bra017130
A03	13440823	13441955	Bra000837
A03	1079523	1080811	Bra005889
A09	27148887	27149153	Bra036816
A05	24964836	24966608	Bra039180
A09	29728337	29729269	Bra007253
A08	18840380	18841774	Bra016702
A06	14925787	14925996	Bra038639
A04	5635242	5637624	Bra032711
A07	14339639	14341077	Bra028493
A05	4479079	4485601	Bra005273
A03	21085392	21093219	Bra013007
A08	11787510	11790234	Bra034603
A06	21486057	21488902	Bra025254
A01	4108863	4110206	Bra011069
A07	23537578	23539290	Bra015912
A05	24945384	24946465	Bra040592
A09	3387138	3389532	Bra035951
A06	7693643	7697027	Bra025783
A06	17623857	17625055	Bra009750
A04	11687185	11688808	Bra032038
A05	17408693	17409007	Bra031247
A01	15661501	15662197	Bra038904
A05	11280660	11282583	Bra030435
A02	17336807	17337256	Bra033207
A10	5326669	5327806	Bra003093
A09	2352978	2353641	Bra036128
A03	19973460	19973735	Bra013194
A09	34095159	34096809	Bra031132
A07	9555824	9556093	Bra012476
A06	3355127	3356641	Bra019994
A03	14451832	14452626	Bra001024
A03	14401659	14403192	Bra001010
A03	14092062	14094261	Bra000944
A09	23073346	23080424	Bra032908
A03	5187880	5189811	Bra006819
A03	971672	972688	Bra005861
A06	5624404	5624823	Bra026134
A04	2499398	2500078	Bra014717
A03	10699427	10699855	Bra000349
A10	11870454	11872457	Bra008611
A09	31859105	31862054	Bra007671
A06	3075528	3079961	Bra018593
A08	7123867	7126108	Bra036774
A05	4931610	4933646	Bra005341
A03	26867057	26868396	Bra024218
A09	38648333	38651446	Bra032622
A02	15203287	15204829	Bra008526
A10	487192	489750	Bra015570
A02	26376891	26381691	Bra031884
A02	23711526	23716079	Bra020605
A08	18842366	18843751	Bra016703
A03	8364968	8369320	Bra023043
A05	6024939	6030809	Bra005529
Scaffold000191	113021	118210	Bra040208
A02	23148500	23152097	Bra020697
A06	19097086	19097998	Bra009989
A05	878441	879627	Bra004580
A08	15480213	15483394	Bra010751
A08	1589406	1590209	Bra014328
A04	14641325	14646566	Bra021797
A07	23954712	23957345	Bra015827
A03	27290688	27294675	Bra024158
A07	25226563	25227790	Bra035046
A02	735979	736641	Bra028773
A08	204369	206561	Bra030842
A03	17904530	17905240	Bra001693
A05	12479475	12484540	Bra032248
A06	11529531	11530188	Bra019422
A03	10586266	10587709	Bra000329
A08	17862198	17863350	Bra016473
A09	31496716	31499336	Bra007604
A09	5516159	5517576	Bra037226
A03	20719986	20722078	Bra013060
A02	1587461	1590965	Bra028589
A04	14973338	14974838	Bra021852
A09	16523701	16525028	Bra035260
A04	18807721	18809169	Bra039301
A03	2487283	2488475	Bra006200
A03	10726779	10728642	Bra000354
A03	986452	988535	Bra005866
A09	4185079	4186276	Bra037788
A03	5016127	5016984	Bra006777
A01	26757370	26757612	Bra040511
A02	24532344	24536863	Bra020485
A02	429054	430124	Bra028837
A03	22902623	22904391	Bra012659
A10	12568893	12569594	Bra008766
A09	28069538	28070523	Bra006963
A03	2342126	2344435	Bra006172
A07	19270144	19271908	Bra003962
A02	24124459	24127834	Bra020544
A03	17957349	17957950	Bra001702
A09	12213510	12220924	Bra027607
A06	14800419	14802379	Bra038614
A06	6850053	6851066	Bra025668
A05	23696777	23699429	Bra029617
A07	16449823	16451058	Bra003435
A09	5916125	5918558	Bra036708
Scaffold000209	12740	24234	Bra040468
Scaffold000311	15045	15946	Bra040916
A05	1758749	1759215	Bra004770
A02	5014857	5015632	Bra020288
A03	27288889	27290283	Bra024159
A08	15671975	15673034	Bra010787
A03	22898742	22899607	Bra012661
A03	4685680	4686138	Bra006697
A08	18138173	18145656	Bra016534
A02	20310948	20311790	Bra026582
A01	22348653	22349207	Bra021234
A03	3952791	3957930	Bra006536
A06	8135960	8141270	Bra025850
A02	25172906	25179858	Bra029350
A03	2053152	2053544	Bra006109
A01	8347526	8349511	Bra013895
A09	209904	212483	Bra037351
A03	433865	435637	Bra005751
A09	37703357	37704748	Bra031534
A09	4714739	4716054	Bra037157
A02	25684624	25685229	Bra029267
A01	1962410	1963885	Bra011489
A01	24631609	24633597	Bra034169
A09	33646375	33648756	Bra031229
A08	15397596	15399719	Bra010735
A09	37925340	37927479	Bra032460
Scaffold000164	107764	115045	Bra039359
A09	35713418	35721207	Bra026845
A06	13784648	13785708	Bra019622
A05	24933236	24934525	Bra040595
A04	19097261	19100043	Bra021386
A03	7863546	7865156	Bra022936
A03	1093238	1094767	Bra005895
A08	18109570	18110672	Bra016526
A08	17252248	17253632	Bra016355
A09	18710236	18712239	Bra028069
A03	2653701	2656465	Bra006239
A09	37899642	37900887	Bra032453
A02	4071132	4071770	Bra020115
A04	17365648	17369012	Bra016986
A03	18052874	18053318	Bra001719
A03	30392382	30394232	Bra017769
A07	23604300	23605007	Bra015897
A06	8145251	8146946	Bra025852
A03	20064203	20065068	Bra013176
A09	6019555	6026485	Bra036692
A06	5789986	5790934	Bra026107
A03	15973897	15976943	Bra001349
A08	10635359	10636049	Bra020888
A03	28250537	28252417	Bra024015
A04	16588295	16588909	Bra017125
A02	26309563	26312570	Bra031899
A07	18538934	18542994	Bra003832
A06	14519393	14521610	Bra010117
A05	10910145	10910405	Bra030389
A06	1267453	1269170	Bra018920
A03	13220775	13223156	Bra000798
A05	3621967	3625352	Bra005136
A09	1760857	1763217	Bra039048
A09	33974548	33976206	Bra031164
A01	386233	388161	Bra011819
A09	14622307	14624782	Bra017353
A05	23869295	23880383	Bra029585
A06	17276016	17276939	Bra009706
A07	16059961	16062558	Bra003355
A03	14959171	14968004	Bra001140
A01	9655423	9656521	Bra026350
A08	19103691	19105127	Bra016768
A05	21134044	21138945	Bra027339
A02	600841	602794	Bra028799
A05	20073972	20075891	Bra022167
A01	26764343	26765159	Bra040516
A09	28734181	28735905	Bra007084
A09	1445612	1446919	Bra034244
A06	2117485	2120262	Bra018764
A06	6090299	6091748	Bra026040
A03	10448912	10449536	Bra000301
A08	20794901	20797050	Bra030498
A06	1116409	1119001	Bra018942
Scaffold000164	288275	291126	Bra039400
A03	16668393	16669487	Bra001489
A09	14277449	14278229	Bra017386
A01	24319747	24320824	Bra038716
A09	38368516	38368710	Bra032559
A03	3908083	3909036	Bra006525
A08	14242197	14243707	Bra010533
A05	8384403	8386960	Bra018469
A03	16454612	16456042	Bra001453
A10	9303024	9305078	Bra002494
A06	1761053	1763296	Bra018825
A07	15464774	15472791	Bra003250
A03	17178091	17180272	Bra001577
A10	16126489	16128552	Bra009584
A05	724749	727120	Bra004543
A03	4074895	4077735	Bra006566
A05	3841348	3843095	Bra005176
A03	2947601	2948791	Bra006309
Scaffold000111	109119	114121	Bra035971
A01	4940298	4943692	Bra013315
A05	19155275	19158045	Bra022319
A02	8402633	8404889	Bra022498
A01	23997690	23999471	Bra021517
A03	7468876	7470906	Bra022864
A10	15533886	15536044	Bra009456
A09	33638426	33640373	Bra031231
A06	11705103	11707212	Bra019435
A03	417043	422779	Bra005748
A09	7697280	7699837	Bra027631
A05	256621	257805	Bra004461
A01	25098732	25100162	Bra034077
A06	8682516	8685334	Bra017941
A06	8558593	8559558	Bra017921
A04	17641558	17642101	Bra016934
A01	26024048	26028170	Bra040142
Scaffold000300	11853	14156	Bra040893
A03	25275954	25277128	Bra019285
A02	3377311	3378800	Bra023664
A01	3156144	3157633	Bra011236
A09	25231346	25232995	Bra024616
A03	14125999	14130661	Bra000952
A09	31429607	31430653	Bra007588
A05	22038055	22039319	Bra034762
Scaffold000167	256490	260047	Bra039531
A03	19869489	19875239	Bra013212
A07	23478646	23485111	Bra015924
A07	13272192	13275797	Bra011947
A04	2103212	2103854	Bra014663
A07	19953070	19954578	Bra004073
A06	23552803	23553894	Bra025001
A10	9282542	9284617	Bra002497
A09	10628950	10631611	Bra027966
A09	3556883	3559021	Bra035909
A05	20292345	20294460	Bra027183
A03	443349	444159	Bra005754
A02	10500662	10501329	Bra007877
A06	23860854	23864733	Bra025055
A05	5169000	5170619	Bra005390
A09	1753337	1760126	Bra039049
A09	25174575	25175955	Bra024624
A09	6589557	6592610	Bra027790
A03	504098	505687	Bra005770
A02	3439059	3444983	Bra023671
A03	7768293	7769612	Bra022920
A09	10680914	10682809	Bra027973
A03	13117470	13118888	Bra000785
A04	6158751	6160541	Bra028113
A06	15867856	15868698	Bra024367
A01	10259607	10261466	Bra026238
A10	10190369	10192591	Bra002354
A08	19417529	19418714	Bra016833
A01	946917	947819	Bra011708
A09	36377394	36381097	Bra026985
A03	16459496	16462613	Bra001454
A05	18479043	18481548	Bra022427
A10	2038162	2041284	Bra015316
A10	14083887	14085942	Bra009378
A10	2864342	2865601	Bra033329
A10	2764619	2765136	Bra033351
A06	17007780	17010103	Bra009651
A05	23259840	23263455	Bra029717
Scaffold000111	379299	380050	Bra035997
A06	4549569	4557051	Bra019766
A01	474977	476733	Bra011795
A02	21995219	21996004	Bra032984
A08	7475213	7476948	Bra036740
A06	15161093	15161401	Bra024251
A09	20773363	20774550	Bra023205
A10	14142578	14145003	Bra009360
A09	32948657	32955068	Bra039218
A06	3360712	3363018	Bra019992
A04	8053385	8055010	Bra025585
A07	23976935	23977409	Bra015820
A06	8389513	8392269	Bra025882
A10	3238963	3240160	Bra033268
A03	25853971	25856113	Bra019184
A03	1452655	1453527	Bra005970
A10	9617325	9618613	Bra002443
A03	13867423	13868624	Bra000905
A09	34598669	34599886	Bra031034
A02	19325550	19325912	Bra022141
A01	7844091	7846562	Bra013804
A09	29591481	29593531	Bra007225
A08	20166195	20167366	Bra030655
A10	10218816	10226086	Bra002347
A09	33498671	33499774	Bra038523
A03	2618729	2619577	Bra006229
A02	17339282	17341281	Bra033208
A07	10366916	10369528	Bra012371
A06	22615757	22616309	Bra024832
A03	7544891	7545782	Bra022878
A05	24172237	24174224	Bra020801
A09	16657988	16661265	Bra035244
A03	16437053	16438278	Bra001449
A03	975470	978155	Bra005863
A02	3646194	3648209	Bra023707
A02	18233301	18239096	Bra022019
A06	23348698	23350760	Bra024962
A05	11596042	11597213	Bra030459
A03	6507365	6508816	Bra029133
A05	1577975	1580534	Bra004737
A01	1910502	1911269	Bra011505
A01	7104831	7119006	Bra013682
A07	13074042	13075863	Bra011972
A02	4455256	4456111	Bra020193
A09	24338070	24339566	Bra024744
A08	13132513	13133641	Bra010333
A09	1636881	1637450	Bra039066
A03	4073023	4074136	Bra006565
A01	8065900	8066480	Bra013850
A09	29734898	29739931	Bra007255
A03	24006387	24007814	Bra038805
A08	14125791	14130620	Bra010508
A05	14046476	14047222	Bra034433
A10	10893535	10896096	Bra002216
A05	24146141	24151111	Bra020793
A06	12480488	12485005	Bra019485
A04	8838357	8839820	Bra025480
A03	30395749	30397447	Bra017771
A08	2999454	2999747	Bra014154
A05	15480196	15481643	Bra033856
A02	3868045	3868761	Bra020068
A04	13263827	13264969	Bra039973
A03	15569233	15570789	Bra001257
A08	3290941	3292094	Bra014125
A01	1863159	1867079	Bra011514
A07	18990502	18997129	Bra003912
A06	18401806	18404001	Bra009868
A07	25464588	25467583	Bra035103
A05	23363023	23364587	Bra029693
A04	15489767	15490978	Bra017321
A03	22138690	22140017	Bra012809
A03	3961366	3964780	Bra006538
A02	15054321	15057080	Bra008507
A06	10385492	10387071	Bra018154
A05	16379401	16381752	Bra039958
A09	34868277	34875006	Bra030983
A09	18702706	18705071	Bra028070
A03	17417846	17424053	Bra001613
A06	16715989	16716954	Bra024483
A02	23474353	23477303	Bra020639
A02	26529063	26531783	Bra031857
A04	9060892	9062111	Bra025444
A05	1663801	1666229	Bra004752
A02	24523734	24524589	Bra020487
A04	9968383	9970439	Bra030253
A07	17676715	17678477	Bra003675
A05	23486618	23488661	Bra029665
A03	9947921	9948464	Bra000214
A08	12462511	12465341	Bra010219
A08	9500450	9503050	Bra021037
A06	3728194	3729891	Bra019919
A01	14782568	14783092	Bra029961
A10	12355841	12358698	Bra008718
A09	6324941	6325767	Bra036642
A09	590887	592832	Bra036321
A03	7147092	7149367	Bra022802
A07	16894851	16900915	Bra003525
A01	22496222	22497209	Bra021214
A08	48114	53818	Bra030813
A05	8757862	8759703	Bra039489
A03	22631686	22631931	Bra012711
A03	21944267	21946957	Bra012850
A04	11046936	11048222	Bra032136
A05	8295005	8296094	Bra018454
A04	13215189	13216491	Bra039966
A03	22904814	22906157	Bra012658
A06	5804114	5825773	Bra026105
A05	1220314	1225916	Bra004649
A03	4108593	4110286	Bra006574
A09	15831267	15832683	Bra037892
A05	13577826	13579608	Bra034402
A03	3904203	3904574	Bra006523
A01	10045221	10046393	Bra026274
A06	5517038	5517486	Bra026164
A02	22042883	22044503	Bra032991
A07	1058655	1064509	Bra038829
A06	9168583	9171155	Bra018006
A05	876412	877779	Bra004579
A04	11289650	11290431	Bra032099
A05	2866783	2868039	Bra004994
A05	5666399	5666961	Bra005469
A01	361733	363288	Bra011822
A02	1503040	1504902	Bra028604
A08	16002650	16003909	Bra010849
A06	4966059	4969893	Bra019690
A05	8875347	8878148	Bra039499
A06	20122412	20128347	Bra037448
A07	17013486	17014952	Bra003547
A05	1792544	1796957	Bra004776
A03	17210630	17212522	Bra001583
A10	12045539	12046537	Bra008651
A07	21924719	21925179	Bra016251
A02	8828737	8830203	Bra039762
A05	2603473	2606441	Bra004947
A06	20140218	20143383	Bra037451
A01	1969594	1973732	Bra011487
A03	8289698	8291226	Bra023024
A10	14066218	14071001	Bra009382
A08	9267726	9267986	Bra021068
A03	21573997	21575445	Bra012912
A09	33604685	33606725	Bra038538
A09	26045958	26046932	Bra031373
A10	14928038	14928930	Bra009179
A03	7871232	7872735	Bra022938
A01	21314577	21317847	Bra037590
A07	21922558	21923488	Bra016252
A10	12573735	12574688	Bra008768
A09	37882551	37899062	Bra032450
Scaffold000318	1654	4271	Bra040933
A01	1393494	1397022	Bra011617
A03	16439541	16440674	Bra001450
Scaffold000164	145120	147434	Bra039366
A05	23859936	23863164	Bra029587
A05	7468043	7469911	Bra018323
A07	24354124	24355533	Bra015742
A02	17682952	17683422	Bra021968
A07	224093	228427	Bra036465
A10	15115158	15115834	Bra009132
A08	18151702	18155429	Bra016536
A10	8576793	8578141	Bra002623
A08	6120584	6122819	Bra039880
A03	2512475	2516305	Bra006206
A03	28657263	28659113	Bra023953
Scaffold000247	2218	2430	Bra040737
A02	19483151	19489148	Bra026665
A01	15663037	15664745	Bra038905
A03	14034858	14041994	Bra000936
A02	2775089	2776185	Bra023531
A01	4060358	4067908	Bra011078
A09	3535286	3537722	Bra035913
A10	10416849	10420844	Bra002317
A01	1329057	1329920	Bra011636
A10	12743884	12747090	Bra008811
A05	13274825	13276636	Bra040669
A06	22563406	22564615	Bra024821
A10	9874404	9876482	Bra002405
A03	19331370	19332141	Bra001911
A01	5608502	5610118	Bra013428
A02	23446133	23453000	Bra020643
A09	26091383	26091860	Bra031367
A05	21917956	21919183	Bra034728
A02	23689209	23690637	Bra020608
A01	14779416	14779844	Bra029960
A03	14029042	14031436	Bra000935
A08	10355243	10364689	Bra020927
A06	17029156	17032125	Bra009657
A05	22369092	22369960	Bra034833
A02	7715313	7717427	Bra022585
A03	14852979	14853994	Bra001115
A06	7389283	7391712	Bra025746
A09	27439257	27442331	Bra006875
A08	20516100	20517143	Bra030567
A04	14647571	14656391	Bra021798
A10	14424030	14424785	Bra009301
A08	113272	114329	Bra030826
A08	19781767	19782511	Bra030740
A07	12102543	12105827	Bra012127
A03	4105314	4106616	Bra006572
A06	5783673	5788808	Bra026108
A07	507711	508556	Bra039026
A06	16717854	16720000	Bra024484
A03	9830950	9832426	Bra000194
A10	13377093	13385329	Bra008953
A08	19582181	19583011	Bra030792
A04	6220618	6221321	Bra028118
A04	14968459	14972388	Bra021851
A03	30759675	30760655	Bra017824
A02	5930700	5937241	Bra035649
A07	217200	219692	Bra036466
A03	2554562	2556532	Bra006215
A08	13789446	13792191	Bra010445
A07	10393417	10395956	Bra012365
A09	29718202	29719391	Bra007249
A09	30205627	30206709	Bra007339
A08	12828001	12829391	Bra010280
A04	12368599	12371626	Bra034338
A07	17715829	17717276	Bra003681
A03	17233416	17234306	Bra001587
A01	14465093	14467628	Bra029933
A06	3725144	3727126	Bra019920
A09	32970845	32972526	Bra039214
A09	31421328	31422872	Bra007585
A06	1668070	1668722	Bra018842
A02	24366329	24368180	Bra020507
A03	11300943	11302649	Bra000475
A10	9977351	9979132	Bra002385
A09	36560490	36562616	Bra031772
A09	38170645	38170932	Bra032517
A08	1632087	1632323	Bra014324
A05	20576794	20577746	Bra027234
A10	1323738	1325150	Bra015433
A05	20219711	20221504	Bra027170
A06	23493942	23495413	Bra024991
A01	2162712	2165580	Bra011439
A09	29596513	29598692	Bra007226
A09	3299278	3299928	Bra026506
A07	20908262	20910626	Bra004247
A05	23328459	23331300	Bra029700
A04	15326439	15330527	Bra021926
A01	26566258	26566764	Bra021457
A09	29518748	29521140	Bra007211
A09	321539	322976	Bra037374
A07	3892050	3896839	Bra015200
A02	25489871	25493783	Bra029297
A09	27298366	27299097	Bra036793
A06	15479845	15485013	Bra024311
A03	18896675	18897460	Bra001852
A04	12009541	12012674	Bra034284
A08	8465323	8466237	Bra038942
A06	18399781	18400911	Bra009867
A03	17959438	17963057	Bra001704
A07	16636843	16638732	Bra003468
A05	20955757	20963084	Bra027306
A04	5072704	5076300	Bra032770
A01	21901455	21902014	Bra021293
A06	17006456	17006874	Bra009650
A04	6229754	6231125	Bra028120
A09	20074171	20075976	Bra023277
A01	9659581	9660796	Bra026348
A09	13412473	13418515	Bra017485
A07	7588283	7589575	Bra014904
A09	3244838	3245933	Bra026493
A06	13703177	13704639	Bra019611
A03	3868318	3870188	Bra006515
A09	28252411	28253995	Bra006997
A06	20580486	20582407	Bra025416
A01	9657362	9658923	Bra026349
A05	11597911	11598385	Bra030460
A05	4507875	4509437	Bra005278
A02	3987798	3989930	Bra020097
A10	11396767	11398404	Bra002129
A01	5630415	5631902	Bra013432
A09	22478928	22480568	Bra032343
A07	12137160	12139452	Bra012117
A01	25083737	25086488	Bra034082
A01	3037320	3040329	Bra011260
A03	2046191	2049754	Bra006107
A08	11435324	11437224	Bra034661
A09	29806613	29808208	Bra007268
A08	12461031	12461405	Bra010218
A07	20150643	20152242	Bra004105
A03	25330371	25330934	Bra019275
A06	5979213	5981256	Bra026064
A04	13222865	13225492	Bra039968
A03	19162816	19163921	Bra001886
A07	15679746	15685056	Bra003288
A08	19292600	19295355	Bra016805
A01	330895	333414	Bra011830
A06	6673259	6675029	Bra025926
A09	7404002	7405359	Bra027677
A09	33775442	33776233	Bra031203
A07	492345	495414	Bra039028
A02	2333952	2335352	Bra023435
A03	57623	60040	Bra005667
A07	21235196	21238948	Bra004319
A01	10841415	10844171	Bra038464
A10	11447243	11448771	Bra002114
A09	14744201	14745257	Bra017341
A08	1593711	1596915	Bra014326
A10	15821373	15823044	Bra009513
A02	25034661	25036366	Bra029371
A07	23541497	23543192	Bra015911
A02	2772447	2774287	Bra023530
A03	13455912	13457043	Bra000840
A09	36662984	36665065	Bra031754
A01	2519931	2527386	Bra011366
A02	19651735	19652822	Bra026645
A08	12766017	12768453	Bra010268
A06	7799387	7802387	Bra025804
A09	37876515	37881383	Bra032449
A09	31863684	31865612	Bra007673
A02	25657610	25657955	Bra029273
A09	31425085	31427293	Bra007587
A07	16789630	16791039	Bra003505
A05	3016880	3017170	Bra005022
A09	27479380	27483723	Bra006882
A03	18608999	18610762	Bra001807
A10	8572128	8573392	Bra002624
A06	17846095	17846376	Bra009783
A05	22617011	22618308	Bra029881
Scaffold000191	107984	108997	Bra040206
A01	24899965	24902093	Bra034119
A03	19745069	19746315	Bra013237
A02	269835	270238	Bra028875
A09	10989067	10991128	Bra027465
A10	15202749	15203388	Bra009109
A03	5079158	5084626	Bra006799
A03	8050450	8053608	Bra022975
A07	20304781	20307701	Bra004134
A10	11879112	11881686	Bra008612
A09	6556915	6560467	Bra027793
A04	809372	810861	Bra014465
A03	445173	446494	Bra005755
A05	821405	823230	Bra004567
A03	30394468	30395537	Bra017770
A08	20792305	20793299	Bra030499
A06	5128745	5129271	Bra019662
A01	8136808	8139220	Bra013864
A04	5728778	5731132	Bra032700
A01	19744387	19751542	Bra023867
A04	13246491	13247620	Bra039971
A04	10237804	10240911	Bra030220
A02	1346762	1347103	Bra028641
A09	3105049	3108880	Bra026465
A10	12988728	12998691	Bra008864
A08	16935947	16937288	Bra016286
A09	5913039	5914063	Bra036710
A02	19322754	19323033	Bra022140
A08	13785075	13785829	Bra010442
A05	3764714	3766689	Bra005161
A03	16468471	16469749	Bra001455
A02	23867799	23869339	Bra020589
A06	23859149	23860405	Bra025054
A08	4327854	4329867	Bra014032
A08	15842776	15844323	Bra010818
A01	5275595	5279284	Bra013374
A01	24896574	24898873	Bra034120
A07	17398856	17399480	Bra003624
A08	19428575	19429519	Bra016834
A06	1130456	1134594	Bra018940
A09	29646889	29650028	Bra007233
A06	12885987	12888783	Bra019522
A03	2382718	2384533	Bra006182
A06	24973223	24973600	Bra033605
A03	5086738	5090472	Bra006801
A05	25279745	25283295	Bra039108
A02	4963169	4963597	Bra020275
A03	17631110	17632327	Bra001635
A06	22922695	22926239	Bra024871
A05	3767697	3769488	Bra005162
A10	835608	837024	Bra015513
A06	11279921	11282063	Bra038296
A05	14978448	14979844	Bra010171
A04	11028661	11035208	Bra032138
A03	2543354	2546508	Bra006212
A01	20424379	20424654	Bra038257
A07	22934792	22938278	Bra016053
A04	16324814	16325436	Bra017170
A09	38178146	38179105	Bra032519
A05	3045797	3047363	Bra005027
A03	7207359	7209604	Bra022813
A01	1083183	1086380	Bra011679
A04	330558	331440	Bra014401
A03	28009090	28012136	Bra024051
A03	2605364	2608831	Bra006226
A01	24624106	24625094	Bra034171
A01	24471126	24472684	Bra038689
A06	6848168	6849301	Bra025667
A04	3546173	3548616	Bra014840
A01	2621291	2623579	Bra011349
A09	5914701	5915327	Bra036709
A05	698794	700535	Bra004538
A08	17852750	17853247	Bra016470
A01	1063714	1066264	Bra011684
A03	973099	974459	Bra005862
A10	5329702	5331801	Bra003091
A02	4975645	4976451	Bra020279
A09	33894154	33894429	Bra031178
A08	6358049	6361660	Bra039731
A05	2900595	2903550	Bra005000
A05	829600	830960	Bra004568
A04	14477404	14481909	Bra021774
A03	9820081	9821790	Bra000190
A07	11552760	11554574	Bra012203
A01	25855849	25856114	Bra040247
A10	3404685	3410079	Bra033232
A06	2194874	2199172	Bra018751
A03	1236291	1237824	Bra005923
A05	2393606	2394782	Bra004901
A05	4220002	4221738	Bra005238
A02	5687069	5689737	Bra020430
A02	19427840	19430010	Bra026668
A04	9841104	9842862	Bra030268
A04	1026394	1027791	Bra014493
A10	9665155	9665466	Bra002435
A06	14235327	14241654	Bra010079
A03	5840297	5843741	Bra029007
A08	20161595	20164082	Bra030656
A07	22194449	22196053	Bra016200
A05	2615972	2617343	Bra004950
A08	2456198	2457340	Bra014213
A10	9320661	9322655	Bra002490
A09	1209477	1211279	Bra034193
Scaffold000104	142213	144220	Bra035357
A07	14342187	14342553	Bra028494
A01	18570986	18571393	Bra023728
A02	19402062	19403898	Bra026671
A09	466927	468304	Bra037407
A04	15374497	15376295	Bra021935
A07	11760862	11761363	Bra012178
A06	21738245	21739327	Bra025200
A01	899505	900790	Bra011719
A01	23134148	23134582	Bra021103
A10	12853442	12855069	Bra008837
A03	14017858	14019394	Bra000932
A10	6447838	6449970	Bra002968
A10	9797291	9801011	Bra002415
A06	24715920	24717997	Bra033657
A04	14057586	14067018	Bra021701
A03	87282	89014	Bra005675
A09	7311153	7311978	Bra027694
A07	17580986	17581942	Bra003659
A06	2654190	2655910	Bra018680
A03	22900588	22902055	Bra012660
A09	5924764	5925849	Bra036707
A08	20391154	20394837	Bra030598
A06	14379432	14382586	Bra010097
A03	10863198	10863629	Bra000381
A04	14765737	14768925	Bra021815
A01	24096011	24098891	Bra021501
A06	3811164	3813673	Bra019904
A06	15207087	15207786	Bra024261
A05	8751340	8751973	Bra039488
A03	15194732	15197005	Bra001182
A03	10273603	10275197	Bra000268
A08	20129184	20134374	Bra030665
A01	26758253	26758739	Bra040512
A03	17088784	17090993	Bra001562
A06	3697349	3700612	Bra019926
A03	4753080	4754620	Bra006713
Scaffold000215	19153	20945	Bra040528
A03	979518	982183	Bra005864
A03	4190297	4192315	Bra006593
A09	4866961	4868859	Bra037194
A03	28923701	28926606	Bra037020
Scaffold000317	7658	8617	Bra040928
A01	2043324	2048368	Bra011470
A06	2606574	2607120	Bra018689
A09	32901915	32902736	Bra039227
A09	3627509	3628672	Bra035896
A06	7627423	7629068	Bra025776
A03	4312313	4314384	Bra006622
A02	5038246	5040536	Bra020293
A06	23652271	23654285	Bra025018
A06	5619844	5621936	Bra026136
A05	4461689	4469878	Bra005271
A02	4576250	4580217	Bra020215
A03	20334424	20336320	Bra013127
A02	15690410	15694059	Bra018554
A10	7264441	7267268	Bra002841
A01	26043306	26045441	Bra040146
A05	19968101	19973404	Bra022181
A07	17646604	17650147	Bra003670
A07	5418640	5420698	Bra015135
A03	6568147	6573659	Bra029146
A10	2949018	2951695	Bra033317
A09	13018634	13019683	Bra017529
A02	4977091	4978556	Bra020280
A03	4741973	4743430	Bra006711
A03	26595006	26596054	Bra019050
A08	114998	117020	Bra030827
A03	8999655	9001563	Bra000041
A03	28878897	28880658	Bra037029
A02	2840255	2841998	Bra023546
A07	25859226	25860086	Bra035202
A05	2977685	2981842	Bra005012
A06	7684857	7692868	Bra025782
A05	14198125	14200519	Bra034444
A04	18163925	18166582	Bra037725
A02	24642120	24643375	Bra020470
A01	25818067	25819122	Bra040236
A01	5111940	5113552	Bra013341
A01	12136941	12140349	Bra036892
A05	3413125	3413749	Bra005099
A04	13762611	13766392	Bra021653
A06	5793387	5801791	Bra026106
A08	11857021	11857546	Bra034590
A08	11859425	11861181	Bra034589
A06	23641527	23650569	Bra025017
A10	12252329	12255245	Bra008699
A10	11395463	11395756	Bra002130
A10	5600331	5603827	Bra003063
A09	9450412	9451256	Bra027821
A06	8403034	8405395	Bra025886
A01	11902535	11904527	Bra036920
A09	33251744	33254092	Bra039935
A01	1072884	1075495	Bra011682
A08	20509983	20511939	Bra030569
A09	32885770	32890217	Bra039230
A08	19707397	19709394	Bra030756
A05	2571880	2573674	Bra004938
A04	7105723	7105989	Bra028214
A03	13193187	13195847	Bra000797
A08	20676612	20676953	Bra030531
A09	3582483	3582770	Bra035906
A07	14999587	15001622	Bra003181
A05	24080362	24081359	Bra020776
A02	6852166	6855005	Bra022709
A06	19056501	19058713	Bra009978
A04	2454393	2457877	Bra014710
A02	5501909	5503864	Bra020391
A01	3879388	3880079	Bra011099
A06	846455	848022	Bra018995
A10	2765870	2766273	Bra033350
A05	1662005	1663434	Bra004751
A05	1281560	1282410	Bra004661
Scaffold000311	19102	21906	Bra040919
A07	20913369	20917178	Bra004249
A10	10756019	10759366	Bra002245
A09	34856680	34860704	Bra030984
A06	16098973	16101722	Bra024395
A09	21853841	21866247	Bra032392
A02	22540102	22540955	Bra033070
A06	13870567	13870767	Bra010050
A05	19630925	19632899	Bra022234
A03	992359	994186	Bra005868
A10	13856133	13860473	Bra009055
A01	23714736	23716748	Bra021556
A10	1607137	1608298	Bra015397
A04	1110760	1117706	Bra014511
A03	22595725	22596803	Bra012718
A05	22370671	22371488	Bra034834
A04	15405838	15406951	Bra021942
A01	4139697	4140882	Bra011063
A03	2954745	2955947	Bra006312
A09	3790444	3793689	Bra035875
A05	148081	149692	Bra004444
A07	21071315	21072986	Bra004286
A05	24947442	24950673	Bra040591
A02	25007167	25008864	Bra029377
A03	1277122	1280812	Bra005931
A03	1160655	1162196	Bra005909
A03	13366668	13367457	Bra000821
A03	19398635	19399905	Bra001925
A07	139489	142688	Bra036482
A06	23248763	23250276	Bra024939
A02	318647	319637	Bra028864
A03	1095411	1096791	Bra005896
A03	4052318	4062126	Bra006561
A10	8914572	8915783	Bra002565
A06	21876030	21877130	Bra025174
A09	1188313	1191204	Bra034188
A07	24350225	24353568	Bra015743
A06	4976866	4981136	Bra019689
A03	21659000	21660132	Bra012899
A05	11121236	11122218	Bra030413
A09	4510071	4512239	Bra037113
A03	8022840	8024808	Bra022969
A06	22543400	22546098	Bra024818
A03	13972319	13974466	Bra000925
A03	10723006	10725726	Bra000353
A02	23785954	23790545	Bra020596
A10	9387108	9388668	Bra002473
A02	4540738	4542737	Bra020207
A06	24979254	24980048	Bra033603
A07	24902964	24903826	Bra015638
A01	26015416	26018022	Bra040139
A04	820553	823508	Bra014467
A03	4334241	4341030	Bra006626
A03	12791026	12805454	Bra000738
A09	18989129	18990557	Bra028055
A05	23253906	23254964	Bra029720
A03	16256358	16260286	Bra001408
A07	22779780	22782747	Bra016086
A01	8003145	8005015	Bra013832
A02	9359837	9362358	Bra033995
A04	649779	651115	Bra014437
A06	14926453	14927419	Bra038640
A05	4934444	4935400	Bra005342
A07	16194202	16195508	Bra003378
A10	830381	831666	Bra015515
A01	3031656	3033642	Bra011262
A06	13036058	13038350	Bra019533
A01	10902970	10907245	Bra038454
A08	13295593	13297449	Bra010357
A06	8396851	8399454	Bra025884
A04	8967996	8974453	Bra025459
A03	8968571	8971517	Bra000037
A03	60720	61901	Bra005668
A09	11143565	11145067	Bra027485
A07	18285435	18286281	Bra003776
A03	6382975	6387210	Bra029104
A09	27117627	27120280	Bra036823
A05	19717332	19720753	Bra022219
A02	1478687	1481966	Bra028612
A06	24748772	24752013	Bra033650
A02	22269908	22274547	Bra033031
A03	21326869	21328218	Bra012961
A10	7029832	7030137	Bra002886
A01	2273036	2275359	Bra011414
A02	4966130	4966823	Bra020277
A03	28930025	28932266	Bra037019
A01	485035	488151	Bra011792
A02	14367123	14369246	Bra008400
A10	12999802	13000410	Bra008865
A03	3910789	3918237	Bra006526
A08	11803933	11805048	Bra034600
A10	1578655	1580080	Bra015404
A05	21561672	21561857	Bra027425
A05	882164	883482	Bra004581
A07	22638118	22641787	Bra016112
A08	7004211	7006901	Bra038043
A08	18156684	18156971	Bra016537
A03	17900585	17904068	Bra001692
A09	301584	302654	Bra037369
A01	25636615	25636892	Bra040286
A01	9014329	9014772	Bra026455
A05	20100469	20100858	Bra022165
A06	6453093	6455286	Bra025958
A06	1261843	1262667	Bra018922
A05	3755528	3757835	Bra005158
A03	8196583	8198607	Bra023006
A09	27437526	27438349	Bra006874
A05	2893395	2894982	Bra004998
A03	22587864	22590255	Bra012721
A03	21884525	21889371	Bra012867
A09	25019676	25019996	Bra024653
A06	23195579	23204521	Bra024922
A10	14087826	14088341	Bra009376
A02	2912572	2914345	Bra023563
A09	6101624	6105137	Bra036681
A07	20038412	20038642	Bra004086
A09	24315531	24322896	Bra024747
A09	17014703	17015900	Bra035211
A07	15597134	15598247	Bra003273
A03	22483558	22485291	Bra012746
A06	10115373	10117033	Bra018120
A05	22029460	22032325	Bra034760
A06	9327108	9328211	Bra018028
A02	1056823	1058814	Bra028708
A10	3412856	3418361	Bra033231
A09	3145865	3147905	Bra026471
A05	24968158	24970240	Bra039179
Scaffold000881	815	1273	Bra041142
A09	14966912	14969666	Bra037860
A06	4429677	4431309	Bra019784
A02	25183826	25184998	Bra029349
A03	4792207	4792704	Bra006721
A10	2862493	2863718	Bra033330
A06	21480062	21483568	Bra025256
A04	1581398	1587622	Bra014582
A09	38168094	38169387	Bra032516
A04	11126400	11127522	Bra032122
A08	10331387	10336487	Bra020931
A07	12793731	12794431	Bra012022
A07	11066751	11067342	Bra012282
A04	14217069	14217760	Bra021723
A04	12632025	12634412	Bra034383
A10	11265300	11267238	Bra002156
A08	17856566	17860927	Bra016472
A03	12363457	12364401	Bra000660
A02	24528841	24529587	Bra020486
A07	25463989	25464225	Bra035102
A02	4501096	4503274	Bra020200
A03	2336886	2340720	Bra006171
A03	17956225	17956515	Bra001701
A01	5483251	5483819	Bra013406
A09	27974750	27975818	Bra006953
A07	3879966	3882971	Bra015201
A03	25473868	25477572	Bra019251
A06	15148516	15160335	Bra024250
A06	4641355	4645393	Bra019749
A01	1237544	1238398	Bra011655
A01	4045507	4053593	Bra011081
A09	19805202	19806334	Bra023302
A01	9650358	9654398	Bra026351
A02	26712753	26719074	Bra031836
A03	18615590	18618028	Bra001810
A05	24931161	24932012	Bra040596
A07	15473582	15474513	Bra003251
A06	8148207	8149218	Bra025853
A04	14630901	14635824	Bra021796
A07	16893016	16894198	Bra003524
A06	3064650	3068189	Bra018596
A07	19785229	19790809	Bra004045
A06	1648536	1652571	Bra018845
A01	4936449	4937928	Bra013314
A09	1184792	1186693	Bra034186
A09	299684	300822	Bra037368
A07	23958466	23959302	Bra015826
A06	9190649	9195129	Bra018007
A05	3713544	3713780	Bra005145
A06	13867356	13868357	Bra010049
A06	10570459	10574807	Bra018180
A06	2656610	2659150	Bra018679
A06	14804450	14807550	Bra038615
A02	8702132	8704986	Bra039746
A10	7787942	7788921	Bra002767
A08	3311036	3311788	Bra014123
A09	13221849	13223417	Bra017512
A09	37705347	37707116	Bra031533
A04	18167809	18168054	Bra037724
A01	5116794	5119400	Bra013344
A08	16549621	16549881	Bra010970
A09	29113251	29114846	Bra007154
A01	1540042	1541241	Bra011586
A01	26761203	26762773	Bra040514
A01	2545979	2547458	Bra011363
A09	29512805	29517770	Bra007210
A09	16149358	16150346	Bra037920
A09	37599905	37603469	Bra031556
A02	4106167	4107017	Bra020123
A03	2949900	2951009	Bra006310
A03	2943034	2946574	Bra006308
A02	24254180	24256341	Bra020523
A03	22291055	22295112	Bra012788
A06	4710906	4711319	Bra019742
A05	2953278	2954567	Bra005010
A02	25550568	25553784	Bra029289
A02	26313957	26316946	Bra031898
A09	4504450	4506726	Bra037112
A01	25739835	25745035	Bra040221
A07	12565953	12568314	Bra012049
A09	33777450	33778311	Bra031202
A04	14218392	14219818	Bra021724
Scaffold000167	93043	95079	Bra039512
A03	7255705	7258415	Bra022819
A05	16311671	16312600	Bra039962
A10	12748325	12751832	Bra008812
A09	34766957	34770814	Bra030996
A04	13082530	13084563	Bra035664
A09	23760069	23760786	Bra032824
A01	8420292	8422205	Bra013912
A07	11947420	11949010	Bra012151
A01	7834578	7835828	Bra013802
A01	1964418	1967994	Bra011488
Scaffold000164	286253	286760	Bra039399
A10	8012094	8013428	Bra002734
A10	10421265	10421900	Bra002316
A04	15376961	15378104	Bra021936
A07	11623642	11626814	Bra012191
A05	4197263	4198627	Bra005235
A03	2557960	2558754	Bra006216
A03	22083079	22085004	Bra012827
A03	13444508	13446205	Bra000838
A05	21131027	21133091	Bra027338
A06	15212587	15213916	Bra024263
A06	6083810	6089469	Bra026041
A07	21920371	21921303	Bra016253
A02	23792970	23795525	Bra020595
Scaffold000111	102703	106506	Bra035970
A09	36666168	36667246	Bra031753
A09	5521392	5525730	Bra037225
A02	20236102	20236320	Bra026590
A09	20179310	20180762	Bra023264
A03	21725500	21726475	Bra012891
A05	251518	255534	Bra004460
A06	21923546	21925406	Bra025167
A07	16337601	16338204	Bra003406
A01	7225242	7228319	Bra013697
A01	10534946	10538481	Bra040093
A04	8055682	8057248	Bra025584
A06	14233903	14234697	Bra010078
A06	8680092	8682209	Bra017940
A01	8144520	8148023	Bra013868
A09	14278565	14279834	Bra017385
A09	1006931	1008114	Bra036258
A03	29867761	29869141	Bra017697
A03	7151974	7153871	Bra022803
A08	20135641	20137800	Bra030664
A10	14086264	14087098	Bra009377
A08	8485675	8487987	Bra038946
A09	3295665	3296617	Bra026505
A01	2276800	2281142	Bra011412
A03	21546566	21547653	Bra012918
A06	16625645	16627263	Bra024475
A04	14954402	14956354	Bra021847
A02	9096623	9097644	Bra034026
A08	17688244	17689366	Bra016436
A02	11189833	11190285	Bra007971
A03	8249183	8252350	Bra023017
A03	1620152	1622634	Bra006013
A06	16920568	16921368	Bra024510
A02	18068274	18072504	Bra022003
A05	5937211	5945359	Bra005516
A02	24990161	24997120	Bra029379
A04	824380	825566	Bra014468
A06	15865408	15867272	Bra024366
A01	476945	479384	Bra011794
A05	20222529	20231667	Bra027171
A10	15532594	15532890	Bra009455
A06	23189646	23194872	Bra024921
A10	2161804	2166093	Bra015294
A04	6222818	6227348	Bra028119
A10	14081664	14083371	Bra009379
A04	6160865	6163266	Bra028114
A02	23936189	23938709	Bra020572
A01	4399515	4401333	Bra040162
A09	16724484	16726500	Bra035239
A02	4545164	4546737	Bra020209
Scaffold000343	5011	5519	Bra040962
A01	7754254	7754583	Bra013785
A09	27456106	27458865	Bra006879
Scaffold000203	90791	91985	Bra040415
A08	11786290	11786769	Bra034604
A01	15660689	15661003	Bra038903
A02	21630310	21630765	Bra032927
A03	4309091	4311610	Bra006621
A02	18165440	18166799	Bra022010
A04	9627585	9632162	Bra030300
A08	13832455	13836173	Bra010457
A01	24223817	24224806	Bra038743
Scaffold000191	109883	110323	Bra040207
A02	2848162	2849049	Bra023548
A09	30028616	30031270	Bra007309
A06	9823676	9825057	Bra018082
A02	3445316	3448330	Bra023672
A05	23489111	23496298	Bra029664
A01	8062654	8065150	Bra013849
A02	1250685	1252680	Bra028666
A03	4761046	4762127	Bra006714
A03	11992761	11995408	Bra000595
A05	4866969	4869490	Bra005329
A08	1586048	1587066	Bra014329
A09	2921798	2922373	Bra036540
A08	20513098	20515699	Bra030568
A02	1988524	1990909	Bra023364
A09	10377364	10383266	Bra027932
A01	6433856	6435594	Bra013576
A02	1585608	1586702	Bra028590
A05	8243000	8247597	Bra018441
A06	528649	531247	Bra039688
A07	24042032	24042368	Bra015809
A03	3136398	3137119	Bra006349
A05	4470465	4474615	Bra005272
A02	24716939	24725266	Bra029414
A07	23368873	23377419	Bra015951
A05	6022217	6024421	Bra005528
A09	27430614	27430898	Bra006872
A09	29730039	29731727	Bra007254
A10	11449935	11450267	Bra002113
A09	13424839	13430787	Bra017483
A03	425104	426523	Bra005749
A05	3042459	3044691	Bra005026
A01	20327253	20329483	Bra023938
A05	2644634	2646182	Bra004954
A06	16570742	16572603	Bra024465
A09	29045082	29047317	Bra007141
A02	23865496	23867071	Bra020590
A03	19233110	19234189	Bra001897
A05	14358737	14360290	Bra034459
A02	732677	735195	Bra028774
A09	5285336	5285545	Bra037263
A09	33880675	33882762	Bra031181
A09	34504121	34504982	Bra031047
A05	23370390	23372856	Bra029690
A04	2003865	2009992	Bra014647
A05	3086253	3086530	Bra005034
Scaffold000100	38412	38777	Bra034947
A09	31490618	31492001	Bra007603
A08	18011642	18012574	Bra016503
A06	2205147	2208881	Bra018750
A05	22711367	22712147	Bra029854
A09	4522686	4524986	Bra037115
A03	500967	503434	Bra005769
A08	383150	385044	Bra030866
Scaffold000111	256916	258664	Bra035985
A08	6218417	6220766	Bra039865
A10	1883582	1884778	Bra015346
A05	15966719	15968776	Bra033901
A08	7214909	7216387	Bra036764
A03	10691590	10698295	Bra000348
A06	7434173	7435905	Bra025755
Scaffold000164	142060	144158	Bra039365
A06	1495569	1496185	Bra018876
A04	14975473	14976290	Bra021853
A06	24974728	24977304	Bra033604
A02	3327549	3334362	Bra023646
A04	13283195	13284725	Bra039974
A10	12159433	12161529	Bra008679
A08	16012715	16014168	Bra010853
A02	8399175	8401037	Bra022499
A03	8424140	8424463	Bra023051
A09	10979226	10980140	Bra027464
A09	34249748	34250370	Bra031097
A01	5496407	5498180	Bra013409
A07	17011521	17012809	Bra003546
A10	9614159	9616226	Bra002444
A09	27114447	27116108	Bra036824
A10	12037893	12040105	Bra008649
A05	3744467	3746112	Bra005154
A09	3795009	3796087	Bra035874
A02	598263	599836	Bra028800
A05	7470404	7471881	Bra018324
A07	16787776	16788837	Bra003504
A07	3438232	3440161	Bra015231
A01	4944364	4946586	Bra013316
A02	26771344	26772899	Bra031828
A08	9264772	9266892	Bra021069
A04	2452640	2452920	Bra014709
A03	3958648	3960573	Bra006537
A02	23701126	23710198	Bra020606
A06	329032	332810	Bra037976
A02	24030947	24034343	Bra020559
A05	4611838	4612770	Bra005296
A04	1161292	1163463	Bra014515
A01	21903516	21906177	Bra021292
A05	19401263	19403224	Bra022277
A06	13776021	13779338	Bra019621
A01	24903456	24905286	Bra034118
A03	15460603	15463339	Bra001232
A05	3743608	3744053	Bra005153
A07	18998450	19000910	Bra003913
A03	5091696	5094940	Bra006802
A05	4487556	4491454	Bra005274
A08	13434711	13444490	Bra010384
A06	3070008	3074286	Bra018594
A09	38265565	38268500	Bra032537
A09	6605168	6607140	Bra027789
A03	20438569	20439210	Bra013111
A09	7569800	7571827	Bra027648
A09	15824730	15827091	Bra037891
A06	8142640	8143551	Bra025851
A08	63117	65406	Bra030816
A07	515145	515542	Bra039024
A05	9348981	9350717	Bra037089
A07	19133678	19136168	Bra003938
A02	15214935	15216492	Bra008527
Scaffold000149	295106	295363	Bra038588
A08	20681310	20683520	Bra030528
A04	11025984	11027743	Bra032139
Scaffold000220	26954	31251	Bra040582
A09	4711040	4713684	Bra037156
Scaffold000111	134393	137152	Bra035974
A10	3808739	3814387	Bra037938
A05	4067080	4068219	Bra005215
A10	13162653	13164184	Bra008903
A10	12040442	12040699	Bra008650
A10	15112082	15114207	Bra009133
Scaffold000096	816527	816940	Bra034519
A03	11298534	11299292	Bra000474
A01	17396637	17399900	Bra031426
A02	1059793	1061308	Bra028707
A06	5832173	5834007	Bra026104
A03	18625674	18627395	Bra001812
A04	15339721	15342974	Bra021928
A09	7283221	7284451	Bra027698
A04	3550250	3552293	Bra014841
A08	207356	207841	Bra030843
A01	18294302	18296897	Bra028333
A05	11679967	11680585	Bra030468
A07	21390602	21393220	Bra004340
A05	3516242	3516764	Bra005118
A01	1544899	1546238	Bra011585
A03	24559314	24560346	Bra019384
A05	15195565	15196809	Bra010157
A10	9871325	9873991	Bra002406
A02	26376368	26376550	Bra031885
A08	417979	419352	Bra030873
A02	8406116	8409586	Bra022497
A05	2607398	2608674	Bra004948
A05	19203196	19203887	Bra022311
A08	11686564	11689593	Bra034620
A05	21926515	21926909	Bra034731
Scaffold000247	3573	4351	Bra040738
A02	23810825	23816092	Bra020593
A03	22397942	22398891	Bra012763
A03	8711706	8712834	Bra023102
A03	5763727	5766561	Bra028992
A09	33375941	33378194	Bra039923
A01	24619154	24623028	Bra034172
A08	2458234	2467443	Bra014212
Scaffold000140	175005	175505	Bra038157
Scaffold000104	162078	164068	Bra035360
A01	1066963	1072287	Bra011683
A03	2551985	2553663	Bra006214
A09	33594252	33596412	Bra038537
A06	5734016	5736959	Bra026115
A10	9781436	9783744	Bra002417
A09	28736895	28738573	Bra007085
A07	22735556	22736215	Bra016094
A07	18197641	18201092	Bra003757
Scaffold000291	12059	14101	Bra040873
A09	4186619	4187222	Bra037789
A06	8880466	8881239	Bra017970
A03	353270	355439	Bra005735
A03	11955722	11967929	Bra000592
A07	23998192	24000776	Bra015815
A08	15563197	15572072	Bra010773
A05	22892547	22894213	Bra029818
A07	25390417	25393131	Bra035086
A06	17277401	17278913	Bra009707
A06	7549646	7552826	Bra025772
A10	14924912	14926467	Bra009181
A04	6291487	6293949	Bra028124
A07	1546049	1554265	Bra039627
A06	8557550	8558052	Bra017920
A05	1802120	1804421	Bra004778
A10	1320225	1321339	Bra015434
A08	19432321	19435846	Bra016836
A02	3644103	3644980	Bra023706
A07	11439770	11442797	Bra012223
A09	29671920	29675212	Bra007241
A10	302446	302768	Bra015593
A02	3864214	3866503	Bra020067
Scaffold000206	37100	38950	Bra040452
A09	31430916	31431989	Bra007589
A06	30345	32626	Bra038030
A02	23440259	23440976	Bra020644
A04	10039735	10040637	Bra030244
A02	23973481	23980087	Bra020567
A02	25659045	25660173	Bra029272
A08	13788138	13788299	Bra010444
A07	11749621	11755535	Bra012180
A02	7173079	7173774	Bra022660
A10	14422166	14423479	Bra009302
A09	29587961	29589991	Bra007224
A10	12949201	12950310	Bra008853
A01	24000191	24000406	Bra021516
A04	11282908	11284229	Bra032101
A01	25360848	25362772	Bra040041
A05	321123	322340	Bra004475
A10	1777984	1778925	Bra015367
A09	16762765	16764507	Bra035236
A07	17493538	17494733	Bra003644
A07	12134708	12136403	Bra012118
A04	8952508	8956290	Bra025461
A09	29724892	29726990	Bra007252
A08	7003217	7003528	Bra038044
A06	16620636	16622066	Bra024474
A02	21150732	21152040	Bra036365
A05	22041069	22042711	Bra034763
A03	11214808	11217122	Bra000454
A08	14667349	14669206	Bra010599
A07	23556976	23558965	Bra015908
A01	11033420	11035360	Bra033545
A01	16476057	16479824	Bra035407
A01	4586067	4587678	Bra013259
A05	15189213	15189476	Bra010158
A03	19186683	19188894	Bra001891
A10	9285417	9286991	Bra002496
A05	1742714	1743179	Bra004769
A01	8658740	8661335	Bra013949
A05	24200619	24202660	Bra039407
A06	5019572	5021286	Bra019685
A08	20123654	20128675	Bra030666
A08	7983552	7983791	Bra035505
A03	27704772	27707540	Bra024097
A10	11670629	11672742	Bra008569
A01	727663	727926	Bra011753
A08	1635091	1638632	Bra014323
A03	4247400	4250093	Bra006610
A09	8336544	8338171	Bra027049
A09	13045826	13047038	Bra017524
A06	20304205	20304879	Bra037484
A05	24152339	24154368	Bra020794
A06	22921331	22922053	Bra024870
A06	8706847	8713183	Bra017946
A05	2869464	2870782	Bra004995
A06	6351370	6355916	Bra025982
A07	18290711	18293856	Bra003777
A01	3790053	3792000	Bra011124
A07	24049649	24055889	Bra015806
A06	15117057	15119712	Bra024245
A08	5058097	5059748	Bra034941
A03	13981535	13983376	Bra000926
A08	4186412	4189155	Bra014043
A03	24008770	24009770	Bra038804
A01	22691178	22693581	Bra021182
A02	9090954	9091776	Bra034028
Scaffold000104	63648	65361	Bra035352
A06	18511372	18513347	Bra009887
A02	6816056	6817905	Bra022717
A04	11048725	11049244	Bra032135
A08	13986636	13987947	Bra010483
A10	834055	834996	Bra015514
A03	21424804	21427718	Bra012943
A06	22560581	22562522	Bra024820
A04	6835892	6836583	Bra028186
A03	7230400	7231268	Bra022815
A03	18614603	18614923	Bra001809
A09	20771482	20772241	Bra023206
A05	24169350	24171624	Bra020800
A08	18844995	18845811	Bra016704
A04	1250650	1253526	Bra014529
A09	30066509	30068615	Bra007317
A07	14992680	14994866	Bra003179
A09	27899357	27901940	Bra006942
A02	1576333	1579461	Bra028592
A08	19889646	19890109	Bra030722
A09	31862446	31863013	Bra007672
A05	1797442	1799313	Bra004777
A01	11393659	11396663	Bra033495
A08	5740505	5742999	Bra034882
A01	10047094	10047354	Bra026273
A05	18476378	18478025	Bra022428
A07	25855030	25857692	Bra035201
A04	260565	261579	Bra014381
A10	10381812	10382650	Bra002322
A09	18894167	18896427	Bra028061
A03	29856645	29858994	Bra017693
A03	6509739	6510329	Bra029134
Scaffold000219	26869	29735	Bra040573
A08	19993846	19994406	Bra030697
A03	16239938	16243066	Bra001405
A04	5396373	5399403	Bra032741
A05	20294803	20296036	Bra027184
A05	20921585	20931331	Bra027302
A08	3163877	3166071	Bra014140
A09	37718500	37719120	Bra032413
A08	1684879	1686079	Bra014316
A01	19554002	19557025	Bra023848
A06	11419255	11421671	Bra019415
A03	4864515	4865593	Bra006741
A10	12134652	12137411	Bra008672
A03	25859189	25859359	Bra019182
A03	22896572	22898107	Bra012662
A04	16339212	16340863	Bra017165
A03	2959116	2964486	Bra006313
A03	19329685	19330424	Bra001910
A03	8054232	8055032	Bra022976
A01	7131290	7138019	Bra013684
A05	4613781	4614966	Bra005297
A09	11487264	11487557	Bra027519
A05	19205392	19210982	Bra022310
A10	10201931	10202989	Bra002350
A03	1097575	1098174	Bra005897
A05	21373592	21374990	Bra027387
A05	25140828	25143400	Bra039144
A09	27433213	27435840	Bra006873
A02	22231715	22232600	Bra033022
A04	1024274	1026067	Bra014492
A08	14244157	14246026	Bra010534
A03	26869139	26872045	Bra024217
A05	4842309	4845577	Bra005325
A07	18075809	18076947	Bra003739
A01	20113231	20115319	Bra023908
A01	1076913	1078143	Bra011681
A06	7115317	7116482	Bra025708
A03	25092063	25093184	Bra019307
A07	22191137	22191397	Bra016201
A03	7551232	7554019	Bra022880
A07	13076764	13078018	Bra011971
A01	23135195	23135871	Bra021102
Scaffold000167	254320	255345	Bra039530
A09	30575604	30577212	Bra007412
A05	6861885	6862386	Bra018233
A06	8496798	8498212	Bra017907
A03	22587148	22587690	Bra012722
A07	14996587	14998705	Bra003180
A04	17863013	17864502	Bra016884
A04	4266899	4272627	Bra019644
A09	34524627	34526546	Bra031045
A01	1876841	1879683	Bra011511
A02	25003049	25004959	Bra029378
A01	5399967	5402777	Bra013394
A05	20621361	20622297	Bra027240
A06	15474532	15479120	Bra024310
A09	6319747	6320082	Bra036643
A07	15592764	15593491	Bra003272
A01	3004326	3007425	Bra011268
A03	1543466	1544689	Bra005998
A10	11393907	11394206	Bra002131
A07	11471768	11472686	Bra012218
A10	12984462	12986486	Bra008863
A07	17712397	17713826	Bra003680
A04	8756261	8757576	Bra025492
A06	431620	433434	Bra037957
A10	10217322	10218242	Bra002348
A08	4977598	4980186	Bra013957
A06	3542969	3546585	Bra019953
A06	2577448	2578364	Bra018696
A07	24898197	24898945	Bra015639
A07	16780195	16781292	Bra003502
A06	2128614	2132274	Bra018762
A03	19992275	19993268	Bra013188
A09	1181178	1183403	Bra034185
A06	11526732	11526968	Bra019421
A09	3574619	3579987	Bra035907
A07	25389383	25389658	Bra035085
A01	14214763	14218665	Bra029909
A05	14016972	14018029	Bra034430
A06	22242785	22244465	Bra025129
A01	726038	726762	Bra011754
A03	14020316	14024222	Bra000933
A09	1234756	1236200	Bra034200
A03	24003357	24005533	Bra038806
A09	1070515	1072623	Bra036241
A05	23256352	23256687	Bra029719
A03	14137586	14139467	Bra000955
A10	15162058	15163445	Bra009121
A02	4538407	4539437	Bra020206
A04	13253567	13258075	Bra039972
A06	8874018	8877008	Bra017969
A06	1122525	1125172	Bra018941
A10	12848165	12851113	Bra008836
A09	35198883	35200981	Bra026735
A08	13786339	13786494	Bra010443
A03	30292563	30294896	Bra017753
A05	1656609	1660992	Bra004750
A10	13002300	13004410	Bra008866
A09	10912619	10913743	Bra027454
A06	5010544	5017312	Bra019686
A09	24328716	24329067	Bra024746
A03	2965324	2966913	Bra006314
Scaffold000215	16253	18339	Bra040527
A08	19579887	19581701	Bra030793
A04	2100218	2101863	Bra014661
A01	8139915	8141051	Bra013865
A05	4848845	4851286	Bra005326
A09	20468168	20470296	Bra023236
A03	11036525	11036839	Bra000419
A03	30270972	30273006	Bra017752
A04	17678406	17683953	Bra016926
A09	20485903	20487877	Bra023234
A07	11951014	11952581	Bra012150
A09	387607	389559	Bra037389
A10	14071723	14073684	Bra009381
A01	5114435	5115384	Bra013342
A02	9094075	9094897	Bra034027
A01	19735595	19742433	Bra023866
A02	26367416	26374860	Bra031886
A09	20769324	20770709	Bra023207
A04	4634473	4641974	Bra033452
A09	34906025	34910852	Bra026673
A08	20156719	20159200	Bra030657
A02	22069574	22070141	Bra032993
A10	10436302	10437247	Bra002312
A08	13090981	13092330	Bra010320
A09	13750714	13754132	Bra017439
A04	10036611	10038720	Bra030245
A03	25397211	25399301	Bra019266
A10	6452226	6454248	Bra002967
A03	30757964	30758812	Bra017823
A03	28021187	28022711	Bra024049
A06	4648486	4651050	Bra019748
A10	12575297	12577882	Bra008769
A04	14725015	14725662	Bra021807
A03	1292126	1296766	Bra005933
A04	17934081	17939312	Bra016866
A09	23757021	23759023	Bra032825
A08	1505183	1506774	Bra014340
A01	26567551	26569028	Bra021458
A10	13046253	13047615	Bra008876
A03	22150848	22152026	Bra012807
A02	2915642	2916690	Bra023564
A08	16011578	16012278	Bra010852
A02	25652746	25653114	Bra029274
A08	10365783	10367201	Bra020926
A01	4517316	4518646	Bra040178
A07	24467746	24469448	Bra015719
A05	21919994	21921818	Bra034729
Scaffold000178	17184	18418	Bra039818
A09	21033723	21033941	Bra023177
A03	18868109	18869946	Bra001848
A09	303058	304492	Bra037370
A09	13209169	13220900	Bra017513
A09	6573967	6587496	Bra027791
A10	2955331	2956469	Bra033316
A03	15535292	15537053	Bra001247
A10	476670	477631	Bra015574
A09	36563641	36565912	Bra031771
A07	16196888	16197970	Bra003379
A03	21129279	21130669	Bra013000
A02	5507094	5507740	Bra020393
Scaffold000167	264083	267097	Bra039532
A03	314750	316270	Bra005727
A01	3024216	3026616	Bra011265
A04	1028507	1029834	Bra014494
A04	11163916	11166306	Bra032118
A09	27449959	27455516	Bra006878
A05	3833254	3835273	Bra005175
A10	9274027	9277939	Bra002498
A03	17231161	17232718	Bra001586
A01	3966156	3967313	Bra011085
A09	38172716	38177283	Bra032518
A05	7512648	7514410	Bra018331
A07	13276420	13280597	Bra011946
A08	10351143	10354118	Bra020928
A03	3829008	3830718	Bra006507
A03	10786274	10788081	Bra000367
A06	23655425	23659453	Bra025019
A09	19355424	19363674	Bra028018
A03	1454182	1454664	Bra005971
A03	7549092	7550236	Bra022879
A07	18160878	18163146	Bra003751
A02	23145352	23145976	Bra020698
A01	1140660	1142548	Bra011671
A04	12025037	12026743	Bra034287
A10	7269388	7269621	Bra002840
A03	23612142	23614915	Bra012553
A10	9972683	9974497	Bra002386
A03	355979	357657	Bra005736
A09	5601754	5602632	Bra038542
A10	16115900	16118175	Bra009583
A01	25516188	25518317	Bra040368
A08	57170	62428	Bra030815
A03	17092075	17093986	Bra001563
A03	6815604	6816351	Bra022748
A10	7261919	7262869	Bra002842
A03	28252787	28253886	Bra024014
A09	33183914	33184162	Bra039946
A05	20636928	20641737	Bra027242
A03	17181235	17182796	Bra001578
A10	9610681	9611083	Bra002446
A06	3701524	3702767	Bra019925
A09	14957909	14960232	Bra037859
A10	11385567	11387052	Bra002133
A04	8975838	8978410	Bra025458
A02	24393360	24395553	Bra020500
A03	6154762	6163637	Bra029067
A04	13216903	13218089	Bra039967
A01	22361668	22362289	Bra021232
A09	29941342	29943401	Bra007293
A10	10290663	10291706	Bra002338
A09	3242418	3244129	Bra026492
A01	6757112	6759338	Bra013632
A06	4909642	4911321	Bra019701
Scaffold000282	4995	8416	Bra040854
A09	19700505	19702200	Bra027989
A03	10604311	10605757	Bra000330
A05	4342916	4345567	Bra005261
A03	9828909	9829962	Bra000193
A06	8393749	8396136	Bra025883
A10	12359215	12361642	Bra008719
A10	2440634	2442442	Bra033415
A09	5267830	5273747	Bra037267
A09	3469113	3470483	Bra035929
A02	20387671	20389494	Bra026571
A04	5432558	5434514	Bra032737
A05	20578567	20581505	Bra027235
A06	22558129	22559872	Bra024819
A10	9867725	9870386	Bra002407
A03	14420639	14421378	Bra001019
A06	7714523	7715898	Bra025787
A07	510499	513522	Bra039025
A03	26596654	26598120	Bra019049
A09	11376409	11379102	Bra027509
A02	2336346	2338426	Bra023436
A03	15969500	15972615	Bra001348
A03	3862703	3867820	Bra006514
A03	12783064	12790682	Bra000737
A01	16018720	16022213	Bra035446
A09	8856966	8860604	Bra027096
A08	16551372	16551626	Bra010971
A10	9334501	9336497	Bra002485
A08	11784034	11785570	Bra034605
A10	15229294	15230280	Bra009101
A09	34853494	34856264	Bra030985
A09	6752454	6753699	Bra027770
A03	14419805	14420246	Bra001018
A02	2837545	2839300	Bra023545
A06	2805621	2807386	Bra018654
A10	13863484	13864307	Bra009056
A05	2888618	2890743	Bra004997
A03	21061112	21065885	Bra013009
A05	16403361	16405018	Bra039953
A02	9901890	9903308	Bra033925
A01	5397860	5398704	Bra013393
A02	22544564	22545935	Bra033071
A05	4328988	4330101	Bra005258
A02	6066715	6071051	Bra035634
A04	16043764	16044882	Bra017222
A08	12934937	12936859	Bra010297
A07	25228085	25230488	Bra035047
A06	7632272	7635102	Bra025777
A04	10236175	10236704	Bra030221
A07	20457649	20459482	Bra004168
A08	3241489	3241722	Bra014130
A08	18524347	18525245	Bra016615
A06	21736990	21737319	Bra025201
A03	1157580	1159161	Bra005908
A09	7565147	7566507	Bra027649
A03	1711496	1714213	Bra006038
A04	15814597	15816801	Bra017258
A04	12287288	12289363	Bra034326
A03	17958278	17959042	Bra001703
A06	4982677	4986509	Bra019688
A01	24457804	24470371	Bra038690
A03	2657603	2659177	Bra006240
A02	25010847	25012972	Bra029376
A03	427236	428605	Bra005750
A10	2156328	2161245	Bra015295
A01	22492066	22495517	Bra021215
A03	10788574	10788822	Bra000368
A03	11668587	11670139	Bra000539
A09	28741010	28744634	Bra007086
A06	21890141	21892042	Bra025171
A02	24537571	24539141	Bra020484
A05	4499687	4501100	Bra005277
A05	6286117	6288300	Bra005573
A09	3744231	3747042	Bra035881
A03	10721323	10722051	Bra000352
A07	16902271	16906037	Bra003526
A09	35214479	35215486	Bra026739
A05	23594801	23596367	Bra029639
A07	22187805	22190043	Bra016202
A05	4038794	4040193	Bra005211
A01	5620079	5629512	Bra013431
A05	1178112	1181314	Bra004639
A08	12763607	12764991	Bra010267
A02	22388722	22390069	Bra033044
A01	20415667	20417877	Bra038260
A05	3895384	3897595	Bra005187
A04	811297	817751	Bra014466
A07	17502931	17504272	Bra003647
A05	20967280	20973994	Bra027307
A09	15939003	15939952	Bra037904
A03	89816	90831	Bra005676
A07	1152037	1154918	Bra038816
A02	8162125	8163670	Bra022536
A08	18920690	18922718	Bra016729
A05	20259234	20259947	Bra027175
A08	14055269	14058075	Bra010498
A01	3796172	3797727	Bra011123
A10	10882106	10884444	Bra002219
A01	24272544	24275333	Bra038729
A06	14429517	14432111	Bra010106
A05	20257082	20258827	Bra027174
A08	20013332	20019322	Bra030692
A05	3867678	3868374	Bra005180
A03	13185705	13188694	Bra000796
A01	2049355	2050392	Bra011469
A05	1851396	1853277	Bra004792
A05	22316106	22317417	Bra034824
A09	27976311	27978861	Bra006954
A02	12122939	12125189	Bra008097
A03	5473703	5477813	Bra028933
A04	645518	647426	Bra014436
A07	10373700	10375261	Bra012369
A02	1482587	1485677	Bra028611
A04	16164562	16165062	Bra017204
A07	22642202	22644075	Bra016111
Scaffold000191	119290	122306	Bra040209
A02	4964463	4965071	Bra020276
A06	6455920	6457819	Bra025957
A06	10566562	10568984	Bra018179
A03	22593990	22595000	Bra012719
A05	2896195	2899524	Bra004999
A09	12889508	12890320	Bra017545
A06	13861937	13865655	Bra010048
A06	4163696	4164253	Bra019827
A01	23132599	23132835	Bra021104
A10	3418941	3420671	Bra033230
A04	15118554	15119703	Bra021879
A03	22156168	22161932	Bra012805
A03	14131625	14132970	Bra000953
Scaffold000203	84892	87712	Bra040414
A08	17854559	17855945	Bra016471
A04	2010479	2013096	Bra014648
A03	1238502	1239158	Bra005924
A03	127654	128583	Bra005687
A04	3427765	3429814	Bra014827
A07	16771415	16771819	Bra003500
A09	21119475	21123719	Bra023169
A02	19417843	19427153	Bra026669
A10	11268033	11268701	Bra002155
A05	3760622	3762011	Bra005159
A01	23717489	23719426	Bra021555
A01	26046402	26050514	Bra040147
A09	29622534	29623273	Bra007230
A09	1064130	1064578	Bra036243
A10	9518720	9522700	Bra002456
A01	389285	390160	Bra011818
A01	8142916	8143757	Bra013867
A05	20086820	20087677	Bra022166
A02	4543688	4544059	Bra020208
A09	465543	465889	Bra037406
A01	26763223	26763774	Bra040515
A03	20172733	20173906	Bra013155
A06	1696237	1702879	Bra018836
A03	14854824	14857249	Bra001116
A04	14205260	14206789	Bra021722
A08	19584184	19586147	Bra030791
A02	24793161	24796836	Bra029406
A09	34849844	34851313	Bra030986
A07	23486959	23490515	Bra015922
Scaffold000191	123505	128171	Bra040210
A09	33240924	33245982	Bra039936
A03	27286010	27287286	Bra024160
A10	2499122	2499653	Bra033403
A07	14134241	14144442	Bra028459
A09	2642328	2650495	Bra036599
A08	711345	713085	Bra030911
A03	25478426	25478680	Bra019250
A05	5408664	5409494	Bra005421
A05	22915338	22916751	Bra029810
A06	20161848	20174649	Bra037453
A03	9004601	9005799	Bra000042
A07	20911116	20912222	Bra004248
A06	2651924	2652790	Bra018681
A09	3629337	3630048	Bra035895
A02	3334992	3337880	Bra023647
A01	3679499	3680915	Bra011149
A02	594513	596125	Bra028801
A03	982894	985738	Bra005865
A05	6013622	6015560	Bra005526
A08	10557557	10559554	Bra020894
A02	10590547	10591740	Bra007885
A09	7000174	7003336	Bra027735
A03	3137736	3139391	Bra006350
A06	4904697	4906167	Bra019703
A07	1530193	1531059	Bra039622
A07	19932451	19935171	Bra004068
A03	22633368	22634202	Bra012710
A09	5283241	5284233	Bra037264
A01	8134225	8135900	Bra013863
A09	33839029	33844251	Bra031187
A09	17592227	17598684	Bra029472
A07	16285400	16287755	Bra003396
A02	17674504	17679235	Bra021967
A02	3073822	3077851	Bra023592
A09	29808871	29809618	Bra007269
A07	24056367	24057880	Bra015805
A03	12026966	12029606	Bra000603
A07	18606092	18611976	Bra003844
A10	8911625	8914022	Bra002566
A07	1531705	1532871	Bra039623
A03	4687140	4690441	Bra006698
A03	1205887	1208268	Bra005915
A07	1710425	1711478	Bra039906
Scaffold000164	260497	262394	Bra039394
A06	6996583	6999625	Bra025687
A10	9342030	9343466	Bra002483
A04	262662	262970	Bra014382
A01	7836749	7843342	Bra013803
A05	5426088	5426888	Bra005425
A06	521256	527481	Bra039689
A09	3528678	3530325	Bra035916
A09	5280013	5281936	Bra037265
A09	7406117	7407335	Bra027676
A08	13130117	13131747	Bra010332
A05	6018429	6020825	Bra005527
A02	24839169	24842125	Bra029402
A03	10767310	10770545	Bra000365
A05	3654625	3657578	Bra005137
A03	2609590	2615062	Bra006227
A05	4455311	4461022	Bra005270
A06	6367104	6370979	Bra025979
A02	603709	605654	Bra028798
A06	6667661	6672273	Bra025927
A08	20389111	20390521	Bra030599
A03	2952629	2953807	Bra006311
A02	3430227	3434554	Bra023670
A02	9106316	9107150	Bra034024
A03	16260952	16261935	Bra001409
A10	6525963	6527631	Bra002957
A10	12522160	12523723	Bra008753
A05	18923492	18924704	Bra022356
A04	12457705	12458145	Bra034355
A02	25647895	25651773	Bra029275
A03	16756536	16759294	Bra001506
A06	196440	199116	Bra037997
A09	38383015	38384591	Bra032560
Scaffold000149	268658	269775	Bra038584
A08	10849654	10852533	Bra020857
A03	24779545	24783194	Bra019354
A03	16295126	16301062	Bra001416
A02	2842666	2844614	Bra023547
A05	4510181	4513613	Bra005279
Scaffold000317	6194	7108	Bra040927
A08	17802456	17805674	Bra016459
A02	2373315	2374947	Bra023446
A01	20418801	20422342	Bra038259
A02	3774629	3776876	Bra020046
A02	5793206	5795756	Bra020445
A06	12315101	12316304	Bra019475
A06	4747938	4751294	Bra019733
A10	12946287	12948215	Bra008852
A07	23964553	23966840	Bra015824
A08	18173750	18175578	Bra016541
A06	15208602	15211317	Bra024262
A01	26018654	26021253	Bra040140
A05	2569087	2571370	Bra004937
A03	17094760	17096321	Bra001564
A03	2051045	2052168	Bra006108
A06	10387409	10387970	Bra018156
A09	7479150	7480155	Bra027662
A01	3029845	3030999	Bra011263
A03	4739087	4740392	Bra006710
A04	2920479	2921955	Bra014766
A09	29192846	29197471	Bra007167
A01	21910423	21916921	Bra021291
A03	4997295	4999498	Bra006772
