A03	5356113	5358418	Bra006852
A01	10907681	10909774	Bra038453
A05	3616583	3617092	Bra005134
A07	23241803	23243585	Bra015981
A06	7748693	7750260	Bra025792
A03	7751188	7753436	Bra022917
A07	18256252	18264049	Bra003767
A06	454289	456741	Bra037954
A09	27659673	27661091	Bra006918
A08	9664022	9665355	Bra021018
A01	4358105	4359462	Bra011025
A01	10634370	10634612	Bra038500
A03	9498712	9499356	Bra000135
A09	27148887	27149153	Bra036816
A09	29728337	29729269	Bra007253
A02	5796641	5797249	Bra020446
A05	5385891	5386956	Bra005417
A05	19110807	19112459	Bra022325
A05	20796325	20797447	Bra027277
A05	4479079	4485601	Bra005273
A09	4213612	4218770	Bra037793
A08	18533951	18537779	Bra016618
A10	14050370	14051263	Bra009384
A03	20503598	20504012	Bra013102
A03	21085392	21093219	Bra013007
A02	3139482	3139916	Bra023608
A04	14961932	14962189	Bra021848
A08	17281192	17281935	Bra016364
A05	19373594	19377954	Bra022281
A07	24180758	24181126	Bra015778
A03	13661766	13662884	Bra000875
A02	11944968	11946972	Bra008057
A05	1912514	1914621	Bra004809
A05	4174659	4175298	Bra005232
A10	1894813	1896427	Bra015345
A09	2352978	2353641	Bra036128
A05	9508116	9508491	Bra037108
A07	9555824	9556093	Bra012476
A06	3355127	3356641	Bra019994
A03	14401659	14403192	Bra001010
A03	971672	972688	Bra005861
A07	24732256	24734417	Bra015668
A10	11870454	11872457	Bra008611
A05	20321718	20322633	Bra027188
A05	4931610	4933646	Bra005341
A04	4399688	4400558	Bra033422
A09	38648333	38651446	Bra032622
A09	11370699	11372102	Bra027507
A07	24168724	24171575	Bra015781
A04	5017376	5017853	Bra032775
A10	3145070	3146300	Bra033285
A02	902899	904571	Bra028741
A09	36651210	36652376	Bra031756
A03	18819629	18820973	Bra001841
A03	4353992	4355262	Bra006629
A06	903355	904682	Bra018984
A04	1909178	1910299	Bra014635
A02	18552124	18555858	Bra022048
A03	7371788	7373574	Bra022841
A07	15041827	15044782	Bra003190
A04	16177256	16178454	Bra017201
A05	16085431	16086653	Bra033911
A01	25103238	25105121	Bra034075
A08	204369	206561	Bra030842
A06	22493341	22494240	Bra024808
A04	15285797	15286919	Bra021919
A04	9786211	9787863	Bra030276
A01	7603071	7603453	Bra013752
A01	23380649	23380909	Bra021085
A09	2662006	2666230	Bra036596
A09	30657197	30659256	Bra007425
A05	19264615	19266492	Bra022298
A04	18807721	18809169	Bra039301
A03	10726779	10728642	Bra000354
A03	986452	988535	Bra005866
A09	4185079	4186276	Bra037788
A10	16080903	16082978	Bra009576
A10	10553535	10556674	Bra002286
A05	19095712	19103981	Bra022328
A02	5546768	5549065	Bra020406
A09	36702957	36703463	Bra031748
A06	21245468	21248058	Bra025298
A02	429054	430124	Bra028837
A03	27885460	27886568	Bra024071
A09	28069538	28070523	Bra006963
A04	13668966	13670793	Bra021634
A05	18750103	18752472	Bra022384
A05	1860370	1861952	Bra004794
A09	33125408	33127912	Bra039190
A06	14800419	14802379	Bra038614
A06	6850053	6851066	Bra025668
A05	17761505	17762714	Bra035764
A03	14555400	14557995	Bra001050
A02	14252318	14258991	Bra008389
A03	13901943	13903124	Bra000914
A07	16449823	16451058	Bra003435
A09	5916125	5918558	Bra036708
A05	1758749	1759215	Bra004770
A02	6941637	6943117	Bra022697
A06	6420668	6420901	Bra025969
A09	33711642	33713719	Bra031219
A06	11103115	11113113	Bra038280
A02	25172906	25179858	Bra029350
A07	22389677	22392076	Bra016163
A02	13049693	13051638	Bra008244
A01	8347526	8349511	Bra013895
A09	209904	212483	Bra037351
A07	6852974	6854325	Bra014978
A10	14965859	14966620	Bra009170
A09	36774647	36775816	Bra031729
A02	3676181	3676582	Bra023716
A05	22423196	22424483	Bra034845
A01	14358441	14360693	Bra029919
A06	22185625	22187543	Bra025141
A04	1932195	1940954	Bra014637
A08	17252248	17253632	Bra016355
A05	2176019	2177933	Bra004865
A09	16829770	16834389	Bra035228
A09	37899642	37900887	Bra032453
A10	6115819	6117904	Bra003014
A02	4071132	4071770	Bra020115
A07	13789099	13790680	Bra028405
A08	15194560	15198156	Bra010684
A10	16084501	16085405	Bra009577
A09	37392933	37394378	Bra031602
A01	15751076	15753302	Bra035470
Scaffold000164	174440	175264	Bra039373
A08	10635359	10636049	Bra020888
A02	24977750	24980123	Bra029382
A01	4355162	4357104	Bra011026
A10	15265354	15267258	Bra009090
A10	14046025	14046280	Bra009386
A06	1267453	1269170	Bra018920
A05	4371102	4377024	Bra005264
A01	5015188	5017999	Bra013324
A10	9445124	9447998	Bra002464
A10	2986213	2987570	Bra033311
Scaffold000100	855974	859606	Bra035008
A04	3236217	3237416	Bra014799
A02	7812486	7814181	Bra022574
A06	512097	514044	Bra039693
A03	16944358	16946058	Bra001541
A08	15922711	15924870	Bra010834
A02	600841	602794	Bra028799
A09	1445612	1446919	Bra034244
A06	6090299	6091748	Bra026040
A09	34529548	34530701	Bra031043
A03	16668393	16669487	Bra001489
A04	15203025	15204759	Bra021898
A09	14277449	14278229	Bra017386
A09	6900973	6902360	Bra027752
A01	24319747	24320824	Bra038716
A09	29238056	29238322	Bra007172
A07	17020625	17020999	Bra003550
A07	5347410	5352449	Bra015141
A02	3262876	3264111	Bra023634
A07	11924527	11938309	Bra012153
A03	25717824	25719427	Bra019210
A07	17703140	17705966	Bra003678
A03	15927440	15930453	Bra001336
A03	1694012	1695197	Bra006034
A05	9510865	9511869	Bra037109
A06	6007926	6010112	Bra026058
A05	3841348	3843095	Bra005176
A02	10986534	10986782	Bra007938
A09	8112008	8114589	Bra027021
A06	19382480	19390436	Bra010036
A09	33128499	33130886	Bra039189
A03	7468876	7470906	Bra022864
A01	7533778	7534506	Bra013741
A03	222585	224303	Bra005708
A05	256621	257805	Bra004461
A01	25098732	25100162	Bra034077
A07	18905381	18907244	Bra003899
A06	8682516	8685334	Bra017941
A07	2277405	2279072	Bra002054
A09	10528317	10531900	Bra027956
A01	6567555	6572888	Bra013599
Scaffold000167	256490	260047	Bra039531
A06	5902589	5904451	Bra026087
A07	19953070	19954578	Bra004073
A06	4038255	4039487	Bra019846
A10	293833	299869	Bra015594
A05	20292345	20294460	Bra027183
A07	15616574	15616925	Bra003277
A05	5169000	5170619	Bra005390
A09	32608675	32614184	Bra007825
A05	2139867	2141063	Bra004853
A01	24109290	24113933	Bra021499
A07	17317621	17318522	Bra003607
A06	16396062	16397658	Bra024441
A05	23290504	23293651	Bra029711
A03	13117470	13118888	Bra000785
A01	10259607	10261466	Bra026238
Scaffold000141	40301	42083	Bra038180
A10	10790212	10793576	Bra002238
A09	27562853	27563062	Bra006898
A08	4859333	4861164	Bra013991
A06	7708156	7708381	Bra025785
A09	36377394	36381097	Bra026985
A06	23744771	23747537	Bra025032
A03	14872534	14873238	Bra001122
A10	2038162	2041284	Bra015316
A09	32853674	32856005	Bra039237
A05	18997726	18999000	Bra022347
A02	10599964	10606676	Bra007886
A06	4321374	4322321	Bra019806
A06	2910185	2910798	Bra018629
A06	17007780	17010103	Bra009651
Scaffold000111	379299	380050	Bra035997
A07	21000965	21004233	Bra004269
A03	10525649	10526747	Bra000314
A06	15161093	15161401	Bra024251
A05	24263685	24264872	Bra039425
A07	17498418	17499341	Bra003645
A06	3360712	3363018	Bra019992
A02	311344	312162	Bra028866
A04	2296461	2297781	Bra014692
A10	10049320	10049646	Bra002372
A08	385792	387045	Bra030867
A10	9617325	9618613	Bra002443
A03	13867423	13868624	Bra000905
A01	10067295	10067882	Bra026271
A02	14593431	14596743	Bra008429
A09	28698773	28700929	Bra007079
A03	2618729	2619577	Bra006229
A07	10366916	10369528	Bra012371
A06	5065320	5068145	Bra019678
A07	20363073	20365979	Bra004149
A03	975470	978155	Bra005863
A02	3646194	3648209	Bra023707
A05	5427913	5428643	Bra005426
A06	19088884	19090617	Bra009987
A07	5470045	5481779	Bra015131
A09	25594619	25595433	Bra024564
A03	18302919	18305368	Bra001761
A02	2568516	2575464	Bra023490
A10	9448529	9448972	Bra002463
A03	6507365	6508816	Bra029133
A05	1577975	1580534	Bra004737
A08	20525461	20533788	Bra030564
A03	9578363	9581216	Bra000149
A07	18910939	18912144	Bra003900
A09	29734898	29739931	Bra007255
A03	5325219	5326187	Bra006847
A06	17559337	17559691	Bra009739
A01	7761911	7764036	Bra013788
A06	2381984	2392802	Bra018716
A09	10434162	10435251	Bra027940
A05	15658879	15660117	Bra033876
A05	24146141	24151111	Bra020793
A02	1998298	2001367	Bra023367
A09	11661227	11662825	Bra027544
A08	2999454	2999747	Bra014154
A07	646499	647532	Bra039014
A07	17018656	17020149	Bra003549
A10	14966861	14971439	Bra009169
A09	9094035	9096143	Bra027125
A06	18401806	18404001	Bra009868
A07	25464588	25467583	Bra035103
A06	896038	898051	Bra018986
A04	15489767	15490978	Bra017321
A01	19042068	19042913	Bra023779
A02	15054321	15057080	Bra008507
A06	10385492	10387071	Bra018154
A05	17645718	17646812	Bra035749
A02	19086269	19088205	Bra022105
A09	34519199	34520610	Bra031046
A07	21421342	21424448	Bra004347
A01	24401217	24403090	Bra038697
A03	9947921	9948464	Bra000214
A03	28226065	28227381	Bra024020
A07	10078792	10082061	Bra012411
A03	19167217	19168189	Bra001888
A01	22954609	22955279	Bra021135
A03	22631686	22631931	Bra012711
A10	2804392	2805240	Bra033338
A08	17639370	17642026	Bra016427
A01	19463713	19469300	Bra023833
A01	10045221	10046393	Bra026274
A04	11289650	11290431	Bra032099
A05	5432795	5434118	Bra005428
A05	2866783	2868039	Bra004994
A06	19084500	19086056	Bra009985
A08	18558326	18561134	Bra016625
A03	11381421	11383499	Bra000487
A07	12355912	12357368	Bra012083
A06	4966059	4969893	Bra019690
A07	14453508	14458396	Bra028506
A02	9208344	9212672	Bra034012
A03	6668308	6669763	Bra029166
A02	6592952	6593398	Bra035542
A05	1792544	1796957	Bra004776
A10	12045539	12046537	Bra008651
A09	25824055	25827000	Bra024527
A07	21924719	21925179	Bra016251
A04	1697269	1699605	Bra014601
A02	24714825	24715037	Bra029415
A02	15817718	15818542	Bra018543
A05	2603473	2606441	Bra004947
A03	13931841	13933376	Bra000919
A01	25315441	25317159	Bra040048
A10	14066218	14071001	Bra009382
A08	9267726	9267986	Bra021068
A03	12758403	12763256	Bra000734
A03	10542936	10543603	Bra000316
A01	6908289	6910886	Bra013658
A07	21922558	21923488	Bra016252
A05	24821993	24823414	Bra032015
A09	37882551	37899062	Bra032450
Scaffold000318	1654	4271	Bra040933
A01	1393494	1397022	Bra011617
A08	13000525	13000797	Bra010308
A08	17785033	17788336	Bra016456
A09	3946344	3949353	Bra035841
A04	17756375	17758192	Bra016908
A01	8557388	8562058	Bra013937
A05	25236914	25237763	Bra039118
A10	15115158	15115834	Bra009132
A01	22952530	22953609	Bra021136
A07	20981680	20982864	Bra004262
A02	25103449	25106649	Bra029356
Scaffold000178	95587	98232	Bra039824
Scaffold000247	2218	2430	Bra040737
A02	13063622	13065213	Bra008246
A02	26936561	26936854	Bra031800
A09	3535286	3537722	Bra035913
A05	3806461	3808482	Bra005168
A06	5368347	5370927	Bra026192
A04	3379062	3382015	Bra014819
Scaffold000718	964	1632	Bra041132
A06	22563406	22564615	Bra024821
A06	1564178	1566736	Bra018863
A02	7228254	7229506	Bra022654
A10	15260180	15260563	Bra009092
A10	16298892	16299214	Bra009625
A05	1919370	1921218	Bra004811
A05	24818303	24820953	Bra032014
A01	3455584	3456712	Bra011180
A05	21917956	21919183	Bra034728
Scaffold000096	852448	852825	Bra034524
A08	10355243	10364689	Bra020927
A06	17029156	17032125	Bra009657
A05	5424662	5425147	Bra005424
A05	22369092	22369960	Bra034833
A01	562776	565053	Bra011783
A06	7389283	7391712	Bra025746
A09	27439257	27442331	Bra006875
A07	12102543	12105827	Bra012127
A07	507711	508556	Bra039026
A07	21092230	21093195	Bra004291
A07	6803627	6805859	Bra014984
A06	3336642	3338151	Bra019999
A07	24824494	24826032	Bra015652
A09	20566220	20568078	Bra023224
A05	5429731	5431649	Bra005427
A04	1952242	1953123	Bra014638
A01	10963680	10964896	Bra038447
A07	10393417	10395956	Bra012365
A01	19043490	19045672	Bra023780
A09	34138266	34140932	Bra031117
A09	29718202	29719391	Bra007249
A07	14238459	14241370	Bra028474
A04	12368599	12371626	Bra034338
A03	17233416	17234306	Bra001587
A03	11347527	11347838	Bra000481
A05	8266053	8268142	Bra018447
A06	1668070	1668722	Bra018842
A05	6900044	6901477	Bra018242
A08	1632087	1632323	Bra014324
A05	7846745	7847935	Bra018377
A08	1499087	1500387	Bra014342
A05	20576794	20577746	Bra027234
A10	14439560	14441580	Bra009298
A01	16872611	16874165	Bra031484
A02	8597769	8598917	Bra022469
A07	20908262	20910626	Bra004247
A06	15479845	15485013	Bra024311
A06	18399781	18400911	Bra009867
A06	1292057	1293082	Bra018916
A06	24045398	24046883	Bra025091
A06	17006456	17006874	Bra009650
A03	15511232	15513551	Bra001244
A06	20580486	20582407	Bra025416
A10	16076226	16077185	Bra009574
A05	24824142	24830665	Bra032016
A05	4507875	4509437	Bra005278
A07	20329110	20329675	Bra004139
A10	11396767	11398404	Bra002129
A10	9134829	9135281	Bra002520
A03	14885269	14888295	Bra001124
Scaffold000217	39497	39715	Bra040553
A01	6927844	6934400	Bra013661
A10	13844356	13845426	Bra009053
A09	37383699	37385146	Bra031605
A01	3037320	3040329	Bra011260
A02	18660211	18661173	Bra022065
A06	5979213	5981256	Bra026064
A03	11155668	11158968	Bra000440
A09	9937229	9938112	Bra027876
A02	5197616	5198629	Bra020324
A06	22209306	22210813	Bra025137
A06	17530441	17532614	Bra009735
A03	16898602	16900003	Bra001530
A01	330895	333414	Bra011830
A06	6673259	6675029	Bra025926
A05	21222908	21224893	Bra027358
A10	6922355	6926399	Bra002904
A07	492345	495414	Bra039028
A03	57623	60040	Bra005667
A02	12138980	12139331	Bra008100
A09	1030947	1032303	Bra036254
A02	10405206	10407113	Bra007866
A03	13455912	13457043	Bra000840
A02	2708010	2711846	Bra023518
A01	2519931	2527386	Bra011366
A06	7799387	7802387	Bra025804
A04	16661799	16662392	Bra017112
A09	37876515	37881383	Bra032449
A08	16038730	16040383	Bra010858
A02	25657610	25657955	Bra029273
A03	1019607	1021037	Bra005875
A02	4693601	4697285	Bra020234
A07	13864457	13866731	Bra028415
A03	6672333	6673297	Bra029168
A09	37386811	37388316	Bra031604
A05	18847570	18850805	Bra022369
A02	3130297	3130467	Bra023605
A09	32662347	32663606	Bra007831
A08	9225446	9227916	Bra021078
A09	1687367	1688342	Bra039060
A10	15202749	15203388	Bra009109
A03	5079158	5084626	Bra006799
A05	1606719	1607477	Bra004743
A09	20118622	20119405	Bra023270
A04	1709281	1712360	Bra014603
A06	5128745	5129271	Bra019662
A04	11728924	11729172	Bra032033
A10	10183456	10185816	Bra002355
A02	1346762	1347103	Bra028641
A09	3105049	3108880	Bra026465
A10	12988728	12998691	Bra008864
A04	19211246	19214028	Bra021441
A09	5913039	5914063	Bra036710
A09	28702185	28702861	Bra007080
A09	29765076	29767322	Bra007260
A08	4327854	4329867	Bra014032
A07	17398856	17399480	Bra003624
A06	5925023	5926183	Bra026080
A03	456157	457738	Bra005756
A06	12885987	12888783	Bra019522
A03	5086738	5090472	Bra006801
A09	34237445	34238626	Bra031103
A05	25279745	25283295	Bra039108
A06	22922695	22926239	Bra024871
A03	2543354	2546508	Bra006212
A04	11028661	11035208	Bra032138
A09	34253011	34253587	Bra031094
A08	8793134	8796128	Bra038437
A03	23721983	23726550	Bra012540
A03	2605364	2608831	Bra006226
A03	28009090	28012136	Bra024051
A01	1189405	1190731	Bra011664
A02	12864757	12870098	Bra008212
A03	13498815	13503183	Bra000848
A02	11625846	11626478	Bra008025
A06	6848168	6849301	Bra025667
A02	862884	864864	Bra028748
A09	5914701	5915327	Bra036709
A03	10918286	10920672	Bra000393
A01	1063714	1066264	Bra011684
A02	6521270	6521503	Bra035555
A03	973099	974459	Bra005862
A02	4975645	4976451	Bra020279
A08	6553205	6555085	Bra039708
A05	2900595	2903550	Bra005000
A10	2805781	2809085	Bra033337
A05	24985831	24986925	Bra039176
A02	7475934	7478567	Bra022618
A05	17926512	17928205	Bra035787
A01	25855849	25856114	Bra040247
A06	2194874	2199172	Bra018751
A02	1993584	1997362	Bra023366
A05	19520088	19522663	Bra022255
A07	4481549	4481989	Bra036397
A06	3335271	3336163	Bra020000
A04	10732730	10735519	Bra032172
A07	7251508	7252582	Bra014945
A04	15374497	15376295	Bra021935
A01	899505	900790	Bra011719
A10	12853442	12855069	Bra008837
A03	87282	89014	Bra005675
A07	4475919	4478150	Bra036396
A02	15819402	15828561	Bra018542
A09	7311153	7311978	Bra027694
A09	5924764	5925849	Bra036707
A06	15207087	15207786	Bra024261
A04	2060584	2064200	Bra014656
A08	17647926	17650541	Bra016428
A10	16073720	16074280	Bra009572
A02	14597841	14598460	Bra008430
A08	17600960	17603800	Bra016418
A05	21236294	21238026	Bra027359
Scaffold000111	364455	365623	Bra035994
A03	979518	982183	Bra005864
A03	4190297	4192315	Bra006593
A01	2043324	2048368	Bra011470
A02	18658054	18659078	Bra022064
A06	5180274	5182664	Bra019653
A09	19524818	19526257	Bra028006
A08	2842504	2843512	Bra014169
A07	9682465	9685240	Bra012462
A05	4461689	4469878	Bra005271
A02	4576250	4580217	Bra020215
A10	7264441	7267268	Bra002841
A05	23949867	23951011	Bra020749
A03	1050114	1057429	Bra005884
A02	11623023	11623703	Bra008024
A05	20435713	20436200	Bra027208
A10	2949018	2951695	Bra033317
A09	13018634	13019683	Bra017529
A02	1034125	1035831	Bra028713
A07	19287728	19293100	Bra003967
A03	14325599	14328858	Bra000996
A07	14898534	14900306	Bra003159
A06	18289344	18289630	Bra009851
A05	7029491	7030174	Bra018268
A10	10546538	10548756	Bra002288
A03	14702904	14706863	Bra001090
A04	11220839	11223048	Bra032110
A04	18163925	18166582	Bra037725
A05	14417037	14418909	Bra010212
A05	20791636	20793161	Bra027275
A02	1881716	1885320	Bra023336
A08	11859425	11861181	Bra034589
A06	7683135	7684184	Bra025781
A10	11395463	11395756	Bra002130
A10	3716703	3717675	Bra037942
A09	31483655	31486766	Bra007602
A07	23028836	23030569	Bra016034
A09	33251744	33254092	Bra039935
A06	4793686	4795413	Bra019722
A01	1072884	1075495	Bra011682
A08	9682056	9682469	Bra021015
A03	11312091	11313245	Bra000477
A05	24080362	24081359	Bra020776
A09	15570178	15570975	Bra038381
A01	4351243	4352429	Bra011028
A06	21642360	21646370	Bra025216
A07	20913369	20917178	Bra004249
A07	24364196	24366140	Bra015739
A07	21658696	21660148	Bra004389
A02	22540102	22540955	Bra033070
A06	22656996	22659625	Bra024838
A06	13870567	13870767	Bra010050
A05	19630925	19632899	Bra022234
A03	992359	994186	Bra005868
A10	8837540	8838613	Bra002579
A10	13856133	13860473	Bra009055
A05	7851830	7853779	Bra018379
A03	4444471	4445771	Bra006645
A07	16917225	16922231	Bra003527
A02	7175039	7176826	Bra022659
A05	22370671	22371488	Bra034834
A01	4139697	4140882	Bra011063
A04	18304741	18307197	Bra037682
A08	10726692	10732201	Bra020872
A07	21071315	21072986	Bra004286
A01	1707064	1709535	Bra011554
A03	4052318	4062126	Bra006561
A10	13276875	13278850	Bra008931
A06	21876030	21877130	Bra025174
A06	4976866	4981136	Bra019689
A05	11121236	11122218	Bra030413
A03	459980	461221	Bra005758
A01	10629975	10630643	Bra038502
A03	10723006	10725726	Bra000353
A07	24902964	24903826	Bra015638
A02	2391691	2393547	Bra023450
A03	12791026	12805454	Bra000738
A06	6272942	6273747	Bra026004
A10	3141617	3142356	Bra033287
A09	37245845	37247468	Bra031631
A05	17737019	17742111	Bra035762
A01	21114034	21115261	Bra037560
A10	11762931	11764865	Bra008592
A10	1897084	1905661	Bra015344
A09	27953772	27954302	Bra006949
A04	1962722	1963847	Bra014640
A09	18213039	18213284	Bra029551
A03	27574910	27578380	Bra024112
A03	12943140	12945015	Bra000760
A07	14903068	14905725	Bra003161
A05	4934444	4935400	Bra005342
A09	29212400	29213534	Bra007170
A01	19421052	19426538	Bra023830
A01	10902970	10907245	Bra038454
A08	13295593	13297449	Bra010357
A03	18495515	18497789	Bra001789
A04	18245742	18247478	Bra037701
A03	60720	61901	Bra005668
A06	21552953	21555516	Bra025235
A10	2981605	2983958	Bra033312
A06	6821042	6823694	Bra025894
A05	19371512	19372720	Bra022282
A05	20281490	20282983	Bra027181
A09	25422475	25425210	Bra024590
A09	8222835	8223389	Bra027036
A09	29875602	29876202	Bra007282
A02	18025918	18027378	Bra022000
A04	18588846	18590648	Bra040327
A05	19717332	19720753	Bra022219
Scaffold000164	102748	103173	Bra039357
A05	24815344	24815883	Bra032012
A03	7910813	7911631	Bra022948
A05	21193645	21196611	Bra027350
A01	7614352	7614588	Bra013755
A07	21667624	21669131	Bra004390
A07	13007405	13007835	Bra011982
A10	12999802	13000410	Bra008865
A07	20998289	20999210	Bra004267
A08	11803933	11805048	Bra034600
A07	1595491	1595997	Bra039631
A01	22981012	22982979	Bra021128
A08	8668705	8669052	Bra038962
A01	9014329	9014772	Bra026455
A03	5150691	5154484	Bra006812
A08	17276001	17276559	Bra016361
A08	11029920	11030901	Bra020829
A03	29804510	29806813	Bra017684
A01	19152576	19153470	Bra023798
A09	27437526	27438349	Bra006874
A09	1039568	1042382	Bra036250
A01	2689733	2691616	Bra011333
A05	2893395	2894982	Bra004998
A06	559013	560359	Bra039683
A06	9327108	9328211	Bra018028
A01	8084759	8086390	Bra013854
A04	18322377	18324120	Bra037678
A06	4429677	4431309	Bra019784
A02	25183826	25184998	Bra029349
A04	13566577	13568834	Bra021619
A06	905126	906660	Bra018983
A03	4792207	4792704	Bra006721
A01	12221883	12223247	Bra036884
A02	8769148	8771145	Bra039756
A07	24755047	24757573	Bra015663
A03	10957053	10958308	Bra000401
A04	11126400	11127522	Bra032122
A04	2165583	2166047	Bra014674
A04	14217069	14217760	Bra021723
A03	9357223	9359412	Bra000117
A10	11265300	11267238	Bra002156
A07	25463989	25464225	Bra035102
A02	4501096	4503274	Bra020200
A06	21665678	21669642	Bra025211
A08	4701009	4701341	Bra014003
A04	13569286	13571351	Bra021620
A06	11113842	11115396	Bra038281
A10	13032917	13035100	Bra008872
A06	15148516	15160335	Bra024250
A03	13904663	13909983	Bra000915
A01	1237544	1238398	Bra011655
A03	29989086	29991203	Bra017712
A02	2952006	2954352	Bra023573
A03	3945025	3947697	Bra006535
A02	26712753	26719074	Bra031836
A03	12252959	12255019	Bra000644
A01	6916337	6918847	Bra013659
A07	11907465	11909453	Bra012154
A04	2168410	2168895	Bra014675
A09	37394991	37395683	Bra031601
A01	22949743	22951856	Bra021137
A02	8064979	8068803	Bra022547
A05	5438497	5439599	Bra005430
A10	7787942	7788921	Bra002767
A03	16947734	16950037	Bra001542
A09	4390304	4391212	Bra037824
A06	5901322	5901973	Bra026088
A10	14046638	14047594	Bra009385
A09	34532779	34533969	Bra031042
A06	19087069	19088313	Bra009986
A07	10995473	10996568	Bra012294
A08	17525813	17528427	Bra016405
A01	19471221	19471442	Bra023834
A04	18167809	18168054	Bra037724
A06	2716193	2717624	Bra018669
A09	36496595	36501513	Bra031790
A03	26263390	26267826	Bra019120
A06	12570340	12571958	Bra019493
A02	6590848	6592496	Bra035543
A08	16549621	16549881	Bra010970
A09	35032496	35033112	Bra026702
A05	4377584	4381874	Bra005265
A06	4323184	4324737	Bra019805
A05	20012316	20013301	Bra022176
A03	18499376	18503965	Bra001790
A06	4710906	4711319	Bra019742
A03	15552658	15553673	Bra001253
A04	11042695	11044672	Bra032137
A06	20207624	20209702	Bra037460
A01	26735789	26743158	Bra040509
A04	14218392	14219818	Bra021724
A03	14059251	14059984	Bra000938
A03	7255705	7258415	Bra022819
A06	6819463	6820568	Bra025895
A09	6806858	6811927	Bra027763
A10	3345854	3346893	Bra033248
A04	13082530	13084563	Bra035664
A07	10993365	10994603	Bra012295
A08	2962167	2964695	Bra014158
A01	8420292	8422205	Bra013912
A10	14979931	14982604	Bra009166
A07	23947407	23952656	Bra015828
A02	12141265	12141936	Bra008101
A10	8012094	8013428	Bra002734
A04	2367220	2367855	Bra014702
A04	15376961	15378104	Bra021936
Scaffold000178	79909	82554	Bra039823
A09	35135380	35136099	Bra026719
A05	4197263	4198627	Bra005235
A05	12325426	12331164	Bra032258
A06	15212587	15213916	Bra024263
A10	4146568	4148064	Bra035725
A06	6083810	6089469	Bra026041
A06	3836794	3841525	Bra019896
A06	4466541	4468488	Bra019778
A07	21920371	21921303	Bra016253
A10	9366287	9369714	Bra002479
A03	12752667	12757234	Bra000733
A08	19244308	19244593	Bra016792
A05	251518	255534	Bra004460
A02	3134007	3135849	Bra023607
A03	24594814	24595185	Bra019377
A09	8063235	8064861	Bra027017
A07	18266202	18268429	Bra003768
A07	21061502	21062488	Bra004284
A08	4275352	4275799	Bra014037
A06	8680092	8682209	Bra017940
A03	6674333	6677942	Bra029169
A09	21148979	21153520	Bra023163
A09	14278565	14279834	Bra017385
A04	13662417	13668243	Bra021633
A06	4318876	4320680	Bra019807
A03	26612879	26615188	Bra019044
A01	7609804	7613350	Bra013754
A05	21497049	21498593	Bra027411
A04	13659710	13660684	Bra021632
A08	17278880	17279406	Bra016363
A02	9096623	9097644	Bra034026
A08	17688244	17689366	Bra016436
A08	14919903	14920582	Bra010632
A09	1037035	1039128	Bra036251
A01	24115985	24120055	Bra021498
A05	10413001	10419143	Bra038124
A05	7870113	7870879	Bra018385
A06	3827087	3828631	Bra019899
A06	5373244	5375755	Bra026191
A08	10733224	10734752	Bra020871
A08	14743804	14744259	Bra010609
A03	20494553	20494967	Bra013103
A06	8320296	8322460	Bra025869
A06	23749628	23751863	Bra025033
A01	7754254	7754583	Bra013785
A10	3612753	3617104	Bra037948
A08	9666273	9671080	Bra021017
A09	18093697	18096762	Bra029537
A01	5295534	5297048	Bra013378
Scaffold000203	90791	91985	Bra040415
A01	24522853	24524817	Bra038676
A03	5352632	5354366	Bra006851
A02	18165440	18166799	Bra022010
A04	15223253	15224172	Bra021902
A05	16537396	16539473	Bra031351
A03	8119897	8122983	Bra022989
A06	2377289	2377679	Bra018717
A07	1186345	1186825	Bra028091
A08	13832455	13836173	Bra010457
A09	36693358	36701676	Bra031749
A01	9860907	9862033	Bra026314
A08	11342859	11344234	Bra034675
A04	16659142	16659773	Bra017113
A02	1250685	1252680	Bra028666
A09	36639904	36649979	Bra031757
A01	25312043	25314750	Bra040049
A03	11992761	11995408	Bra000595
A09	2921798	2922373	Bra036540
A05	24999868	25001423	Bra039172
A07	22795327	22795775	Bra016083
A05	6161405	6164358	Bra005550
A07	649240	652607	Bra039012
A09	22500262	22501463	Bra032339
A05	4470465	4474615	Bra005272
A07	24042032	24042368	Bra015809
A09	3978231	3980179	Bra035836
A05	1894119	1896095	Bra004804
A09	27430614	27430898	Bra006872
A09	29730039	29731727	Bra007254
A09	23055265	23058457	Bra032909
A09	2656445	2661054	Bra036597
A08	3962153	3964230	Bra014057
A01	20327253	20329483	Bra023938
A07	24736672	24740196	Bra015667
A05	5412314	5414298	Bra005423
A09	34504121	34504982	Bra031047
A04	8454669	8455594	Bra025534
A09	37124917	37125885	Bra031656
A05	6504105	6504521	Bra005607
A06	13136097	13137460	Bra019545
Scaffold000100	38412	38777	Bra034947
A07	25769175	25770254	Bra035183
A06	2205147	2208881	Bra018750
A05	22711367	22712147	Bra029854
A10	1883582	1884778	Bra015346
A02	14251204	14251512	Bra008388
A05	15966719	15968776	Bra033901
Scaffold000251	43939	47502	Bra040762
A05	25056092	25058219	Bra039162
A07	24746925	24749554	Bra015665
A04	1924674	1925603	Bra014636
A03	15565258	15566720	Bra001256
A10	12159433	12161529	Bra008679
Scaffold000164	175929	178420	Bra039374
A10	9614159	9616226	Bra002444
A08	9039078	9040544	Bra038413
A10	12037893	12040105	Bra008649
A02	598263	599836	Bra028800
A09	5057212	5059701	Bra037302
A10	15260792	15262744	Bra009091
A03	14519253	14521031	Bra001040
A09	36740186	36743512	Bra031739
A08	9264772	9266892	Bra021069
A06	329032	332810	Bra037976
A07	24400089	24403758	Bra015732
A08	18561800	18563324	Bra016626
A01	14484481	14489428	Bra029935
A03	4769190	4770649	Bra006716
A08	2687560	2688459	Bra014190
A03	19168758	19169904	Bra001889
A02	26242150	26245526	Bra031912
A06	1569093	1569812	Bra018862
A02	25115507	25119702	Bra029355
A03	15460603	15463339	Bra001232
A09	38760441	38761505	Bra032644
A09	9097004	9097468	Bra027126
A04	1681858	1682262	Bra014598
A03	5091696	5094940	Bra006802
A05	4487556	4491454	Bra005274
A08	17631741	17634114	Bra016426
A03	5316622	5319397	Bra006846
A05	21204484	21206796	Bra027353
A03	10132510	10132896	Bra000243
A04	11320712	11322485	Bra032094
A04	18309029	18317062	Bra037680
A05	6696542	6698985	Bra005641
A02	18177132	18177780	Bra022011
A07	515145	515542	Bra039024
A02	25315877	25316140	Bra029325
Scaffold000149	295106	295363	Bra038588
A04	11025984	11027743	Bra032139
A07	18044435	18045287	Bra003735
A04	18315580	18320693	Bra037679
A05	9512322	9512610	Bra037110
A05	4067080	4068219	Bra005215
A10	12040442	12040699	Bra008650
A10	15112082	15114207	Bra009133
A05	18854085	18858903	Bra022366
Scaffold000096	816527	816940	Bra034519
A06	8322685	8323897	Bra025870
A09	1034343	1035791	Bra036252
A05	20797971	20799438	Bra027278
A04	15339721	15342974	Bra021928
A04	17752658	17754951	Bra016909
A03	13463232	13465774	Bra000842
A03	1309543	1310649	Bra005936
A01	8562420	8564410	Bra013938
A08	207356	207841	Bra030843
A08	417979	419352	Bra030873
A05	2607398	2608674	Bra004948
A09	8217824	8219479	Bra027035
A05	1915442	1918534	Bra004810
A05	21926515	21926909	Bra034731
A05	5271847	5273889	Bra005401
Scaffold000247	3573	4351	Bra040738
A03	5702075	5702374	Bra028980
A04	12740251	12745285	Bra034399
A03	19429888	19431772	Bra001929
A03	25376708	25377640	Bra019270
A09	27955729	27955935	Bra006950
A01	1066963	1072287	Bra011683
A07	25791551	25793752	Bra035186
A04	1477766	1479544	Bra014563
A06	5734016	5736959	Bra026115
A07	12755940	12758715	Bra012028
A01	25012433	25013043	Bra034095
Scaffold000291	12059	14101	Bra040873
A09	4186619	4187222	Bra037789
A03	353270	355439	Bra005735
A06	21560616	21563097	Bra025233
A07	23998192	24000776	Bra015815
A08	20766886	20768973	Bra030504
A05	1921741	1923420	Bra004812
A07	25390417	25393131	Bra035086
A06	514723	517582	Bra039692
A03	1691175	1692553	Bra006033
A02	24076926	24077921	Bra020551
A02	10941975	10945839	Bra007930
A02	3644103	3644980	Bra023706
A04	15284796	15285251	Bra021918
A05	21441275	21444168	Bra027401
A07	11439770	11442797	Bra012223
A09	29671920	29675212	Bra007241
A02	23973481	23980087	Bra020567
A09	29792625	29793074	Bra007265
A02	25659045	25660173	Bra029272
A02	7173079	7173774	Bra022660
A05	19518638	19519181	Bra022256
A09	29587961	29589991	Bra007224
A05	24265283	24266608	Bra039426
A03	13284239	13284928	Bra000806
A04	18487787	18488167	Bra037639
A04	11282908	11284229	Bra032101
A06	6725817	6727198	Bra025914
A03	2504507	2512077	Bra006205
A07	17493538	17494733	Bra003644
A03	20359271	20359756	Bra013123
A04	8952508	8956290	Bra025461
A04	477705	478768	Bra014417
A09	29724892	29726990	Bra007252
A03	11047654	11052559	Bra000421
A06	7704453	7705821	Bra025784
A07	23556976	23558965	Bra015908
A03	19186683	19188894	Bra001891
A05	5387873	5388337	Bra005418
A07	22796811	22798303	Bra016082
A05	1742714	1743179	Bra004769
A06	5019572	5021286	Bra019685
A01	6905286	6907778	Bra013657
A07	15610591	15615741	Bra003276
A03	27704772	27707540	Bra024097
A05	3229170	3232034	Bra005060
A08	1635091	1638632	Bra014323
A09	10855260	10857217	Bra027446
A05	5434834	5437558	Bra005429
A01	19143489	19145925	Bra023796
A09	13045826	13047038	Bra017524
A02	6594299	6596755	Bra035541
A05	24152339	24154368	Bra020794
A05	19104636	19104923	Bra022327
A06	22921331	22922053	Bra024870
A09	36704413	36705825	Bra031747
A05	2869464	2870782	Bra004995
A09	10400122	10401769	Bra027934
A03	26305708	26308881	Bra019115
A05	15657510	15658394	Bra033875
A06	20780140	20781196	Bra025385
A02	9090954	9091776	Bra034028
A03	1272925	1274493	Bra005929
A06	22560581	22562522	Bra024820
A03	7230400	7231268	Bra022815
A09	27899357	27901940	Bra006942
A06	22180852	22184630	Bra025142
A05	1797442	1799313	Bra004777
A05	7342681	7342959	Bra018306
A08	1017883	1019495	Bra030951
A03	988965	991048	Bra005867
A01	10047094	10047354	Bra026273
A06	1340086	1342026	Bra018906
A10	10381812	10382650	Bra002322
A01	4366474	4366815	Bra011024
A09	36780759	36781931	Bra031728
A03	7375097	7377547	Bra022842
A08	20534288	20534932	Bra030563
A08	4454801	4455844	Bra014024
A04	17867551	17869715	Bra016883
A05	20294803	20296036	Bra027184
A02	1542907	1549329	Bra028595
A02	308940	309626	Bra028867
A05	6505317	6506105	Bra005608
A05	18268303	18268956	Bra022456
A03	1017503	1018156	Bra005874
A04	2280817	2282213	Bra014690
A03	8054232	8055032	Bra022976
A10	10201931	10202989	Bra002350
A05	8261914	8265777	Bra018446
A06	23852868	23855962	Bra025053
A09	27433213	27435840	Bra006873
A08	18960425	18961261	Bra016735
A07	13852135	13855267	Bra028414
A04	18591319	18591570	Bra040326
A01	20113231	20115319	Bra023908
A01	1076913	1078143	Bra011681
A06	21556178	21559536	Bra025234
A07	25684748	25686188	Bra035156
A07	22191137	22191397	Bra016201
A10	3142964	3144498	Bra033286
A03	20681915	20683985	Bra013069
Scaffold000167	254320	255345	Bra039530
A05	6861885	6862386	Bra018233
A05	1603301	1605926	Bra004742
A05	7878103	7878905	Bra018386
A08	6269023	6269745	Bra039860
A04	17729804	17735489	Bra016915
A09	34524627	34526546	Bra031045
A01	9799956	9800144	Bra026323
A01	3359620	3360837	Bra011201
A05	20621361	20622297	Bra027240
A06	15474532	15479120	Bra024310
A02	2011998	2015523	Bra023371
A10	11393907	11394206	Bra002131
A10	12984462	12986486	Bra008863
A06	431620	433434	Bra037957
A01	4931672	4936158	Bra013313
A08	4977598	4980186	Bra013957
A03	14669843	14674652	Bra001085
A09	1683237	1686364	Bra039061
A09	17204468	17206516	Bra029434
A05	18852141	18852654	Bra022368
A06	6728819	6730847	Bra025913
A03	2707162	2710142	Bra006254
A02	5562334	5565908	Bra020412
A05	7340114	7340807	Bra018305
A09	3902197	3904397	Bra035852
A07	25389383	25389658	Bra035085
A03	26412777	26413577	Bra019088
A01	3453217	3454260	Bra011181
A05	24811698	24812553	Bra032010
A02	6502342	6503923	Bra035562
A05	20688505	20689335	Bra027257
A03	14137586	14139467	Bra000955
A07	7949461	7952750	Bra014871
A09	27303977	27314356	Bra036791
A09	23356018	23357357	Bra032878
A10	12848165	12851113	Bra008836
A07	11378182	11379753	Bra012235
A10	13002300	13004410	Bra008866
A06	5010544	5017312	Bra019686
A10	10171027	10173742	Bra002356
A08	1536177	1539658	Bra014336
A03	14933892	14934774	Bra001134
A03	6670541	6671275	Bra029167
A09	29241928	29242879	Bra007173
A09	20468168	20470296	Bra023236
A03	17754567	17755748	Bra001661
A05	16260190	16262794	Bra040826
A03	6513941	6514195	Bra029135
A09	36783292	36786207	Bra031727
A10	14071723	14073684	Bra009381
A08	7755043	7755801	Bra035486
A09	2527913	2530018	Bra036622
A02	9094075	9094897	Bra034027
A10	4120308	4121429	Bra035721
A08	18528882	18533178	Bra016617
A01	8550646	8556490	Bra013936
A05	19523635	19526215	Bra022254
A03	13665108	13666213	Bra000876
A02	22069574	22070141	Bra032993
A10	10436302	10437247	Bra002312
A09	13750714	13754132	Bra017439
A08	10228839	10230013	Bra020949
A03	25397211	25399301	Bra019266
A03	28021187	28022711	Bra024049
A05	22816494	22818577	Bra029832
A04	17934081	17939312	Bra016866
A09	25769279	25773013	Bra024535
A08	6657877	6661991	Bra038087
A10	13046253	13047615	Bra008876
Scaffold000111	460257	463101	Bra036004
A02	25652746	25653114	Bra029274
A01	22984749	22985402	Bra021127
A02	24096913	24100014	Bra020549
A01	4517316	4518646	Bra040178
A08	10365783	10367201	Bra020926
A05	21919994	21921818	Bra034729
Scaffold000178	17184	18418	Bra039818
A07	20983866	20985734	Bra004263
A03	23727547	23733908	Bra012539
A10	2955331	2956469	Bra033316
A10	10041627	10047461	Bra002374
A10	476670	477631	Bra015574
Scaffold000167	264083	267097	Bra039532
A01	1511798	1512251	Bra011594
A03	1668601	1670129	Bra006029
A05	3833254	3835273	Bra005175
A03	17231161	17232718	Bra001586
A07	11136627	11137769	Bra012274
A09	11755202	11756705	Bra027556
A08	10351143	10354118	Bra020928
A05	21314350	21316269	Bra027375
A03	10540762	10542219	Bra000315
A05	20440241	20443269	Bra027209
A01	6923792	6926448	Bra013660
A03	1057974	1058996	Bra005885
A10	7269388	7269621	Bra002840
A09	32601841	32605378	Bra007824
A07	21672049	21673313	Bra004391
A09	23015535	23018486	Bra032913
A07	14896982	14897449	Bra003158
A08	11177388	11179344	Bra020813
A10	9972683	9974497	Bra002386
A03	355979	357657	Bra005736
A09	5601754	5602632	Bra038542
A01	4352732	4354677	Bra011027
A03	224718	225219	Bra005709
A09	17648571	17652451	Bra029482
A10	9610681	9611083	Bra002446
A01	5020086	5020506	Bra013326
A08	17250701	17251144	Bra016354
A09	32132675	32133920	Bra007735
A01	14953483	14955733	Bra029986
A04	13741703	13742089	Bra021648
A05	14144638	14145319	Bra034440
A03	27570587	27570859	Bra024113
A01	7756398	7759202	Bra013786
A10	535390	538726	Bra015561
A06	21640058	21640882	Bra025217
A04	15287508	15287747	Bra021920
A05	22112656	22115951	Bra034781
A09	1021343	1024176	Bra036255
A05	20578567	20581505	Bra027235
A06	22558129	22559872	Bra024819
A05	7797317	7801191	Bra018368
A10	9137555	9138676	Bra002519
A09	26620438	26627104	Bra036074
A02	1886069	1889146	Bra023337
A07	510499	513522	Bra039025
A06	23985155	23986756	Bra025082
A05	8159294	8161399	Bra018425
A05	18305152	18307632	Bra022448
A08	16035510	16038147	Bra010857
A06	23753468	23754592	Bra025034
A02	5196113	5196448	Bra020323
A09	8856966	8860604	Bra027096
A08	16551372	16551626	Bra010971
A10	9334501	9336497	Bra002485
A10	15229294	15230280	Bra009101
A10	13863484	13864307	Bra009056
A05	2888618	2890743	Bra004997
A01	1698882	1704489	Bra011555
A03	21061112	21065885	Bra013009
A02	22544564	22545935	Bra033071
A08	19296686	19297822	Bra016806
A06	22317917	22319498	Bra024776
A07	20457649	20459482	Bra004168
A08	3241489	3241722	Bra014130
A03	462205	463146	Bra005759
A02	1453080	1455117	Bra028617
A03	3121694	3129163	Bra006347
A06	4982677	4986509	Bra019688
A05	4499687	4501100	Bra005277
A03	10721323	10722051	Bra000352
A06	3830371	3832454	Bra019898
A01	8080625	8083686	Bra013853
A07	22187805	22190043	Bra016202
A08	4745631	4746563	Bra014000
A02	22388722	22390069	Bra033044
A02	23304389	23311136	Bra020666
A08	20769519	20774161	Bra030503
A03	12251632	12252450	Bra000643
A07	17502931	17504272	Bra003647
A03	89816	90831	Bra005676
A09	27201541	27203038	Bra036805
A02	8162125	8163670	Bra022536
A08	14055269	14058075	Bra010498
A09	28045379	28046956	Bra006960
A06	3333047	3334849	Bra020001
A09	34254254	34254908	Bra031093
A05	3867678	3868374	Bra005180
A09	29768146	29768412	Bra007261
A10	10678675	10680347	Bra002261
A05	3850124	3851209	Bra005177
A01	2049355	2050392	Bra011469
A05	22316106	22317417	Bra034824
A05	19369365	19371141	Bra022283
A05	24268306	24268761	Bra039428
A04	645518	647426	Bra014436
A04	15537893	15540942	Bra017307
A06	445017	448958	Bra037955
A07	10373700	10375261	Bra012369
A08	14471861	14473556	Bra010572
A08	17277412	17277978	Bra016362
A05	7715367	7716559	Bra018353
A05	925034	929735	Bra004590
A03	14553176	14554228	Bra001049
A03	4625245	4625670	Bra006685
A05	2896195	2899524	Bra004999
A02	5546118	5546375	Bra020405
A06	5571951	5572860	Bra026150
A07	13005471	13005942	Bra011983
A01	12218356	12220619	Bra036885
A03	9359722	9360426	Bra000118
A10	11268033	11268701	Bra002155
A02	6522405	6527656	Bra035554
A09	24197064	24199869	Bra024757
A09	29622534	29623273	Bra007230
A10	9518720	9522700	Bra002456
A02	6587004	6589805	Bra035544
A05	923675	924409	Bra004589
A04	17788426	17794226	Bra016903
A04	14205260	14206789	Bra021722
A06	19378626	19379054	Bra010035
A09	31909867	31910682	Bra007685
Scaffold000096	848080	852002	Bra034523
A10	16071924	16073398	Bra009571
A01	10949028	10962799	Bra038448
A10	2499122	2499653	Bra033403
A10	13840477	13843936	Bra009052
A05	19293193	19294794	Bra022292
A07	20911116	20912222	Bra004248
A10	16129566	16131113	Bra009585
A06	16249746	16252821	Bra024413
A07	13528412	13530379	Bra011923
A07	17302849	17307631	Bra003604
A02	594513	596125	Bra028801
A04	13901442	13902299	Bra021673
A03	982894	985738	Bra005865
A08	10557557	10559554	Bra020894
A10	9126293	9126813	Bra002523
A09	20565780	20566121	Bra023225
A02	10590547	10591740	Bra007885
A10	11425946	11429427	Bra002116
A05	1608381	1609157	Bra004744
A03	22633368	22634202	Bra012710
A04	9602342	9604089	Bra030303
A01	2759913	2760524	Bra011315
A06	20211029	20212764	Bra037462
A03	20675674	20676080	Bra013071
A05	23947874	23949496	Bra020748
A01	25376173	25377465	Bra040037
A05	6172140	6175566	Bra005551
A08	18538622	18538906	Bra016619
A10	2451268	2451795	Bra033412
A06	21635963	21637521	Bra025219
Scaffold000217	33678	35156	Bra040552
A09	32623525	32628159	Bra007826
A02	1536129	1539727	Bra028596
A05	22273357	22275201	Bra034817
A07	18606092	18611976	Bra003844
A05	5426088	5426888	Bra005425
A06	18841328	18843290	Bra009941
A06	17027333	17028380	Bra009656
Scaffold000164	172587	174109	Bra039372
A09	3528678	3530325	Bra035916
Scaffold000104	627095	628965	Bra035398
A06	18251039	18253226	Bra009843
A03	16352507	16353747	Bra001428
A02	24839169	24842125	Bra029402
A06	1287566	1291479	Bra018917
A05	3654625	3657578	Bra005137
A02	905543	908380	Bra028740
A03	2609590	2615062	Bra006227
A05	4455311	4461022	Bra005270
A02	603709	605654	Bra028798
A06	6667661	6672273	Bra025927
A07	24163867	24166076	Bra015782
A02	9106316	9107150	Bra034024
A02	26123256	26124351	Bra031935
A03	5574674	5575889	Bra028951
A06	18290385	18292752	Bra009852
A05	20793499	20795210	Bra027276
A08	17599311	17599526	Bra016417
A02	10384450	10385461	Bra007864
A02	25647895	25651773	Bra029275
A03	15515497	15518299	Bra001245
A04	9423559	9425109	Bra030331
A01	834675	836611	Bra011733
A09	11658642	11660399	Bra027543
A07	19019297	19022414	Bra003916
A03	24779545	24783194	Bra019354
A03	9103927	9105020	Bra000054
A05	4510181	4513613	Bra005279
A09	32665161	32668167	Bra007832
A04	15298509	15298766	Bra021922
A09	1165028	1166807	Bra034180
A02	3131606	3133488	Bra023606
Scaffold000283	1603	1845	Bra040860
A05	21316555	21318885	Bra027376
A06	4747938	4751294	Bra019733
A06	3531304	3532260	Bra019956
A04	1700562	1702163	Bra014602
A06	4791316	4792549	Bra019723
A02	13042902	13043372	Bra008243
A06	4078681	4080504	Bra019839
A06	15208602	15211317	Bra024262
A04	10397237	10399765	Bra030204
A05	15718743	15719847	Bra033879
A06	21211765	21214552	Bra025303
A03	14461394	14462527	Bra001028
A06	10387409	10387970	Bra018156
A01	24374516	24377443	Bra038703
A02	15973741	15976278	Bra018521
A08	14113554	14116211	Bra010506
A08	9603464	9605036	Bra021026
A05	23032537	23034144	Bra029780
A07	21090299	21091189	Bra004290
A09	36655939	36656862	Bra031755
A10	11925662	11926992	Bra008620
A10	446950	454182	Bra015576
A06	5974646	5978788	Bra026065
A06	22495434	22496844	Bra024809
A03	4997295	4999498	Bra006772
