A01 1 100001 21 
A01 100001 200001 20 
A01 200001 300001 24 
A01 300001 400001 20 
A01 400001 500001 25 
A01 500001 600001 12 
A01 600001 700001 19 
A01 700001 800001 18 
A01 800001 900001 21 
A01 900001 1000001 21 
A01 1000001 1100001 19 
A01 1100001 1200001 15 
A01 1200001 1300001 20 
A01 1300001 1400001 25 
A01 1400001 1500001 21 
A01 1500001 1600001 17 
A01 1600001 1700001 23 
A01 1700001 1800001 21 
A01 1800001 1900001 26 
A01 1900001 2000001 22 
A01 2000001 2100001 26 
A01 2100001 2200001 24 
A01 2200001 2300001 21 
A01 2300001 2400001 21 
A01 2400001 2500001 16 
A01 2500001 2600001 19 
A01 2600001 2700001 20 
A01 2700001 2800001 20 
A01 2800001 2900001 20 
A01 2900001 3000001 20 
A01 3000001 3100001 23 
A01 3100001 3200001 20 
A01 3200001 3300001 14 
A01 3300001 3400001 19 
A01 3400001 3500001 20 
A01 3500001 3600001 12 
A01 3600001 3700001 16 
A01 3700001 3800001 21 
A01 3800001 3900001 27 
A01 3900001 4000001 12 
A01 4000001 4100001 14 
A01 4100001 4200001 15 
A01 4200001 4300001 17 
A01 4300001 4400001 22 
A01 4400001 4500001 13 
A01 4500001 4600001 12 
A01 4600001 4700001 16 
A01 4700001 4800001 18 
A01 4800001 4900001 12 
A01 4900001 5000001 15 
A01 5000001 5100001 17 
A01 5100001 5200001 21 
A01 5200001 5300001 18 
A01 5300001 5400001 15 
A01 5400001 5500001 15 
A01 5500001 5600001 16 
A01 5600001 5700001 17 
A01 5700001 5800001 11 
A01 5800001 5900001 22 
A01 5900001 6000001 21 
A01 6000001 6100001 18 
A01 6100001 6200001 19 
A01 6200001 6300001 13 
A01 6300001 6400001 1 
