A09	15742396	15744256	Bra037884
A05	7272794	7273369	Bra018296
A01	23004297	23009008	Bra021122
A10	3723892	3726319	Bra037940
A10	11145661	11147927	Bra002175
A01	8060186	8062335	Bra013848
A10	23670	24157	Bra015622
A09	38868314	38873254	Bra032669
A10	12284471	12285635	Bra008705
A03	22302933	22304196	Bra012786
A03	2562095	2563180	Bra006217
A02	16574396	16576797	Bra033142
A07	15103165	15103710	Bra003199
A05	1630069	1631045	Bra004747
A07	13815616	13817272	Bra028411
A06	10191563	10193139	Bra018130
A05	6690822	6694322	Bra005640
A01	22542191	22551042	Bra021203
A06	55710	57480	Bra038025
A09	38834802	38835317	Bra032663
A09	7141	8923	Bra037306
A09	32463897	32469864	Bra007802
A06	10181696	10184818	Bra018128
A02	18465960	18470236	Bra022039
A10	487192	489750	Bra015570
A09	9518	10848	Bra037307
A01	25737569	25739354	Bra040220
A03	12648536	12652551	Bra000714
A03	4353992	4355262	Bra006629
A08	1589406	1590209	Bra014328
A08	204369	206561	Bra030842
A07	23726966	23728601	Bra015865
A10	9123725	9124372	Bra002524
A03	17359473	17360080	Bra001604
A03	16966646	16972845	Bra001545
A06	20856086	20863551	Bra025364
A06	22634742	22638426	Bra024834
A06	22051964	22056196	Bra025156
A03	17226006	17229046	Bra001585
A03	27390927	27391850	Bra024140
A03	26323968	26324936	Bra019109
A01	917966	921414	Bra011713
A09	28993998	28995089	Bra007129
A03	17435111	17443407	Bra001616
A01	23449704	23452231	Bra021597
A06	16131181	16134826	Bra024401
A06	21676099	21677177	Bra025210
A08	7809823	7816589	Bra035489
A03	14767399	14770125	Bra001100
A08	17252248	17253632	Bra016355
A09	28863652	28866326	Bra007105
A03	2653701	2656465	Bra006239
A05	22790606	22793566	Bra029837
A02	10032291	10032799	Bra038355
A02	15124059	15125873	Bra008516
A05	646088	647257	Bra004527
A05	2485436	2500915	Bra004920
A05	23869295	23880383	Bra029585
A05	4098130	4100879	Bra005221
A08	16332	17990	Bra030810
A04	12593541	12595440	Bra034378
A10	8580773	8582308	Bra002621
A10	7424915	7426454	Bra002820
A06	205292	214691	Bra037995
A09	24304800	24306911	Bra024749
A08	12787982	12792046	Bra010273
A05	3841348	3843095	Bra005176
A01	13670034	13670916	Bra033790
A05	19938907	19941480	Bra022186
A09	31810167	31812389	Bra007657
A07	15985164	15987833	Bra003342
A07	4963987	4965494	Bra015170
A09	24729	26042	Bra037312
A07	6599561	6600946	Bra015008
A01	22928418	22934223	Bra021142
A09	19689	20107	Bra037310
A04	1284523	1285992	Bra014536
A05	5389711	5392697	Bra005419
A04	2472890	2474982	Bra014714
A06	25085300	25095232	Bra033575
A04	4386740	4387028	Bra033420
A03	15946266	15953877	Bra001342
A07	12889180	12889829	Bra012004
A09	36709467	36712297	Bra031746
A03	16881272	16882835	Bra001526
A05	7813855	7816305	Bra018370
A07	21986044	21988491	Bra016236
A03	9592511	9594396	Bra000151
A03	20545927	20548935	Bra013094
A03	5230748	5232751	Bra006829
A05	20197468	20198875	Bra027168
A05	21085889	21089017	Bra027332
A08	2336158	2338051	Bra014232
A08	16402748	16413097	Bra010931
A09	22636571	22639330	Bra032319
A04	15349271	15352712	Bra021930
A08	4207957	4213136	Bra014042
A01	25721045	25722743	Bra040271
A03	15569233	15570789	Bra001257
A09	36746826	36747817	Bra031738
A07	17767244	17769382	Bra003689
A05	16379401	16381752	Bra039958
A02	23474353	23477303	Bra020639
A03	14061161	14063135	Bra000939
A06	24562394	24564835	Bra033687
A07	17602316	17603505	Bra003663
A06	24792597	24796416	Bra033640
A04	10281792	10283973	Bra030215
A09	12286730	12290124	Bra017602
A08	48114	53818	Bra030813
A02	20069956	20070805	Bra026614
A03	11917187	11919959	Bra000583
A08	15639812	15642311	Bra010781
A09	2980617	2982183	Bra036528
A09	36685813	36689273	Bra031750
A06	24437653	24439702	Bra033706
A09	36716288	36716744	Bra031744
A06	9168583	9171155	Bra018006
A05	5666399	5666961	Bra005469
A07	14453508	14458396	Bra028506
A03	698746	701385	Bra005798
A03	21254352	21257565	Bra012979
A09	6794104	6799587	Bra027764
A02	21684584	21685852	Bra032937
A03	14161224	14163884	Bra000961
A05	21095127	21097287	Bra027334
A06	6184126	6185908	Bra026018
A05	8292379	8293020	Bra018453
A09	37882551	37899062	Bra032450
A06	11867913	11877607	Bra019446
A05	24435631	24439477	Bra039464
A03	17010785	17012815	Bra001551
A09	38798847	38801993	Bra032655
A08	19111166	19117127	Bra016770
A03	3080663	3083344	Bra006337
A06	24148659	24150242	Bra025111
A03	2512475	2516305	Bra006206
A08	13318459	13321317	Bra010361
A03	11479402	11480049	Bra000501
A02	16365238	16366678	Bra033122
A06	69204	81670	Bra038022
A09	37063668	37064381	Bra031671
A03	8505585	8508995	Bra023068
A07	17836756	17840925	Bra003698
A03	15391316	15392988	Bra001214
A08	2364680	2367346	Bra014229
A01	26767669	26776112	Bra040518
A04	6755704	6757239	Bra028177
A03	9554121	9556314	Bra000144
A06	670183	672879	Bra039661
A03	15511232	15513551	Bra001244
A09	31807129	31808424	Bra007656
A03	22862375	22864495	Bra012670
A08	12624038	12625181	Bra010246
A10	8441247	8450367	Bra002652
A03	27718204	27721509	Bra024095
A01	11694671	11697764	Bra039561
A01	3279691	3280913	Bra011216
A03	16898602	16900003	Bra001530
A03	17431104	17431673	Bra001615
A01	6034735	6039462	Bra013507
A07	11368311	11371488	Bra012238
A07	8117669	8118472	Bra030181
A02	16788454	16789992	Bra033163
A07	5021048	5022054	Bra015167
A01	8136808	8139220	Bra013864
A01	15146715	15162372	Bra030007
A05	23230183	23237252	Bra029726
A08	20708894	20709755	Bra030521
A09	3915024	3916552	Bra035849
A04	17400209	17402356	Bra016978
A03	2543354	2546508	Bra006212
A09	36756804	36758678	Bra031735
A09	36587083	36593940	Bra031766
A05	22801005	22809223	Bra029834
A03	14431079	14434204	Bra001021
A01	2221504	2233959	Bra011426
A06	10355969	10357632	Bra018150
A02	9121490	9124049	Bra034021
A08	12925300	12928716	Bra010296
A01	22765495	22766645	Bra021171
A06	24422081	24425251	Bra033710
A04	5305170	5307173	Bra032749
A10	9797291	9801011	Bra002415
A09	37889222	37892266	Bra032452
A01	6461435	6465054	Bra013582
A02	19313502	19315016	Bra022138
A03	10554711	10556690	Bra000320
A01	5261347	5266784	Bra013371
A01	4172993	4175866	Bra011058
A01	16269291	16277594	Bra035422
A05	22111094	22112381	Bra034780
A08	17237634	17240129	Bra016351
A01	5148439	5149170	Bra013351
A03	14325599	14328858	Bra000996
A05	18913830	18914723	Bra022357
A10	10087086	10091201	Bra002367
A05	19749203	19752520	Bra022213
A09	32577868	32580312	Bra007820
A07	8113759	8114562	Bra030182
A05	633964	643901	Bra004526
A08	7639621	7642045	Bra035476
A04	21319	24187	Bra040447
A10	15732446	15733549	Bra009496
A04	14940347	14940686	Bra021845
A04	4368377	4373082	Bra033418
A04	17328960	17333411	Bra016993
A07	15287333	15288666	Bra003224
A06	8736590	8738862	Bra017949
A09	33219853	33225347	Bra039939
A09	9803317	9806303	Bra027866
A01	2707225	2707965	Bra011329
A01	24932402	24944099	Bra034110
A09	37969131	37970843	Bra032469
A01	26501725	26502544	Bra021417
A03	33530	38004	Bra005661
A07	17887090	17888028	Bra003705
A04	12759512	12764338	Bra035706
A09	3749620	3752527	Bra035880
A02	2608468	2614600	Bra023501
A06	8896418	8901767	Bra017972
A04	19148924	19150135	Bra021398
A03	16256358	16260286	Bra001408
A07	25098796	25099505	Bra035021
A01	8124351	8128048	Bra013860
A05	10529519	10531888	Bra038111
A03	18495515	18497789	Bra001789
A04	8967996	8974453	Bra025459
A07	25103578	25106470	Bra035022
A10	2981605	2983958	Bra033312
A05	25134316	25138861	Bra039145
A05	20889534	20893797	Bra027294
A10	10714842	10717220	Bra002253
A08	11356041	11358035	Bra034674
A01	2313842	2318127	Bra011405
A07	13247247	13250421	Bra011952
A02	3721366	3726955	Bra020038
A03	16885187	16885369	Bra001527
A02	108081	111969	Bra028905
A02	16408333	16411167	Bra033126
A03	14300565	14301688	Bra000986
A09	22665442	22668653	Bra032316
A03	7346699	7348105	Bra022837
A05	15534574	15535863	Bra033860
A04	16132008	16134574	Bra017210
A09	36578907	36579596	Bra031768
A09	28754969	28762106	Bra007088
A01	4045507	4053593	Bra011081
A01	2708976	2711497	Bra011328
A03	5215669	5220373	Bra006826
A07	5014235	5019671	Bra015168
A08	17337399	17342059	Bra016373
A08	2244941	2247388	Bra014244
A05	18375	19887	Bra004414
A09	14135926	14137023	Bra017399
A01	4740906	4741537	Bra013284
A09	4405714	4409609	Bra037827
A03	11976878	11979344	Bra000594
A01	23993169	23996190	Bra021518
A07	5143324	5143650	Bra015161
A06	4941976	4946661	Bra019694
A10	7430489	7436511	Bra002819
A03	22291055	22295112	Bra012788
A02	25550568	25553784	Bra029289
A05	4041830	4043226	Bra005212
A05	5553366	5554423	Bra005451
A01	22965039	22968156	Bra021132
A09	37971218	37973362	Bra032470
A08	16956716	16958987	Bra016291
A07	15989372	15992197	Bra003343
A02	5529693	5532991	Bra020400
A07	20713673	20717962	Bra004210
A09	25802293	25804368	Bra024532
A09	38859369	38861316	Bra032666
A09	24299524	24301114	Bra024750
A03	5333029	5337064	Bra006850
A06	20760180	20764620	Bra025392
A03	16710828	16720335	Bra001500
A01	4165937	4168275	Bra011060
A09	15122523	15125203	Bra037872
A05	19005017	19006882	Bra022344
A05	21908239	21916400	Bra034727
A08	801530	803875	Bra030922
A06	10194964	10197725	Bra018131
A05	21744386	21749255	Bra034693
A05	10413001	10419143	Bra038124
A06	19233650	19235226	Bra010011
A06	54039	55200	Bra038026
A06	24150830	24151741	Bra025112
A01	6049558	6052265	Bra013510
A04	3637007	3639074	Bra014855
A01	9860907	9862033	Bra026314
A04	15357540	15357872	Bra021931
A01	3630385	3633025	Bra011154
A01	8062654	8065150	Bra013849
A06	10175777	10177834	Bra018127
A09	3776485	3781122	Bra035876
A09	30078850	30083567	Bra007319
A05	17608983	17613314	Bra035745
A03	12656188	12658140	Bra000715
A08	16414353	16415330	Bra010932
A02	4844256	4845695	Bra020251
A08	8524734	8527648	Bra038949
A10	8499800	8501533	Bra002639
A10	482586	484683	Bra015571
A07	4279934	4284723	Bra036391
A06	2157108	2159566	Bra018760
A09	31490618	31492001	Bra007603
A03	13669210	13671190	Bra000877
A01	6046986	6048763	Bra013509
A03	3073451	3074357	Bra006336
A04	14975473	14976290	Bra021853
A03	15565258	15566720	Bra001256
A05	5660684	5663241	Bra005468
A09	36679561	36681510	Bra031751
A02	11006741	11009563	Bra007942
A02	21690732	21697188	Bra032938
A08	20090846	20092463	Bra030671
A09	2976606	2977463	Bra036529
A07	18998450	19000910	Bra003913
A05	22794706	22798573	Bra029836
A09	36713297	36715656	Bra031745
A03	15417233	15419463	Bra001220
A08	55338	56189	Bra030814
A06	620072	627158	Bra039669
A01	471696	474436	Bra011796
A04	16855901	16860713	Bra017081
A06	17215121	17217302	Bra009695
A03	15056782	15069736	Bra001163
A08	6045291	6057826	Bra040810
A09	31946523	31952031	Bra007695
A05	18854085	18858903	Bra022366
A09	26051724	26054113	Bra031372
A06	24444656	24448471	Bra033705
A05	10836720	10839064	Bra030381
A08	19107958	19109593	Bra016769
A02	16433963	16434879	Bra033129
A05	20797971	20799438	Bra027278
A07	13721568	13722887	Bra028394
A06	9612197	9617375	Bra018060
A08	207356	207841	Bra030843
A03	25117978	25119463	Bra019301
A03	3094898	3098273	Bra006341
A01	18226666	18228468	Bra028345
A06	9249700	9251795	Bra018019
A02	22457261	22459150	Bra033056
A10	10780829	10783192	Bra002240
A01	23001966	23003768	Bra021123
A03	25630849	25633100	Bra019229
A05	7268947	7270652	Bra018295
A05	21090620	21094849	Bra027333
A03	2551985	2553663	Bra006214
A05	22785243	22786412	Bra029839
A07	12755940	12758715	Bra012028
A01	26776812	26778122	Bra040519
A03	14352950	14355987	Bra001004
A03	19889119	19892256	Bra013210
A06	21661391	21663492	Bra025212
A09	34670332	34671248	Bra031018
A01	5809875	5811287	Bra013458
A07	16965619	16968905	Bra003539
A09	7850545	7852010	Bra026997
A04	8952508	8956290	Bra025461
A09	30205	30840	Bra037313
A08	18098716	18101915	Bra016525
A04	2466625	2469795	Bra014713
A09	36704413	36705825	Bra031747
A09	14141376	14143420	Bra017398
A04	6835892	6836583	Bra028186
A09	36749368	36752972	Bra031737
A08	19783026	19791592	Bra030739
A10	9183226	9188036	Bra002514
A09	21735057	21738633	Bra032408
A02	1542907	1549329	Bra028595
A04	3735149	3737346	Bra039812
A06	24851038	24856834	Bra033630
A07	23625529	23628447	Bra015892
A06	10775299	10776730	Bra018210
A03	275453	275766	Bra005720
A07	12069444	12070439	Bra012133
A02	26113734	26114422	Bra031937
A09	38876601	38881010	Bra032670
A01	6040268	6046895	Bra013508
A06	17639914	17649199	Bra009753
A02	16786251	16786832	Bra033162
A09	21365	22085	Bra037311
A01	4171266	4172671	Bra011059
A04	12571698	12573628	Bra034374
A04	17403308	17405306	Bra016977
A08	15008115	15016295	Bra010652
A09	2414903	2415953	Bra036113
A01	8139915	8141051	Bra013865
A10	9802067	9805672	Bra002414
A03	19856460	19858864	Bra013214
A09	38829568	38830717	Bra032662
A05	25013528	25014567	Bra039168
A03	157214	160057	Bra005694
A07	21889720	21894280	Bra016259
A02	9363884	9367129	Bra033994
A02	9998213	9999151	Bra038359
A03	20913452	20917326	Bra013035
A08	12620939	12622237	Bra010245
A09	7424086	7425135	Bra027671
A10	11495163	11496741	Bra002102
A10	9177095	9179371	Bra002515
A05	31388	42185	Bra004418
A07	25297799	25299440	Bra035067
A08	8219	10186	Bra030808
A04	12005692	12007921	Bra034283
A06	22622816	22625669	Bra024833
A09	37058603	37062586	Bra031672
A08	19117749	19119128	Bra016771
A07	17888347	17894435	Bra003706
A08	12626526	12627829	Bra010247
A01	14392042	14393247	Bra029925
A06	24487315	24491659	Bra033698
A03	26501359	26502359	Bra019070
A04	5460393	5462018	Bra032734
A03	14365018	14365921	Bra001005
A04	17908530	17912443	Bra016871
A05	19988417	19989934	Bra022179
A09	3753202	3754740	Bra035879
A06	11601120	11604292	Bra019430
A09	31805695	31806978	Bra007655
A10	5464198	5465848	Bra003075
A09	9786298	9788538	Bra027865
A03	25624298	25627186	Bra019231
A03	18534773	18539988	Bra001797
A10	10234500	10237284	Bra002346
A08	16918954	16922452	Bra016284
A07	5472268	5473199	Bra015132
A01	11678267	11687802	Bra039560
A04	4017513	4022269	Bra040685
A07	25096548	25097875	Bra035020
A03	17213164	17219538	Bra001584
A10	9391538	9393696	Bra002472
A04	5286031	5287637	Bra032750
A03	28309	32665	Bra005660
A03	10421666	10423507	Bra000297
A09	3744231	3747042	Bra035881
A07	20031211	20036908	Bra004085
A09	26731477	26732160	Bra036091
A05	23140666	23142111	Bra029752
A08	18661126	18664628	Bra016653
A03	21264066	21266279	Bra012975
A06	17546779	17549963	Bra009738
A03	153171	155038	Bra005693
A01	8040834	8041439	Bra013841
A08	67590	68536	Bra030817
A09	36261946	36263828	Bra026964
A01	8129867	8131524	Bra013861
A01	3298836	3299134	Bra011213
A01	5064818	5066363	Bra013335
A09	36605790	36609164	Bra031763
A05	651698	654589	Bra004530
A07	16033240	16034195	Bra003351
A09	36729287	36735842	Bra031741
A02	349711	350553	Bra028856
A03	2548663	2551467	Bra006213
A10	8060746	8061962	Bra002724
A02	9985540	9986710	Bra038361
A07	16079715	16081127	Bra003358
A04	6750350	6751922	Bra028176
A10	10819093	10824812	Bra002232
A03	11750733	11756057	Bra000552
A07	5145236	5148351	Bra015160
A02	3106323	3108079	Bra023598
A10	4408685	4409194	Bra028261
A06	10773792	10775035	Bra018209
A01	8479043	8479994	Bra013924
A08	17242518	17244841	Bra016352
A01	22961915	22962417	Bra021133
A09	17618797	17621994	Bra029477
A04	13901442	13902299	Bra021673
A03	13101323	13104325	Bra000782
A05	649537	650129	Bra004529
A02	21094292	21096272	Bra036369
A06	16773582	16776330	Bra024487
A10	12281970	12282449	Bra008704
A10	6793128	6795770	Bra002922
A09	34297219	34299764	Bra031082
A01	4726189	4727197	Bra013280
A02	6789041	6796055	Bra022720
A06	2692601	2700313	Bra018674
A03	5224500	5228225	Bra006828
A04	26180	31987	Bra040446
A03	15468190	15469639	Bra001234
A10	906401	908703	Bra015499
A01	2978879	2980188	Bra011275
A03	15515497	15518299	Bra001245
A02	23009864	23011545	Bra020715
A08	2568736	2571497	Bra014201
A10	2424212	2424874	Bra033417
A03	25119915	25122196	Bra019300
A07	5572422	5577381	Bra015116
A07	16627383	16632822	Bra003467
A01	4241190	4242508	Bra011050
A06	4020394	4022246	Bra019853
A03	9626079	9628687	Bra000156
A01	78912	82518	Bra011885
A09	38858593	38859072	Bra032665
A06	6179270	6181426	Bra026020
A09	38807000	38811208	Bra032658
A02	14549023	14550897	Bra008421
A02	21700082	21702220	Bra032940
A03	21047784	21051802	Bra013012
A05	22106992	22109953	Bra034779
A10	14140054	14140961	Bra009362
A03	11470104	11473826	Bra000499
A08	2101045	2103020	Bra014265
A02	347985	349367	Bra028857
A06	8003219	8006291	Bra025832
A06	19044129	19051130	Bra009976
A05	19909881	19912659	Bra022191
A03	20518373	20520378	Bra013098
A02	14572716	14576001	Bra008426
A02	102080	104176	Bra028907
A08	11787510	11790234	Bra034603
A10	3911855	3916036	Bra037929
A09	32581825	32582469	Bra007821
A07	5569752	5570639	Bra015117
A03	15247633	15248800	Bra001191
A03	11719870	11721974	Bra000547
A10	17186	19022	Bra015623
A09	30091566	30096250	Bra007321
A01	8401302	8403948	Bra013906
A01	25745997	25749758	Bra040222
A01	83900	85942	Bra011884
A05	17614716	17616557	Bra035746
A05	15519828	15523788	Bra033858
A07	15041827	15044782	Bra003190
A08	17617578	17618868	Bra016421
A08	6010379	6012651	Bra040347
A09	31496716	31499336	Bra007604
A03	9334344	9349115	Bra000114
A05	22819640	22826303	Bra029831
A07	4284959	4287361	Bra036392
A08	7233401	7234480	Bra036763
A01	26500707	26501012	Bra021416
A04	6759105	6762555	Bra028178
A05	22517374	22525681	Bra034864
A07	12079760	12080800	Bra012131
A04	7515923	7517705	Bra025663
A04	12579479	12583444	Bra034376
A03	7342311	7344180	Bra022836
A03	5212632	5214943	Bra006825
A06	15488981	15492828	Bra024312
A06	8166707	8170081	Bra025855
A02	6805666	6813470	Bra022718
A01	11714430	11715305	Bra039563
A02	4262515	4266327	Bra020153
A07	4638476	4639606	Bra036409
A06	22513367	22520280	Bra024815
A03	21891968	21898687	Bra012866
A09	16829770	16834389	Bra035228
A09	4847219	4848565	Bra037190
A02	10039609	10044071	Bra038353
A10	10309406	10311373	Bra002334
A08	69468	70652	Bra030818
A06	13888301	13889204	Bra010052
A01	11829391	11832428	Bra040696
A02	2113137	2118033	Bra023388
A01	4739286	4740438	Bra013283
A07	6609861	6613326	Bra015006
A03	2538095	2541196	Bra006211
A04	9930768	9933400	Bra030256
A08	71688	76892	Bra030819
A10	7696202	7696881	Bra002780
A01	23997690	23999471	Bra021517
A04	3639579	3643762	Bra014856
A07	4731439	4734095	Bra015187
A10	10205965	10217068	Bra002349
A09	38825643	38826419	Bra032661
A08	20704354	20708666	Bra030522
A05	5549216	5553044	Bra005450
A04	14316309	14319741	Bra021744
A04	8960688	8962997	Bra025460
A05	11988	18031	Bra004413
A05	22799213	22800016	Bra029835
A08	2762669	2763953	Bra014179
A03	11817955	11822618	Bra000564
A01	3768906	3770255	Bra011130
A10	10218816	10226086	Bra002347
A09	36754001	36755687	Bra031736
A05	24172237	24174224	Bra020801
A08	11096	15812	Bra030809
A05	612992	614684	Bra004523
A08	13004018	13007364	Bra010310
A08	19854846	19855988	Bra030728
A03	14434783	14437197	Bra001022
A10	42490	43835	Bra015620
A07	25119681	25127705	Bra035024
A02	10351266	10352007	Bra038310
A09	18803	19490	Bra037309
A07	17018656	17020149	Bra003549
A09	30070660	30077685	Bra007318
A07	12816540	12820517	Bra012017
A07	18990502	18997129	Bra003912
A02	4598685	4601507	Bra020220
A06	10385492	10387071	Bra018154
A05	24242751	24244054	Bra039418
A06	23957577	23959795	Bra025077
A08	20102573	20104279	Bra030670
A09	2412752	2414449	Bra036114
A09	30164306	30168070	Bra007333
A03	9557389	9560601	Bra000145
A05	8295005	8296094	Bra018454
A03	19892812	19895123	Bra013209
A04	14165409	14178065	Bra021715
A10	6038014	6039353	Bra003024
A06	3059136	3061507	Bra018597
A03	17210630	17212522	Bra001583
A01	3772502	3773881	Bra011129
A02	8828737	8830203	Bra039762
A10	13780657	13781862	Bra009036
A01	1969594	1973732	Bra011487
A08	7138785	7148189	Bra036771
A05	617912	618970	Bra004525
A06	15381458	15386048	Bra024294
A05	22787097	22789722	Bra029838
A01	6029808	6031709	Bra013506
A04	4434941	4437760	Bra033427
A05	23859936	23863164	Bra029587
A05	25236914	25237763	Bra039118
A01	5086635	5098816	Bra013339
A03	26353333	26356527	Bra019099
A10	8576793	8578141	Bra002623
A02	1217680	1222556	Bra028676
A04	4565215	4575302	Bra033441
A03	14034858	14041994	Bra000936
A08	17259298	17263207	Bra016357
A10	9672128	9674238	Bra002433
A03	2529076	2530721	Bra006209
A03	11204767	11205147	Bra000451
A06	8261360	8265347	Bra025863
A09	12277396	12278604	Bra017603
A07	15971935	15974630	Bra003340
A01	562776	565053	Bra011783
A03	11474430	11477587	Bra000500
A05	15532046	15534129	Bra033859
A05	648253	648832	Bra004528
A03	21044630	21046549	Bra013013
A03	2554562	2556532	Bra006215
A01	4743107	4745808	Bra013285
A06	15884594	15886857	Bra024372
A04	2509868	2511768	Bra014720
A02	16428916	16431100	Bra033128
A03	13794262	13801188	Bra000896
A09	9603897	9609895	Bra027842
A02	18601839	18603319	Bra022057
A08	17246692	17249107	Bra016353
A02	21168223	21169106	Bra036364
A01	19494820	19497802	Bra023839
A01	4235604	4236058	Bra011052
A05	1632280	1635921	Bra004748
A09	38805149	38806378	Bra032657
A08	12947791	12952981	Bra010298
A07	6193591	6195966	Bra015047
A02	16556554	16558992	Bra033141
A01	22973539	22974686	Bra021131
A02	2106230	2112187	Bra023387
A07	4956983	4959435	Bra015172
A04	12892203	12896592	Bra035691
A06	8175236	8178751	Bra025856
A03	6672333	6673297	Bra029168
A02	15258119	15259669	Bra008532
A06	6623704	6638738	Bra025932
A05	20207105	20208240	Bra027169
A03	26702782	26704833	Bra019026
A09	29885479	29886353	Bra007285
A09	9941028	9943085	Bra027877
A06	20978799	20982483	Bra025350
A09	38865237	38867957	Bra032668
A08	2334510	2335616	Bra014233
A01	8132270	8133352	Bra013862
A03	25113080	25117499	Bra019302
A03	12126184	12128921	Bra000621
A05	21814600	21817082	Bra034710
A04	12887893	12891775	Bra035692
A07	6602304	6604599	Bra015007
A07	22934792	22938278	Bra016053
A01	8036263	8039998	Bra013840
A07	3471098	3473095	Bra015227
A03	2605364	2608831	Bra006226
A03	13498815	13503183	Bra000848
A03	2055904	2064107	Bra006110
A04	6818193	6820566	Bra028183
A09	36721472	36724299	Bra031742
A01	5164057	5168038	Bra013353
A04	6825701	6828262	Bra028184
A02	15031052	15046652	Bra008506
A02	4907814	4915951	Bra020267
A04	6847133	6848871	Bra028188
A07	16034581	16035366	Bra003352
A02	10001937	10002723	Bra038358
A03	21899050	21900135	Bra012865
A07	16081968	16082759	Bra003359
A06	24715920	24717997	Bra033657
A04	14057586	14067018	Bra021701
A07	21266350	21269775	Bra004322
A08	88913	92944	Bra030820
A10	6799197	6800369	Bra002921
A06	12289710	12298716	Bra019474
A05	5668800	5669314	Bra005470
A01	17572914	17573514	Bra031409
A07	24680686	24687908	Bra015678
A08	19905258	19907586	Bra030716
A10	11492800	11494433	Bra002103
A01	4238990	4240495	Bra011051
A06	16752298	16768256	Bra024486
A09	28985351	28990434	Bra007127
A10	9191690	9193890	Bra002512
A09	18718916	18720074	Bra028068
A06	18759954	18766045	Bra009930
A03	4977747	4986967	Bra006768
A01	3241793	3245515	Bra011222
A07	5418640	5420698	Bra015135
A09	41958	44374	Bra037317
A04	8699676	8703257	Bra025497
A08	114998	117020	Bra030827
A01	15917184	15928650	Bra035454
A04	12584098	12588066	Bra034377
A04	15963675	15971588	Bra017233
A08	12612997	12613290	Bra010244
A07	5006944	5008988	Bra015169
A02	16443816	16446170	Bra033130
A03	2531695	2535120	Bra006210
A01	4734662	4737861	Bra013282
A05	3097621	3103960	Bra005036
A10	12274452	12278665	Bra008703
A09	3757644	3759152	Bra035878
A07	23622246	23624990	Bra015893
A08	11791502	11794675	Bra034602
A06	6176833	6178476	Bra026021
A05	20842154	20844157	Bra027286
A03	27394101	27395507	Bra024138
A03	2802996	2810993	Bra006277
A07	11983051	11984274	Bra012146
A04	18304741	18307197	Bra037682
A09	3790444	3793689	Bra035875
A04	8089880	8093231	Bra025579
A10	9809685	9811672	Bra002413
A09	479878	488068	Bra037410
A01	6052547	6059627	Bra013511
A07	13812228	13814025	Bra028410
A01	10601458	10604924	Bra038504
A05	735659	739689	Bra004545
A06	17225498	17228535	Bra009696
A05	17737019	17742111	Bra035762
A03	31487219	31500288	Bra017897
A01	4244336	4247916	Bra011049
A03	21228981	21232045	Bra012984
A02	16398096	16399917	Bra033125
A06	19404580	19408678	Bra010038
A06	58586	63600	Bra038024
A06	11286492	11292264	Bra038298
A02	18025918	18027378	Bra022000
A05	25016018	25033332	Bra039167
A09	13779731	13784016	Bra017436
A08	209601	210287	Bra030844
A02	6541280	6545118	Bra035553
A01	14387439	14391458	Bra029924
A02	20074117	20076232	Bra026613
A09	9179128	9180729	Bra027140
A06	8596363	8599322	Bra017925
A05	21842514	21843721	Bra034716
A07	17170089	17175784	Bra003578
A06	5404210	5410326	Bra026183
A03	14133317	14136179	Bra000954
A04	12576264	12579238	Bra034375
A08	18715625	18719139	Bra016666
A10	9586339	9587515	Bra002450
A01	11698237	11708260	Bra039562
A03	25473868	25477572	Bra019251
A02	15127033	15128445	Bra008517
A03	20998570	21015598	Bra013017
A01	3299574	3301925	Bra011212
A07	12070627	12077721	Bra012132
A04	16846235	16848540	Bra017083
A07	3178327	3191556	Bra015251
A03	3377224	3381792	Bra006406
A06	20616356	20620528	Bra025412
A09	34293191	34295129	Bra031083
A01	5805847	5809614	Bra013457
A04	1073525	1079558	Bra014505
A01	1466318	1470284	Bra011600
A09	31501942	31506601	Bra007605
A06	2701005	2703891	Bra018673
A04	11600608	11603174	Bra032051
A02	21698033	21699570	Bra032939
A02	16386328	16386599	Bra033123
A05	614917	615246	Bra004524
A09	6034763	6036694	Bra036689
A02	26313957	26316946	Bra031898
A01	25739835	25745035	Bra040221
A09	37195685	37203078	Bra031639
A03	14059251	14059984	Bra000938
A08	7822777	7824122	Bra035490
A03	10551855	10553822	Bra000319
A10	9438260	9444643	Bra002465
A06	11883888	11888504	Bra019448
A09	34290580	34292387	Bra031084
A05	2463248	2467427	Bra004914
A09	38811655	38818290	Bra032659
A06	5400309	5403176	Bra026184
A06	21125778	21128968	Bra025319
A05	5328264	5330428	Bra005404
A03	2557960	2558754	Bra006216
A03	25056215	25058776	Bra019315
A06	6186369	6189066	Bra026017
A05	25220605	25225588	Bra039122
A07	16064401	16069860	Bra003356
A03	9623979	9625862	Bra000155
A04	4383290	4385877	Bra033419
A09	8063235	8064861	Bra027017
A03	11466001	11468022	Bra000498
A02	8815693	8817294	Bra039761
A07	24788305	24791589	Bra015656
A07	15100640	15101977	Bra003198
A02	106386	107426	Bra028906
A05	6592268	6602240	Bra005624
A03	19976561	19979504	Bra013193
A03	14511470	14514853	Bra001039
A10	14135192	14137730	Bra009363
A06	13831192	13835064	Bra010045
A01	12234321	12236054	Bra036882
A08	12743577	12745744	Bra010264
A09	31803327	31804057	Bra007654
A07	5732071	5734644	Bra015096
A06	23901308	23903141	Bra025064
A03	15239336	15247200	Bra001190
A01	22536187	22537179	Bra021204
A04	3696979	3699061	Bra014862
A08	11786290	11786769	Bra034604
A03	9619397	9623571	Bra000154
A05	19903333	19907237	Bra022192
A03	8119897	8122983	Bra022989
A09	36693358	36701676	Bra031749
A08	12229319	12231931	Bra034530
A05	20896358	20900418	Bra027296
A08	1586048	1587066	Bra014329
A04	6579841	6582468	Bra028155
A01	86930	89159	Bra011883
A06	24434817	24437095	Bra033707
A03	16874960	16880034	Bra001525
A01	3765774	3766085	Bra011131
A10	15408	16874	Bra015624
A06	17228708	17234000	Bra009697
A05	22511240	22513274	Bra034863
A05	22711367	22712147	Bra029854
A05	12492546	12498763	Bra032247
A05	17709209	17711623	Bra035759
A03	12500145	12501686	Bra000689
A03	9500670	9506331	Bra000136
A03	15520646	15523946	Bra001246
A04	12190546	12192602	Bra034309
A04	19142404	19146848	Bra021397
A02	3327549	3334362	Bra023646
A02	26101341	26102237	Bra031938
A02	10347315	10350360	Bra038311
A06	24309158	24315129	Bra033730
A03	8165255	8170168	Bra022999
A02	6798250	6799440	Bra022719
A07	23614150	23619346	Bra015894
A09	38844210	38857035	Bra032664
A08	63117	65406	Bra030816
A09	4711040	4713684	Bra037156
A10	3808739	3814387	Bra037938
A02	26298299	26298703	Bra031902
A06	9163782	9166682	Bra018005
A08	15092494	15093108	Bra010665
A04	17346085	17347750	Bra016989
A03	2521361	2526643	Bra006208
A10	8578720	8580219	Bra002622
A04	15339721	15342974	Bra021928
A07	3339757	3341469	Bra015239
A04	13897035	13898481	Bra021672
A03	25701653	25707525	Bra019213
A01	8057781	8058753	Bra013847
A04	5453879	5458929	Bra032735
A07	5037909	5052355	Bra015165
A05	11704088	11710638	Bra030472
A01	5940207	5943484	Bra013485
A09	9811721	9815241	Bra027867
A09	906709	908982	Bra036276
A03	14054247	14058116	Bra000937
A03	11481225	11482052	Bra000502
A05	7862312	7862782	Bra018383
A05	7858696	7859161	Bra018382
A02	4121827	4126636	Bra020125
A10	36967	39540	Bra015621
A05	17603923	17605879	Bra035743
A07	11749621	11755535	Bra012180
A09	11563	18445	Bra037308
A01	24000191	24000406	Bra021516
A04	5831266	5839632	Bra032689
A09	14129112	14135463	Bra017400
A02	17250019	17254415	Bra033199
A03	16707502	16710405	Bra001499
A07	6615649	6616200	Bra015005
A03	13651841	13655860	Bra000874
A03	5330226	5331101	Bra006848
A06	6351370	6355916	Bra025982
A09	26734867	26742651	Bra036092
A10	15129236	15130589	Bra009128
A05	19625592	19628667	Bra022235
A09	31467933	31470206	Bra007599
A03	11810611	11815350	Bra000563
A06	22643709	22645248	Bra024835
A10	11141494	11143484	Bra002176
A03	14438806	14443867	Bra001023
A05	20194962	20197156	Bra027167
A05	22782752	22784248	Bra029840
A06	23687131	23690709	Bra025026
A05	21022174	21024040	Bra027319
A02	18470907	18471919	Bra022040
A08	1583063	1585667	Bra014330
A05	4082589	4084857	Bra005219
A03	2518984	2520168	Bra006207
A06	23852868	23855962	Bra025053
A06	1249263	1254632	Bra018923
A03	11921521	11923788	Bra000584
A06	24721759	24723069	Bra033656
A07	17771904	17773682	Bra003690
A09	38861575	38864405	Bra032667
A09	38802428	38804851	Bra032656
A09	26746832	26747563	Bra036093
A05	1453372	1458564	Bra004710
A07	23723493	23726428	Bra015866
A08	195426	198528	Bra030841
A09	9582766	9585655	Bra027840
A08	16417093	16420284	Bra010933
A03	14302168	14305125	Bra000987
A07	17884438	17885454	Bra003704
A04	6832480	6833391	Bra028185
A03	6670541	6671275	Bra029167
A01	22640051	22641071	Bra021187
A01	5149549	5152630	Bra013352
A09	20468168	20470296	Bra023236
A02	9130697	9153590	Bra034020
A06	24155022	24158817	Bra025113
A04	14313699	14315870	Bra021743
A03	31590532	31597659	Bra017901
A10	3771480	3778493	Bra037939
A09	36719914	36720264	Bra031743
A01	9264547	9267464	Bra026409
A01	4395417	4396867	Bra040160
A02	16424385	16428539	Bra033127
A05	23168343	23169063	Bra029745
A07	15980092	15983065	Bra003341
A07	8106538	8113290	Bra030183
A06	6650656	6651981	Bra025931
A08	15292590	15297477	Bra010712
A02	3323482	3326812	Bra023645
A01	17166656	17171527	Bra031452
A07	23300187	23302529	Bra015968
A06	8930906	8931919	Bra017978
A07	4923930	4924395	Bra015173
A01	18229367	18229822	Bra028344
A06	3259785	3261880	Bra020019
A10	7565137	7566808	Bra002800
A09	27026529	27032299	Bra036836
A09	9166338	9168095	Bra027139
A01	12587178	12593270	Bra037601
A02	15789037	15790827	Bra018545
A08	57170	62428	Bra030815
A09	36027734	36029306	Bra026915
A03	9548602	9549729	Bra000143
A01	5254739	5260542	Bra013370
A08	15090266	15091527	Bra010664
A10	14125678	14129449	Bra009364
A07	5561266	5569071	Bra015118
A08	17250701	17251144	Bra016354
A04	8975838	8978410	Bra025458
A06	3262473	3263195	Bra020018
A07	25107166	25110154	Bra035023
A01	4218837	4227568	Bra011053
A05	22112656	22115951	Bra034781
A04	15345212	15349053	Bra021929
A02	1841489	1845684	Bra023330
A05	18775563	18789762	Bra022381
A02	18594677	18595137	Bra022056
A01	11742330	11746910	Bra039566
A05	611147	612553	Bra004522
A08	12934937	12936859	Bra010297
A06	8891442	8893202	Bra017971
A06	11598817	11599098	Bra019429
A01	21999173	22005177	Bra021278
A07	5028911	5030797	Bra015166
A05	17606263	17608638	Bra035744
A06	3600366	3608039	Bra019938
A07	12003931	12005428	Bra012145
A03	10423968	10429086	Bra000298
A07	13717051	13720934	Bra028393
A05	25035959	25038291	Bra039166
A10	8242425	8244602	Bra002699
A02	16389265	16389783	Bra033124
A06	23905112	23906109	Bra025065
A03	2788568	2794804	Bra006276
A07	16094667	16100565	Bra003360
A04	3352434	3357958	Bra014815
A09	36583923	36586242	Bra031767
A02	6867815	6873440	Bra022708
A09	3918070	3923921	Bra035848
A09	38820160	38823565	Bra032660
A05	21844823	21845509	Bra034717
A07	25500457	25508782	Bra035110
A03	15050135	15054981	Bra001162
A02	26294322	26296237	Bra031903
A03	10110481	10115826	Bra000238
A07	22907015	22911938	Bra016057
A03	5069733	5071547	Bra006795
A02	15191459	15192874	Bra008524
A05	20894148	20895959	Bra027295
A02	3918954	3923482	Bra020079
A07	14134241	14144442	Bra028459
A07	5133015	5142667	Bra015162
A03	20513647	20515158	Bra013100
A06	23180776	23182674	Bra024918
A06	24871312	24875493	Bra033629
A04	16851016	16853138	Bra017082
A06	13889612	13892752	Bra010053
A01	8134225	8135900	Bra013863
A03	27392468	27393539	Bra024139
A03	12243207	12248318	Bra000641
A02	16460675	16461543	Bra033131
A07	14765124	14769510	Bra003128
A03	17833555	17836622	Bra001676
A07	11757570	11759523	Bra012179
A05	19984616	19988154	Bra022180
A10	10511895	10520939	Bra002293
A06	15101758	15104145	Bra024241
A04	17957802	17960155	Bra016864
A05	3111363	3111993	Bra005040
A08	18380725	18383633	Bra016584
A04	3043976	3045211	Bra014778
A02	21382451	21383467	Bra036341
A09	3760144	3764494	Bra035877
A03	22991	26704	Bra005659
A01	4729793	4733146	Bra013281
A06	10185598	10187184	Bra018129
A08	11364064	11364516	Bra034673
A01	10628121	10629338	Bra038503
A02	19630084	19630902	Bra026650
A05	8440968	8443265	Bra018477
A07	21484505	21486358	Bra004357
A06	8849237	8851230	Bra017964
A02	15738918	15745134	Bra018548
