A03	22184512	22187572	Bra012800
A10	13288675	13292792	Bra008936
A06	25198256	25201778	Bra033554
A03	5439723	5442030	Bra028924
A01	23913359	23917353	Bra021526
A10	11145661	11147927	Bra002175
A05	110827	116185	Bra004438
A03	15028776	15029735	Bra001156
A06	4679	4953	Bra038035
A09	16752872	16754194	Bra035237
A08	19545791	19548843	Bra030803
A04	6154003	6157036	Bra028111
A10	8427405	8429560	Bra002658
A07	15007983	15009320	Bra003184
A04	12321347	12327138	Bra034332
A10	8986022	8988489	Bra002546
A02	7930310	7938805	Bra022557
A04	170655	177750	Bra040426
A03	8339258	8340547	Bra023035
A08	1011063	1012414	Bra030949
A03	14092062	14094261	Bra000944
A03	10699427	10699855	Bra000349
A10	10879625	10880170	Bra002220
A03	14294191	14295624	Bra000983
A04	16355799	16361136	Bra017160
A03	2783006	2787136	Bra006275
A02	22233262	22236153	Bra033023
A01	820414	823244	Bra011736
A03	12648536	12652551	Bra000714
A04	19130965	19132581	Bra021394
A03	10123852	10124871	Bra000241
A09	16749183	16752327	Bra035238
A03	15076404	15077733	Bra001164
A02	1717436	1720741	Bra028554
A03	12560397	12561232	Bra000699
A05	25160924	25161571	Bra039139
A08	211101	214802	Bra030845
A10	6392047	6392283	Bra002977
A07	15212757	15213879	Bra003214
A10	13770944	13773078	Bra009034
A01	7539010	7541274	Bra013743
A05	7627709	7627909	Bra018345
A01	3541857	3546694	Bra011168
A05	5398973	5400466	Bra005420
A03	16966646	16972845	Bra001545
A10	11348963	11354123	Bra002144
A02	24532344	24536863	Bra020485
A05	5798762	5799697	Bra005492
A07	18926501	18933151	Bra003903
A05	25235810	25236666	Bra039119
A02	10729968	10731824	Bra007901
A06	12939575	12940223	Bra019527
A08	13820068	13823809	Bra010454
A03	12586481	12590728	Bra000707
A03	17435111	17443407	Bra001616
A07	9617805	9622696	Bra012469
A03	16142659	16145932	Bra001387
A03	30744522	30746728	Bra017819
A01	5829937	5833366	Bra013464
A02	13212251	13214297	Bra008264
A06	5564726	5565202	Bra026153
A09	38414654	38415541	Bra032567
A07	8481297	8485853	Bra030137
A08	16477366	16478308	Bra010953
A10	11056975	11060035	Bra002189
A01	10233046	10235947	Bra026243
A07	4818325	4819242	Bra015179
A04	12450469	12452187	Bra034353
A09	18499980	18501664	Bra028088
A09	6019555	6026485	Bra036692
A05	1548021	1551340	Bra004728
A10	15503022	15508603	Bra009450
A07	15694401	15694954	Bra003290
A07	18429773	18431488	Bra003802
A01	3779428	3780761	Bra011127
A04	16824884	16827032	Bra017085
A03	2906699	2907991	Bra006296
A10	2215206	2219889	Bra015287
A08	19103691	19105127	Bra016768
A03	17922938	17923961	Bra001695
A05	24507091	24508703	Bra031946
A04	14758080	14763503	Bra021814
A03	26483500	26485467	Bra019075
A05	18626117	18628564	Bra022407
A03	15427874	15432732	Bra001223
A01	18417964	18419473	Bra028321
A03	8887864	8888097	Bra000017
A04	17978275	17983195	Bra016856
A10	8064531	8065875	Bra002722
A02	10296231	10298306	Bra038320
A04	10620305	10623020	Bra032182
A01	2203350	2209948	Bra011429
A06	205292	214691	Bra037995
A04	2517747	2519964	Bra014722
A10	10108270	10109839	Bra002364
A10	3437929	3442852	Bra033225
A03	11855118	11856234	Bra000571
A10	7827343	7833995	Bra002762
A01	5192873	5195428	Bra013359
A07	15985164	15987833	Bra003342
A07	4963987	4965494	Bra015170
A07	23478646	23485111	Bra015924
A03	113583	118295	Bra005683
A05	5169000	5170619	Bra005390
A09	25531681	25538542	Bra024573
A02	24133470	24139386	Bra020542
A03	26960591	26963309	Bra024202
A10	5807701	5809220	Bra003045
A01	22928418	22934223	Bra021142
A03	14872534	14873238	Bra001122
A10	11110069	11113326	Bra002182
A03	11218408	11219571	Bra000455
A07	16589582	16591132	Bra003460
A01	22726013	22727369	Bra021177
A06	18880178	18887604	Bra009950
A03	12373635	12375406	Bra000663
A06	5628568	5629088	Bra026132
A06	18902944	18904527	Bra009953
A06	25085300	25095232	Bra033575
A07	17744070	17744869	Bra003685
A01	9598157	9599324	Bra026359
A04	38530	39896	Bra040443
A03	13987436	13988125	Bra000927
A01	11035690	11040586	Bra033544
A08	385792	387045	Bra030867
A09	36709467	36712297	Bra031746
A06	6308542	6309724	Bra025992
A07	20144921	20145399	Bra004103
A09	29282136	29286372	Bra007179
A10	9258297	9260925	Bra002501
A06	7097901	7102156	Bra025703
A07	19982641	19986836	Bra004078
A08	6152782	6153597	Bra039875
A03	14636105	14636784	Bra001075
A10	14181438	14185478	Bra009350
A07	21456211	21461289	Bra004354
A03	22092770	22094617	Bra012823
A02	22630110	22631116	Bra033092
A05	52230	60656	Bra004420
A08	14125791	14130620	Bra010508
A10	8788560	8788796	Bra002587
A03	5008248	5010259	Bra006775
A08	4207957	4213136	Bra014042
A09	36891917	36898302	Bra031707
A02	26902774	26906816	Bra031807
A01	1863159	1867079	Bra011514
A07	16817827	16823011	Bra003514
A02	2478999	2481106	Bra023472
A09	36512488	36514969	Bra031786
A07	12651013	12661582	Bra012041
A07	14848308	14849294	Bra003145
A10	7901734	7904500	Bra002756
A09	38395765	38399157	Bra032564
A10	14897029	14897532	Bra009189
A07	10597579	10598596	Bra012337
A06	16034092	16040278	Bra024387
A03	19982046	19983742	Bra013191
A03	8794511	8797095	Bra000001
A10	11152091	11157755	Bra002173
A03	4108593	4110286	Bra006574
A09	36685813	36689273	Bra031750
A09	36716288	36716744	Bra031744
A09	36904996	36911380	Bra031705
A02	17777527	17780106	Bra021979
A08	15513299	15516106	Bra010761
A04	9438206	9442072	Bra030328
A03	14011794	14013727	Bra000930
A03	14161224	14163884	Bra000961
A10	15480120	15485202	Bra009444
A10	14987687	14995690	Bra009163
A10	8439911	8440304	Bra002653
A01	21314577	21317847	Bra037590
A02	6096	10206	Bra028919
A04	863452	866821	Bra014473
A05	2609296	2611075	Bra004949
A01	8557388	8562058	Bra013937
A09	860791	863325	Bra036281
A07	3070838	3071590	Bra001964
A05	16029091	16031741	Bra033904
A05	7468043	7469911	Bra018323
A07	19833883	19836559	Bra004053
A03	11770629	11775459	Bra000555
A08	19111166	19117127	Bra016770
A02	26929490	26935512	Bra031801
A08	18757460	18760914	Bra016679
A02	22453637	22456999	Bra033055
A03	19359709	19361366	Bra001918
A05	19779323	19785695	Bra022209
A09	474471	475152	Bra037409
A02	6353881	6357324	Bra035594
A06	17016773	17019038	Bra009653
A10	12743884	12747090	Bra008811
A10	6187926	6189744	Bra003004
A03	12165642	12167057	Bra000632
A05	8025617	8027867	Bra018408
A05	24818303	24820953	Bra032014
A07	2694440	2701835	Bra002002
A01	7517007	7518768	Bra013737
A07	17597498	17598112	Bra003661
A08	20206136	20209983	Bra030642
A05	21917956	21919183	Bra034728
A04	13332915	13334536	Bra039987
A05	43780	45947	Bra004419
A02	10309599	10312588	Bra038318
A09	23774048	23775951	Bra032820
A03	10084947	10087601	Bra000234
A05	25162496	25165631	Bra039138
A07	25290495	25292194	Bra035064
A03	17159558	17162571	Bra001572
A03	15391316	15392988	Bra001214
A08	18549494	18550201	Bra016622
A09	35733083	35733655	Bra026849
A01	2162712	2165580	Bra011439
A10	5929282	5932017	Bra003035
A02	25489871	25493783	Bra029297
A02	2883226	2889214	Bra023556
A09	10246859	10248690	Bra027915
A03	17959438	17963057	Bra001704
A10	8372027	8379021	Bra002672
A01	9201093	9204671	Bra026418
A03	17082779	17085204	Bra001560
A08	3196616	3201769	Bra014136
A06	3992825	3995281	Bra019859
A03	7541067	7541626	Bra022876
A07	16218266	16221912	Bra003384
A07	3011310	3012092	Bra001968
A10	14296131	14298008	Bra009325
A04	14738742	14743352	Bra021810
A03	2046191	2049754	Bra006107
A07	18599739	18602314	Bra003843
A08	12965208	12969762	Bra010303
A10	8441247	8450367	Bra002652
A07	2615074	2618433	Bra002009
A03	16267629	16268940	Bra001411
A10	11107550	11109256	Bra002183
A05	25248341	25249549	Bra039116
A03	17431104	17431673	Bra001615
A02	25575041	25577329	Bra029287
A07	20962992	20965912	Bra004258
A06	21347819	21350265	Bra025281
A03	4879381	4880913	Bra006745
A10	5842487	5843097	Bra003044
A10	716340	718464	Bra015535
A03	7999264	8002016	Bra022965
A06	23268173	23269713	Bra024945
A03	25446636	25449715	Bra019255
A03	30394468	30395537	Bra017770
A10	13786896	13792479	Bra009038
A07	5021048	5022054	Bra015167
A01	15146715	15162372	Bra030007
A04	5728778	5731132	Bra032700
A06	11226394	11233503	Bra038293
A04	19211246	19214028	Bra021441
A04	15908194	15922026	Bra017241
A09	16780517	16783279	Bra035233
A02	23513728	23514150	Bra020632
A07	16879483	16881180	Bra003521
A06	3022340	3025762	Bra018607
A08	16807362	16810192	Bra011014
A07	6464216	6465748	Bra015018
A10	9560384	9562752	Bra002453
A08	6260563	6261769	Bra039861
A10	14824040	14831862	Bra009210
A10	7715959	7716290	Bra002776
A03	10803389	10806642	Bra000371
A05	1737131	1739856	Bra004767
A09	164519	172574	Bra037341
A02	4835102	4839772	Bra020249
A10	15163928	15170138	Bra009120
A05	1246993	1252342	Bra004653
A03	13948342	13950239	Bra000923
A01	2221504	2233959	Bra011426
A01	18286644	18292366	Bra028334
A01	8846781	8854157	Bra039770
A03	9216190	9218779	Bra000084
A03	13578653	13594394	Bra000864
A06	7297176	7300288	Bra025737
A10	7140815	7142845	Bra002861
A07	18461813	18464156	Bra003813
A08	19573536	19579351	Bra030794
A06	10355969	10357632	Bra018150
A01	9213543	9217230	Bra026415
A02	9121490	9124049	Bra034021
A08	18970461	18972064	Bra016736
A05	5810845	5812185	Bra005496
A09	1009481	1016078	Bra036257
A10	9797291	9801011	Bra002415
A01	3249595	3250056	Bra011220
A03	16147331	16150066	Bra001388
A01	21277552	21286005	Bra037581
A06	3889251	3892846	Bra019884
A08	16530943	16533862	Bra010965
A07	3163305	3164183	Bra001955
A04	2412122	2415491	Bra014705
A01	8898192	8900184	Bra039773
A03	17098388	17101446	Bra001565
A09	17614970	17616300	Bra029476
A03	12518310	12519310	Bra000692
A09	37889222	37892266	Bra032452
A04	18984034	18984513	Bra039261
A10	9982029	9987582	Bra002384
A02	14645772	14648631	Bra008437
A10	5721455	5722491	Bra003053
A10	7358749	7361289	Bra002830
A03	8323712	8326685	Bra023032
A09	21712976	21716392	Bra032411
A07	14600308	14600520	Bra028532
A10	3420897	3422732	Bra033229
A07	4918523	4920171	Bra015174
A04	2052837	2054516	Bra014655
A10	9854097	9854657	Bra002409
A03	18026139	18026785	Bra001712
A01	5171630	5173237	Bra013355
A10	2736016	2744571	Bra033356
A04	11878917	11888445	Bra034267
A10	11384224	11385507	Bra002134
A05	633964	643901	Bra004526
A05	2390548	2390899	Bra004900
A10	5600331	5603827	Bra003063
A04	21319	24187	Bra040447
A06	2736537	2747451	Bra018663
A09	16061399	16064519	Bra037912
A10	12831548	12835655	Bra008832
A06	12000023	12006430	Bra019456
A10	9903517	9906922	Bra002398
A03	13099239	13100051	Bra000781
A08	12293330	12295787	Bra040080
A10	8086692	8088668	Bra002717
A01	26359606	26366243	Bra021372
A01	2971407	2973136	Bra011276
A03	15860218	15863970	Bra001322
A04	14408286	14410199	Bra021759
A03	29619037	29620092	Bra017660
A06	20476831	20478610	Bra037526
A04	15467488	15468668	Bra017325
A01	26552053	26554377	Bra021435
A08	14834607	14837495	Bra010619
A03	25013855	25016331	Bra019322
A01	24932402	24944099	Bra034110
A03	18691162	18691467	Bra001823
A04	3595399	3599424	Bra014849
A06	21766056	21767713	Bra025194
A01	21068232	21071038	Bra037555
A08	3633810	3635057	Bra014087
A10	10359291	10365274	Bra002327
A03	1899224	1901168	Bra006081
A01	26501725	26502544	Bra021417
A03	9803023	9808177	Bra000187
A09	10114555	10128284	Bra027897
A08	10024585	10027024	Bra020975
A05	24834122	24837163	Bra032018
A03	4052318	4062126	Bra006561
A09	499566	501581	Bra037413
A07	7849330	7854747	Bra014880
A03	3478083	3481472	Bra006429
A10	9387108	9388668	Bra002473
A07	17376612	17377588	Bra003619
A03	18069253	18072324	Bra001723
A03	3494196	3495491	Bra006439
A03	9826958	9828407	Bra000192
A04	19148924	19150135	Bra021398
A03	16256358	16260286	Bra001408
A09	26081477	26082074	Bra031369
A03	10610868	10612356	Bra000331
A10	8792724	8795599	Bra002586
A07	14903068	14905725	Bra003161
A04	12214782	12217442	Bra034313
A03	19344114	19349240	Bra001914
A06	25154977	25157391	Bra033562
A03	18495515	18497789	Bra001789
A03	147164	151027	Bra005692
A07	17806302	17810232	Bra003695
A04	10542121	10547157	Bra032189
A02	68379	69263	Bra028910
A05	25134316	25138861	Bra039145
A07	22761310	22762380	Bra016090
A07	15783674	15784920	Bra003305
A01	9920856	9924893	Bra026302
A07	20236201	20242340	Bra004121
A06	20904304	20910823	Bra025360
A08	19092487	19094760	Bra016765
A08	19586542	19589988	Bra030790
A05	3341904	3352821	Bra005084
A07	15399563	15400533	Bra003243
A09	36737105	36739109	Bra031740
A03	27036915	27040928	Bra024192
A04	3159586	3161959	Bra014787
A03	15854949	15857784	Bra001320
A03	16885187	16885369	Bra001527
A07	5833985	5836119	Bra015085
A10	10813198	10817412	Bra002233
A10	2055989	2059496	Bra015312
A09	32408735	32411173	Bra007791
A07	4581304	4583510	Bra036407
A07	25405247	25408277	Bra035091
A08	12153980	12158765	Bra034539
A05	4741879	4742739	Bra005311
A08	15302147	15303466	Bra010713
A10	6363297	6364403	Bra002982
A01	242644	245122	Bra011848
A02	24790897	24792936	Bra029407
A07	1926266	1927662	Bra002091
A02	19123	21918	Bra028917
A05	23600666	23604518	Bra029637
A06	21665678	21669642	Bra025211
A05	6307647	6310068	Bra005578
A04	3419950	3425453	Bra014826
A09	38429319	38432471	Bra032570
A07	20180071	20180914	Bra004111
A10	12482166	12483412	Bra008745
A08	14838516	14840948	Bra010620
A04	17984499	17985517	Bra016855
A08	6699584	6702809	Bra038083
A02	2952006	2954352	Bra023573
A10	15745571	15751647	Bra009499
A01	9650358	9654398	Bra026351
A07	14043779	14046079	Bra028444
A09	3679015	3689775	Bra035888
A02	23416415	23423655	Bra020646
A01	2708976	2711497	Bra011328
A03	13746035	13750209	Bra000889
A10	7017992	7019671	Bra002889
A02	7213879	7215613	Bra022655
A06	21287841	21295738	Bra025290
A10	9838951	9842374	Bra002410
A07	5014235	5019671	Bra015168
A10	3242888	3243713	Bra033267
A07	1912250	1913857	Bra002093
A08	13815243	13818345	Bra010453
A05	18375	19887	Bra004414
A02	24129346	24130879	Bra020543
A03	30747469	30747939	Bra017820
A03	11827113	11829568	Bra000565
A10	13100861	13106392	Bra008888
A08	20440771	20442666	Bra030584
A08	19549383	19551746	Bra030802
A03	19127803	19128510	Bra001875
A09	4405714	4409609	Bra037827
A09	36496595	36501513	Bra031790
A07	967410	969988	Bra038839
A06	4941976	4946661	Bra019694
A03	19458579	19458971	Bra001933
A03	9867257	9869212	Bra000202
A01	150169	154808	Bra011865
A09	38636922	38638430	Bra032619
A03	10000845	10002911	Bra000222
A01	9765415	9769334	Bra026330
A09	18489469	18492374	Bra028089
A03	6033896	6036226	Bra029043
A09	21084326	21087745	Bra023172
A02	10294469	10295051	Bra038321
A06	10808458	10810619	Bra018212
A09	5395451	5411357	Bra037246
A02	8374404	8376203	Bra022503
A04	2367220	2367855	Bra014702
A07	15989372	15992197	Bra003343
A09	38416121	38417869	Bra032568
A06	17321697	17325684	Bra009713
A01	1475484	1477921	Bra011598
A04	10948129	10951827	Bra032147
A10	5699614	5702647	Bra003055
A01	1330288	1332065	Bra011635
A03	16928480	16933969	Bra001537
A07	22613727	22615487	Bra016116
A02	24521915	24523464	Bra020488
A03	22180849	22181475	Bra012801
A09	25161906	25167081	Bra024627
A03	18245014	18247842	Bra001746
A04	10973531	10975289	Bra032144
A01	3782477	3782996	Bra011126
A04	11540436	11541378	Bra032061
A03	9815418	9815675	Bra000189
A06	25188211	25195430	Bra033555
A05	6890	7365	Bra004410
A03	10730909	10732490	Bra000355
A03	11645596	11646894	Bra000536
A03	16710828	16720335	Bra001500
A06	10672	11679	Bra038034
A03	6997029	6998656	Bra022775
A07	3056522	3056823	Bra001965
A01	26144336	26148063	Bra036426
A09	21502175	21504010	Bra023138
A03	18417633	18418700	Bra001777
A01	22243688	22244230	Bra021249
A01	23909710	23911026	Bra021527
A10	5320163	5325442	Bra003094
A05	21908239	21916400	Bra034727
A10	2220649	2220939	Bra015286
A03	1620152	1622634	Bra006013
A01	25154432	25156575	Bra034064
A01	672224	676595	Bra011765
A02	1626663	1630320	Bra028579
A06	15352348	15356090	Bra024285
A10	5006236	5006505	Bra003122
A06	612251	614390	Bra039672
A06	25185981	25187621	Bra033556
A01	4399515	4401333	Bra040162
A05	3261534	3264356	Bra005066
A10	9428396	9431195	Bra002467
A02	20276426	20283261	Bra026586
A01	6049558	6052265	Bra013510
A06	23620079	23622482	Bra025014
A06	14937160	14939183	Bra038642
A10	11406023	11406313	Bra002124
A02	26892966	26897062	Bra031809
A08	15781259	15782062	Bra010807
A03	18692929	18693147	Bra001824
A10	11270378	11275115	Bra002154
A01	667142	670549	Bra011766
A06	489622	491891	Bra039699
A07	16165529	16168511	Bra003370
A05	8298747	8300188	Bra018456
A04	18899299	18900132	Bra039277
A03	14094991	14095830	Bra000945
A03	11992761	11995408	Bra000595
A05	7692234	7694031	Bra018349
A03	16738983	16740972	Bra001505
A05	8243000	8247597	Bra018441
A08	15501912	15503451	Bra010757
A06	16388015	16389458	Bra024438
A03	3415667	3416342	Bra006416
A07	15159488	15161759	Bra003208
A10	3147203	3149429	Bra033284
A03	26909876	26910239	Bra024208
A08	3962153	3964230	Bra014057
A01	10209036	10214843	Bra026248
A08	1007674	1009440	Bra030948
A06	16570742	16572603	Bra024465
A02	7535466	7539651	Bra022610
A10	7773045	7775881	Bra002771
A10	11421471	11425098	Bra002117
A07	16412495	16413388	Bra003422
A03	13669210	13671190	Bra000877
A06	18572396	18574100	Bra009895
A01	1636449	1642795	Bra011570
A03	500967	503434	Bra005769
A10	14292858	14295689	Bra009326
A07	4960614	4963556	Bra015171
A03	9292400	9295663	Bra000108
A04	3046170	3047701	Bra014779
A09	32006797	32011873	Bra007709
A02	26897916	26899791	Bra031808
A05	24816162	24817691	Bra032013
A05	8134323	8136442	Bra018420
A07	15754365	15757306	Bra003300
A01	374137	375874	Bra011821
A07	18413702	18414203	Bra003800
A06	21331389	21336842	Bra025283
A04	4287333	4287824	Bra019645
A09	36679561	36681510	Bra031751
A09	36901687	36904251	Bra031706
A10	15260792	15262744	Bra009091
A03	4665843	4666771	Bra006694
A10	10397977	10398411	Bra002318
A01	25821581	25826334	Bra040237
A09	11856389	11864867	Bra027574
A06	22528561	22532762	Bra024816
A10	1177878	1180605	Bra015456
A09	36913810	36916877	Bra031704
A01	5888951	5897504	Bra013477
A08	9273387	9295897	Bra021067
A06	17215121	17217302	Bra009695
A07	15824267	15825787	Bra003311
A03	14293458	14293809	Bra000982
A09	20778271	20783843	Bra023204
A03	15056782	15069736	Bra001163
A05	2403356	2405194	Bra004903
A04	18035880	18039390	Bra037741
A10	7014505	7017390	Bra002890
A07	2227788	2229080	Bra002059
A10	13162653	13164184	Bra008903
A01	3442035	3444687	Bra011184
A01	2088471	2093305	Bra011458
A04	239228	242853	Bra014378
A06	18576202	18578211	Bra009896
A08	19107958	19109593	Bra016769
A02	8048214	8050220	Bra022549
A04	16003107	16010491	Bra017226
A05	20797971	20799438	Bra027278
A06	9612197	9617375	Bra018060
A03	7535478	7540794	Bra022875
A10	14984704	14985697	Bra009164
A01	9897278	9898692	Bra026306
A03	8746392	8748916	Bra023110
A03	10361926	10362726	Bra000285
A04	5104300	5108791	Bra032766
A03	8591282	8592936	Bra023083
A07	17761214	17764898	Bra003688
A02	12548523	12552890	Bra008165
A02	22457261	22459150	Bra033056
A06	25176578	25177730	Bra033559
A08	15990784	15994900	Bra010847
A03	19429888	19431772	Bra001929
A02	25625957	25626214	Bra029280
A07	2687218	2692252	Bra002003
A08	16184881	16187679	Bra010887
A03	11779201	11780415	Bra000556
A03	17927539	17929990	Bra001696
A07	16965619	16968905	Bra003539
A09	34115918	34117091	Bra031127
A09	21839795	21844213	Bra032394
A08	18285258	18290495	Bra016558
A08	20307877	20311877	Bra030613
A10	7418976	7422921	Bra002821
A09	25325939	25328261	Bra024603
A05	20660348	20663352	Bra027248
A07	21042483	21044863	Bra004281
A07	25128719	25133489	Bra035025
A10	14401698	14407653	Bra009306
A10	14422166	14423479	Bra009302
A04	17543854	17553427	Bra016948
A05	4775335	4776683	Bra005315
A06	5627255	5628300	Bra026133
A03	9038250	9039385	Bra000046
A05	10834704	10836562	Bra030380
A04	6496403	6497935	Bra028148
A03	2504507	2512077	Bra006205
A03	5579951	5582450	Bra028952
A03	18347914	18349841	Bra001766
A01	9895093	9896853	Bra026307
A02	22706355	22707123	Bra033105
A07	18466912	18469119	Bra003814
A10	1138842	1143350	Bra015463
A01	7973405	7976358	Bra013825
A03	14775849	14776525	Bra001102
A01	8658740	8661335	Bra013949
A10	8213129	8216236	Bra002703
A05	22043730	22048457	Bra034764
A03	16396380	16397992	Bra001437
A01	3464778	3465931	Bra011178
A03	4247400	4250093	Bra006610
A09	36704413	36705825	Bra031747
A03	22432015	22436460	Bra012755
A10	10451342	10453414	Bra002308
A04	8011846	8012463	Bra025590
A03	13044537	13044938	Bra000777
A03	15836256	15837728	Bra001316
A07	22988060	22989789	Bra016042
A01	2826975	2832126	Bra011307
A03	21118767	21120690	Bra013002
A01	24396387	24398630	Bra038698
A07	14992680	14994866	Bra003179
A06	21355662	21361688	Bra025280
A07	17077559	17079394	Bra003562
A04	12878256	12883485	Bra035693
A10	9183226	9188036	Bra002514
A09	21735057	21738633	Bra032408
A10	8390207	8396005	Bra002668
A03	5039845	5040495	Bra006784
A07	21036424	21039111	Bra004279
A06	24851038	24856834	Bra033630
A07	18460633	18461600	Bra003812
A01	5821462	5826018	Bra013461
A02	23507395	23511796	Bra020633
A05	3235796	3239634	Bra005061
A10	11387376	11388621	Bra002132
A03	10677501	10679213	Bra000346
A01	4276343	4278188	Bra011042
A01	26449923	26454626	Bra021406
A03	22481811	22483230	Bra012747
A06	21132434	21139155	Bra025318
A09	490837	492061	Bra037411
A09	16793091	16795945	Bra035232
A01	11128072	11130532	Bra033528
A01	11455026	11470735	Bra033489
A07	17401380	17403729	Bra003625
A10	11393907	11394206	Bra002131
A10	7734956	7736077	Bra002775
A08	14700570	14702601	Bra010603
A10	12984462	12986486	Bra008863
A09	25330342	25332430	Bra024602
A08	11542755	11543394	Bra034640
A03	8840535	8842281	Bra000010
A04	6516001	6518031	Bra028150
A02	22698834	22700774	Bra033104
A07	24131364	24132161	Bra015791
A05	854615	855640	Bra004574
A07	6462012	6462434	Bra015019
A02	24515151	24516714	Bra020489
A04	10751315	10756246	Bra032169
A06	9335709	9336700	Bra018029
A07	17484927	17487382	Bra003643
A04	16935779	16941646	Bra017062
A05	22203380	22212111	Bra034802
A06	3026750	3028219	Bra018606
A04	212119	213505	Bra040419
A09	19321416	19322976	Bra028027
A03	21275047	21281616	Bra012972
A09	36760033	36764203	Bra031734
A04	11374775	11380704	Bra032082
A01	8661965	8664290	Bra013950
A05	7700111	7703600	Bra018351
A03	20044316	20046397	Bra013179
A10	8250360	8252396	Bra002698
A07	18613105	18616758	Bra003845
A04	5733346	5733759	Bra032699
A04	6915345	6917780	Bra028196
A09	2414903	2415953	Bra036113
A10	9802067	9805672	Bra002414
A03	20262752	20265742	Bra013139
A03	11197304	11199585	Bra000448
A09	6753981	6756254	Bra027769
A09	980651	987021	Bra036265
A03	13177622	13180076	Bra000794
A01	8550646	8556490	Bra013936
A07	18233229	18236116	Bra003761
A03	20913452	20917326	Bra013035
A01	26631984	26637241	Bra021474
A06	16179600	16180447	Bra024405
A03	15452537	15455343	Bra001229
A03	14146426	14149052	Bra000958
A07	16537872	16538393	Bra003450
A10	5926390	5927567	Bra003036
A01	21311676	21313138	Bra037589
A01	13377599	13378579	Bra033814
A01	9925738	9926907	Bra026301
A03	8333613	8334022	Bra023034
A07	24510649	24514004	Bra015711
A05	31388	42185	Bra004418
A09	37476733	37478643	Bra031582
A07	13763491	13764999	Bra028401
A10	13110497	13112199	Bra008889
A09	27449959	27455516	Bra006878
A10	11400240	11400518	Bra002128
A03	24751853	24754052	Bra019357
A05	7518642	7520163	Bra018333
A10	3379612	3383545	Bra033240
A10	5333751	5335958	Bra003090
A03	13247511	13247951	Bra000801
A10	12492972	12496412	Bra008749
A10	16115900	16118175	Bra009583
A08	4952493	4953894	Bra013961
A03	11519384	11521354	Bra000508
A10	7669316	7670643	Bra002783
A02	14649009	14650738	Bra008438
A03	8871535	8872845	Bra000015
A06	25173522	25176392	Bra033560
A04	4771755	4773936	Bra033475
A06	2977075	2992615	Bra018612
A05	3985756	3990200	Bra005203
A04	17908530	17912443	Bra016871
A07	18576697	18578569	Bra003839
A02	1180526	1187804	Bra028684
A03	8633846	8639151	Bra023087
A06	20996832	20999392	Bra025346
A10	5464198	5465848	Bra003075
A08	10011090	10013688	Bra020977
A03	18534773	18539988	Bra001797
A07	17351730	17364340	Bra003614
A10	258536	260846	Bra015598
A02	4285435	4288694	Bra020157
A07	1839613	1844798	Bra002099
A01	3894302	3896780	Bra011096
A03	10082358	10083230	Bra000233
A02	21357653	21358720	Bra036343
A03	14419805	14420246	Bra001018
A10	16382616	16385888	Bra009642
A10	2152564	2155709	Bra015296
A03	14207476	14215665	Bra000972
A06	19832400	19832943	Bra010149
A05	20103361	20104829	Bra022164
A04	18539114	18542900	Bra040336
A03	12117906	12121079	Bra000620
A01	7204052	7206281	Bra013694
A08	16303027	16306346	Bra010914
A03	11178769	11180358	Bra000444
A04	18019611	18020113	Bra037745
A01	5024135	5032197	Bra013329
A03	18238787	18239935	Bra001745
A03	10788574	10788822	Bra000368
A07	16902271	16906037	Bra003526
A06	615521	617035	Bra039671
A08	10022374	10023659	Bra020976
A08	18516553	18520410	Bra016613
A09	18578475	18578867	Bra028083
A01	1211896	1228618	Bra011659
A07	16244104	16247314	Bra003389
A06	17546779	17549963	Bra009738
A01	7748614	7753507	Bra013784
A03	1644100	1647547	Bra006020
A01	8040834	8041439	Bra013841
A09	495074	495769	Bra037412
A08	16823909	16824499	Bra011018
A03	16723176	16725355	Bra001501
A08	15833164	15841727	Bra010817
A03	6525079	6526337	Bra029139
A10	7915988	7916681	Bra002753
A09	18800720	18801801	Bra028065
A07	4570020	4571993	Bra036406
A02	14708432	14710033	Bra008450
A03	17537955	17538569	Bra001628
A10	7415585	7418050	Bra002822
A08	804353	807871	Bra030923
A08	16470173	16473769	Bra010951
A03	16524931	16526661	Bra001468
A01	25410098	25411247	Bra040026
A09	36729287	36735842	Bra031741
A08	10508365	10512857	Bra020904
A05	21851501	21852683	Bra034718
A03	13524982	13525233	Bra000852
A03	30381981	30386176	Bra017767
A09	21119475	21123719	Bra023169
A02	22677213	22678321	Bra033101
A08	13933747	13941120	Bra010473
A04	18927366	18929080	Bra039267
A01	11104608	11105107	Bra033532
A07	16079715	16081127	Bra003358
A10	10819093	10824812	Bra002232
A03	11750733	11756057	Bra000552
A07	19997028	20001702	Bra004081
A10	15151468	15155454	Bra009123
A08	15304323	15310629	Bra010714
A05	17384070	17387769	Bra031249
A09	7596103	7603271	Bra027644
A05	4724305	4726990	Bra005310
A10	9061515	9062198	Bra002535
A02	24793161	24796836	Bra029406
A01	10949028	10962799	Bra038448
A10	6190441	6193735	Bra003003
A04	18980334	18982795	Bra039262
A02	22097624	22103104	Bra032999
A09	17618797	17621994	Bra029477
A07	6311558	6317370	Bra015033
A04	2842518	2849392	Bra014756
A10	8431839	8434112	Bra002656
A09	35730612	35731580	Bra026847
A03	4562981	4565027	Bra006674
A03	15850539	15850874	Bra001319
A06	20899363	20900835	Bra025361
A07	16290641	16293533	Bra003397
A06	16773582	16776330	Bra024487
A03	3270445	3278036	Bra006382
A03	9042898	9044487	Bra000047
A03	6649922	6658573	Bra029162
A09	28554171	28556176	Bra007048
A07	24056367	24057880	Bra015805
A10	8911625	8914022	Bra002566
A03	18427146	18430487	Bra001781
A10	11382199	11383527	Bra002135
A07	4916936	4917844	Bra015175
A06	24035824	24044868	Bra025090
A04	3659853	3662592	Bra014860
A04	26180	31987	Bra040446
A10	10619639	10622239	Bra002274
A10	5703909	5706618	Bra003054
A06	6367104	6370979	Bra025979
A06	6667661	6672273	Bra025927
A01	15000915	15002227	Bra029992
A09	38400456	38409147	Bra032565
A03	26114009	26117668	Bra019144
A10	6430350	6433396	Bra002969
A07	2887642	2889315	Bra001980
A07	16627383	16632822	Bra003467
A01	24262317	24264954	Bra038734
A05	21976067	21979770	Bra034745
A07	18321128	18321787	Bra003784
A09	23448367	23451591	Bra032868
A03	9626079	9628687	Bra000156
A10	9231573	9232550	Bra002507
A03	13716673	13717051	Bra000884
A06	3959330	3962357	Bra019869
A03	16632824	16635376	Bra001482
A03	12937660	12941594	Bra000759
A08	19699476	19701281	Bra030759
A06	14528932	14529795	Bra010119
A07	11320130	11324605	Bra012247
A10	13818142	13820832	Bra009045
A03	13112014	13113298	Bra000783
A05	3357618	3364049	Bra005086
A07	22913931	22915424	Bra016056
A05	10485788	10488146	Bra038116
A10	15144813	15148282	Bra009125
A07	14912420	14913895	Bra003162
A06	19044129	19051130	Bra009976
A07	6500543	6501280	Bra015015
A05	21408920	21412013	Bra027394
A06	17813329	17815924	Bra009778
A07	15992668	15995488	Bra003344
A01	5933730	5937248	Bra013484
A09	37177079	37185819	Bra031643
A10	7574660	7580208	Bra002796
A03	13661766	13662884	Bra000875
A07	17085100	17087018	Bra003563
A09	19044375	19047501	Bra028050
A03	15247633	15248800	Bra001191
A10	15460361	15468085	Bra009442
A02	24281	26434	Bra028916
A06	3881523	3883201	Bra019886
A03	733446	737784	Bra005807
A05	22238287	22241777	Bra034807
A06	2186046	2189480	Bra018754
A09	23073346	23080424	Bra032908
A09	31859105	31862054	Bra007671
A03	18603237	18603650	Bra001805
A03	8364968	8369320	Bra023043
A01	9770084	9775140	Bra026329
A06	4603337	4604135	Bra019758
A07	25774496	25780757	Bra035184
A04	14641325	14646566	Bra021797
A06	21002736	21004229	Bra025344
A01	7966640	7971778	Bra013824
A03	7371788	7373574	Bra022841
A02	120618	128886	Bra028900
A03	20183251	20184520	Bra013153
A06	8686905	8689641	Bra017943
A02	23218893	23219771	Bra020683
A07	16561478	16562923	Bra003455
A03	9334344	9349115	Bra000114
A01	9209592	9211421	Bra026416
A01	26500707	26501012	Bra021416
A04	12646801	12649057	Bra034386
A06	8745041	8745948	Bra017952
A03	20372991	20376203	Bra013121
A09	9999690	10003020	Bra027882
A09	36702957	36703463	Bra031748
A10	7761912	7762746	Bra002774
A10	9687962	9689302	Bra002428
A01	25401373	25403336	Bra040028
A06	239692	240574	Bra037994
A08	16059288	16060863	Bra010864
A07	17759094	17760595	Bra003687
A03	26918306	26919079	Bra024207
A06	2763976	2764696	Bra018661
A04	19120541	19124354	Bra021392
A07	4565475	4566860	Bra036405
A03	18068087	18068621	Bra001722
A03	15486358	15498432	Bra001239
A04	19097261	19100043	Bra021386
A06	22513367	22520280	Bra024815
A03	9974630	9985804	Bra000220
A04	5186044	5188004	Bra032756
A07	17259263	17263568	Bra003597
A03	10633203	10635095	Bra000335
A07	14603676	14604239	Bra028533
A03	30392382	30394232	Bra017769
A01	3260760	3263480	Bra011218
A07	15750735	15751844	Bra003299
A03	8812470	8813271	Bra000003
A07	12939706	12942718	Bra011990
A03	10358526	10361064	Bra000284
A03	19587637	19588656	Bra001951
A10	10309406	10311373	Bra002334
A07	23901281	23902542	Bra015835
A08	20179002	20181724	Bra030651
A08	16187867	16188106	Bra010888
A01	9607061	9608668	Bra026357
A02	24184931	24189562	Bra020533
A01	24486838	24494494	Bra038685
A07	15500412	15501702	Bra003257
A06	2751796	2760793	Bra018662
A03	17112803	17119718	Bra001566
A02	25622725	25625501	Bra029281
A10	2116038	2119406	Bra015300
A02	1623430	1625400	Bra028580
A02	13822536	13823202	Bra008339
A03	10092906	10104722	Bra000236
A10	9303024	9305078	Bra002494
A03	11759251	11761583	Bra000553
A10	8933999	8935174	Bra002561
A07	1985534	1986698	Bra002084
A03	15289885	15293733	Bra001200
A04	6141078	6144780	Bra028110
A03	28151274	28165859	Bra024029
A03	13424930	13426248	Bra000834
A09	36883827	36885015	Bra031709
A10	8684177	8686679	Bra002602
A07	4731439	4734095	Bra015187
A01	26024048	26028170	Bra040142
A04	15950832	15952453	Bra017236
A03	13181182	13182375	Bra000795
A03	13289748	13293793	Bra000807
A07	9538749	9540685	Bra012478
A03	14125999	14130661	Bra000952
A10	10205965	10217068	Bra002349
A01	23753315	23757345	Bra021551
A01	12601677	12608852	Bra037603
A03	11639695	11645107	Bra000535
A02	22973541	22979049	Bra020719
A07	11248186	11255865	Bra012260
A10	10384125	10386457	Bra002321
A07	14731557	14735512	Bra003123
A03	11389194	11395685	Bra000490
A10	15628887	15635544	Bra009470
A10	14892373	14894387	Bra009190
A01	1103740	1107785	Bra011677
A03	8894050	8896858	Bra000019
A10	9195089	9196057	Bra002511
A06	15034262	15036848	Bra038656
A04	3657528	3657996	Bra014858
A04	6158751	6160541	Bra028113
A08	10070728	10072775	Bra020971
A09	36377394	36381097	Bra026985
A01	9762501	9763840	Bra026331
A05	11988	18031	Bra004413
A02	21995219	21996004	Bra032984
A03	11817955	11822618	Bra000564
A03	21434901	21437535	Bra012940
A07	2060966	2062681	Bra002075
A04	17777046	17779369	Bra016906
A01	8512348	8519491	Bra013929
A10	7012335	7014041	Bra002891
A03	8884293	8886197	Bra000016
A08	1005286	1007487	Bra030947
A05	14588041	14601986	Bra010196
A01	12507848	12512410	Bra037599
A02	19352565	19364079	Bra022151
A10	10387552	10389925	Bra002320
A05	612992	614684	Bra004523
A04	34145	36696	Bra040444
A05	13931392	13933202	Bra034425
A03	12163201	12164134	Bra000631
A02	14867720	14876138	Bra008474
A04	17436881	17437959	Bra016971
A03	17151313	17153426	Bra001570
A07	25119681	25127705	Bra035024
A08	3155758	3161652	Bra014141
A02	22687288	22690826	Bra033102
A07	22863070	22866333	Bra016068
A07	16666020	16666631	Bra003477
A07	20324783	20326508	Bra004137
A04	18124915	18128299	Bra037731
A03	30395749	30397447	Bra017771
A01	54494	55634	Bra011893
A04	17852925	17854913	Bra016886
A09	38446857	38449620	Bra032574
A04	13335254	13336950	Bra039988
A10	15275818	15276621	Bra009087
A06	6314330	6318190	Bra025990
A03	17417846	17424053	Bra001613
A07	19639891	19644348	Bra004020
A02	261276	269163	Bra028876
A02	24523734	24524589	Bra020487
A09	33817240	33820393	Bra031191
A09	2412752	2414449	Bra036114
A02	8364316	8370344	Bra022504
A10	5316920	5319324	Bra003095
A06	9434124	9436133	Bra018040
A05	1420881	1424616	Bra004705
A01	22496222	22497209	Bra021214
A01	23585684	23588093	Bra021573
A03	10313603	10316302	Bra000277
A07	16158657	16160204	Bra003369
A02	11475248	11475833	Bra008002
A03	10681762	10684154	Bra000347
A04	14165409	14178065	Bra021715
A01	3783505	3784032	Bra011125
A07	17212048	17214921	Bra003586
A03	17505616	17513436	Bra001624
A09	38423107	38424496	Bra032569
A07	17013486	17014952	Bra003547
A09	25824055	25827000	Bra024527
A07	4788626	4791470	Bra015183
A10	13780657	13781862	Bra009036
A02	9165318	9170171	Bra034019
A08	7138785	7148189	Bra036771
A03	12758403	12763256	Bra000734
A10	7047354	7048740	Bra002883
A06	15381458	15386048	Bra024294
A03	15252250	15252978	Bra001192
A07	17322599	17325076	Bra003609
A08	16884394	16888068	Bra016276
A05	24821993	24823414	Bra032015
A06	14702737	14703615	Bra038602
A04	17839490	17841541	Bra016891
A10	10662299	10662937	Bra002266
A06	17515015	17517227	Bra009732
A03	19417089	19418548	Bra001928
A05	23859936	23863164	Bra029587
A07	7059214	7063447	Bra014960
A05	25236914	25237763	Bra039118
A08	20435392	20437395	Bra030585
A03	25608667	25611580	Bra019235
A10	8576793	8578141	Bra002623
A02	1217680	1222556	Bra028676
A03	1849923	1852327	Bra006068
A03	14034858	14041994	Bra000936
A08	17259298	17263207	Bra016357
A03	8749405	8750615	Bra023111
A05	10883869	10889629	Bra030388
A03	11204767	11205147	Bra000451
A05	444505	447302	Bra004495
A09	25756404	25760934	Bra024536
A03	22088855	22092131	Bra012824
A07	1904544	1910264	Bra002094
A02	23446133	23453000	Bra020643
A03	10743348	10744418	Bra000360
A07	15971935	15974630	Bra003340
A03	14183068	14186645	Bra000967
A07	4813691	4816320	Bra015180
A08	5783928	5786784	Bra034879
A02	24271444	24274991	Bra020518
A10	14424030	14424785	Bra009301
A01	9927770	9928759	Bra026300
A01	12833297	12835961	Bra037623
A07	19663798	19664355	Bra004028
A03	15866641	15868388	Bra001324
A01	10963680	10964896	Bra038447
A01	1445933	1448903	Bra011604
A04	18964162	18967217	Bra039263
A08	16463763	16468971	Bra010950
A08	11537068	11540164	Bra034641
A04	18817230	18825480	Bra039296
A05	8932389	8936898	Bra039502
A03	23265197	23266513	Bra012608
A06	15884594	15886857	Bra024372
A06	4598212	4600224	Bra019759
A10	16209999	16211855	Bra009602
A09	18011044	18018435	Bra029530
A08	16657587	16659338	Bra010989
A05	2575914	2577443	Bra004940
A08	15850035	15851577	Bra010820
A01	9659581	9660796	Bra026348
A10	8434779	8435116	Bra002655
A05	13603415	13606236	Bra034404
A10	11411705	11411998	Bra002120
A05	23829385	23834059	Bra029593
A08	16291221	16293880	Bra010911
A08	16307866	16312005	Bra010915
A03	14885269	14888295	Bra001124
A10	8787381	8788200	Bra002588
A06	18986070	18991178	Bra009968
A09	24497385	24499898	Bra024729
A06	18896362	18900489	Bra009952
A06	2722035	2727034	Bra018666
A10	16042952	16046820	Bra009563
A06	14531979	14536266	Bra010121
A07	20150643	20152242	Bra004105
A02	3744367	3746747	Bra020040
A05	2673816	2674457	Bra004965
A03	19162816	19163921	Bra001886
A03	20818744	20820956	Bra013046
A03	17801235	17802026	Bra001670
A03	14417659	14418650	Bra001017
A06	7791388	7792594	Bra025802
A05	18350899	18360930	Bra022445
A02	21354164	21355994	Bra036344
A03	4217243	4220267	Bra006602
A03	30921929	30926682	Bra017841
A04	9497791	9499153	Bra030319
A05	24638120	24642821	Bra031978
A03	11861429	11863185	Bra000573
A01	739467	740453	Bra011749
A10	1949500	1953114	Bra015335
A01	2519931	2527386	Bra011366
A02	19651735	19652822	Bra026645
A10	10947666	10950613	Bra002209
A05	24022607	24030340	Bra020761
A01	7201922	7203525	Bra013693
A03	14106507	14106984	Bra000946
A06	22161675	22165477	Bra025145
A03	20629306	20637976	Bra013077
A06	7215246	7218515	Bra025724
A05	15887677	15888916	Bra033896
A03	19325475	19327759	Bra001909
A10	3213400	3214845	Bra033271
A06	11492689	11495427	Bra019420
A01	7857381	7861666	Bra013806
A07	16382079	16383970	Bra003416
A01	952717	954032	Bra011706
A06	20978799	20982483	Bra025350
A08	2334510	2335616	Bra014233
A08	4327854	4329867	Bra014032
A03	12126184	12128921	Bra000621
A10	14461740	14463726	Bra009291
A03	11174506	11175596	Bra000443
A03	3569925	3576779	Bra006457
A04	18737750	18740531	Bra039322
A06	976174	979392	Bra018969
A01	8036263	8039998	Bra013840
A10	10664192	10665464	Bra002265
A07	7858264	7865868	Bra014879
A10	10048005	10049069	Bra002373
A07	19878748	19883811	Bra004059
A03	2605364	2608831	Bra006226
A03	20051526	20052788	Bra013178
A02	11033189	11034070	Bra007945
A07	17071669	17074060	Bra003560
A01	24471126	24472684	Bra038689
A01	5196993	5199688	Bra013360
A06	4168052	4169715	Bra019826
A04	15266374	15268872	Bra021913
A10	8485250	8491200	Bra002641
A03	30386951	30388159	Bra017768
A03	12523356	12524511	Bra000694
A10	15140588	15144446	Bra009126
A04	12199636	12202407	Bra034311
A03	2055904	2064107	Bra006110
A09	36721472	36724299	Bra031742
A03	29086005	29086898	Bra036993
A07	16543169	16544251	Bra003451
A01	20015089	20015857	Bra023891
A05	103410	104177	Bra004434
A08	16821059	16821472	Bra011017
A10	9412858	9416618	Bra002468
A10	15952011	15956464	Bra009539
A07	16081968	16082759	Bra003359
A08	3471468	3495474	Bra014101
A09	23520274	23520945	Bra032859
A03	12953181	12954827	Bra000762
A05	30283	31046	Bra004417
A06	5123648	5125661	Bra019664
A06	25179585	25185515	Bra033557
A03	18408327	18414378	Bra001776
A07	16433663	16435320	Bra003429
A03	9672707	9675357	Bra000164
A07	16585581	16587765	Bra003459
A07	25283046	25286651	Bra035062
A03	8329873	8331596	Bra023033
A05	21236294	21238026	Bra027359
A05	23776601	23782676	Bra029599
A01	9157051	9160336	Bra026427
A06	3697349	3700612	Bra019926
A10	8758197	8760040	Bra002594
A06	16752298	16768256	Bra024486
A09	28985351	28990434	Bra007127
A10	2690150	2692109	Bra033367
A02	14502993	14505308	Bra008415
A10	9191690	9193890	Bra002512
A05	26820	29238	Bra004416
A08	13315784	13317999	Bra010360
A03	6648470	6649332	Bra029161
A02	15690410	15694059	Bra018554
A03	4977747	4986967	Bra006768
A05	19968101	19973404	Bra022181
A03	6835685	6837181	Bra022753
A01	3241793	3245515	Bra011222
A01	7746533	7747816	Bra013783
A06	20999903	21001657	Bra025345
A03	15377382	15383688	Bra001212
A06	2939418	2941808	Bra018623
A02	22780454	22783117	Bra020747
A05	3861	4933	Bra004409
A08	19437150	19438033	Bra016837
A03	9305620	9308225	Bra000109
A03	7493582	7509541	Bra022871
A09	38411214	38413980	Bra032566
A07	5006944	5008988	Bra015169
A05	10857463	10861471	Bra030385
A03	20376817	20378290	Bra013120
A03	16760832	16763852	Bra001507
A07	16443861	16445288	Bra003433
A10	9534156	9538346	Bra002455
A03	3160065	3174082	Bra006360
A04	18900593	18901612	Bra039276
A07	15718889	15726954	Bra003294
A07	16812117	16814739	Bra003512
A10	12319951	12320841	Bra008713
A07	7037643	7043041	Bra014963
A08	15800777	15806312	Bra010815
A03	3541084	3546714	Bra006450
A09	11339218	11339972	Bra027504
A08	14219425	14222712	Bra010530
A01	191317	206106	Bra011860
A07	14893220	14894169	Bra003156
A07	7835223	7841052	Bra014882
A10	2270339	2274208	Bra015278
A03	8889891	8891742	Bra000018
A09	36881221	36883511	Bra031710
A08	10726692	10732201	Bra020872
A10	15155925	15157400	Bra009122
A02	2265887	2269908	Bra023420
A09	479878	488068	Bra037410
A08	4239385	4243880	Bra014040
A03	1160655	1162196	Bra005909
A10	1355996	1358258	Bra015428
A09	35620967	35623677	Bra026819
A04	6157381	6158218	Bra028112
A05	21633136	21635064	Bra027438
A03	12179419	12181838	Bra000635
A06	8721934	8725020	Bra017947
A09	2365007	2366929	Bra036125
A10	14555604	14559765	Bra009274
A06	17225498	17228535	Bra009696
A08	614092	627173	Bra030896
A05	7739433	7744245	Bra018356
A01	4244336	4247916	Bra011049
A03	12366522	12367715	Bra000661
A07	18619746	18622532	Bra003846
A06	25164052	25166653	Bra033561
A10	7390784	7396426	Bra002826
A04	6428560	6429705	Bra028142
A03	21228981	21232045	Bra012984
A02	13803841	13805128	Bra008336
A07	21040281	21041717	Bra004280
A06	21254677	21263103	Bra025295
A05	25016018	25033332	Bra039167
A03	28218697	28225675	Bra024021
A05	11258830	11259497	Bra030431
A08	18585465	18592035	Bra016634
A09	32737747	32743423	Bra007845
A02	4854087	4855948	Bra020254
A05	6035171	6037576	Bra005530
A05	15012631	15019451	Bra010168
A06	8039655	8043042	Bra025837
A06	23195579	23204521	Bra024922
A04	12531677	12532715	Bra034364
A10	9434817	9435140	Bra002466
A07	17170089	17175784	Bra003578
A06	10539292	10541836	Bra018175
A08	10518657	10519798	Bra020902
A01	7894981	7897969	Bra013813
A03	11288899	11295494	Bra000473
A04	17519176	17520498	Bra016954
A05	14605124	14610370	Bra010195
A10	11265300	11267238	Bra002156
A02	24528841	24529587	Bra020486
A08	18715625	18719139	Bra016666
A10	10670411	10676209	Bra002263
A10	7905377	7911603	Bra002755
A03	16974010	16976382	Bra001546
A03	20998570	21015598	Bra013017
A04	3496478	3497817	Bra014833
A07	19819006	19820966	Bra004050
A01	3722611	3728540	Bra011136
A04	17243870	17245742	Bra017013
A06	5565808	5570510	Bra026152
A10	8611469	8613123	Bra002615
A03	8025648	8029718	Bra022970
A07	3178327	3191556	Bra015251
A02	8064979	8068803	Bra022547
A06	20616356	20620528	Bra025412
A06	8750095	8751020	Bra017953
A01	25404534	25409092	Bra040027
A03	13156389	13156934	Bra000790
A03	9266427	9267095	Bra000101
A03	11762931	11765947	Bra000554
A05	7697124	7697917	Bra018350
A08	19100779	19101814	Bra016767
A08	9000835	9002934	Bra038415
A03	11126803	11127657	Bra000435
A02	15650720	15653296	Bra018559
A07	16566384	16570226	Bra003456
A09	32308555	32310774	Bra007766
A07	20013379	20017084	Bra004083
A02	25418872	25425942	Bra029309
A09	661395	664363	Bra036313
A05	7632628	7633774	Bra018346
A07	15504903	15512510	Bra003258
A07	10614647	10615406	Bra012336
A10	14152996	14154560	Bra009358
A06	17906550	17925035	Bra009791
A10	9438260	9444643	Bra002465
A10	11148814	11151371	Bra002174
A04	2034600	2035275	Bra014651
A03	27041735	27044391	Bra024191
A02	12141265	12141936	Bra008101
A06	15406995	15410578	Bra024297
A02	26023223	26028553	Bra029200
A07	3166629	3168113	Bra001954
A01	3254680	3259912	Bra011219
A05	438330	440638	Bra004494
A07	24106176	24108947	Bra015796
A10	7542749	7544643	Bra002806
A04	11952611	11956763	Bra034276
A03	13235722	13238673	Bra000799
A03	19589691	19593716	Bra001952
A09	9695662	9700291	Bra027851
A09	36887882	36888869	Bra031708
A01	20014168	20014677	Bra023890
A07	16064401	16069860	Bra003356
A03	9623979	9625862	Bra000155
A07	5681306	5683457	Bra015105
A05	5611289	5614753	Bra005463
A09	32587560	32592554	Bra007822
A03	22118483	22125722	Bra012815
A05	6592268	6602240	Bra005624
A03	19357364	19358849	Bra001917
A07	13596381	13612956	Bra011913
A04	18563837	18568596	Bra040332
A03	20186923	20189231	Bra013152
A01	24115985	24120055	Bra021498
A05	24724927	24733341	Bra031994
A07	6445383	6455786	Bra015020
A10	2161804	2166093	Bra015294
A03	18918650	18931242	Bra001854
A04	6160865	6163266	Bra028114
A04	16556647	16561143	Bra017131
A09	35733954	35735498	Bra026850
A05	24765164	24768347	Bra032000
A03	15239336	15247200	Bra001190
A03	9619397	9623571	Bra000154
A04	15223253	15224172	Bra021902
A09	36693358	36701676	Bra031749
A01	6433856	6435594	Bra013576
A08	15854857	15858420	Bra010821
A06	4169892	4171064	Bra019825
A06	4592528	4596489	Bra019760
A03	5031928	5036536	Bra006782
A03	11731851	11735493	Bra000550
A08	2158406	2159071	Bra014255
A08	16476125	16476541	Bra010952
A07	2748977	2750770	Bra001998
A10	3288307	3290823	Bra033258
A05	875659	876129	Bra004578
A01	3777249	3778783	Bra011128
A08	2519012	2521370	Bra014210
A06	8691436	8692765	Bra017944
A06	17228708	17234000	Bra009697
A02	22693749	22698474	Bra033103
A06	13991135	13992011	Bra010061
A09	24207077	24209333	Bra024756
A06	10449462	10451011	Bra018162
A02	23878215	23882943	Bra020586
A08	20050177	20052416	Bra030684
A02	23747985	23751127	Bra020599
A09	2409285	2411150	Bra036115
A04	19142404	19146848	Bra021397
A06	9429836	9431906	Bra018039
A02	22239455	22241035	Bra033024
A10	15498891	15500810	Bra009449
A03	19734163	19742775	Bra013238
A03	17995348	17999260	Bra001709
A07	2425759	2427587	Bra002031
A10	7979274	7979804	Bra002741
A01	2556044	2556555	Bra011362
A09	28925032	28926069	Bra007115
A03	8797899	8800379	Bra000002
A01	7721973	7725685	Bra013774
A09	34773349	34777159	Bra030994
A09	36740186	36743512	Bra031739
A06	19257820	19259652	Bra010015
A01	13401580	13403328	Bra033813
A07	12507271	12522266	Bra012053
A09	34778142	34787000	Bra030993
A06	22140269	22142692	Bra025147
A04	19237167	19248356	Bra021452
A05	1536334	1539005	Bra004727
A10	2212224	2214664	Bra015288
A08	20432090	20434595	Bra030586
A05	6696542	6698985	Bra005641
A08	10513631	10514026	Bra020903
A02	14586	15631	Bra028918
A10	13777036	13780231	Bra009035
A07	251854	255058	Bra036461
A10	8578720	8580219	Bra002622
A10	9964421	9966709	Bra002387
A05	24758361	24764716	Bra031999
A03	7652785	7657599	Bra022899
A10	8276045	8288380	Bra002692
A01	5940207	5943484	Bra013485
A03	13420941	13421147	Bra000833
A03	15841576	15842091	Bra001318
A09	33821842	33827039	Bra031190
A08	14457922	14461200	Bra010569
A01	18462389	18464827	Bra023719
A05	25238906	25247713	Bra039117
A05	19787087	19792872	Bra022208
A10	15559273	15568558	Bra009461
A01	21962518	21965144	Bra021281
A06	7549646	7552826	Bra025772
A05	4255584	4257071	Bra005246
A03	9208572	9212229	Bra000081
A06	10577253	10584033	Bra018181
A09	36368539	36373221	Bra026984
A03	5011490	5015371	Bra006776
A02	4121827	4126636	Bra020125
A10	14853944	14858763	Bra009203
A07	11749621	11755535	Bra012180
A09	11563	18445	Bra037308
A03	10664903	10666108	Bra000342
A03	29615054	29617974	Bra017659
A10	11339644	11340964	Bra002146
A08	6654780	6657218	Bra038088
A03	14142637	14143971	Bra000957
A10	15552409	15555896	Bra009460
A07	15007480	15007918	Bra003183
A10	11114165	11119461	Bra002181
A08	995112	997770	Bra030946
A01	9603473	9606240	Bra026358
A03	13651841	13655860	Bra000874
A03	19186683	19188894	Bra001891
A04	3651438	3654288	Bra014857
A09	19037188	19040235	Bra028051
A09	18544307	18547061	Bra028085
A05	24327165	24331937	Bra039443
A04	3658751	3659384	Bra014859
A02	6594299	6596755	Bra035541
A08	4905520	4909251	Bra013977
A09	38445756	38446454	Bra032573
A03	15130587	15132829	Bra001172
A03	8900174	8901046	Bra000021
A10	8128813	8129436	Bra002711
A01	25056463	25059408	Bra034089
A10	969775	973151	Bra015491
A01	656434	662546	Bra011768
A07	11239038	11240627	Bra012261
A09	19093924	19099683	Bra028046
A10	11055892	11056077	Bra002190
A03	17868270	17868598	Bra001684
A08	16421384	16425043	Bra010934
A03	19132173	19133033	Bra001877
A03	1647960	1649057	Bra006021
A04	19125453	19126638	Bra021393
A10	11345982	11347757	Bra002145
A04	18130808	18138753	Bra037730
A04	8587246	8589311	Bra025513
A06	6312563	6313558	Bra025991
A10	10061398	10064457	Bra002371
A08	15910925	15914608	Bra010832
A07	18446321	18447207	Bra003808
A04	13111402	13113650	Bra035659
A08	301662	310130	Bra030852
A10	3455615	3469442	Bra033222
A01	9207656	9209272	Bra026417
A10	7967539	7969347	Bra002745
A06	7221402	7223679	Bra025725
A07	14584334	14596906	Bra028531
A03	18231857	18232593	Bra001743
A07	16934060	16943631	Bra003534
A04	4266899	4272627	Bra019644
A03	16022347	16023552	Bra001360
A03	25451840	25452588	Bra019254
A07	17771904	17773682	Bra003690
A08	11550370	11550798	Bra034639
A03	3567587	3569180	Bra006456
A01	9891450	9893984	Bra026308
A06	24344899	24351275	Bra033725
A01	3714176	3715323	Bra011139
A03	15794694	15796981	Bra001307
A03	12722640	12724110	Bra000730
A08	394966	397510	Bra030869
A09	32412764	32414770	Bra007792
A03	16366557	16372651	Bra001431
A03	19130667	19131824	Bra001876
A01	3246023	3248183	Bra011221
A05	1656609	1660992	Bra004750
A08	16417093	16420284	Bra010933
A05	1837991	1839351	Bra004789
A09	38394448	38394756	Bra032563
A01	26242390	26245617	Bra036447
A03	22023649	22025848	Bra012835
A08	18789684	18791843	Bra016688
A03	8950388	8952484	Bra000034
A03	16507717	16508523	Bra001465
A01	9760633	9761964	Bra026332
A02	23373399	23376492	Bra020653
A05	10125679	10127256	Bra021349
A05	16260190	16262794	Bra040826
A02	9130697	9153590	Bra034020
A05	7640605	7644646	Bra018347
A04	16530198	16533675	Bra017134
A07	2996024	3000675	Bra001970
A03	12296213	12297097	Bra000648
A09	10685617	10689872	Bra027974
A07	15980092	15983065	Bra003341
A07	8106538	8113290	Bra030183
A06	8506283	8508496	Bra017910
A04	3366266	3373631	Bra014816
A02	17774064	17776532	Bra021978
A10	12049062	12052455	Bra008652
A07	16531566	16534470	Bra003449
A08	16817124	16818401	Bra011016
A01	16911778	16915237	Bra031479
A03	28391179	28400071	Bra023995
A06	3884546	3888564	Bra019885
A10	11279455	11287038	Bra002153
A07	6749266	6752184	Bra014989
A07	4923930	4924395	Bra015173
A09	9428159	9430280	Bra027819
A03	26965729	26970497	Bra024200
A03	14781876	14786099	Bra001104
A10	3504167	3504607	Bra033214
A03	23727547	23733908	Bra012539
A10	11020808	11022805	Bra002195
A02	15696879	15698882	Bra018553
A08	20806209	20807395	Bra030497
A06	7792875	7795157	Bra025803
A03	10214849	10218905	Bra000256
A09	24210118	24212198	Bra024755
A01	10966660	10973613	Bra038446
A10	9274027	9277939	Bra002498
A08	15812560	15825511	Bra010816
A10	15547606	15548819	Bra009459
A07	19026331	19028222	Bra003918
A03	1057974	1058996	Bra005885
A07	14896982	14897449	Bra003158
A08	2159435	2162578	Bra014254
A03	3190036	3194624	Bra006365
A01	12587178	12593270	Bra037601
A03	3052625	3055960	Bra006333
A02	18494489	18496768	Bra022044
A03	10484083	10488624	Bra000308
A08	20430006	20431425	Bra030587
A07	5561266	5569071	Bra015118
A10	11385567	11387052	Bra002133
A04	9025998	9027462	Bra025451
A03	6154762	6163637	Bra029067
A10	2551067	2555478	Bra033394
A03	18345097	18345976	Bra001765
A08	13284955	13286628	Bra010355
A08	16312446	16316456	Bra010916
A03	11836484	11845369	Bra000568
A05	22431212	22437955	Bra034848
A01	4218837	4227568	Bra011053
A03	18339453	18340649	Bra001764
A03	14420639	14421378	Bra001019
A08	20105607	20108883	Bra030669
A09	26620438	26627104	Bra036074
A09	38439201	38445176	Bra032572
A01	7765979	7768654	Bra013789
A03	11781957	11783340	Bra000557
A10	1131509	1136920	Bra015464
A06	25123953	25126154	Bra033567
A05	1243860	1246605	Bra004652
A03	20296385	20297803	Bra013135
A03	20638362	20639947	Bra013076
A03	3519879	3523226	Bra006447
A03	13801958	13805754	Bra000897
A04	17019345	17023654	Bra017049
A03	21438135	21438731	Bra012939
A01	16297639	16302815	Bra035418
A09	9984860	9996404	Bra027881
A10	7697632	7698688	Bra002779
A10	11941674	11949096	Bra008626
A02	14797491	14800120	Bra008462
A07	18453194	18454525	Bra003810
A02	9596238	9605880	Bra033958
A01	21999173	22005177	Bra021278
A06	22733128	22734994	Bra024848
A07	5028911	5030797	Bra015166
A06	3600366	3608039	Bra019938
A03	15345816	15351720	Bra001208
A01	11451545	11454600	Bra033490
A06	18976090	18978530	Bra009967
A08	19331742	19338467	Bra016818
A07	22985521	22987653	Bra016043
A10	8242425	8244602	Bra002699
A03	16044729	16045100	Bra001367
A06	7291425	7296246	Bra025736
A03	14198724	14202754	Bra000970
A07	16094667	16100565	Bra003360
A04	3352434	3357958	Bra014815
A10	5512203	5513060	Bra003072
A01	10631149	10633358	Bra038501
A06	445017	448958	Bra037955
A02	13807292	13813694	Bra008337
A01	1449556	1453100	Bra011603
A04	17687103	17691405	Bra016924
A08	19098045	19100378	Bra016766
A10	7063470	7067766	Bra002880
A09	13039824	13040471	Bra017526
A07	19624338	19627906	Bra004017
A07	17207220	17209635	Bra003585
A03	15906096	15908227	Bra001331
A09	14619593	14621490	Bra017354
A03	6621948	6623705	Bra029157
A10	9246127	9247031	Bra002504
A08	16479204	16480794	Bra010954
A07	8480264	8480933	Bra030138
A09	20936190	20941067	Bra023190
A02	16700431	16703431	Bra033153
A01	793728	795868	Bra011741
A05	906575	908285	Bra004587
A04	15608084	15608816	Bra017296
A04	17654769	17657027	Bra016929
A07	16445977	16449138	Bra003434
A06	1592	3704	Bra038036
A06	254829	258203	Bra037992
A10	5453721	5454763	Bra003077
A04	11354399	11355814	Bra032084
A07	13528412	13530379	Bra011923
A04	8767245	8770799	Bra025489
A04	18017374	18019441	Bra037746
A09	36868769	36875934	Bra031711
A10	7663378	7666337	Bra002785
A01	25151061	25152023	Bra034065
A10	11425946	11429427	Bra002116
A05	22480	23004	Bra004415
A03	1788666	1794501	Bra006057
A03	12565462	12566235	Bra000701
A03	16474528	16476872	Bra001457
A03	26906824	26908136	Bra024209
A10	522976	525218	Bra015563
A10	11363090	11366206	Bra002140
A09	35731710	35732618	Bra026848
A09	21719915	21722150	Bra032409
A07	14765124	14769510	Bra003128
A03	17833555	17836622	Bra001676
A02	25529699	25531417	Bra029293
A03	10883175	10885809	Bra000387
A10	10511895	10520939	Bra002293
A04	17291542	17292435	Bra017003
A01	7084076	7086592	Bra013678
A08	18380725	18383633	Bra016584
A07	3024072	3025770	Bra001967
A03	30442558	30448058	Bra017778
A10	11062192	11066204	Bra002188
A06	2932964	2934266	Bra018624
A03	16260952	16261935	Bra001409
A10	15831106	15835660	Bra009514
A07	19469953	19470838	Bra003998
A04	12453030	12457030	Bra034354
A07	14895527	14896155	Bra003157
A07	18022665	18023385	Bra003732
A03	16756536	16759294	Bra001506
A03	2273695	2278581	Bra006157
A07	17344728	17345550	Bra003612
A08	15438998	15442243	Bra010744
A02	12683440	12685124	Bra008191
A04	4664025	4664234	Bra033458
A03	8829308	8830496	Bra000008
A04	18901983	18902522	Bra039275
A10	7646055	7651352	Bra002786
A09	18583198	18584327	Bra028082
A01	10628121	10629338	Bra038503
A05	20751254	20755913	Bra027269
A09	10003281	10006227	Bra027883
A03	18198110	18199443	Bra001737
A10	8954018	8955666	Bra002556
A07	17336273	17337859	Bra003611
A03	11864889	11865366	Bra000574
A04	8102868	8105134	Bra025576
A07	15181191	15184722	Bra003211
