A03	436686	438114	Bra005752
A03	12132788	12135252	Bra000622
A03	4918761	4921503	Bra006755
A06	25198256	25201778	Bra033554
A03	18375994	18379621	Bra001771
A02	7426252	7427800	Bra022625
A01	23913359	23917353	Bra021526
A08	12022316	12023832	Bra034561
A07	19098223	19101774	Bra003932
A09	20187274	20188143	Bra023262
A06	15429657	15431511	Bra024304
A09	20380687	20381449	Bra023244
A07	22232994	22235003	Bra016193
A03	7764531	7766736	Bra022919
A07	15103165	15103710	Bra003199
A08	12036268	12040573	Bra034559
A04	12321347	12327138	Bra034332
A10	7574660	7580208	Bra002796
A05	6275657	6276073	Bra005570
A03	15247633	15248800	Bra001191
A05	23248942	23252682	Bra029721
A02	24281	26434	Bra028916
A03	4117226	4118447	Bra006576
A03	14294191	14295624	Bra000983
A02	2313004	2314186	Bra023431
A10	1366071	1367207	Bra015426
A07	18013057	18017186	Bra003729
A03	336584	337191	Bra005732
A02	22233262	22236153	Bra033023
A02	12676017	12676324	Bra008189
A06	3411922	3415404	Bra019979
A08	8528132	8530593	Bra038950
A02	809190	821032	Bra028755
A03	15505968	15507362	Bra001242
A06	3406445	3407611	Bra019981
A08	7377108	7378583	Bra036750
A01	8258039	8260233	Bra013888
A10	13113080	13120436	Bra008890
A09	36702957	36703463	Bra031748
A06	20856086	20863551	Bra025364
A10	1773936	1777526	Bra015368
A07	12079760	12080800	Bra012131
A07	1443105	1443881	Bra039614
A02	14252318	14258991	Bra008389
A02	2039940	2040801	Bra023375
A03	4988097	4990546	Bra006769
A05	18106799	18110203	Bra035822
A05	17894361	17895848	Bra035784
A07	17759094	17760595	Bra003687
A02	21755514	21758199	Bra032951
A06	1242972	1245967	Bra018924
A10	11376393	11378035	Bra002136
A04	19120541	19124354	Bra021392
A01	5919243	5929392	Bra013482
A01	8347526	8349511	Bra013895
A03	433865	435637	Bra005751
A03	27146759	27148019	Bra024177
A06	3638202	3642907	Bra019933
A05	18592390	18593977	Bra022412
A05	3542831	3544341	Bra005122
A03	15486358	15498432	Bra001239
A09	37899642	37900887	Bra032453
A03	11313610	11318230	Bra000478
A02	4098686	4100787	Bra020121
A10	10613769	10615870	Bra002277
A10	1585992	1587331	Bra015402
A02	6613287	6614006	Bra035540
A02	2230838	2233014	Bra023408
A03	942994	943473	Bra005856
A02	6786456	6787172	Bra022721
A04	8940780	8943902	Bra025462
A07	17109376	17111151	Bra003568
A08	1736021	1738610	Bra014310
A10	12421915	12424250	Bra008732
A10	12331666	12332739	Bra008716
A03	17178091	17180272	Bra001577
A01	8384938	8386776	Bra013902
A04	7448931	7450487	Bra028247
A07	22857283	22858790	Bra016070
A06	20845893	20847294	Bra025369
A08	12195163	12195861	Bra034535
A07	15985164	15987833	Bra003342
A10	12456535	12457284	Bra008741
A04	9015513	9022265	Bra025454
A09	20190564	20192029	Bra023260
A07	6599561	6600946	Bra015008
A02	3439059	3444983	Bra023671
A05	18948689	18955445	Bra022350
A09	20182548	20184596	Bra023263
A05	17997893	18000845	Bra035805
A07	74718	76363	Bra036493
A04	8960688	8962997	Bra025460
A05	2344666	2347543	Bra004893
A04	8390475	8391996	Bra025541
A05	13804020	13810592	Bra034416
A09	19544595	19545579	Bra028004
A03	11817955	11822618	Bra000564
A04	38530	39896	Bra040443
A02	10434600	10434974	Bra007868
A03	15946266	15953877	Bra001342
A03	1493110	1494904	Bra005982
A01	17617177	17622909	Bra031401
A03	914703	915737	Bra005849
A05	17882461	17887857	Bra035782
A08	13004018	13007364	Bra010310
A06	24540208	24541421	Bra033690
A03	975470	978155	Bra005863
A04	34145	36696	Bra040444
A05	13053755	13060400	Bra032203
A04	8174076	8176002	Bra025567
A02	2029336	2030010	Bra023373
A06	1049530	1051139	Bra018951
A03	15500972	15502226	Bra001240
A04	17436881	17437959	Bra016971
A07	20324783	20326508	Bra004137
A02	1998298	2001367	Bra023367
A07	13517458	13517950	Bra011924
A06	2947281	2948845	Bra018620
A07	17767244	17769382	Bra003689
A03	4587644	4591955	Bra006677
A07	24907365	24911331	Bra015636
A06	3971515	3974451	Bra019866
A08	4565690	4566133	Bra014015
A05	421583	422026	Bra004492
A06	24562394	24564835	Bra033687
A06	3975142	3975801	Bra019865
A07	17602316	17603505	Bra003663
A05	4691798	4694169	Bra005306
A10	12355841	12358698	Bra008718
A09	20164085	20164462	Bra023268
A03	11917187	11919959	Bra000583
A06	22791668	22792183	Bra024855
A02	2176908	2178192	Bra023399
A10	11152091	11157755	Bra002173
A03	4108593	4110286	Bra006574
A09	36685813	36689273	Bra031750
A09	36716288	36716744	Bra031744
A02	6903420	6907955	Bra022702
A07	17212048	17214921	Bra003586
A02	23494231	23495061	Bra020636
A10	1670618	1671631	Bra015388
A07	352123	353235	Bra036455
A03	4227561	4228730	Bra006604
A03	17210630	17212522	Bra001583
A02	6630365	6632503	Bra022745
A09	29586679	29587476	Bra007223
A08	20812159	20814874	Bra030496
A06	22796188	22799107	Bra024856
A06	15454741	15456142	Bra024306
A10	12445555	12448503	Bra008739
A03	348184	349991	Bra005734
A08	3624899	3626579	Bra014089
A03	15252250	15252978	Bra001192
A10	12367953	12369975	Bra008720
A02	6096	10206	Bra028919
A09	37882551	37899062	Bra032450
A06	17515015	17517227	Bra009732
A09	19601793	19602062	Bra027996
A05	18573349	18575902	Bra022414
A03	2969258	2971015	Bra006315
A01	4636528	4637448	Bra013267
A07	224093	228427	Bra036465
A01	8279446	8280885	Bra013890
A08	8498527	8501303	Bra038947
A07	22238621	22242419	Bra016192
A05	18571449	18572717	Bra022415
A10	15573317	15573712	Bra009462
A04	13984758	13987071	Bra021693
A10	1692420	1692872	Bra015383
A01	15049382	15051416	Bra029997
A09	36970881	36973880	Bra031693
A01	8340684	8342578	Bra013893
A01	4621084	4623352	Bra013265
A10	1597567	1598398	Bra015400
A08	8588179	8590162	Bra038955
A04	17454743	17456825	Bra016969
A03	1364309	1365719	Bra005949
A07	15971935	15974630	Bra003340
A01	562776	565053	Bra011783
A07	18336920	18340066	Bra003788
A02	2705087	2706352	Bra023517
A05	18426974	18434279	Bra022435
A02	2008933	2010978	Bra023370
A01	16246916	16249933	Bra035424
A09	19979042	19979772	Bra023287
A08	8114540	8117115	Bra035518
A07	19282259	19283892	Bra003966
A03	15470209	15474753	Bra001235
A05	8143490	8150645	Bra018423
A07	217200	219692	Bra036466
A07	19105987	19106477	Bra003933
A02	6766422	6767347	Bra022724
A04	9006760	9007500	Bra025456
A03	13794262	13801188	Bra000896
A03	1370256	1371287	Bra005950
A02	25489871	25493783	Bra029297
A02	21768147	21770040	Bra032953
A05	518926	521044	Bra004510
A03	9797761	9798641	Bra000185
A10	8372027	8379021	Bra002672
A05	7745637	7747856	Bra018357
A10	12311056	12317152	Bra008711
A10	7700100	7703321	Bra002778
A02	12678537	12679322	Bra008190
A06	6564448	6567561	Bra025944
A03	15511232	15513551	Bra001244
A06	22745808	22750254	Bra024849
A08	1747138	1751047	Bra014309
A05	21715789	21716624	Bra034686
A05	21736238	21741937	Bra034692
A03	944395	955146	Bra005857
A05	13077662	13080201	Bra032201
A04	12873725	12877008	Bra035694
A03	919037	920676	Bra005850
A09	20173509	20174320	Bra023265
A09	19570267	19573156	Bra028002
A09	19625808	19629513	Bra027995
A03	6788239	6792686	Bra029193
A07	18318831	18320255	Bra003783
A08	12033076	12035477	Bra034560
A10	11373707	11374023	Bra002138
A02	2106230	2112187	Bra023387
A04	16024439	16037331	Bra017223
A02	2708010	2711846	Bra023518
A09	37876515	37881383	Bra032449
A04	12892203	12896592	Bra035691
A01	4611288	4612186	Bra013263
A10	12443577	12444806	Bra008738
A02	15258119	15259669	Bra008532
A08	12216642	12220176	Bra034533
A03	19325475	19327759	Bra001909
A05	24340787	24342653	Bra039446
A08	7426801	7428973	Bra036745
A04	809372	810861	Bra014465
A03	3855215	3856579	Bra006512
A07	296686	297767	Bra036457
A02	23513728	23514150	Bra020632
A03	334091	334623	Bra005731
A03	12126184	12128921	Bra000621
A04	12887893	12891775	Bra035692
A07	12067633	12068772	Bra012134
A03	456157	457738	Bra005756
A09	19547970	19548767	Bra028003
A07	22934792	22938278	Bra016053
A06	1078917	1080829	Bra018945
A01	17646407	17646764	Bra031400
A07	2183713	2186761	Bra002063
A03	374602	379913	Bra005739
A01	8354951	8355926	Bra013896
A03	9820081	9821790	Bra000190
A02	2194169	2197303	Bra023401
A09	36721472	36724299	Bra031742
A08	20822707	20823443	Bra030494
A09	20331573	20333161	Bra023246
A06	11829971	11834080	Bra019444
A09	20046333	20049414	Bra023280
A06	1077561	1078282	Bra018946
A07	17202158	17204749	Bra003584
A06	3618223	3620589	Bra019937
A05	416662	418595	Bra004491
A08	4567558	4568847	Bra014014
A10	13004732	13007041	Bra008867
A05	19771722	19772982	Bra022210
A05	409883	411779	Bra004489
A03	13418210	13420028	Bra000832
A02	2749493	2752610	Bra023526
A09	37889222	37892266	Bra032452
A06	25179585	25185515	Bra033557
A09	19999084	19999710	Bra023285
A06	1157198	1165295	Bra018936
A05	18417002	18417904	Bra022437
A05	18390262	18393241	Bra022440
A03	9787150	9788771	Bra000183
A06	3697349	3700612	Bra019926
A03	979518	982183	Bra005864
A01	16269291	16277594	Bra035422
A05	18456059	18457636	Bra022430
A09	37867838	37869520	Bra032447
A05	22111094	22112381	Bra034780
A03	24731187	24735896	Bra019360
A03	6648470	6649332	Bra029161
A03	360952	363606	Bra005737
A03	4977747	4986967	Bra006768
A03	7434325	7441245	Bra022860
A07	18327746	18329890	Bra003786
A07	19287728	19293100	Bra003967
A02	12704455	12704952	Bra008192
A06	2939418	2941808	Bra018623
A05	21717694	21719834	Bra034687
A06	24546741	24549383	Bra033688
A05	18394841	18396977	Bra022439
A05	633964	643901	Bra004526
A10	13016930	13018051	Bra008870
A03	8139981	8141414	Bra022992
A04	14940347	14940686	Bra021845
A05	18100335	18102966	Bra035821
A03	7786950	7790656	Bra022921
A01	5917186	5918709	Bra013481
A05	18383114	18384686	Bra022442
A06	2959410	2963437	Bra018617
A05	21722589	21724636	Bra034689
A03	930207	930818	Bra005853
A06	2953440	2957224	Bra018619
A06	6176833	6178476	Bra026021
A06	22775003	22777764	Bra024852
A10	12435717	12437180	Bra008736
A05	18796653	18796835	Bra022380
A09	20263345	20264849	Bra023253
A02	1530395	1531996	Bra028598
A01	8363073	8365739	Bra013898
A03	9803023	9808177	Bra000187
A08	16538101	16539369	Bra010967
A09	20326498	20329306	Bra023247
A07	24272983	24273798	Bra015761
A06	1064705	1068720	Bra018948
A04	820553	823508	Bra014467
A09	19591506	19592621	Bra028000
A09	21124695	21125847	Bra023168
A03	9826958	9828407	Bra000192
A01	8269074	8269943	Bra013889
A05	7739433	7744245	Bra018356
A07	19110452	19112329	Bra003935
A02	2049905	2052625	Bra023377
A10	10778946	10780117	Bra002241
A07	18619746	18622532	Bra003846
A04	12214782	12217442	Bra034313
A03	18495515	18497789	Bra001789
A07	17806302	17810232	Bra003695
A02	14242234	14246258	Bra008387
A09	20015303	20015971	Bra023282
A02	691908	693689	Bra028784
A03	28218697	28225675	Bra024021
A08	16329399	16334290	Bra010919
A03	4913275	4917778	Bra006754
A05	18027519	18028021	Bra035810
A10	12999802	13000410	Bra008865
A02	2003180	2004589	Bra023368
A04	8935321	8935788	Bra025465
A06	1261843	1262667	Bra018922
A06	19979279	19979818	Bra037421
A03	24373815	24379176	Bra019410
A10	1681177	1683502	Bra015387
A08	1730486	1731834	Bra014311
A08	16570695	16570916	Bra010973
A06	6062152	6066137	Bra026045
A01	4596293	4599357	Bra013261
A03	24723505	24724886	Bra019362
A02	3845253	3848942	Bra020062
A03	16518757	16520980	Bra001466
A06	19963815	19966634	Bra037419
A03	13910208	13910970	Bra000916
A01	8343426	8345497	Bra013894
A01	8373529	8374350	Bra013900
A10	12429815	12431642	Bra008734
A03	342459	347749	Bra005733
A02	19123	21918	Bra028917
A02	6935216	6937476	Bra022698
A02	12673972	12674831	Bra008188
A04	7452337	7453953	Bra028248
A02	12663428	12664312	Bra008185
A03	13904663	13909983	Bra000915
A07	12070627	12077721	Bra012132
A08	8605864	8608502	Bra038956
A07	6003823	6009215	Bra015070
A03	11328543	11328965	Bra000479
A10	9248745	9252739	Bra002503
A02	14842410	14844396	Bra008471
A09	36965728	36969615	Bra031694
A08	17337399	17342059	Bra016373
A02	2041772	2048140	Bra023376
A03	6659458	6660690	Bra029163
A07	13478480	13478929	Bra011930
A05	424971	425687	Bra004493
A05	16826982	16828344	Bra031309
A01	4642272	4643156	Bra013268
A04	12926260	12931015	Bra035686
A05	2552615	2555333	Bra004933
A03	940224	942050	Bra005855
A02	1521842	1522693	Bra028600
A06	22806552	22810779	Bra024857
A06	17906550	17925035	Bra009791
A07	18342756	18346226	Bra003789
A10	9438260	9444643	Bra002465
A01	552922	554685	Bra011784
A05	18368165	18369304	Bra022444
A02	1519950	1521317	Bra028601
A10	12426314	12429518	Bra008733
A10	12323822	12326915	Bra008715
A03	16542902	16543282	Bra001473
A05	577488	578489	Bra004516
A05	18290168	18294662	Bra022451
A03	25563293	25565918	Bra019238
A06	6083810	6089469	Bra026041
A04	13989636	13994158	Bra021694
A03	9815418	9815675	Bra000189
A06	25188211	25195430	Bra033555
A07	22878827	22880312	Bra016064
A09	20179310	20180762	Bra023264
A10	12971219	12975133	Bra008860
A07	15100640	15101977	Bra003198
A03	9792566	9793204	Bra000184
A08	7393753	7396077	Bra036749
A07	167888	168529	Bra036475
A10	1593110	1596759	Bra015401
A07	22229858	22231112	Bra016194
A06	25185981	25187621	Bra033556
A03	15239336	15247200	Bra001190
A01	10079071	10079508	Bra026269
A03	9619397	9623571	Bra000154
A09	36693358	36701676	Bra031749
A02	8719339	8719706	Bra039751
A06	22782597	22783995	Bra024853
A02	3445316	3448330	Bra023672
A06	1054638	1058275	Bra018950
A08	8101417	8103722	Bra035517
A09	20202639	20205425	Bra023258
A07	24913293	24916273	Bra015635
A02	21762594	21764296	Bra032952
A03	14296545	14297952	Bra000984
A03	1895451	1898088	Bra006080
A01	10209036	10214843	Bra026248
A02	2309278	2316214	Bra023430
A08	8524734	8527648	Bra038949
A09	29584411	29586179	Bra007222
A05	23370390	23372856	Bra029690
A02	6642712	6644666	Bra022744
A03	4119450	4119833	Bra006577
A08	16546149	16547343	Bra010968
A02	14251204	14251512	Bra008388
A09	20284588	20286856	Bra023252
A05	6764994	6771446	Bra005651
A03	15520646	15523946	Bra001246
A08	16553585	16554490	Bra010972
A10	10774157	10777118	Bra002242
A10	13011304	13012592	Bra008868
A08	7419699	7421373	Bra036746
A10	11374296	11375849	Bra002137
A03	1373493	1380081	Bra005952
A10	1764626	1765733	Bra015370
A02	6779788	6780496	Bra022722
A10	13013272	13014396	Bra008869
A04	14229488	14232685	Bra021726
A09	20119707	20119952	Bra023269
A06	22787128	22790585	Bra024854
A07	359071	359379	Bra036454
A04	9449511	9465650	Bra030327
A07	235839	238360	Bra036464
A04	16460092	16463182	Bra017141
A05	3546243	3549558	Bra005123
A01	4628713	4630353	Bra013266
A02	23492755	23493320	Bra020637
A04	15339721	15342974	Bra021928
A10	12415255	12419391	Bra008731
A02	23528595	23531461	Bra020631
A05	24758361	24764716	Bra031999
A07	17761214	17764898	Bra003688
A10	10780829	10783192	Bra002240
A10	12349232	12350742	Bra008717
A05	7268947	7270652	Bra018295
A05	21090620	21094849	Bra027333
A04	16454697	16457874	Bra017143
A07	18331982	18333460	Bra003787
A03	353270	355439	Bra005735
A02	2226748	2230659	Bra023407
A10	15559273	15568558	Bra009461
A03	7755478	7760139	Bra022918
A02	10941975	10945839	Bra007930
A05	2287086	2288787	Bra004883
A02	80896	81378	Bra028909
A04	17543854	17553427	Bra016948
A09	20193488	20193883	Bra023259
A03	16625077	16632301	Bra001481
A02	2186193	2187250	Bra023400
A03	2504507	2512077	Bra006205
A04	8952508	8956290	Bra025461
A10	15552409	15555896	Bra009460
A03	366190	366726	Bra005738
A09	20170881	20173145	Bra023266
A04	9009630	9012156	Bra025455
A03	13651841	13655860	Bra000874
A07	15139090	15140809	Bra003203
A03	6631767	6633899	Bra029160
A03	8131628	8135398	Bra022990
A05	18015645	18016697	Bra035808
A09	20010595	20012093	Bra023283
A01	8357048	8359198	Bra013897
A05	13062270	13064818	Bra032202
A02	1223000	1224488	Bra028675
A03	4965286	4966003	Bra006766
A03	911215	913948	Bra005848
A04	8011846	8012463	Bra025590
A05	21726425	21728591	Bra034690
A06	24535216	24537819	Bra033691
A02	12643482	12646362	Bra008184
A01	10072593	10073324	Bra026270
A02	2747915	2749048	Bra023525
A02	2020266	2021788	Bra023372
A03	1272925	1274493	Bra005929
A07	22861116	22862681	Bra016069
A02	2034976	2039336	Bra023374
A03	11810611	11815350	Bra000563
A08	16421384	16425043	Bra010934
A10	11141494	11143484	Bra002176
A04	19125453	19126638	Bra021393
A08	4554600	4563066	Bra014016
A06	18273621	18275184	Bra009846
A10	12452302	12453613	Bra008740
A03	988965	991048	Bra005867
A04	8177981	8181485	Bra025566
A03	4114650	4115225	Bra006575
A04	12878256	12883485	Bra035693
A03	15504112	15505440	Bra001241
A04	40161	44133	Bra040442
A08	4544373	4552524	Bra014017
A03	3857389	3861595	Bra006513
A05	18947903	18948331	Bra022351
A02	2094827	2104601	Bra023386
A02	23507395	23511796	Bra020633
A10	1362513	1365797	Bra015427
A06	22753557	22754504	Bra024850
A09	20028082	20028402	Bra023281
A03	9810598	9811563	Bra000188
A02	1524995	1528254	Bra028599
A06	1239275	1241820	Bra018925
A06	1249263	1254632	Bra018923
A02	23480052	23488389	Bra020638
A03	16549691	16552174	Bra001474
A05	2283365	2286657	Bra004882
A07	12069444	12070439	Bra012133
A07	22950902	22951357	Bra016052
A02	2011998	2015523	Bra023371
A07	17771904	17773682	Bra003690
A01	21536925	21537406	Bra021315
A10	1766272	1768503	Bra015369
A08	12208179	12210337	Bra034534
A01	4616839	4617732	Bra013264
A09	20206224	20207150	Bra023257
A05	24351358	24359438	Bra039448
A10	1688427	1690058	Bra015384
A04	16935779	16941646	Bra017062
A07	1454978	1456601	Bra039616
A04	12206495	12208878	Bra034312
A06	19967574	19967877	Bra037420
A05	413226	413824	Bra004490
A02	685786	690621	Bra028785
A05	18408149	18409237	Bra022438
A08	16417093	16420284	Bra010933
A10	13002300	13004410	Bra008866
A05	7700111	7703600	Bra018351
A09	20304831	20305843	Bra023248
A01	23926678	23928513	Bra021525
A07	18613105	18616758	Bra003845
A09	20166714	20170510	Bra023267
A06	1070065	1071038	Bra018947
A02	9130697	9153590	Bra034020
A03	14288954	14289367	Bra000980
A07	2320261	2321533	Bra002045
A07	15980092	15983065	Bra003341
A07	19106861	19110289	Bra003934
A09	20345579	20348543	Bra023245
A03	24725840	24727726	Bra019361
A07	18351597	18355159	Bra003790
A01	8294322	8297253	Bra013891
A08	20806209	20807395	Bra030497
A02	6752640	6754845	Bra022725
A08	1724433	1726500	Bra014312
A05	31388	42185	Bra004418
A06	3524251	3527724	Bra019958
A03	8670176	8674918	Bra023094
A03	11333425	11335519	Bra000480
A04	46531	48102	Bra040440
A05	522324	524841	Bra004511
A10	5333751	5335958	Bra003090
A06	20869392	20870426	Bra025363
A03	355979	357657	Bra005736
A06	3701524	3702767	Bra019925
A01	8388029	8390980	Bra013903
A04	8169492	8172535	Bra025568
A07	825707	827008	Bra038852
A05	16825632	16826582	Bra031310
A10	11367491	11369526	Bra002139
A10	12359215	12361642	Bra008719
A03	4224598	4226451	Bra006603
A04	16458266	16458974	Bra017142
A03	18534773	18539988	Bra001797
A07	209637	211394	Bra036467
A02	4285435	4288694	Bra020157
A02	3389125	3392377	Bra023667
A10	10234500	10237284	Bra002346
A05	18423014	18424021	Bra022436
A09	19635707	19635976	Bra027994
A05	18775563	18789762	Bra022381
A03	13801958	13805754	Bra000897
A04	8990949	8994344	Bra025457
A03	6796926	6801912	Bra029194
A02	10424130	10425654	Bra007867
A10	7697632	7698688	Bra002779
A03	12117906	12121079	Bra000620
A09	20209806	20210725	Bra023255
A06	3409106	3411591	Bra019980
A07	22874501	22877612	Bra016065
A09	37887292	37887810	Bra032451
A06	3600366	3608039	Bra019938
A09	20238662	20243940	Bra023254
A05	17888318	17889869	Bra035783
A03	12831469	12835351	Bra000743
A01	8369201	8371653	Bra013899
A03	9824925	9825230	Bra000191
A06	20847907	20848720	Bra025368
A10	1582382	1583703	Bra015403
A04	811297	817751	Bra014466
A03	908748	910916	Bra005847
A04	17438479	17440822	Bra016970
A04	7446549	7448255	Bra028246
A06	1058839	1060390	Bra018949
A09	20055982	20057841	Bra023279
A07	18324355	18326733	Bra003785
A03	13298783	13304093	Bra000808
A01	8382241	8384978	Bra013901
A10	1683789	1684750	Bra015386
A10	12309614	12310216	Bra008710
A04	8937199	8937797	Bra025464
A04	8937994	8939153	Bra025463
A05	16832166	16834190	Bra031308
A03	15050135	15054981	Bra001162
A03	16524931	16526661	Bra001468
A07	17207220	17209635	Bra003585
A09	36729287	36735842	Bra031741
A07	6012824	6015259	Bra015069
A10	9246127	9247031	Bra002504
A01	4603519	4604094	Bra013262
A02	9252262	9256569	Bra034007
A10	15579789	15580475	Bra009464
A05	18017273	18020616	Bra035809
A10	15581281	15587226	Bra009465
A03	14259554	14260111	Bra000979
A10	12433644	12435070	Bra008735
A02	2756622	2760797	Bra023527
A05	20894148	20895959	Bra027295
A02	6909516	6911041	Bra022701
A03	9799253	9799958	Bra000186
A07	13430764	13435755	Bra011932
A09	19961678	19963459	Bra023288
A10	10837832	10841992	Bra002228
A04	2842518	2849392	Bra014756
A08	20817058	20817651	Bra030495
A02	25273140	25285818	Bra029333
A06	1151733	1154752	Bra018937
A10	10706075	10711746	Bra002255
A06	20899363	20900835	Bra025361
A01	568506	570905	Bra011782
A05	23947874	23949496	Bra020748
A04	7454461	7456013	Bra028249
A03	6649922	6658573	Bra029162
A05	18797672	18798739	Bra022379
A05	21720682	21721517	Bra034688
A02	6789041	6796055	Bra022720
A10	10511895	10520939	Bra002293
A04	17291542	17292435	Bra017003
A03	16649487	16653482	Bra001485
A09	37870671	37876236	Bra032448
A03	1371935	1372774	Bra005951
A02	8717568	8718356	Bra039750
A08	4170167	4174728	Bra014044
A01	16262637	16263844	Bra035423
A07	13471502	13471954	Bra011931
A04	26180	31987	Bra040446
A06	2932964	2934266	Bra018624
A03	937128	939987	Bra005854
A09	19594476	19594994	Bra027999
A03	2273695	2278581	Bra006157
A03	15515497	15518299	Bra001245
A07	168886	169631	Bra036474
A09	19589187	19590120	Bra028001
A09	19542655	19543659	Bra028005
A02	12683440	12685124	Bra008191
A05	18385273	18387246	Bra022441
A07	16627383	16632822	Bra003467
A05	21976067	21979770	Bra034745
A07	18321128	18321787	Bra003784
A05	24348565	24350298	Bra039447
A07	17248902	17251049	Bra003595
A06	6179270	6181426	Bra026020
A04	7459402	7460841	Bra028250
A07	17336273	17337859	Bra003611
A05	21711593	21712428	Bra034685
A05	22106992	22109953	Bra034779
