A09	3523546	3523962	Bra035917
A02	24141058	24142943	Bra020541
A06	5908309	5909897	Bra026085
A10	11145661	11147927	Bra002175
A09	11361705	11363268	Bra027506
A03	14453903	14456356	Bra001025
A06	4398266	4400535	Bra019792
A01	5290929	5292931	Bra013377
A04	12321347	12327138	Bra034332
A01	22542191	22551042	Bra021203
A02	14918069	14920388	Bra008484
A03	14451832	14452626	Bra001024
A03	14092062	14094261	Bra000944
A07	7818192	7819837	Bra014884
A06	17561918	17563047	Bra009740
A02	18684900	18686777	Bra022069
A10	11870454	11872457	Bra008611
A10	10879625	10880170	Bra002220
A09	10286263	10287447	Bra027919
A10	487192	489750	Bra015570
A07	23842777	23845621	Bra015842
A09	8012803	8015297	Bra027012
A03	14481788	14482924	Bra001033
A05	10720163	10721475	Bra030365
A10	6520677	6524663	Bra002958
A09	10602007	10603017	Bra027963
A07	21856323	21860960	Bra016262
A03	16966646	16972845	Bra001545
A09	37722562	37728738	Bra032414
A04	2859636	2861573	Bra014759
A09	5230941	5233668	Bra037273
A03	17435111	17443407	Bra001616
A02	7270928	7271926	Bra022645
A09	20787734	20790497	Bra023203
A08	1670650	1673502	Bra014319
A06	16701521	16703043	Bra024481
A07	5308917	5313671	Bra015144
A10	11246271	11249716	Bra002160
A05	8076202	8078450	Bra018411
A03	14767399	14770125	Bra001100
A10	11056975	11060035	Bra002189
A09	18710236	18712239	Bra028069
A04	2879094	2879858	Bra014761
A09	29432327	29434646	Bra007198
A02	1300125	1307339	Bra028653
A04	10435791	10436812	Bra030200
A05	4085446	4089688	Bra005220
A01	2532695	2536900	Bra011364
A06	17329870	17334217	Bra009714
A07	24493884	24495869	Bra015715
A07	20722172	20723392	Bra004211
A07	10577003	10579059	Bra012340
A03	12969491	12971450	Bra000768
A10	8580773	8582308	Bra002621
A01	1240435	1241920	Bra011654
A03	21617201	21619135	Bra012907
A07	3582657	3585448	Bra015221
A03	29445976	29447120	Bra017624
A07	17703140	17705966	Bra003678
A03	17178091	17180272	Bra001577
A01	24525584	24528646	Bra038675
A10	3437929	3442852	Bra033225
A02	3661781	3663881	Bra023712
A01	13670034	13670916	Bra033790
A06	2587032	2593911	Bra018693
A02	12574304	12577192	Bra008171
A07	14702696	14706697	Bra028548
A10	2446779	2448134	Bra033413
A03	17458337	17460841	Bra001618
A01	25199443	25202301	Bra034058
A02	24133470	24139386	Bra020542
A05	23290504	23293651	Bra029711
A01	10259607	10261466	Bra026238
A10	10190369	10192591	Bra002354
A01	15654920	15657542	Bra038902
A10	2038162	2041284	Bra015316
A05	23038574	23040507	Bra029778
A08	19731326	19735526	Bra030751
A02	18233301	18239096	Bra022019
A01	10367701	10368931	Bra040112
A01	2853690	2854328	Bra011303
A03	9578363	9581216	Bra000149
A08	2336158	2338051	Bra014232
A03	28016628	28017674	Bra024050
A08	17512432	17514340	Bra016402
A06	17559337	17559691	Bra009739
A08	14125791	14130620	Bra010508
A02	14724516	14726603	Bra008453
A02	12223638	12224546	Bra008115
A01	26380703	26383548	Bra021376
A08	16439396	16439880	Bra010941
A06	12480488	12485005	Bra019485
A05	15480196	15481643	Bra033856
A08	15409531	15417489	Bra010737
A03	13160773	13165377	Bra000791
A09	18702706	18705071	Bra028070
A03	14061161	14063135	Bra000939
A01	24615275	24616210	Bra034173
A01	3698853	3706279	Bra011144
A05	20269857	20273060	Bra027178
A09	31506900	31507421	Bra007606
A07	17602316	17603505	Bra003663
A06	24792597	24796416	Bra033640
A03	8916062	8916808	Bra000025
A07	23551807	23555667	Bra015909
A07	14486335	14486928	Bra028510
A10	12241819	12243943	Bra008697
A06	18580637	18583422	Bra009897
A10	11152091	11157755	Bra002173
A04	2190891	2192432	Bra014678
A01	6381210	6385569	Bra013567
A04	1697269	1699605	Bra014601
A03	14161224	14163884	Bra000961
A07	4645131	4648163	Bra036410
A06	1183819	1187892	Bra018933
A03	3647731	3649810	Bra006470
A08	16618134	16620229	Bra010981
A08	13445192	13447197	Bra010385
A10	10562887	10564978	Bra002284
A06	11903363	11905657	Bra019450
A06	11867913	11877607	Bra019446
A10	4579028	4583209	Bra028278
A02	14372805	14378175	Bra008401
A09	15487538	15488882	Bra038389
A04	7629766	7630586	Bra025649
A05	17020229	17021722	Bra031290
A08	16790619	16792534	Bra011007
A09	37263457	37266320	Bra031627
A03	11479402	11480049	Bra000501
A02	16365238	16366678	Bra033122
A03	16529417	16531945	Bra001470
A09	21506295	21509806	Bra023137
A05	8025617	8027867	Bra018408
A02	1051158	1052429	Bra028710
A01	26034982	26040556	Bra040144
A02	14564718	14566530	Bra008423
A05	21028480	21030414	Bra027321
A06	69204	81670	Bra038022
A09	24079156	24081246	Bra024771
A07	3510040	3511018	Bra015225
A03	8505585	8508995	Bra023068
A06	16717854	16720000	Bra024484
A09	10383445	10395431	Bra027933
A09	4913850	4915883	Bra037197
A09	10094104	10094659	Bra027894
A09	10212271	10212930	Bra027910
A02	4856857	4858956	Bra020255
A06	6241313	6243425	Bra026009
A05	24711852	24713348	Bra031990
A10	8372027	8379021	Bra002672
A10	7700100	7703321	Bra002778
A05	10402035	10404122	Bra038127
A08	1747138	1751047	Bra014309
A06	23682764	23685332	Bra025025
A05	7276276	7278998	Bra018297
A03	944395	955146	Bra005857
A06	18244423	18246167	Bra009841
A08	12965208	12969762	Bra010303
A08	19292600	19295355	Bra016805
A08	13448987	13451035	Bra010386
A06	16508518	16511064	Bra024457
A03	16898602	16900003	Bra001530
A02	14277465	14279988	Bra008391
A03	17945473	17947331	Bra001700
A02	2333952	2335352	Bra023435
A07	5267986	5268531	Bra015150
A09	33619438	33626542	Bra031233
A09	19436655	19437609	Bra028013
A10	16049655	16052546	Bra009565
A01	15456594	15457816	Bra038876
A03	17431104	17431673	Bra001615
A08	1818583	1819663	Bra014304
A06	2832560	2837885	Bra018644
A03	11040524	11044132	Bra000420
A07	9789515	9789856	Bra012442
A04	19211246	19214028	Bra021441
A06	17235442	17237786	Bra009698
A02	8171767	8175396	Bra022535
A10	1942755	1945774	Bra015338
A09	7396395	7398347	Bra027679
A01	5275595	5279284	Bra013374
A06	17653048	17656099	Bra009754
A07	12402222	12406414	Bra012074
A05	14978448	14979844	Bra010171
A03	2543354	2546508	Bra006212
A01	3001799	3003000	Bra011269
A01	6385948	6387843	Bra013568
A05	7253696	7266197	Bra018293
A05	8400163	8401875	Bra018471
A08	2683459	2684216	Bra014191
A03	14431079	14434204	Bra001021
A07	23559065	23560155	Bra015907
A09	19400631	19403547	Bra028017
A01	13879905	13881300	Bra033768
A09	19893616	19895626	Bra023296
A10	7140815	7142845	Bra002861
A04	2867751	2868734	Bra014760
A06	5947435	5948561	Bra026074
A01	1228939	1229270	Bra011658
A05	17926512	17928205	Bra035787
A01	24783655	24787264	Bra034141
A10	2007552	2011585	Bra015322
A09	2080879	2082895	Bra036176
A01	19538245	19543727	Bra023846
A08	18970461	18972064	Bra016736
A03	23061026	23061405	Bra012633
A01	11968213	11968857	Bra036908
A10	1636359	1637645	Bra015391
A10	9797291	9801011	Bra002415
A02	3659974	3660480	Bra023711
A02	14703956	14704982	Bra008448
A07	5280836	5282163	Bra015149
A05	23443485	23444861	Bra029672
A03	13418210	13420028	Bra000832
A03	17583383	17584688	Bra001631
A01	6379746	6380303	Bra013566
A03	9163566	9164845	Bra000069
A01	25053189	25054732	Bra034090
A08	20129184	20134374	Bra030665
A07	19023477	19024655	Bra003917
A08	17600960	17603800	Bra016418
A03	10554711	10556690	Bra000320
A10	2549466	2550857	Bra033395
A01	2043324	2048368	Bra011470
A09	19334544	19335471	Bra028025
A07	17646604	17650147	Bra003670
A03	14325599	14328858	Bra000996
A10	4212005	4212590	Bra035733
A03	27940311	27941924	Bra024062
A04	17726652	17729390	Bra016916
A02	24642120	24643375	Bra020470
A08	1764324	1768432	Bra014308
A10	1739233	1741963	Bra015375
A08	7639621	7642045	Bra035476
A04	14940347	14940686	Bra021845
A06	17637613	17639071	Bra009752
A07	3706097	3708201	Bra015209
A03	29413584	29414637	Bra017619
A01	1245453	1246975	Bra011653
A03	11312091	11313245	Bra000477
A10	8086692	8088668	Bra002717
A01	24728247	24729483	Bra034154
A03	14159192	14159545	Bra000960
A01	26460492	26461210	Bra021407
A09	33219853	33225347	Bra039939
A09	9803317	9806303	Bra027866
A09	29832022	29833258	Bra007276
A01	23714736	23716748	Bra021556
A03	22595725	22596803	Bra012718
A09	9503047	9504902	Bra027833
A10	10359291	10365274	Bra002327
A08	5183942	5187131	Bra034931
A03	33530	38004	Bra005661
A04	9267742	9271233	Bra030355
A09	5244739	5247898	Bra037270
A04	12759512	12764338	Bra035706
A09	29876512	29878469	Bra007283
A07	9995602	9997963	Bra012423
A07	15488183	15489995	Bra003254
A09	6370567	6373593	Bra036635
A02	21360195	21361546	Bra036342
A03	16256358	16260286	Bra001408
A05	22600590	22603400	Bra029883
A05	9083474	9087290	Bra037063
A06	25154977	25157391	Bra033562
A04	8967996	8974453	Bra025459
A09	11143565	11145067	Bra027485
A10	8532995	8534585	Bra002634
A10	10714842	10717220	Bra002253
A09	32680306	32692655	Bra007835
A01	2313842	2318127	Bra011405
A02	14367123	14369246	Bra008400
A03	27036915	27040928	Bra024192
A06	18083851	18085431	Bra009817
A03	16885187	16885369	Bra001527
A02	16408333	16411167	Bra033126
A10	10813198	10817412	Bra002233
A03	24373815	24379176	Bra019410
A06	22860568	22862936	Bra024861
A01	17178869	17179297	Bra031451
A04	9653819	9656645	Bra030297
A03	17643064	17644110	Bra001637
A07	10375711	10382894	Bra012368
A03	7346699	7348105	Bra022837
A08	811151	814261	Bra030924
A09	31940905	31943229	Bra007694
A02	12215016	12215705	Bra008114
A05	9021268	9022650	Bra037059
A03	13904663	13909983	Bra000915
A01	4045507	4053593	Bra011081
A01	1237544	1238398	Bra011655
A09	29452438	29453460	Bra007202
A10	8481066	8481617	Bra002642
A07	1912250	1913857	Bra002093
A09	10278948	10279805	Bra027918
A05	9130052	9131478	Bra037068
A01	2576143	2581227	Bra011355
A03	11976878	11979344	Bra000594
A07	20685715	20701307	Bra004206
A06	4941976	4946661	Bra019694
A03	3694561	3702245	Bra006480
A03	22291055	22295112	Bra012788
A03	6182511	6186598	Bra029068
A05	7356672	7357571	Bra018310
A05	1523283	1526647	Bra004723
A09	29442517	29443516	Bra007199
A02	1053133	1054452	Bra028709
A10	1759456	1760755	Bra015372
A05	23221135	23222930	Bra029729
A10	2033182	2036001	Bra015317
A09	15706034	15707798	Bra038368
A01	22965039	22968156	Bra021132
A03	15414024	15416574	Bra001219
A10	209492	211108	Bra015605
A09	5395451	5411357	Bra037246
A01	431218	431775	Bra011805
A06	17321697	17325684	Bra009713
A10	5699614	5702647	Bra003055
A07	20713673	20717962	Bra004210
A07	2486167	2487999	Bra002023
A10	2347453	2350567	Bra015260
A02	3664072	3666870	Bra023713
A07	6133711	6136243	Bra015053
A09	38859369	38861316	Bra032666
A06	25188211	25195430	Bra033555
A10	12219464	12229161	Bra008693
A08	2313354	2314418	Bra014236
A06	20760180	20764620	Bra025392
A08	1806727	1808053	Bra014306
A06	5912047	5913990	Bra026084
A03	16710828	16720335	Bra001500
A05	5773921	5778342	Bra005487
A06	17668106	17670555	Bra009757
A04	11695852	11700926	Bra032037
A05	8416771	8418739	Bra018472
A09	15122523	15125203	Bra037872
A09	21502175	21504010	Bra023138
A10	2670011	2683523	Bra033370
A07	14673060	14676573	Bra028544
A08	801530	803875	Bra030922
A10	1048862	1050233	Bra015481
A09	22764629	22766447	Bra032303
A09	29921965	29922861	Bra007290
A10	9428396	9431195	Bra002467
A01	15660689	15661003	Bra038903
A09	32346758	32350329	Bra007776
A07	5306936	5308621	Bra015145
A05	13205718	13207195	Bra032191
A02	22133618	22135719	Bra033006
A05	11528161	11530970	Bra030451
A08	19726424	19730458	Bra030752
A03	24644437	24646054	Bra019370
A03	11992761	11995408	Bra000595
A03	14094991	14095830	Bra000945
A09	6380180	6381716	Bra036634
A04	17581539	17588209	Bra016943
A04	2902053	2904535	Bra014764
A09	29730039	29731727	Bra007254
A10	11301569	11304579	Bra002150
A08	3962153	3964230	Bra014057
A03	12656188	12658140	Bra000715
A07	24202110	24204450	Bra015772
A10	11857997	11860723	Bra008609
A05	23197157	23203422	Bra029735
A01	23781915	23790276	Bra021548
A10	2466529	2468156	Bra033409
A03	23043634	23045370	Bra012636
A09	31490618	31492001	Bra007603
A03	13669210	13671190	Bra000877
A06	18572396	18574100	Bra009895
A08	2717355	2718516	Bra014185
A01	26649100	26651801	Bra021477
A09	20284588	20286856	Bra023252
A04	10799267	10802640	Bra032166
A05	15966719	15968776	Bra033901
A03	8912612	8914401	Bra000024
A08	12560754	12563962	Bra010234
A02	26897916	26899791	Bra031808
A10	13424472	13426255	Bra008958
A02	21483103	21484229	Bra036337
A06	3318253	3321510	Bra020007
A09	6428022	6429058	Bra027813
A02	19513798	19519330	Bra026664
A10	12607572	12608822	Bra008775
A05	1365803	1367275	Bra004689
A10	2250831	2251637	Bra015281
A03	15460603	15463339	Bra001232
A05	24718675	24721288	Bra031992
A01	5888951	5897504	Bra013477
A03	21872687	21878392	Bra012868
A03	15417233	15419463	Bra001220
A08	12296261	12297207	Bra040079
A04	16855901	16860713	Bra017081
A10	12230067	12231710	Bra008694
A03	15056782	15069736	Bra001163
A08	6045291	6057826	Bra040810
A09	31946523	31952031	Bra007695
A05	18854085	18858903	Bra022366
A06	18576202	18578211	Bra009896
A09	29565225	29568044	Bra007219
A09	20105338	20106616	Bra023272
A06	11858114	11866364	Bra019445
A03	22769293	22771272	Bra012686
A03	10361926	10362726	Bra000285
A02	13998050	14000370	Bra008354
A01	18226666	18228468	Bra028345
A08	2098612	2099937	Bra014266
A07	17761214	17764898	Bra003688
A09	20083674	20083974	Bra023275
A01	24619154	24623028	Bra034172
A06	16051568	16052177	Bra024389
A02	2226748	2230659	Bra023407
A03	27632340	27633745	Bra024106
A03	11205593	11206702	Bra000452
A03	14074274	14075239	Bra000942
A10	2013834	2015997	Bra015321
A08	12996096	12998208	Bra010307
A08	16437487	16438688	Bra010940
A10	14474474	14479590	Bra009287
A04	8952508	8956290	Bra025461
A07	23556976	23558965	Bra015908
A01	24356572	24364705	Bra038704
A06	8706847	8713183	Bra017946
A04	12317662	12320170	Bra034331
A09	8677979	8681348	Bra027077
A02	2034976	2039336	Bra023374
A05	7706398	7709666	Bra018352
A08	19783026	19791592	Bra030739
A04	12878256	12883485	Bra035693
A10	9183226	9188036	Bra002514
A02	22907012	22909412	Bra020731
A02	15229476	15232875	Bra008529
A06	24851038	24856834	Bra033630
A06	2682645	2684864	Bra018676
A08	16580216	16593711	Bra010976
A08	18960425	18961261	Bra016735
A09	29879855	29885233	Bra007284
A03	19459537	19462743	Bra001934
A08	2444735	2449247	Bra014216
A10	8468112	8470321	Bra002647
A05	23035011	23037674	Bra029779
A03	23069898	23071556	Bra012632
A07	3329061	3331526	Bra015241
A07	9810641	9811102	Bra012441
A03	17394205	17395798	Bra001608
A03	3507629	3510966	Bra006445
A04	334381	337538	Bra014402
A09	9634151	9638351	Bra027845
A06	17639914	17649199	Bra009753
A04	16935779	16941646	Bra017062
A04	12571698	12573628	Bra034374
A01	16604480	16608575	Bra031520
A10	11790569	11795099	Bra008598
A03	14137586	14139467	Bra000955
A07	24466949	24467497	Bra015720
A05	7700111	7703600	Bra018351
A05	7347978	7349924	Bra018308
A10	8250360	8252396	Bra002698
A03	8381992	8384815	Bra023045
A04	15561516	15563329	Bra017304
A09	7417324	7419233	Bra027674
A01	7504473	7508479	Bra013735
A03	8538590	8541153	Bra023072
A03	157214	160057	Bra005694
A07	985925	991332	Bra038835
A06	5951820	5955929	Bra026072
A05	9072348	9074900	Bra037062
A03	28021187	28022711	Bra024049
A06	17365440	17373114	Bra009717
A08	12890525	12891041	Bra010288
A08	6657877	6661991	Bra038087
A02	112523	113847	Bra028904
A05	23216345	23219507	Bra029731
A10	4298775	4302468	Bra028252
A10	1979312	1984660	Bra015330
A02	26061601	26063016	Bra029195
A06	1173921	1178716	Bra018934
A07	17293788	17295956	Bra003602
A06	6246301	6248418	Bra026008
A08	2719013	2721312	Bra014184
A09	29986858	29987247	Bra007302
A02	5485264	5489802	Bra020388
A05	21785323	21786504	Bra034705
A04	17908530	17912443	Bra016871
A01	12152633	12153769	Bra036891
A10	8085700	8086422	Bra002718
A08	2279626	2281165	Bra014240
A09	31805695	31806978	Bra007655
A04	4155422	4158058	Bra019638
A08	10011090	10013688	Bra020977
A03	18534773	18539988	Bra001797
A03	25624298	25627186	Bra019231
A05	7293402	7295210	Bra018299
A10	6522952	6523170	Bra002959
A09	10029201	10030571	Bra027885
A08	16918954	16922452	Bra016284
A10	2197335	2202618	Bra015291
A03	1826655	1829850	Bra006064
A07	10928956	10929558	Bra012301
A04	4017513	4022269	Bra040685
A02	1321013	1323434	Bra028649
A07	15782026	15783150	Bra003304
A06	20286201	20291062	Bra037482
A02	15113566	15121567	Bra008515
A03	28309	32665	Bra005660
A03	11668587	11670139	Bra000539
A03	12831469	12835351	Bra000743
A07	20710868	20711194	Bra004209
A07	15490706	15493666	Bra003255
A01	1211896	1228618	Bra011659
A01	5620079	5629512	Bra013431
A03	23511589	23513479	Bra012570
A04	13824003	13829582	Bra021665
A09	15138371	15138694	Bra037873
A08	19309787	19311275	Bra016811
A04	6883617	6885796	Bra028191
A09	6430544	6432637	Bra027812
A02	14708432	14710033	Bra008450
A03	19076104	19081645	Bra001866
A08	804353	807871	Bra030923
A08	16470173	16473769	Bra010951
A01	5064818	5066363	Bra013335
A02	14571203	14572359	Bra008425
A03	2548663	2551467	Bra006213
A03	27526689	27533594	Bra024117
A01	17159132	17162619	Bra031453
A05	7353124	7355919	Bra018309
A10	10819093	10824812	Bra002232
A07	5145236	5148351	Bra015160
A01	9314986	9316498	Bra026402
A06	1696237	1702879	Bra018836
A09	7596103	7603271	Bra027644
A09	30759799	30763025	Bra007445
A09	32293470	32295324	Bra007762
A01	22961915	22962417	Bra021133
A04	2842518	2849392	Bra014756
A04	13901442	13902299	Bra021673
A06	17625698	17629507	Bra009751
A10	10706075	10711746	Bra002255
A09	26531786	26533703	Bra036058
A03	13101323	13104325	Bra000782
A09	35193690	35195174	Bra026733
A04	12336899	12339280	Bra034335
A02	21094292	21096272	Bra036369
A07	16290641	16293533	Bra003397
A08	7018351	7022642	Bra038040
A06	2692601	2700313	Bra018674
A02	6789041	6796055	Bra022720
A09	23408674	23412718	Bra032873
A03	9165383	9166991	Bra000070
A09	3528678	3530325	Bra035916
A03	16352507	16353747	Bra001428
A03	15468190	15469639	Bra001234
A08	3597739	3598851	Bra014091
A10	5703909	5706618	Bra003054
A03	13414824	13416235	Bra000831
A09	9492114	9494218	Bra027832
A02	23009864	23011545	Bra020715
A06	5656694	5659197	Bra026126
A07	19019297	19022414	Bra003916
A09	10319669	10321671	Bra027924
A05	6222853	6227730	Bra005560
A04	296517	296925	Bra014391
A03	27648642	27651778	Bra024103
A06	13707198	13707514	Bra019612
A04	1700562	1702163	Bra014602
A02	21245927	21247184	Bra036353
A09	2097088	2098800	Bra036173
A03	7083416	7083946	Bra022792
A07	5263695	5265916	Bra015151
A07	17515550	17517694	Bra003651
A04	10462517	10464246	Bra030199
A01	9161036	9162364	Bra026426
A06	2838564	2840681	Bra018643
A06	4113599	4115036	Bra019832
A03	22604376	22605073	Bra012715
A03	12937660	12941594	Bra000759
A02	14549023	14550897	Bra008421
A02	21722221	21722648	Bra032945
A03	23045837	23046412	Bra012635
A02	14577949	14586025	Bra008427
A07	377792	385101	Bra036452
A03	18375994	18379621	Bra001771
A03	11470104	11473826	Bra000499
A01	26466526	26468044	Bra021409
A06	3418233	3421424	Bra019978
A03	22765165	22766704	Bra012687
A08	2101045	2103020	Bra014265
A06	15761206	15761875	Bra024357
A05	18733478	18735944	Bra022387
A06	22217540	22220966	Bra025136
A06	18786276	18787665	Bra009933
A03	27640138	27644708	Bra024105
A04	10690663	10693196	Bra032175
A02	14572716	14576001	Bra008426
A07	15992668	15995488	Bra003344
A05	24945384	24946465	Bra040592
A10	7574660	7580208	Bra002796
A09	19044375	19047501	Bra028050
A01	15661501	15662197	Bra038904
A10	4152590	4154604	Bra035726
A02	24281	26434	Bra028916
A10	16060245	16061172	Bra009568
A08	11960506	11963853	Bra034578
A05	8702297	8703577	Bra039484
A08	2716005	2716615	Bra014186
A01	8401302	8403948	Bra013906
A04	12334069	12335241	Bra034334
A09	12349592	12350717	Bra017596
A01	17183401	17184876	Bra031449
A05	17614716	17616557	Bra035746
A08	18511162	18515962	Bra016612
A01	2931906	2941060	Bra011283
A05	16085431	16086653	Bra033911
A03	12496232	12497494	Bra000688
A03	9334344	9349115	Bra000114
A06	8745041	8745948	Bra017952
A09	10603884	10611093	Bra027964
A10	10553535	10556674	Bra002286
A09	19924584	19926389	Bra023291
A05	22517374	22525681	Bra034864
A10	14435832	14437478	Bra009299
A08	11937140	11942585	Bra034582
A02	12951015	12951366	Bra008226
A02	21844919	21846797	Bra032961
A09	9680054	9693046	Bra027850
A09	10101879	10104433	Bra027895
A05	8899379	8900517	Bra039500
A04	12579479	12583444	Bra034376
A01	1311844	1322993	Bra011638
A01	13541421	13542906	Bra033796
A04	7056602	7059883	Bra028208
A08	11764021	11765388	Bra034609
A10	12235820	12237262	Bra008695
A02	21127202	21129550	Bra036368
A10	3341798	3344134	Bra033249
A02	6805666	6813470	Bra022718
A07	4565475	4566860	Bra036405
A06	6881777	6884405	Bra025672
A01	24601868	24602404	Bra034177
A07	24436065	24438474	Bra015725
A06	22185625	22187543	Bra025141
A04	19097261	19100043	Bra021386
A03	21891968	21898687	Bra012866
A08	18991851	18993720	Bra016740
A07	17259263	17263568	Bra003597
A01	24605302	24608468	Bra034175
A03	11313610	11318230	Bra000478
A01	6099116	6101653	Bra013518
A08	4079426	4080858	Bra014051
A09	6354832	6355887	Bra036637
A03	15577187	15578099	Bra001260
A03	10358526	10361064	Bra000284
A05	6530309	6531239	Bra005612
A03	19587637	19588656	Bra001951
A10	10309406	10311373	Bra002334
A01	26764343	26765159	Bra040516
A03	23521978	23522232	Bra012568
A09	33104327	33109577	Bra039194
A10	1043378	1044868	Bra015482
A01	8914744	8916394	Bra039775
A10	2344294	2345992	Bra015261
A10	13422311	13423689	Bra008957
A08	1736021	1738610	Bra014310
A05	23284781	23286472	Bra029713
A09	9640405	9642625	Bra027846
A08	546451	548380	Bra030886
A08	10307179	10315138	Bra020935
A06	2704568	2705424	Bra018672
A10	7696202	7696881	Bra002780
A04	4015542	4017067	Bra040686
A06	11890846	11892005	Bra019449
A03	15574219	15576041	Bra001259
A10	2121265	2122214	Bra015299
A04	3639579	3643762	Bra014856
A08	9229615	9231194	Bra021077
A05	23446413	23448017	Bra029671
A04	6913460	6914795	Bra028195
A05	9290624	9301696	Bra037086
A06	17659950	17662711	Bra009756
A06	5874771	5881083	Bra026094
A04	12754272	12756420	Bra035707
A05	24686700	24689403	Bra031987
A07	13787311	13788877	Bra028404
A07	11248186	11255865	Bra012260
A06	22033676	22034648	Bra025158
A06	1645287	1647477	Bra018846
A04	8960688	8962997	Bra025460
A01	5283929	5285250	Bra013375
A04	8390475	8391996	Bra025541
A08	1821291	1822699	Bra014303
A10	11337134	11338675	Bra002147
A05	11988	18031	Bra004413
A10	8502097	8505678	Bra002638
A08	2292070	2296180	Bra014238
A03	11817955	11822618	Bra000564
A09	29984144	29985262	Bra007301
A09	29933966	29937802	Bra007291
A05	25111107	25113584	Bra039151
A05	23204385	23206315	Bra029734
A08	11507965	11508956	Bra034649
A02	19352565	19364079	Bra022151
A10	10387552	10389925	Bra002320
A04	17914711	17917642	Bra016870
A03	14434783	14437197	Bra001022
A06	24785366	24786987	Bra033642
A07	18910939	18912144	Bra003900
A06	21633418	21635741	Bra025220
A09	29734898	29739931	Bra007255
A08	3951862	3953970	Bra014058
A05	9032129	9040923	Bra037060
A06	23691459	23693855	Bra025027
A06	5973285	5974244	Bra026066
A03	3512214	3517181	Bra006446
A06	18964461	18967678	Bra009963
A10	11707711	11715054	Bra008580
A06	23717233	23720855	Bra025028
A04	10705463	10706599	Bra032174
A08	15253100	15253838	Bra010696
A02	18690084	18692787	Bra022071
A06	10385492	10387071	Bra018154
A06	16715989	16716954	Bra024483
A10	5316920	5319324	Bra003095
A09	10331735	10333575	Bra027925
A01	20305685	20312737	Bra023935
A07	24204958	24207510	Bra015771
A10	2253582	2255752	Bra015280
A01	22835926	22839016	Bra021158
A10	12609045	12612154	Bra008776
A01	3816352	3819683	Bra011117
A09	31971649	31974237	Bra007699
A05	20035271	20039862	Bra022171
A05	20799762	20801714	Bra027279
A06	2848845	2849321	Bra018642
A10	2002760	2003979	Bra015324
A01	5650747	5654003	Bra013433
A09	31300736	31301624	Bra007557
A06	18588127	18591230	Bra009900
A03	26353333	26356527	Bra019099
A10	8576793	8578141	Bra002623
A02	1217680	1222556	Bra028676
A01	15663037	15664745	Bra038905
A03	2454231	2458686	Bra006193
A03	14034858	14041994	Bra000936
A02	16357131	16359276	Bra033121
A01	25060313	25063908	Bra034088
A02	14541320	14543287	Bra008419
A10	9672128	9674238	Bra002433
A03	11204767	11205147	Bra000451
A05	7281808	7283294	Bra018298
A08	798934	800788	Bra030921
A06	8261360	8265347	Bra025863
A05	9955487	9960719	Bra021341
A09	30381117	30383503	Bra007371
A03	31038500	31039550	Bra017853
A04	19229537	19229959	Bra021448
A03	11474430	11477587	Bra000500
A02	14560366	14561244	Bra008422
A03	15470209	15474753	Bra001235
A09	18127232	18132631	Bra029541
A04	18964162	18967217	Bra039263
A02	23266079	23266957	Bra020674
A09	10412155	10414699	Bra027936
A01	4743107	4745808	Bra013285
A05	7846745	7847935	Bra018377
A02	18687257	18688909	Bra022070
A08	8211781	8213936	Bra035525
A02	16428916	16431100	Bra033128
A03	13794262	13801188	Bra000896
A05	7378464	7380483	Bra018311
A04	2854690	2856467	Bra014758
A08	2166600	2168873	Bra014253
A09	10022687	10023943	Bra027884
A07	10930602	10932145	Bra012300
A08	15850035	15851577	Bra010820
A02	18601839	18603319	Bra022057
A03	13331823	13334099	Bra000814
A03	27601549	27606737	Bra024109
A01	5630415	5631902	Bra013432
A02	21168223	21169106	Bra036364
A07	12838905	12839890	Bra012012
A10	11795701	11803530	Bra008599
A10	10768986	10771627	Bra002243
A07	20150643	20152242	Bra004105
A08	13561536	13565868	Bra010401
A07	4487820	4488964	Bra036399
A03	13410787	13411361	Bra000830
A09	18354970	18358919	Bra029564
A09	37876515	37881383	Bra032449
A03	14106507	14106984	Bra000946
A05	7826716	7829141	Bra018372
A03	19325475	19327759	Bra001909
A06	8215662	8217991	Bra025859
A10	3213400	3214845	Bra033271
A03	26702782	26704833	Bra019026
A09	29885479	29886353	Bra007285
A08	19306955	19308320	Bra016810
A01	9872045	9874730	Bra026311
A04	12887893	12891775	Bra035692
A07	10938364	10939704	Bra012299
A02	1846055	1848151	Bra023331
A10	15434699	15437819	Bra009434
A03	7207359	7209604	Bra022813
A01	15454073	15455401	Bra038875
A06	20931200	20937388	Bra025359
A07	3471098	3473095	Bra015227
A09	30766123	30766893	Bra007446
A01	24624106	24625094	Bra034171
A07	17071669	17074060	Bra003560
A02	14003335	14004720	Bra008355
A02	12864757	12870098	Bra008212
A09	8692732	8694670	Bra027079
A10	8485250	8491200	Bra002641
A10	4673165	4674514	Bra028288
A01	25205307	25206553	Bra034056
A02	14715316	14723629	Bra008451
A08	18023329	18024656	Bra016507
A01	17087445	17091786	Bra031462
A04	19230630	19234091	Bra021450
A06	11829971	11834080	Bra019444
A06	11584512	11585942	Bra019428
A08	14892368	14894468	Bra010626
A03	21899050	21900135	Bra012865
A06	24715920	24717997	Bra033657
A05	7103888	7105417	Bra018277
A03	22900588	22902055	Bra012660
A09	7311153	7311978	Bra027694
A03	22715409	22719277	Bra012696
A07	3599288	3602787	Bra015220
A08	2724620	2724999	Bra014183
A07	4537100	4538011	Bra036402
A06	2690223	2691288	Bra018675
A01	22644376	22648918	Bra021186
A06	16752298	16768256	Bra024486
A04	19224779	19226212	Bra021446
A10	9191690	9193890	Bra002512
A09	18718916	18720074	Bra028068
A10	2469036	2475175	Bra033408
A04	2899056	2900313	Bra014763
A02	969694	977982	Bra028727
A02	12993386	12995012	Bra008234
A08	114998	117020	Bra030827
A10	11904275	11906331	Bra008615
A10	13834767	13836771	Bra009051
A01	12136941	12140349	Bra036892
A09	29447801	29450444	Bra007201
A02	5801792	5804624	Bra020447
A10	11082443	11082808	Bra002187
A01	4734662	4737861	Bra013282
A02	13712082	13716302	Bra008323
A04	4152654	4153343	Bra019637
A04	9888481	9895948	Bra030262
A10	6381399	6382808	Bra002979
A01	23771590	23774539	Bra021549
A09	15233200	15234252	Bra037879
A03	12932666	12937089	Bra000758
A09	32262009	32267371	Bra007759
A08	10726692	10732201	Bra020872
A05	148081	149692	Bra004444
A08	16778386	16781966	Bra011004
A01	10375859	10377100	Bra040110
A07	3335848	3337271	Bra015240
A06	13728450	13730202	Bra019615
A03	12000354	12001559	Bra000597
A08	1890584	1892883	Bra014290
A09	9062558	9066520	Bra027121
A03	13249886	13251010	Bra000802
A08	614092	627173	Bra030896
A09	10586214	10589531	Bra027961
A03	2475390	2479117	Bra006196
A02	1342760	1344474	Bra028643
A02	16398096	16399917	Bra033125
A05	13331379	13335994	Bra040386
A04	11251290	11253252	Bra032104
A01	24532356	24533693	Bra038674
A05	25016018	25033332	Bra039167
A02	691908	693689	Bra028784
A03	10363528	10365953	Bra000286
A10	4590990	4592659	Bra028279
A09	3925772	3927280	Bra035847
A09	7408195	7412920	Bra027675
A05	18727745	18730817	Bra022388
A02	6541280	6545118	Bra035553
A07	9827110	9829560	Bra012437
A09	9179128	9180729	Bra027140
A09	28749009	28751663	Bra007087
A08	2530966	2532954	Bra014209
A02	1056823	1058814	Bra028708
A06	10539292	10541836	Bra018175
A03	1479312	1484306	Bra005979
A03	13910208	13910970	Bra000916
A01	12221883	12223247	Bra036884
A06	15344743	15347493	Bra024283
A03	14133317	14136179	Bra000954
A05	14605124	14610370	Bra010195
A10	10670411	10676209	Bra002263
A05	10654135	10655350	Bra038098
A01	11698237	11708260	Bra039562
A02	8582966	8584869	Bra022471
A03	20998570	21015598	Bra013017
A07	17600953	17601972	Bra003662
A07	12070627	12077721	Bra012132
A07	9602327	9610431	Bra012470
A01	24603257	24603700	Bra034176
A07	3178327	3191556	Bra015251
A07	4544614	4549047	Bra036404
A01	22949743	22951856	Bra021137
A02	8064979	8068803	Bra022547
A09	20101205	20103621	Bra023274
A01	24610749	24612944	Bra034174
A08	4705749	4707429	Bra014002
A03	15571545	15573235	Bra001258
A03	2921616	2924174	Bra006301
A06	11882477	11883451	Bra019447
A03	13156389	13156934	Bra000790
A10	7072419	7074372	Bra002878
A03	15045523	15048954	Bra001161
A06	2701005	2703891	Bra018673
A03	12929199	12931458	Bra000757
A05	16191831	16195460	Bra033919
A05	8014691	8018035	Bra018407
A04	4163160	4164668	Bra019639
A02	16386328	16386599	Bra033123
A05	7697124	7697917	Bra018350
A02	332705	338776	Bra028860
A01	10248034	10249299	Bra026239
A07	4507845	4510317	Bra036401
A09	37195685	37203078	Bra031639
A03	14059251	14059984	Bra000938
A10	11148814	11151371	Bra002174
A06	11883888	11888504	Bra019448
A04	10474804	10477237	Bra030198
A04	2186685	2189024	Bra014677
A09	17638321	17639869	Bra029481
A02	14694787	14698651	Bra008446
A06	21125778	21128968	Bra025319
A06	17316320	17321154	Bra009712
A03	19589691	19593716	Bra001952
A07	12263125	12266827	Bra012099
A06	6186369	6189066	Bra026017
A04	7051991	7053574	Bra028207
A05	5611289	5614753	Bra005463
A10	2444101	2445730	Bra033414
A09	23413776	23414183	Bra032872
A05	19497406	19502571	Bra022261
A02	25729605	25730962	Bra029258
A01	11009215	11011948	Bra033548
A01	26332685	26335044	Bra021366
A05	6592268	6602240	Bra005624
A09	3522332	3522803	Bra035918
A03	14511470	14514853	Bra001039
A02	23267159	23269400	Bra020673
A01	5273301	5274017	Bra013373
A05	5937211	5945359	Bra005516
A10	6661146	6663471	Bra002941
A09	7400267	7401406	Bra027678
A03	26795897	26797047	Bra024232
A10	16192292	16200279	Bra009598
A06	23901308	23903141	Bra025064
A03	7007785	7011642	Bra022776
A04	12329516	12332209	Bra034333
A08	19304058	19306718	Bra016809
A05	7220290	7222523	Bra018288
A06	3356985	3359951	Bra019993
A06	17656852	17658069	Bra009755
A08	2347347	2355923	Bra014231
A01	10380965	10382579	Bra040109
A05	14007324	14008325	Bra034429
A01	17186537	17187280	Bra031448
A03	11731851	11735493	Bra000550
A08	2158406	2159071	Bra014255
A03	22755751	22761669	Bra012688
A03	25252415	25258591	Bra019286
A05	8694282	8695103	Bra039483
A03	26879846	26881236	Bra024215
A01	8251250	8252870	Bra013886
A06	15174387	15181232	Bra024253
A01	24571811	24573508	Bra038667
A09	19910701	19914291	Bra023292
A01	2923939	2930679	Bra011284
A03	12500145	12501686	Bra000689
A10	1883582	1884778	Bra015346
A10	2004605	2006352	Bra015323
A10	10774157	10777118	Bra002242
A03	23053650	23060256	Bra012634
A07	14487192	14488883	Bra028511
A09	29445520	29446900	Bra007200
A03	22910926	22913523	Bra012657
A06	2907797	2909823	Bra018630
A04	19216250	19216840	Bra021442
A09	29888210	29889893	Bra007286
A01	3820401	3821009	Bra011116
A01	22956907	22957235	Bra021134
A09	34778142	34787000	Bra030993
A03	8165255	8170168	Bra022999
A01	1229808	1232109	Bra011657
A04	2888898	2889740	Bra014762
A08	13434711	13444490	Bra010384
A01	16233605	16236274	Bra035426
A02	12226288	12228331	Bra008116
A09	29419663	29422755	Bra007197
A06	17790591	17792753	Bra009774
A07	16114527	16128249	Bra003364
A03	22609141	22611048	Bra012714
A03	3965411	3966123	Bra006539
A09	10035227	10036411	Bra027886
A01	5285452	5286702	Bra013376
A04	17346085	17347750	Bra016989
A03	23528140	23532627	Bra012567
A03	2521361	2526643	Bra006208
A02	1059793	1061308	Bra028707
A03	2729069	2732375	Bra006260
A10	8578720	8580219	Bra002622
A04	15339721	15342974	Bra021928
A06	17334577	17335170	Bra009715
A06	16705464	16705790	Bra024482
A05	24758361	24764716	Bra031999
A09	2103295	2104506	Bra036172
A05	22157474	22169479	Bra034795
A09	31298297	31299147	Bra007556
A03	13420941	13421147	Bra000833
A05	6115933	6119407	Bra005541
A05	20870121	20871974	Bra027291
A08	11620210	11624925	Bra034627
A10	1748282	1750995	Bra015374
A09	906709	908982	Bra036276
A05	25238906	25247713	Bra039117
A02	8709365	8710476	Bra039748
A09	3532623	3534132	Bra035914
A03	14054247	14058116	Bra000937
A03	11481225	11482052	Bra000502
A09	29890201	29891459	Bra007287
A05	7858696	7859161	Bra018382
A03	6026799	6028924	Bra029041
A02	22303607	22306196	Bra033035
A09	10336790	10338981	Bra027926
A10	2125601	2126991	Bra015298
A07	11749621	11755535	Bra012180
A08	2451584	2452648	Bra014215
A06	1636969	1640998	Bra018847
A09	29587961	29589991	Bra007224
A06	5904523	5907153	Bra026086
A09	26518951	26520953	Bra036056
A03	8718257	8718757	Bra023104
A05	8084550	8089832	Bra018412
A02	17250019	17254415	Bra033199
A08	8423864	8426701	Bra038937
A03	13651841	13655860	Bra000874
A02	14717208	14721769	Bra008452
A02	14705299	14707343	Bra008449
A01	26749383	26755632	Bra040510
A07	15139090	15140809	Bra003203
A03	19186683	19188894	Bra001891
A10	3222490	3231031	Bra033269
A08	2282655	2290056	Bra014239
A09	19037188	19040235	Bra028051
A05	995277	996841	Bra004603
A05	24327165	24331937	Bra039443
A08	10316270	10316667	Bra020934
A05	23207432	23210144	Bra029733
A06	5386320	5389501	Bra026188
A02	14150038	14151949	Bra008370
A01	25056463	25059408	Bra034089
A05	23773288	23774595	Bra029601
A05	20267343	20268065	Bra027177
A09	6365488	6368614	Bra036636
A06	886696	888629	Bra018987
A01	2850815	2853091	Bra011304
A03	11810611	11815350	Bra000563
A10	11141494	11143484	Bra002176
A03	11663078	11665462	Bra000538
A03	14438806	14443867	Bra001023
A06	18273621	18275184	Bra009846
A07	17537326	17540584	Bra003652
A10	11865307	11865894	Bra008610
A01	8016330	8019209	Bra013835
A06	23687131	23690709	Bra025026
A05	23210654	23211598	Bra029732
A04	5396373	5399403	Bra032741
A06	23327176	23328620	Bra024957
A09	37718500	37719120	Bra032413
A08	301662	310130	Bra030852
A06	17343656	17346603	Bra009716
A03	9743375	9745270	Bra000176
A05	8105676	8107485	Bra018413
A07	7830118	7832788	Bra014883
A08	540173	542070	Bra030885
A05	13339024	13341738	Bra040388
A06	1249263	1254632	Bra018923
A09	38861575	38864405	Bra032667
A09	846040	851210	Bra036283
A10	1167425	1169001	Bra015457
A03	15794694	15796981	Bra001307
A01	9300176	9301590	Bra026407
A07	17279543	17286364	Bra003601
A09	30768889	30776499	Bra007447
A05	15630193	15632871	Bra033872
A09	8683856	8684998	Bra027078
A01	24628654	24630559	Bra034170
A04	1687938	1691470	Bra014600
A01	22640051	22641071	Bra021187
A02	14921735	14927464	Bra008485
A05	16988582	16990702	Bra031291
A05	8277095	8283363	Bra018449
A02	9130697	9153590	Bra034020
A05	2400553	2403184	Bra004902
A10	8592150	8593245	Bra002619
A02	16424385	16428539	Bra033127
A07	2320261	2321533	Bra002045
A07	15980092	15983065	Bra003341
A07	8106538	8113290	Bra030183
A07	3481524	3482616	Bra015226
A08	14897427	14899343	Bra010627
A01	26567551	26569028	Bra021458
A05	8944093	8945642	Bra039503
A03	28391179	28400071	Bra023995
A01	17166656	17171527	Bra031452
A07	23300187	23302529	Bra015968
A09	10404173	10405530	Bra027935
A09	9428159	9430280	Bra027819
A04	3244666	3248484	Bra014800
A07	24467746	24469448	Bra015719
A03	23727547	23733908	Bra012539
A07	13973091	13979528	Bra028434
A10	476670	477631	Bra015574
A01	13642149	13644882	Bra033791
A09	15244999	15247548	Bra037880
A06	18584730	18586269	Bra009898
A03	11333425	11335519	Bra000480
A09	9166338	9168095	Bra027139
A09	929463	929854	Bra036272
A08	2159435	2162578	Bra014254
A03	18368914	18371176	Bra001770
A01	9515842	9517222	Bra026366
A07	5283030	5283753	Bra015148
A09	17648571	17652451	Bra029482
A03	27611837	27616805	Bra024108
A01	10398370	10401216	Bra040106
A06	6151321	6154381	Bra026029
A05	7848295	7851153	Bra018378
A04	15345212	15349053	Bra021929
A03	22600231	22600608	Bra012717
A09	24636699	24639241	Bra024703
A09	9825176	9828901	Bra027868
A02	10760462	10767238	Bra007906
A02	1841489	1845684	Bra023330
A01	16018720	16022213	Bra035446
A02	18594677	18595137	Bra022056
A03	13801958	13805754	Bra000897
A02	18880217	18881515	Bra022092
A02	114631	115550	Bra028903
A09	3530823	3531647	Bra035915
A10	3221100	3221819	Bra033270
A02	19098573	19099936	Bra022106
A10	7697632	7698688	Bra002779
A04	19227564	19228501	Bra021447
A05	595853	596423	Bra004518
A07	5028911	5030797	Bra015166
A04	4137700	4144751	Bra019636
A03	12174389	12177885	Bra000634
A07	13717051	13720934	Bra028393
A10	11099753	11100564	Bra002186
A05	22155329	22156753	Bra034794
A09	10595237	10597325	Bra027962
A01	5614352	5616776	Bra013430
A01	26297038	26304920	Bra021361
A10	8242425	8244602	Bra002699
A02	16389265	16389783	Bra033124
A08	1776495	1780303	Bra014307
A10	1307690	1317685	Bra015436
A08	2732715	2734907	Bra014182
A04	6900923	6903327	Bra028192
A05	2290046	2294328	Bra004884
A08	1668858	1670344	Bra014320
A02	13807292	13813694	Bra008337
A05	5608715	5609850	Bra005462
A03	5601119	5608550	Bra028958
A10	7063470	7067766	Bra002880
A10	702421	707182	Bra015538
A05	9089627	9092988	Bra037064
A07	17207220	17209635	Bra003585
A02	13704927	13708544	Bra008322
A02	2420780	2421794	Bra023461
A06	10535449	10537387	Bra018174
A08	19584184	19586147	Bra030791
A02	3653142	3655556	Bra023710
A10	10837832	10841992	Bra002228
A07	5288826	5289668	Bra015147
A08	18025125	18026259	Bra016508
A09	7000174	7003336	Bra027735
A10	11425946	11429427	Bra002116
A06	5390796	5394314	Bra026187
A07	6116560	6119365	Bra015054
A03	12243207	12248318	Bra000641
A08	8134348	8136680	Bra035519
A01	2999800	3001409	Bra011270
A09	9779292	9781788	Bra027863
A02	2419340	2420088	Bra023460
A03	17833555	17836622	Bra001676
A10	10511895	10520939	Bra002293
A10	9342030	9343466	Bra002483
A04	287518	290320	Bra014390
A09	29568336	29571412	Bra007220
A05	24716018	24717647	Bra031991
A05	14952119	14953580	Bra010172
A09	13404776	13409522	Bra017486
A10	11062192	11066204	Bra002188
A10	1632191	1636110	Bra015392
A10	6525963	6527631	Bra002957
A07	19469953	19470838	Bra003998
A03	11309314	11310418	Bra000476
A05	1429636	1432586	Bra004708
A02	10384450	10385461	Bra007864
A08	14318958	14320412	Bra010548
A04	9423559	9425109	Bra030331
A02	25556555	25557850	Bra029288
A09	3760144	3764494	Bra035877
A03	26086596	26088172	Bra019149
A02	17196929	17201126	Bra033195
A01	4729793	4733146	Bra013281
A06	11198837	11204116	Bra038290
A05	7786422	7787822	Bra018364
A03	22720743	22720989	Bra012695
A10	7646055	7651352	Bra002786
A01	8021198	8023507	Bra013836
A08	18403597	18407683	Bra016589
A01	13317744	13320019	Bra033820
A06	5974646	5978788	Bra026065
